<?xml version="1.0" encoding="UTF-8"?>
<coverage generated="1730182781772" clover="3.2.0">
  <project timestamp="1730182781772" name="All files">
    <metrics statements="7794" coveredstatements="5706" conditionals="4623" coveredconditionals="2234" methods="1610" coveredmethods="1290" elements="14027" coveredelements="9230" complexity="0" loc="7794" ncloc="7794" packages="75" files="162" classes="162"/>
    <package name="__Test__">
      <metrics statements="3" coveredstatements="3" conditionals="0" coveredconditionals="0" methods="0" coveredmethods="0"/>
      <file name="fileMock.js" path="C:\Users\NanonBuaphet\corporate-web-admin\src\__Test__\fileMock.js">
        <metrics statements="1" coveredstatements="1" conditionals="0" coveredconditionals="0" methods="0" coveredmethods="0"/>
        <line num="1" count="2" type="stmt"/>
      </file>
      <file name="styleMock.js" path="C:\Users\NanonBuaphet\corporate-web-admin\src\__Test__\styleMock.js">
        <metrics statements="1" coveredstatements="1" conditionals="0" coveredconditionals="0" methods="0" coveredmethods="0"/>
        <line num="1" count="6" type="stmt"/>
      </file>
      <file name="utils.ts" path="C:\Users\NanonBuaphet\corporate-web-admin\src\__Test__\utils.ts">
        <metrics statements="1" coveredstatements="1" conditionals="0" coveredconditionals="0" methods="0" coveredmethods="0"/>
        <line num="1" count="16" type="stmt"/>
      </file>
    </package>
    <package name="api">
      <metrics statements="6" coveredstatements="6" conditionals="2" coveredconditionals="2" methods="1" coveredmethods="1"/>
      <file name="axios.tsx" path="C:\Users\NanonBuaphet\corporate-web-admin\src\api\axios.tsx">
        <metrics statements="6" coveredstatements="6" conditionals="2" coveredconditionals="2" methods="1" coveredmethods="1"/>
        <line num="1" count="20" type="stmt"/>
        <line num="6" count="20" type="stmt"/>
        <line num="10" count="20" type="stmt"/>
        <line num="12" count="20" type="stmt"/>
        <line num="18" count="20" type="stmt"/>
        <line num="29" count="20" type="cond" truecount="2" falsecount="0"/>
      </file>
    </package>
    <package name="app">
      <metrics statements="23" coveredstatements="23" conditionals="0" coveredconditionals="0" methods="0" coveredmethods="0"/>
      <file name="store.ts" path="C:\Users\NanonBuaphet\corporate-web-admin\src\app\store.ts">
        <metrics statements="23" coveredstatements="23" conditionals="0" coveredconditionals="0" methods="0" coveredmethods="0"/>
        <line num="1" count="16" type="stmt"/>
        <line num="2" count="16" type="stmt"/>
        <line num="3" count="16" type="stmt"/>
        <line num="4" count="16" type="stmt"/>
        <line num="5" count="16" type="stmt"/>
        <line num="6" count="16" type="stmt"/>
        <line num="7" count="16" type="stmt"/>
        <line num="8" count="16" type="stmt"/>
        <line num="9" count="16" type="stmt"/>
        <line num="10" count="16" type="stmt"/>
        <line num="11" count="16" type="stmt"/>
        <line num="12" count="16" type="stmt"/>
        <line num="13" count="16" type="stmt"/>
        <line num="14" count="16" type="stmt"/>
        <line num="15" count="16" type="stmt"/>
        <line num="16" count="16" type="stmt"/>
        <line num="17" count="16" type="stmt"/>
        <line num="18" count="16" type="stmt"/>
        <line num="19" count="16" type="stmt"/>
        <line num="20" count="16" type="stmt"/>
        <line num="21" count="16" type="stmt"/>
        <line num="22" count="16" type="stmt"/>
        <line num="24" count="16" type="stmt"/>
      </file>
    </package>
    <package name="components">
      <metrics statements="45" coveredstatements="38" conditionals="12" coveredconditionals="8" methods="15" coveredmethods="10"/>
      <file name="Checkbox.tsx" path="C:\Users\NanonBuaphet\corporate-web-admin\src\components\Checkbox.tsx">
        <metrics statements="3" coveredstatements="3" conditionals="1" coveredconditionals="1" methods="1" coveredmethods="1"/>
        <line num="1" count="2" type="stmt"/>
        <line num="12" count="2" type="stmt"/>
        <line num="19" count="1160" type="stmt"/>
      </file>
      <file name="Dropbox.tsx" path="C:\Users\NanonBuaphet\corporate-web-admin\src\components\Dropbox.tsx">
        <metrics statements="18" coveredstatements="12" conditionals="6" coveredconditionals="3" methods="6" coveredmethods="2"/>
        <line num="1" count="2" type="stmt"/>
        <line num="2" count="2" type="stmt"/>
        <line num="3" count="2" type="stmt"/>
        <line num="8" count="2" type="stmt"/>
        <line num="9" count="134" type="stmt"/>
        <line num="10" count="134" type="cond" truecount="1" falsecount="1"/>
        <line num="11" count="134" type="stmt"/>
        <line num="12" count="0" type="stmt"/>
        <line num="16" count="134" type="stmt"/>
        <line num="17" count="27" type="cond" truecount="1" falsecount="1"/>
        <line num="20" count="134" type="stmt"/>
        <line num="21" count="0" type="stmt"/>
        <line num="22" count="0" type="stmt"/>
        <line num="23" count="0" type="stmt"/>
        <line num="25" count="134" type="stmt"/>
        <line num="49" count="0" type="stmt"/>
        <line num="54" count="0" type="stmt"/>
        <line num="65" count="2" type="stmt"/>
      </file>
      <file name="Dropdown.tsx" path="C:\Users\NanonBuaphet\corporate-web-admin\src\components\Dropdown.tsx">
        <metrics statements="15" coveredstatements="14" conditionals="4" coveredconditionals="3" methods="6" coveredmethods="5"/>
        <line num="1" count="2" type="stmt"/>
        <line num="2" count="2" type="stmt"/>
        <line num="3" count="2" type="stmt"/>
        <line num="13" count="2" type="stmt"/>
        <line num="19" count="6" type="stmt"/>
        <line num="20" count="6" type="stmt"/>
        <line num="22" count="6" type="stmt"/>
        <line num="23" count="2" type="stmt"/>
        <line num="26" count="6" type="stmt"/>
        <line num="27" count="2" type="cond" truecount="1" falsecount="1"/>
        <line num="30" count="2" type="stmt"/>
        <line num="31" count="2" type="stmt"/>
        <line num="34" count="6" type="stmt"/>
        <line num="59" count="0" type="stmt"/>
        <line num="63" count="24" type="stmt"/>
      </file>
      <file name="Input.tsx" path="C:\Users\NanonBuaphet\corporate-web-admin\src\components\Input.tsx">
        <metrics statements="6" coveredstatements="6" conditionals="1" coveredconditionals="1" methods="1" coveredmethods="1"/>
        <line num="1" count="8" type="stmt"/>
        <line num="3" count="8" type="stmt"/>
        <line num="15" count="8" type="stmt"/>
        <line num="20" count="4301" type="stmt"/>
        <line num="47" count="8" type="stmt"/>
        <line num="49" count="8" type="stmt"/>
      </file>
      <file name="SideLabelInput.tsx" path="C:\Users\NanonBuaphet\corporate-web-admin\src\components\SideLabelInput.tsx">
        <metrics statements="3" coveredstatements="3" conditionals="0" coveredconditionals="0" methods="1" coveredmethods="1"/>
        <line num="1" count="2" type="stmt"/>
        <line num="9" count="2" type="stmt"/>
        <line num="15" count="84" type="stmt"/>
      </file>
    </package>
    <package name="components.alert">
      <metrics statements="15" coveredstatements="13" conditionals="6" coveredconditionals="6" methods="5" coveredmethods="4"/>
      <file name="Alert.tsx" path="C:\Users\NanonBuaphet\corporate-web-admin\src\components\alert\Alert.tsx">
        <metrics statements="15" coveredstatements="13" conditionals="6" coveredconditionals="6" methods="5" coveredmethods="4"/>
        <line num="1" count="2" type="stmt"/>
        <line num="2" count="2" type="stmt"/>
        <line num="3" count="2" type="stmt"/>
        <line num="4" count="2" type="stmt"/>
        <line num="12" count="2" type="stmt"/>
        <line num="13" count="18" type="stmt"/>
        <line num="14" count="18" type="cond" truecount="2" falsecount="0"/>
        <line num="16" count="18" type="stmt"/>
        <line num="18" count="16" type="stmt"/>
        <line num="19" count="0" type="stmt"/>
        <line num="20" count="0" type="stmt"/>
        <line num="24" count="16" type="stmt"/>
        <line num="27" count="18" type="stmt"/>
        <line num="36" count="2" type="stmt"/>
        <line num="42" count="2" type="stmt"/>
      </file>
    </package>
    <package name="components.ui">
      <metrics statements="101" coveredstatements="88" conditionals="8" coveredconditionals="3" methods="20" coveredmethods="15"/>
      <file name="BoxOfUploaded.tsx" path="C:\Users\NanonBuaphet\corporate-web-admin\src\components\ui\BoxOfUploaded.tsx">
        <metrics statements="18" coveredstatements="7" conditionals="4" coveredconditionals="0" methods="3" coveredmethods="0"/>
        <line num="1" count="2" type="stmt"/>
        <line num="2" count="2" type="stmt"/>
        <line num="3" count="2" type="stmt"/>
        <line num="4" count="2" type="stmt"/>
        <line num="7" count="2" type="stmt"/>
        <line num="8" count="0" type="stmt"/>
        <line num="9" count="0" type="stmt"/>
        <line num="10" count="0" type="stmt"/>
        <line num="11" count="0" type="stmt"/>
        <line num="12" count="0" type="stmt"/>
        <line num="22" count="0" type="cond" truecount="0" falsecount="2"/>
        <line num="23" count="0" type="stmt"/>
        <line num="24" count="0" type="stmt"/>
        <line num="26" count="0" type="stmt"/>
        <line num="29" count="0" type="stmt"/>
        <line num="32" count="0" type="stmt"/>
        <line num="45" count="2" type="stmt"/>
        <line num="52" count="2" type="cond" truecount="0" falsecount="2"/>
      </file>
      <file name="Radio.tsx" path="C:\Users\NanonBuaphet\corporate-web-admin\src\components\ui\Radio.tsx">
        <metrics statements="4" coveredstatements="4" conditionals="1" coveredconditionals="1" methods="1" coveredmethods="1"/>
        <line num="1" count="2" type="stmt"/>
        <line num="3" count="2" type="stmt"/>
        <line num="13" count="2" type="stmt"/>
        <line num="20" count="3120" type="stmt"/>
      </file>
      <file name="alert-dialog.tsx" path="C:\Users\NanonBuaphet\corporate-web-admin\src\components\ui\alert-dialog.tsx">
        <metrics statements="42" coveredstatements="42" conditionals="0" coveredconditionals="0" methods="8" coveredmethods="8"/>
        <line num="1" count="8" type="stmt"/>
        <line num="2" count="8" type="stmt"/>
        <line num="4" count="8" type="stmt"/>
        <line num="5" count="8" type="stmt"/>
        <line num="7" count="8" type="stmt"/>
        <line num="9" count="8" type="stmt"/>
        <line num="11" count="8" type="stmt"/>
        <line num="13" count="8" type="stmt"/>
        <line num="17" count="105" type="stmt"/>
        <line num="26" count="8" type="stmt"/>
        <line num="28" count="8" type="stmt"/>
        <line num="32" count="217" type="stmt"/>
        <line num="44" count="8" type="stmt"/>
        <line num="46" count="8" type="stmt"/>
        <line num="50" count="35" type="stmt"/>
        <line num="58" count="8" type="stmt"/>
        <line num="60" count="8" type="stmt"/>
        <line num="64" count="35" type="stmt"/>
        <line num="72" count="8" type="stmt"/>
        <line num="74" count="8" type="stmt"/>
        <line num="78" count="35" type="stmt"/>
        <line num="84" count="8" type="stmt"/>
        <line num="86" count="8" type="stmt"/>
        <line num="90" count="35" type="stmt"/>
        <line num="96" count="8" type="stmt"/>
        <line num="99" count="8" type="stmt"/>
        <line num="103" count="35" type="stmt"/>
        <line num="109" count="8" type="stmt"/>
        <line num="111" count="8" type="stmt"/>
        <line num="115" count="35" type="stmt"/>
        <line num="125" count="8" type="stmt"/>
        <line num="128" count="8" type="stmt"/>
        <line num="129" count="8" type="stmt"/>
        <line num="130" count="8" type="stmt"/>
        <line num="131" count="8" type="stmt"/>
        <line num="132" count="8" type="stmt"/>
        <line num="133" count="8" type="stmt"/>
        <line num="134" count="8" type="stmt"/>
        <line num="135" count="8" type="stmt"/>
        <line num="136" count="8" type="stmt"/>
        <line num="137" count="8" type="stmt"/>
        <line num="138" count="8" type="stmt"/>
      </file>
      <file name="button.tsx" path="C:\Users\NanonBuaphet\corporate-web-admin\src\components\ui\button.tsx">
        <metrics statements="10" coveredstatements="10" conditionals="3" coveredconditionals="2" methods="1" coveredmethods="1"/>
        <line num="1" count="16" type="stmt"/>
        <line num="2" count="16" type="stmt"/>
        <line num="3" count="16" type="stmt"/>
        <line num="5" count="16" type="stmt"/>
        <line num="7" count="16" type="stmt"/>
        <line num="42" count="16" type="stmt"/>
        <line num="44" count="1417" type="cond" truecount="1" falsecount="1"/>
        <line num="45" count="1417" type="stmt"/>
        <line num="54" count="16" type="stmt"/>
        <line num="56" count="16" type="stmt"/>
      </file>
      <file name="card.tsx" path="C:\Users\NanonBuaphet\corporate-web-admin\src\components\ui\card.tsx">
        <metrics statements="21" coveredstatements="19" conditionals="0" coveredconditionals="0" methods="6" coveredmethods="4"/>
        <line num="1" count="16" type="stmt"/>
        <line num="3" count="16" type="stmt"/>
        <line num="5" count="16" type="stmt"/>
        <line num="9" count="1910" type="stmt"/>
        <line num="18" count="16" type="stmt"/>
        <line num="20" count="16" type="stmt"/>
        <line num="24" count="74" type="stmt"/>
        <line num="30" count="16" type="stmt"/>
        <line num="32" count="16" type="stmt"/>
        <line num="36" count="70" type="stmt"/>
        <line num="45" count="16" type="stmt"/>
        <line num="47" count="16" type="stmt"/>
        <line num="51" count="0" type="stmt"/>
        <line num="57" count="16" type="stmt"/>
        <line num="59" count="16" type="stmt"/>
        <line num="63" count="258" type="stmt"/>
        <line num="65" count="16" type="stmt"/>
        <line num="67" count="16" type="stmt"/>
        <line num="71" count="0" type="stmt"/>
        <line num="77" count="16" type="stmt"/>
        <line num="79" count="16" type="stmt"/>
      </file>
      <file name="input.tsx" path="C:\Users\NanonBuaphet\corporate-web-admin\src\components\ui\input.tsx">
        <metrics statements="6" coveredstatements="6" conditionals="0" coveredconditionals="0" methods="1" coveredmethods="1"/>
        <line num="1" count="4" type="stmt"/>
        <line num="3" count="4" type="stmt"/>
        <line num="8" count="4" type="stmt"/>
        <line num="10" count="142" type="stmt"/>
        <line num="23" count="4" type="stmt"/>
        <line num="25" count="4" type="stmt"/>
      </file>
    </package>
    <package name="config">
      <metrics statements="1" coveredstatements="1" conditionals="0" coveredconditionals="0" methods="0" coveredmethods="0"/>
      <file name="url.ts" path="C:\Users\NanonBuaphet\corporate-web-admin\src\config\url.ts">
        <metrics statements="1" coveredstatements="1" conditionals="0" coveredconditionals="0" methods="0" coveredmethods="0"/>
        <line num="3" count="7" type="stmt"/>
      </file>
    </package>
    <package name="constant">
      <metrics statements="12" coveredstatements="12" conditionals="0" coveredconditionals="0" methods="0" coveredmethods="0"/>
      <file name="variables.ts" path="C:\Users\NanonBuaphet\corporate-web-admin\src\constant\variables.ts">
        <metrics statements="12" coveredstatements="12" conditionals="0" coveredconditionals="0" methods="0" coveredmethods="0"/>
        <line num="1" count="3" type="stmt"/>
        <line num="7" count="3" type="stmt"/>
        <line num="22" count="3" type="stmt"/>
        <line num="130" count="3" type="stmt"/>
        <line num="273" count="3" type="stmt"/>
        <line num="340" count="3" type="stmt"/>
        <line num="448" count="3" type="stmt"/>
        <line num="479" count="3" type="stmt"/>
        <line num="498" count="3" type="stmt"/>
        <line num="525" count="3" type="stmt"/>
        <line num="564" count="3" type="stmt"/>
        <line num="1563" count="3" type="stmt"/>
      </file>
    </package>
    <package name="features">
      <metrics statements="16" coveredstatements="16" conditionals="3" coveredconditionals="3" methods="9" coveredmethods="9"/>
      <file name="contactPersonSlice.ts" path="C:\Users\NanonBuaphet\corporate-web-admin\src\features\contactPersonSlice.ts">
        <metrics statements="16" coveredstatements="16" conditionals="3" coveredconditionals="3" methods="9" coveredmethods="9"/>
        <line num="2" count="17" type="stmt"/>
        <line num="10" count="17" type="stmt"/>
        <line num="14" count="17" type="stmt"/>
        <line num="19" count="1" type="stmt"/>
        <line num="20" count="1" type="stmt"/>
        <line num="26" count="1" type="stmt"/>
        <line num="27" count="2" type="stmt"/>
        <line num="31" count="5" type="stmt"/>
        <line num="34" count="6" type="stmt"/>
        <line num="40" count="1" type="stmt"/>
        <line num="41" count="1" type="stmt"/>
        <line num="43" count="1" type="cond" truecount="1" falsecount="0"/>
        <line num="44" count="1" type="stmt"/>
        <line num="53" count="17" type="stmt"/>
        <line num="60" count="17" type="stmt"/>
        <line num="67" count="17" type="cond" truecount="2" falsecount="0"/>
      </file>
    </package>
    <package name="features.ListOfDirectorSlice">
      <metrics statements="14" coveredstatements="14" conditionals="1" coveredconditionals="1" methods="7" coveredmethods="7"/>
      <file name="listOfDirectorSlice.ts" path="C:\Users\NanonBuaphet\corporate-web-admin\src\features\ListOfDirectorSlice\listOfDirectorSlice.ts">
        <metrics statements="14" coveredstatements="14" conditionals="1" coveredconditionals="1" methods="7" coveredmethods="7"/>
        <line num="1" count="17" type="stmt"/>
        <line num="8" count="17" type="stmt"/>
        <line num="12" count="17" type="stmt"/>
        <line num="19" count="1" type="stmt"/>
        <line num="29" count="1" type="stmt"/>
        <line num="30" count="1" type="stmt"/>
        <line num="34" count="7" type="stmt"/>
        <line num="38" count="5" type="stmt"/>
        <line num="41" count="1" type="stmt"/>
        <line num="42" count="1" type="stmt"/>
        <line num="44" count="1" type="cond" truecount="1" falsecount="0"/>
        <line num="45" count="1" type="stmt"/>
        <line num="54" count="17" type="stmt"/>
        <line num="61" count="17" type="stmt"/>
      </file>
    </package>
    <package name="features.addIndividual">
      <metrics statements="13" coveredstatements="13" conditionals="0" coveredconditionals="0" methods="5" coveredmethods="5"/>
      <file name="addIndividualSlice.ts" path="C:\Users\NanonBuaphet\corporate-web-admin\src\features\addIndividual\addIndividualSlice.ts">
        <metrics statements="13" coveredstatements="13" conditionals="0" coveredconditionals="0" methods="5" coveredmethods="5"/>
        <line num="1" count="17" type="stmt"/>
        <line num="19" count="17" type="stmt"/>
        <line num="35" count="17" type="stmt"/>
        <line num="40" count="1" type="stmt"/>
        <line num="41" count="1" type="stmt"/>
        <line num="44" count="1" type="stmt"/>
        <line num="47" count="1" type="stmt"/>
        <line num="48" count="1" type="stmt"/>
        <line num="51" count="1" type="stmt"/>
        <line num="52" count="1" type="stmt"/>
        <line num="55" count="1" type="stmt"/>
        <line num="60" count="17" type="stmt"/>
        <line num="68" count="17" type="stmt"/>
      </file>
    </package>
    <package name="features.addedIcoData">
      <metrics statements="7" coveredstatements="7" conditionals="0" coveredconditionals="0" methods="2" coveredmethods="2"/>
      <file name="AddedIcoData.ts" path="C:\Users\NanonBuaphet\corporate-web-admin\src\features\addedIcoData\AddedIcoData.ts">
        <metrics statements="7" coveredstatements="7" conditionals="0" coveredconditionals="0" methods="2" coveredmethods="2"/>
        <line num="2" count="17" type="stmt"/>
        <line num="9" count="17" type="stmt"/>
        <line num="13" count="17" type="stmt"/>
        <line num="18" count="7" type="stmt"/>
        <line num="21" count="7" type="stmt"/>
        <line num="26" count="17" type="stmt"/>
        <line num="28" count="17" type="stmt"/>
      </file>
    </package>
    <package name="features.attorney">
      <metrics statements="18" coveredstatements="17" conditionals="4" coveredconditionals="3" methods="8" coveredmethods="8"/>
      <file name="attorney.ts" path="C:\Users\NanonBuaphet\corporate-web-admin\src\features\attorney\attorney.ts">
        <metrics statements="18" coveredstatements="17" conditionals="4" coveredconditionals="3" methods="8" coveredmethods="8"/>
        <line num="1" count="17" type="stmt"/>
        <line num="8" count="17" type="stmt"/>
        <line num="12" count="17" type="stmt"/>
        <line num="17" count="1" type="stmt"/>
        <line num="18" count="1" type="stmt"/>
        <line num="24" count="1" type="stmt"/>
        <line num="25" count="1" type="stmt"/>
        <line num="29" count="3" type="stmt"/>
        <line num="32" count="1" type="stmt"/>
        <line num="33" count="1" type="stmt"/>
        <line num="35" count="1" type="cond" truecount="1" falsecount="1"/>
        <line num="36" count="1" type="stmt"/>
        <line num="37" count="1" type="stmt"/>
        <line num="42" count="0" type="stmt"/>
        <line num="46" count="5" type="stmt"/>
        <line num="51" count="17" type="stmt"/>
        <line num="58" count="17" type="stmt"/>
        <line num="65" count="17" type="cond" truecount="2" falsecount="0"/>
      </file>
    </package>
    <package name="features.authen">
      <metrics statements="7" coveredstatements="6" conditionals="2" coveredconditionals="2" methods="1" coveredmethods="0"/>
      <file name="authenSlice.ts" path="C:\Users\NanonBuaphet\corporate-web-admin\src\features\authen\authenSlice.ts">
        <metrics statements="7" coveredstatements="6" conditionals="2" coveredconditionals="2" methods="1" coveredmethods="0"/>
        <line num="1" count="16" type="stmt"/>
        <line num="2" count="16" type="stmt"/>
        <line num="8" count="16" type="stmt"/>
        <line num="12" count="16" type="stmt"/>
        <line num="17" count="0" type="stmt"/>
        <line num="22" count="16" type="stmt"/>
        <line num="23" count="16" type="stmt"/>
      </file>
    </package>
    <package name="features.authorizedPerson">
      <metrics statements="16" coveredstatements="16" conditionals="3" coveredconditionals="3" methods="8" coveredmethods="8"/>
      <file name="authorizedPersonSlice.ts" path="C:\Users\NanonBuaphet\corporate-web-admin\src\features\authorizedPerson\authorizedPersonSlice.ts">
        <metrics statements="16" coveredstatements="16" conditionals="3" coveredconditionals="3" methods="8" coveredmethods="8"/>
        <line num="1" count="17" type="stmt"/>
        <line num="8" count="17" type="stmt"/>
        <line num="12" count="17" type="stmt"/>
        <line num="17" count="1" type="stmt"/>
        <line num="18" count="1" type="stmt"/>
        <line num="24" count="1" type="stmt"/>
        <line num="25" count="1" type="stmt"/>
        <line num="29" count="3" type="stmt"/>
        <line num="32" count="1" type="stmt"/>
        <line num="33" count="1" type="stmt"/>
        <line num="36" count="1" type="cond" truecount="1" falsecount="0"/>
        <line num="37" count="1" type="stmt"/>
        <line num="47" count="7" type="stmt"/>
        <line num="52" count="17" type="stmt"/>
        <line num="59" count="17" type="stmt"/>
        <line num="66" count="17" type="cond" truecount="2" falsecount="0"/>
      </file>
    </package>
    <package name="features.bankOrder">
      <metrics statements="16" coveredstatements="16" conditionals="3" coveredconditionals="3" methods="8" coveredmethods="8"/>
      <file name="bankOrdersSlice.ts" path="C:\Users\NanonBuaphet\corporate-web-admin\src\features\bankOrder\bankOrdersSlice.ts">
        <metrics statements="16" coveredstatements="16" conditionals="3" coveredconditionals="3" methods="8" coveredmethods="8"/>
        <line num="1" count="17" type="stmt"/>
        <line num="8" count="17" type="stmt"/>
        <line num="12" count="17" type="stmt"/>
        <line num="17" count="1" type="stmt"/>
        <line num="18" count="1" type="stmt"/>
        <line num="21" count="1" type="stmt"/>
        <line num="22" count="1" type="stmt"/>
        <line num="26" count="1" type="stmt"/>
        <line num="29" count="3" type="stmt"/>
        <line num="32" count="1" type="stmt"/>
        <line num="33" count="1" type="stmt"/>
        <line num="36" count="1" type="cond" truecount="1" falsecount="0"/>
        <line num="37" count="1" type="stmt"/>
        <line num="46" count="17" type="stmt"/>
        <line num="53" count="17" type="stmt"/>
        <line num="60" count="17" type="cond" truecount="2" falsecount="0"/>
      </file>
    </package>
    <package name="features.bankSlice">
      <metrics statements="20" coveredstatements="18" conditionals="4" coveredconditionals="3" methods="8" coveredmethods="8"/>
      <file name="bankSlice.ts" path="C:\Users\NanonBuaphet\corporate-web-admin\src\features\bankSlice\bankSlice.ts">
        <metrics statements="20" coveredstatements="18" conditionals="4" coveredconditionals="3" methods="8" coveredmethods="8"/>
        <line num="1" count="17" type="stmt"/>
        <line num="8" count="17" type="stmt"/>
        <line num="12" count="17" type="stmt"/>
        <line num="17" count="1" type="stmt"/>
        <line num="18" count="1" type="stmt"/>
        <line num="21" count="1" type="stmt"/>
        <line num="22" count="1" type="stmt"/>
        <line num="26" count="3" type="stmt"/>
        <line num="29" count="5" type="stmt"/>
        <line num="32" count="1" type="stmt"/>
        <line num="33" count="1" type="stmt"/>
        <line num="34" count="1" type="stmt"/>
        <line num="37" count="1" type="cond" truecount="1" falsecount="1"/>
        <line num="38" count="1" type="stmt"/>
        <line num="39" count="1" type="stmt"/>
        <line num="44" count="0" type="stmt"/>
        <line num="45" count="0" type="stmt"/>
        <line num="51" count="17" type="stmt"/>
        <line num="53" count="17" type="stmt"/>
        <line num="60" count="17" type="cond" truecount="2" falsecount="0"/>
      </file>
    </package>
    <package name="features.corporateData">
      <metrics statements="7" coveredstatements="7" conditionals="0" coveredconditionals="0" methods="2" coveredmethods="2"/>
      <file name="corporateDataSlice.ts" path="C:\Users\NanonBuaphet\corporate-web-admin\src\features\corporateData\corporateDataSlice.ts">
        <metrics statements="7" coveredstatements="7" conditionals="0" coveredconditionals="0" methods="2" coveredmethods="2"/>
        <line num="2" count="1" type="stmt"/>
        <line num="4" count="1" type="stmt"/>
        <line num="94" count="1" type="stmt"/>
        <line num="99" count="1" type="stmt"/>
        <line num="102" count="1" type="stmt"/>
        <line num="107" count="1" type="stmt"/>
        <line num="109" count="1" type="stmt"/>
      </file>
    </package>
    <package name="features.corporateTest">
      <metrics statements="7" coveredstatements="7" conditionals="0" coveredconditionals="0" methods="2" coveredmethods="2"/>
      <file name="corporateTestSlice.tsx" path="C:\Users\NanonBuaphet\corporate-web-admin\src\features\corporateTest\corporateTestSlice.tsx">
        <metrics statements="7" coveredstatements="7" conditionals="0" coveredconditionals="0" methods="2" coveredmethods="2"/>
        <line num="2" count="18" type="stmt"/>
        <line num="8" count="18" type="stmt"/>
        <line num="12" count="18" type="stmt"/>
        <line num="17" count="81" type="stmt"/>
        <line num="20" count="44" type="stmt"/>
        <line num="25" count="18" type="stmt"/>
        <line num="26" count="18" type="stmt"/>
      </file>
    </package>
    <package name="features.currentSelectedCorperate">
      <metrics statements="7" coveredstatements="5" conditionals="0" coveredconditionals="0" methods="2" coveredmethods="0"/>
      <file name="currentCorperrateInfoSlice.tsx" path="C:\Users\NanonBuaphet\corporate-web-admin\src\features\currentSelectedCorperate\currentCorperrateInfoSlice.tsx">
        <metrics statements="7" coveredstatements="5" conditionals="0" coveredconditionals="0" methods="2" coveredmethods="0"/>
        <line num="2" count="16" type="stmt"/>
        <line num="4" count="16" type="stmt"/>
        <line num="60" count="16" type="stmt"/>
        <line num="65" count="0" type="stmt"/>
        <line num="68" count="0" type="stmt"/>
        <line num="73" count="16" type="stmt"/>
        <line num="75" count="16" type="stmt"/>
      </file>
    </package>
    <package name="features.editCorporateData">
      <metrics statements="7" coveredstatements="7" conditionals="0" coveredconditionals="0" methods="2" coveredmethods="2"/>
      <file name="editCorporateData.ts" path="C:\Users\NanonBuaphet\corporate-web-admin\src\features\editCorporateData\editCorporateData.ts">
        <metrics statements="7" coveredstatements="7" conditionals="0" coveredconditionals="0" methods="2" coveredmethods="2"/>
        <line num="2" count="18" type="stmt"/>
        <line num="4" count="18" type="stmt"/>
        <line num="96" count="18" type="stmt"/>
        <line num="101" count="48" type="stmt"/>
        <line num="104" count="39" type="stmt"/>
        <line num="109" count="18" type="stmt"/>
        <line num="110" count="18" type="stmt"/>
      </file>
    </package>
    <package name="features.fetchIndividualData">
      <metrics statements="7" coveredstatements="7" conditionals="0" coveredconditionals="0" methods="2" coveredmethods="2"/>
      <file name="fetchIndividualDataSlice.ts" path="C:\Users\NanonBuaphet\corporate-web-admin\src\features\fetchIndividualData\fetchIndividualDataSlice.ts">
        <metrics statements="7" coveredstatements="7" conditionals="0" coveredconditionals="0" methods="2" coveredmethods="2"/>
        <line num="2" count="16" type="stmt"/>
        <line num="8" count="16" type="stmt"/>
        <line num="12" count="16" type="stmt"/>
        <line num="17" count="11" type="stmt"/>
        <line num="20" count="11" type="stmt"/>
        <line num="25" count="16" type="stmt"/>
        <line num="26" count="16" type="stmt"/>
      </file>
    </package>
    <package name="features.fxExchange">
      <metrics statements="16" coveredstatements="16" conditionals="3" coveredconditionals="3" methods="8" coveredmethods="8"/>
      <file name="fxExhangeSlice.ts" path="C:\Users\NanonBuaphet\corporate-web-admin\src\features\fxExchange\fxExhangeSlice.ts">
        <metrics statements="16" coveredstatements="16" conditionals="3" coveredconditionals="3" methods="8" coveredmethods="8"/>
        <line num="1" count="17" type="stmt"/>
        <line num="8" count="17" type="stmt"/>
        <line num="12" count="17" type="stmt"/>
        <line num="17" count="1" type="stmt"/>
        <line num="18" count="1" type="stmt"/>
        <line num="21" count="1" type="stmt"/>
        <line num="22" count="1" type="stmt"/>
        <line num="26" count="1" type="stmt"/>
        <line num="29" count="2" type="stmt"/>
        <line num="32" count="1" type="stmt"/>
        <line num="33" count="1" type="stmt"/>
        <line num="36" count="1" type="cond" truecount="1" falsecount="0"/>
        <line num="37" count="1" type="stmt"/>
        <line num="46" count="17" type="stmt"/>
        <line num="53" count="17" type="stmt"/>
        <line num="60" count="17" type="cond" truecount="2" falsecount="0"/>
      </file>
    </package>
    <package name="features.individualShareholder">
      <metrics statements="16" coveredstatements="16" conditionals="3" coveredconditionals="3" methods="8" coveredmethods="8"/>
      <file name="individualShareholderSlice.ts" path="C:\Users\NanonBuaphet\corporate-web-admin\src\features\individualShareholder\individualShareholderSlice.ts">
        <metrics statements="16" coveredstatements="16" conditionals="3" coveredconditionals="3" methods="8" coveredmethods="8"/>
        <line num="1" count="17" type="stmt"/>
        <line num="7" count="17" type="stmt"/>
        <line num="11" count="17" type="stmt"/>
        <line num="16" count="1" type="stmt"/>
        <line num="18" count="1" type="stmt"/>
        <line num="27" count="1" type="stmt"/>
        <line num="28" count="1" type="stmt"/>
        <line num="32" count="3" type="stmt"/>
        <line num="38" count="5" type="stmt"/>
        <line num="44" count="1" type="stmt"/>
        <line num="46" count="1" type="stmt"/>
        <line num="48" count="1" type="cond" truecount="1" falsecount="0"/>
        <line num="50" count="1" type="stmt"/>
        <line num="60" count="17" type="stmt"/>
        <line num="67" count="17" type="stmt"/>
        <line num="74" count="17" type="cond" truecount="2" falsecount="0"/>
      </file>
    </package>
    <package name="features.juristicShareholderSlice">
      <metrics statements="16" coveredstatements="16" conditionals="3" coveredconditionals="3" methods="8" coveredmethods="8"/>
      <file name="juristicShareholderSlice.ts" path="C:\Users\NanonBuaphet\corporate-web-admin\src\features\juristicShareholderSlice\juristicShareholderSlice.ts">
        <metrics statements="16" coveredstatements="16" conditionals="3" coveredconditionals="3" methods="8" coveredmethods="8"/>
        <line num="1" count="17" type="stmt"/>
        <line num="8" count="17" type="stmt"/>
        <line num="12" count="17" type="stmt"/>
        <line num="17" count="1" type="stmt"/>
        <line num="18" count="1" type="stmt"/>
        <line num="24" count="1" type="stmt"/>
        <line num="25" count="1" type="stmt"/>
        <line num="29" count="5" type="stmt"/>
        <line num="32" count="5" type="stmt"/>
        <line num="35" count="2" type="stmt"/>
        <line num="36" count="1" type="stmt"/>
        <line num="39" count="2" type="cond" truecount="1" falsecount="0"/>
        <line num="40" count="1" type="stmt"/>
        <line num="49" count="17" type="stmt"/>
        <line num="56" count="17" type="stmt"/>
        <line num="63" count="17" type="cond" truecount="2" falsecount="0"/>
      </file>
    </package>
    <package name="features.livenessOcr">
      <metrics statements="7" coveredstatements="5" conditionals="0" coveredconditionals="0" methods="2" coveredmethods="0"/>
      <file name="livenessOcr.ts" path="C:\Users\NanonBuaphet\corporate-web-admin\src\features\livenessOcr\livenessOcr.ts">
        <metrics statements="7" coveredstatements="5" conditionals="0" coveredconditionals="0" methods="2" coveredmethods="0"/>
        <line num="1" count="16" type="stmt"/>
        <line num="8" count="16" type="stmt"/>
        <line num="13" count="16" type="stmt"/>
        <line num="18" count="0" type="stmt"/>
        <line num="21" count="0" type="stmt"/>
        <line num="26" count="16" type="stmt"/>
        <line num="27" count="16" type="stmt"/>
      </file>
    </package>
    <package name="features.orderTrade">
      <metrics statements="16" coveredstatements="16" conditionals="3" coveredconditionals="3" methods="8" coveredmethods="8"/>
      <file name="orderTradeSlice.ts" path="C:\Users\NanonBuaphet\corporate-web-admin\src\features\orderTrade\orderTradeSlice.ts">
        <metrics statements="16" coveredstatements="16" conditionals="3" coveredconditionals="3" methods="8" coveredmethods="8"/>
        <line num="1" count="17" type="stmt"/>
        <line num="8" count="17" type="stmt"/>
        <line num="12" count="17" type="stmt"/>
        <line num="17" count="1" type="stmt"/>
        <line num="18" count="1" type="stmt"/>
        <line num="21" count="1" type="stmt"/>
        <line num="22" count="1" type="stmt"/>
        <line num="26" count="1" type="stmt"/>
        <line num="29" count="2" type="stmt"/>
        <line num="32" count="1" type="stmt"/>
        <line num="33" count="1" type="stmt"/>
        <line num="36" count="1" type="cond" truecount="1" falsecount="0"/>
        <line num="37" count="1" type="stmt"/>
        <line num="46" count="17" type="stmt"/>
        <line num="53" count="17" type="stmt"/>
        <line num="60" count="17" type="cond" truecount="2" falsecount="0"/>
      </file>
    </package>
    <package name="features.suit">
      <metrics statements="9" coveredstatements="9" conditionals="0" coveredconditionals="0" methods="2" coveredmethods="2"/>
      <file name="suitSlice.ts" path="C:\Users\NanonBuaphet\corporate-web-admin\src\features\suit\suitSlice.ts">
        <metrics statements="9" coveredstatements="9" conditionals="0" coveredconditionals="0" methods="2" coveredmethods="2"/>
        <line num="1" count="19" type="stmt"/>
        <line num="24" count="19" type="stmt"/>
        <line num="26" count="19" type="stmt"/>
        <line num="31" count="1" type="stmt"/>
        <line num="32" count="1" type="stmt"/>
        <line num="35" count="1" type="stmt"/>
        <line num="36" count="1" type="stmt"/>
        <line num="41" count="19" type="stmt"/>
        <line num="42" count="19" type="stmt"/>
      </file>
    </package>
    <package name="features.uploadFile">
      <metrics statements="8" coveredstatements="8" conditionals="0" coveredconditionals="0" methods="4" coveredmethods="4"/>
      <file name="uploadFileSlice.ts" path="C:\Users\NanonBuaphet\corporate-web-admin\src\features\uploadFile\uploadFileSlice.ts">
        <metrics statements="8" coveredstatements="8" conditionals="0" coveredconditionals="0" methods="4" coveredmethods="4"/>
        <line num="2" count="19" type="stmt"/>
        <line num="8" count="19" type="stmt"/>
        <line num="12" count="19" type="stmt"/>
        <line num="17" count="1" type="stmt"/>
        <line num="20" count="1" type="stmt"/>
        <line num="23" count="2" type="stmt"/>
        <line num="28" count="19" type="stmt"/>
        <line num="29" count="19" type="stmt"/>
      </file>
    </package>
    <package name="features.user">
      <metrics statements="8" coveredstatements="8" conditionals="0" coveredconditionals="0" methods="2" coveredmethods="2"/>
      <file name="userSlice.ts" path="C:\Users\NanonBuaphet\corporate-web-admin\src\features\user\userSlice.ts">
        <metrics statements="8" coveredstatements="8" conditionals="0" coveredconditionals="0" methods="2" coveredmethods="2"/>
        <line num="1" count="17" type="stmt"/>
        <line num="21" count="17" type="stmt"/>
        <line num="25" count="17" type="stmt"/>
        <line num="30" count="153" type="stmt"/>
        <line num="31" count="153" type="stmt"/>
        <line num="34" count="1" type="stmt"/>
        <line num="42" count="17" type="stmt"/>
        <line num="43" count="17" type="stmt"/>
      </file>
    </package>
    <package name="lib">
      <metrics statements="112" coveredstatements="54" conditionals="33" coveredconditionals="9" methods="30" coveredmethods="12"/>
      <file name="Cookies.ts" path="C:\Users\NanonBuaphet\corporate-web-admin\src\lib\Cookies.ts">
        <metrics statements="8" coveredstatements="6" conditionals="0" coveredconditionals="0" methods="3" coveredmethods="1"/>
        <line num="1" count="4" type="stmt"/>
        <line num="3" count="4" type="stmt"/>
        <line num="5" count="4" type="stmt"/>
        <line num="6" count="0" type="stmt"/>
        <line num="9" count="4" type="stmt"/>
        <line num="10" count="31" type="stmt"/>
        <line num="13" count="4" type="stmt"/>
        <line num="14" count="0" type="stmt"/>
      </file>
      <file name="utils.ts" path="C:\Users\NanonBuaphet\corporate-web-admin\src\lib\utils.ts">
        <metrics statements="104" coveredstatements="48" conditionals="33" coveredconditionals="9" methods="27" coveredmethods="11"/>
        <line num="1" count="18" type="stmt"/>
        <line num="2" count="18" type="stmt"/>
        <line num="3" count="18" type="stmt"/>
        <line num="4" count="18" type="stmt"/>
        <line num="5" count="18" type="stmt"/>
        <line num="8" count="18" type="stmt"/>
        <line num="9" count="8683" type="stmt"/>
        <line num="12" count="18" type="stmt"/>
        <line num="13" count="3520" type="cond" truecount="3" falsecount="0"/>
        <line num="14" count="3418" type="stmt"/>
        <line num="17" count="102" type="cond" truecount="0" falsecount="1"/>
        <line num="18" count="0" type="stmt"/>
        <line num="19" count="0" type="stmt"/>
        <line num="20" count="0" type="stmt"/>
        <line num="22" count="0" type="stmt"/>
        <line num="25" count="102" type="stmt"/>
        <line num="26" count="102" type="stmt"/>
        <line num="27" count="3436" type="stmt"/>
        <line num="30" count="102" type="stmt"/>
        <line num="33" count="18" type="stmt"/>
        <line num="34" count="18" type="stmt"/>
        <line num="37" count="18" type="stmt"/>
        <line num="38" count="0" type="cond" truecount="0" falsecount="1"/>
        <line num="39" count="0" type="stmt"/>
        <line num="42" count="0" type="stmt"/>
        <line num="43" count="0" type="cond" truecount="0" falsecount="1"/>
        <line num="44" count="0" type="stmt"/>
        <line num="48" count="0" type="stmt"/>
        <line num="51" count="18" type="stmt"/>
        <line num="52" count="0" type="stmt"/>
        <line num="55" count="18" type="stmt"/>
        <line num="56" count="13" type="stmt"/>
        <line num="59" count="18" type="stmt"/>
        <line num="60" count="13" type="stmt"/>
        <line num="61" count="13" type="stmt"/>
        <line num="62" count="13" type="stmt"/>
        <line num="63" count="156" type="stmt"/>
        <line num="65" count="13" type="stmt"/>
        <line num="67" count="13" type="stmt"/>
        <line num="70" count="18" type="stmt"/>
        <line num="71" count="13" type="stmt"/>
        <line num="72" count="13" type="cond" truecount="2" falsecount="0"/>
        <line num="73" count="13" type="stmt"/>
        <line num="76" count="18" type="stmt"/>
        <line num="77" count="0" type="stmt"/>
        <line num="78" count="0" type="stmt"/>
        <line num="79" count="0" type="cond" truecount="0" falsecount="3"/>
        <line num="80" count="0" type="stmt"/>
        <line num="81" count="0" type="stmt"/>
        <line num="83" count="0" type="cond" truecount="0" falsecount="4"/>
        <line num="84" count="0" type="stmt"/>
        <line num="85" count="0" type="stmt"/>
        <line num="87" count="0" type="stmt"/>
        <line num="90" count="0" type="stmt"/>
        <line num="93" count="0" type="stmt"/>
        <line num="96" count="18" type="stmt"/>
        <line num="97" count="188" type="stmt"/>
        <line num="98" count="131" type="cond" truecount="4" falsecount="1"/>
        <line num="99" count="131" type="stmt"/>
        <line num="101" count="0" type="stmt"/>
        <line num="105" count="18" type="stmt"/>
        <line num="106" count="0" type="stmt"/>
        <line num="109" count="0" type="stmt"/>
        <line num="110" count="0" type="stmt"/>
        <line num="112" count="0" type="stmt"/>
        <line num="115" count="0" type="cond" truecount="0" falsecount="4"/>
        <line num="116" count="0" type="stmt"/>
        <line num="117" count="0" type="stmt"/>
        <line num="121" count="0" type="stmt"/>
        <line num="123" count="0" type="stmt"/>
        <line num="127" count="18" type="stmt"/>
        <line num="128" count="80" type="stmt"/>
        <line num="129" count="80" type="stmt"/>
        <line num="130" count="80" type="stmt"/>
        <line num="132" count="80" type="stmt"/>
        <line num="135" count="18" type="stmt"/>
        <line num="139" count="0" type="stmt"/>
        <line num="140" count="0" type="stmt"/>
        <line num="141" count="0" type="cond" truecount="0" falsecount="1"/>
        <line num="142" count="0" type="stmt"/>
        <line num="143" count="0" type="stmt"/>
        <line num="145" count="0" type="stmt"/>
        <line num="148" count="18" type="stmt"/>
        <line num="151" count="0" type="cond" truecount="0" falsecount="4"/>
        <line num="152" count="0" type="stmt"/>
        <line num="153" count="0" type="stmt"/>
        <line num="154" count="0" type="stmt"/>
        <line num="155" count="0" type="stmt"/>
        <line num="157" count="0" type="stmt"/>
        <line num="158" count="0" type="stmt"/>
        <line num="161" count="0" type="stmt"/>
        <line num="162" count="0" type="stmt"/>
        <line num="167" count="18" type="stmt"/>
        <line num="168" count="0" type="stmt"/>
        <line num="169" count="0" type="cond" truecount="0" falsecount="2"/>
        <line num="170" count="0" type="stmt"/>
        <line num="171" count="0" type="stmt"/>
        <line num="172" count="0" type="stmt"/>
        <line num="174" count="0" type="stmt"/>
        <line num="175" count="0" type="stmt"/>
        <line num="178" count="0" type="stmt"/>
        <line num="181" count="18" type="stmt"/>
        <line num="182" count="0" type="stmt"/>
        <line num="190" count="18" type="cond" truecount="0" falsecount="2"/>
      </file>
    </package>
    <package name="pages.createJob.addIndividualAccount">
      <metrics statements="114" coveredstatements="86" conditionals="75" coveredconditionals="40" methods="9" coveredmethods="8"/>
      <file name="addIndividualAccount.tsx" path="C:\Users\NanonBuaphet\corporate-web-admin\src\pages\createJob\addIndividualAccount\addIndividualAccount.tsx">
        <metrics statements="114" coveredstatements="86" conditionals="75" coveredconditionals="40" methods="9" coveredmethods="8"/>
        <line num="1" count="1" type="stmt"/>
        <line num="2" count="1" type="stmt"/>
        <line num="4" count="1" type="stmt"/>
        <line num="5" count="1" type="stmt"/>
        <line num="6" count="1" type="stmt"/>
        <line num="7" count="1" type="stmt"/>
        <line num="11" count="1" type="stmt"/>
        <line num="12" count="1" type="stmt"/>
        <line num="13" count="1" type="stmt"/>
        <line num="14" count="1" type="stmt"/>
        <line num="15" count="1" type="stmt"/>
        <line num="16" count="1" type="stmt"/>
        <line num="17" count="1" type="stmt"/>
        <line num="19" count="1" type="stmt"/>
        <line num="20" count="1" type="stmt"/>
        <line num="23" count="1" type="stmt"/>
        <line num="24" count="12" type="cond" truecount="0" falsecount="1"/>
        <line num="25" count="0" type="stmt"/>
        <line num="34" count="12" type="stmt"/>
        <line num="38" count="12" type="stmt"/>
        <line num="39" count="12" type="stmt"/>
        <line num="41" count="12" type="stmt"/>
        <line num="42" count="2" type="stmt"/>
        <line num="43" count="2" type="stmt"/>
        <line num="44" count="2" type="stmt"/>
        <line num="50" count="0" type="stmt"/>
        <line num="51" count="0" type="stmt"/>
        <line num="53" count="2" type="stmt"/>
        <line num="57" count="17" type="stmt"/>
        <line num="59" count="12" type="stmt"/>
        <line num="60" count="2" type="stmt"/>
        <line num="61" count="2" type="cond" truecount="1" falsecount="1"/>
        <line num="62" count="2" type="cond" truecount="1" falsecount="1"/>
        <line num="64" count="0" type="stmt"/>
        <line num="68" count="12" type="stmt"/>
        <line num="69" count="3" type="cond" truecount="1" falsecount="0"/>
        <line num="70" count="1" type="stmt"/>
        <line num="71" count="1" type="stmt"/>
        <line num="72" count="1" type="stmt"/>
        <line num="87" count="1" type="stmt"/>
        <line num="88" count="1" type="stmt"/>
        <line num="92" count="12" type="stmt"/>
        <line num="93" count="12" type="stmt"/>
        <line num="95" count="12" type="stmt"/>
        <line num="96" count="6" type="stmt"/>
        <line num="97" count="6" type="stmt"/>
        <line num="98" count="6" type="cond" truecount="2" falsecount="0"/>
        <line num="99" count="1" type="stmt"/>
        <line num="100" count="1" type="stmt"/>
        <line num="101" count="1" type="stmt"/>
        <line num="102" count="1" type="stmt"/>
        <line num="104" count="5" type="cond" truecount="2" falsecount="0"/>
        <line num="105" count="1" type="stmt"/>
        <line num="106" count="1" type="stmt"/>
        <line num="107" count="1" type="stmt"/>
        <line num="108" count="1" type="stmt"/>
        <line num="110" count="4" type="cond" truecount="2" falsecount="0"/>
        <line num="111" count="1" type="stmt"/>
        <line num="112" count="1" type="stmt"/>
        <line num="113" count="1" type="stmt"/>
        <line num="114" count="1" type="stmt"/>
        <line num="115" count="1" type="stmt"/>
        <line num="117" count="3" type="cond" truecount="2" falsecount="0"/>
        <line num="118" count="1" type="stmt"/>
        <line num="119" count="1" type="stmt"/>
        <line num="120" count="1" type="stmt"/>
        <line num="121" count="1" type="stmt"/>
        <line num="123" count="2" type="cond" truecount="2" falsecount="0"/>
        <line num="124" count="1" type="stmt"/>
        <line num="125" count="1" type="stmt"/>
        <line num="126" count="1" type="stmt"/>
        <line num="127" count="1" type="stmt"/>
        <line num="129" count="1" type="cond" truecount="1" falsecount="0"/>
        <line num="130" count="1" type="stmt"/>
        <line num="131" count="1" type="stmt"/>
        <line num="132" count="1" type="stmt"/>
        <line num="133" count="1" type="stmt"/>
        <line num="137" count="12" type="stmt"/>
        <line num="139" count="12" type="stmt"/>
        <line num="140" count="0" type="stmt"/>
        <line num="141" count="0" type="stmt"/>
        <line num="142" count="0" type="stmt"/>
        <line num="143" count="0" type="cond" truecount="0" falsecount="1"/>
        <line num="147" count="0" type="stmt"/>
        <line num="149" count="0" type="stmt"/>
        <line num="152" count="12" type="stmt"/>
        <line num="153" count="2" type="stmt"/>
        <line num="154" count="2" type="stmt"/>
        <line num="155" count="2" type="stmt"/>
        <line num="156" count="2" type="stmt"/>
        <line num="157" count="2" type="stmt"/>
        <line num="158" count="2" type="cond" truecount="1" falsecount="1"/>
        <line num="159" count="2" type="stmt"/>
        <line num="164" count="0" type="stmt"/>
        <line num="165" count="0" type="cond" truecount="0" falsecount="1"/>
        <line num="166" count="0" type="stmt"/>
        <line num="167" count="0" type="stmt"/>
        <line num="168" count="0" type="stmt"/>
        <line num="169" count="0" type="stmt"/>
        <line num="170" count="0" type="stmt"/>
        <line num="172" count="0" type="stmt"/>
        <line num="173" count="0" type="stmt"/>
        <line num="177" count="0" type="stmt"/>
        <line num="182" count="0" type="stmt"/>
        <line num="183" count="0" type="cond" truecount="0" falsecount="1"/>
        <line num="184" count="0" type="stmt"/>
        <line num="185" count="0" type="stmt"/>
        <line num="186" count="0" type="stmt"/>
        <line num="187" count="0" type="stmt"/>
        <line num="189" count="0" type="stmt"/>
        <line num="190" count="0" type="stmt"/>
        <line num="194" count="2" type="stmt"/>
        <line num="205" count="12" type="stmt"/>
        <line num="447" count="17" type="cond" truecount="1" falsecount="1"/>
      </file>
    </package>
    <package name="pages.createJob.addIndividualAccount.basicInfo">
      <metrics statements="138" coveredstatements="111" conditionals="162" coveredconditionals="96" methods="53" coveredmethods="42"/>
      <file name="basicInfo.tsx" path="C:\Users\NanonBuaphet\corporate-web-admin\src\pages\createJob\addIndividualAccount\basicInfo\basicInfo.tsx">
        <metrics statements="138" coveredstatements="111" conditionals="162" coveredconditionals="96" methods="53" coveredmethods="42"/>
        <line num="1" count="1" type="stmt"/>
        <line num="2" count="1" type="stmt"/>
        <line num="3" count="1" type="stmt"/>
        <line num="4" count="1" type="stmt"/>
        <line num="5" count="1" type="stmt"/>
        <line num="6" count="1" type="stmt"/>
        <line num="7" count="1" type="stmt"/>
        <line num="8" count="1" type="stmt"/>
        <line num="9" count="1" type="stmt"/>
        <line num="10" count="1" type="stmt"/>
        <line num="20" count="1" type="stmt"/>
        <line num="21" count="1" type="stmt"/>
        <line num="22" count="1" type="stmt"/>
        <line num="23" count="1" type="stmt"/>
        <line num="24" count="1" type="stmt"/>
        <line num="25" count="1" type="stmt"/>
        <line num="26" count="1" type="stmt"/>
        <line num="29" count="1" type="stmt"/>
        <line num="31" count="1" type="stmt"/>
        <line num="32" count="9" type="cond" truecount="0" falsecount="1"/>
        <line num="33" count="0" type="stmt"/>
        <line num="36" count="9" type="stmt"/>
        <line num="37" count="9" type="stmt"/>
        <line num="38" count="9" type="stmt"/>
        <line num="40" count="9" type="stmt"/>
        <line num="41" count="9" type="stmt"/>
        <line num="42" count="9" type="stmt"/>
        <line num="43" count="9" type="stmt"/>
        <line num="47" count="45378" type="stmt"/>
        <line num="53" count="7416" type="stmt"/>
        <line num="54" count="9" type="stmt"/>
        <line num="57" count="45378" type="stmt"/>
        <line num="62" count="540" type="stmt"/>
        <line num="70" count="9" type="stmt"/>
        <line num="74" count="9" type="stmt"/>
        <line num="75" count="1" type="stmt"/>
        <line num="76" count="1" type="stmt"/>
        <line num="77" count="1" type="stmt"/>
        <line num="87" count="0" type="stmt"/>
        <line num="88" count="0" type="stmt"/>
        <line num="90" count="1" type="stmt"/>
        <line num="93" count="9" type="stmt"/>
        <line num="94" count="14" type="stmt"/>
        <line num="96" count="9" type="stmt"/>
        <line num="97" count="2" type="stmt"/>
        <line num="98" count="2" type="cond" truecount="2" falsecount="0"/>
        <line num="99" count="1" type="cond" truecount="1" falsecount="1"/>
        <line num="101" count="1" type="stmt"/>
        <line num="105" count="9" type="stmt"/>
        <line num="106" count="3" type="cond" truecount="1" falsecount="0"/>
        <line num="107" count="1" type="stmt"/>
        <line num="110" count="1" type="cond" truecount="1" falsecount="1"/>
        <line num="112" count="3" type="cond" truecount="1" falsecount="1"/>
        <line num="114" count="2" type="cond" truecount="1" falsecount="1"/>
        <line num="117" count="1" type="cond" truecount="1" falsecount="1"/>
        <line num="119" count="2" type="cond" truecount="2" falsecount="0"/>
        <line num="121" count="1" type="stmt"/>
        <line num="184" count="1" type="stmt"/>
        <line num="185" count="1" type="stmt"/>
        <line num="186" count="1" type="stmt"/>
        <line num="190" count="9" type="stmt"/>
        <line num="191" count="9" type="stmt"/>
        <line num="192" count="9" type="stmt"/>
        <line num="193" count="9" type="stmt"/>
        <line num="194" count="9" type="stmt"/>
        <line num="195" count="4" type="stmt"/>
        <line num="196" count="50" type="stmt"/>
        <line num="199" count="4" type="cond" truecount="2" falsecount="0"/>
        <line num="200" count="1" type="stmt"/>
        <line num="201" count="1" type="stmt"/>
        <line num="202" count="1" type="stmt"/>
        <line num="204" count="3" type="stmt"/>
        <line num="205" count="3" type="stmt"/>
        <line num="206" count="3" type="stmt"/>
        <line num="214" count="9" type="stmt"/>
        <line num="215" count="2" type="stmt"/>
        <line num="249" count="2" type="stmt"/>
        <line num="260" count="2" type="stmt"/>
        <line num="261" count="2" type="stmt"/>
        <line num="262" count="2" type="stmt"/>
        <line num="263" count="2" type="stmt"/>
        <line num="265" count="2" type="cond" truecount="2" falsecount="0"/>
        <line num="266" count="2" type="cond" truecount="2" falsecount="0"/>
        <line num="267" count="1" type="stmt"/>
        <line num="270" count="0" type="cond" truecount="0" falsecount="2"/>
        <line num="271" count="0" type="stmt"/>
        <line num="272" count="0" type="stmt"/>
        <line num="273" count="0" type="stmt"/>
        <line num="275" count="0" type="stmt"/>
        <line num="278" count="1" type="stmt"/>
        <line num="281" count="0" type="cond" truecount="0" falsecount="2"/>
        <line num="282" count="0" type="stmt"/>
        <line num="283" count="0" type="stmt"/>
        <line num="284" count="0" type="stmt"/>
        <line num="286" count="0" type="stmt"/>
        <line num="290" count="2" type="stmt"/>
        <line num="294" count="9" type="stmt"/>
        <line num="295" count="0" type="stmt"/>
        <line num="296" count="0" type="stmt"/>
        <line num="298" count="9" type="stmt"/>
        <line num="299" count="0" type="stmt"/>
        <line num="300" count="0" type="stmt"/>
        <line num="303" count="9" type="stmt"/>
        <line num="304" count="0" type="stmt"/>
        <line num="305" count="0" type="stmt"/>
        <line num="308" count="9" type="stmt"/>
        <line num="390" count="45378" type="stmt"/>
        <line num="407" count="7416" type="stmt"/>
        <line num="422" count="540" type="stmt"/>
        <line num="439" count="7416" type="stmt"/>
        <line num="454" count="2241" type="stmt"/>
        <line num="479" count="0" type="stmt"/>
        <line num="492" count="0" type="stmt"/>
        <line num="563" count="45378" type="stmt"/>
        <line num="583" count="7416" type="stmt"/>
        <line num="598" count="540" type="stmt"/>
        <line num="615" count="7416" type="stmt"/>
        <line num="630" count="2241" type="stmt"/>
        <line num="658" count="63" type="stmt"/>
        <line num="674" count="54" type="stmt"/>
        <line num="692" count="135" type="stmt"/>
        <line num="726" count="0" type="stmt"/>
        <line num="746" count="96" type="stmt"/>
        <line num="764" count="27" type="stmt"/>
        <line num="796" count="54" type="stmt"/>
        <line num="823" count="0" type="stmt"/>
        <line num="833" count="0" type="stmt"/>
        <line num="843" count="0" type="stmt"/>
        <line num="913" count="45378" type="stmt"/>
        <line num="933" count="7416" type="stmt"/>
        <line num="948" count="540" type="stmt"/>
        <line num="965" count="7416" type="stmt"/>
        <line num="980" count="2241" type="stmt"/>
        <line num="1070" count="315" type="stmt"/>
        <line num="1107" count="0" type="stmt"/>
        <line num="1117" count="0" type="stmt"/>
        <line num="1141" count="315" type="stmt"/>
        <line num="1183" count="10" type="cond" truecount="1" falsecount="1"/>
      </file>
    </package>
    <package name="pages.createJob.addIndividualAccount.basicInfo.constant">
      <metrics statements="2" coveredstatements="2" conditionals="0" coveredconditionals="0" methods="0" coveredmethods="0"/>
      <file name="schemas.ts" path="C:\Users\NanonBuaphet\corporate-web-admin\src\pages\createJob\addIndividualAccount\basicInfo\constant\schemas.ts">
        <metrics statements="2" coveredstatements="2" conditionals="0" coveredconditionals="0" methods="0" coveredmethods="0"/>
        <line num="1" count="1" type="stmt"/>
        <line num="5" count="1" type="stmt"/>
      </file>
    </package>
    <package name="pages.createJob.addIndividualAccount.constant">
      <metrics statements="2" coveredstatements="2" conditionals="0" coveredconditionals="0" methods="0" coveredmethods="0"/>
      <file name="schemas.ts" path="C:\Users\NanonBuaphet\corporate-web-admin\src\pages\createJob\addIndividualAccount\constant\schemas.ts">
        <metrics statements="2" coveredstatements="2" conditionals="0" coveredconditionals="0" methods="0" coveredmethods="0"/>
        <line num="1" count="1" type="stmt"/>
        <line num="3" count="1" type="stmt"/>
      </file>
    </package>
    <package name="pages.createJob.addIndividualAccount.identityVerification">
      <metrics statements="94" coveredstatements="67" conditionals="25" coveredconditionals="15" methods="8" coveredmethods="8"/>
      <file name="identityVerification.tsx" path="C:\Users\NanonBuaphet\corporate-web-admin\src\pages\createJob\addIndividualAccount\identityVerification\identityVerification.tsx">
        <metrics statements="94" coveredstatements="67" conditionals="25" coveredconditionals="15" methods="8" coveredmethods="8"/>
        <line num="1" count="1" type="stmt"/>
        <line num="2" count="1" type="stmt"/>
        <line num="3" count="1" type="stmt"/>
        <line num="4" count="1" type="stmt"/>
        <line num="5" count="1" type="stmt"/>
        <line num="6" count="1" type="stmt"/>
        <line num="7" count="1" type="stmt"/>
        <line num="18" count="1" type="stmt"/>
        <line num="19" count="1" type="stmt"/>
        <line num="20" count="1" type="stmt"/>
        <line num="21" count="1" type="stmt"/>
        <line num="22" count="1" type="stmt"/>
        <line num="24" count="1" type="stmt"/>
        <line num="25" count="1" type="stmt"/>
        <line num="26" count="1" type="stmt"/>
        <line num="28" count="1" type="stmt"/>
        <line num="29" count="15" type="stmt"/>
        <line num="30" count="15" type="stmt"/>
        <line num="31" count="15" type="stmt"/>
        <line num="33" count="15" type="stmt"/>
        <line num="34" count="5" type="stmt"/>
        <line num="35" count="5" type="stmt"/>
        <line num="36" count="5" type="stmt"/>
        <line num="46" count="0" type="stmt"/>
        <line num="47" count="0" type="stmt"/>
        <line num="49" count="5" type="stmt"/>
        <line num="52" count="15" type="stmt"/>
        <line num="53" count="29" type="stmt"/>
        <line num="55" count="15" type="stmt"/>
        <line num="56" count="6" type="stmt"/>
        <line num="57" count="6" type="cond" truecount="2" falsecount="0"/>
        <line num="58" count="5" type="cond" truecount="1" falsecount="1"/>
        <line num="60" count="1" type="stmt"/>
        <line num="65" count="15" type="stmt"/>
        <line num="66" count="15" type="stmt"/>
        <line num="67" count="1" type="cond" truecount="0" falsecount="1"/>
        <line num="68" count="0" type="stmt"/>
        <line num="69" count="0" type="stmt"/>
        <line num="70" count="0" type="stmt"/>
        <line num="71" count="0" type="stmt"/>
        <line num="73" count="1" type="stmt"/>
        <line num="76" count="15" type="stmt"/>
        <line num="79" count="15" type="stmt"/>
        <line num="80" count="4" type="stmt"/>
        <line num="84" count="4" type="stmt"/>
        <line num="85" count="4" type="stmt"/>
        <line num="86" count="4" type="stmt"/>
        <line num="87" count="4" type="cond" truecount="4" falsecount="0"/>
        <line num="88" count="2" type="stmt"/>
        <line num="92" count="0" type="cond" truecount="0" falsecount="2"/>
        <line num="93" count="0" type="stmt"/>
        <line num="94" count="0" type="stmt"/>
        <line num="95" count="0" type="stmt"/>
        <line num="98" count="0" type="stmt"/>
        <line num="99" count="0" type="stmt"/>
        <line num="100" count="0" type="stmt"/>
        <line num="104" count="2" type="stmt"/>
        <line num="108" count="1" type="cond" truecount="1" falsecount="1"/>
        <line num="109" count="1" type="stmt"/>
        <line num="110" count="1" type="stmt"/>
        <line num="111" count="1" type="stmt"/>
        <line num="114" count="0" type="stmt"/>
        <line num="115" count="0" type="stmt"/>
        <line num="116" count="0" type="stmt"/>
        <line num="121" count="3" type="stmt"/>
        <line num="122" count="3" type="stmt"/>
        <line num="123" count="3" type="stmt"/>
        <line num="127" count="15" type="stmt"/>
        <line num="128" count="2" type="stmt"/>
        <line num="132" count="2" type="stmt"/>
        <line num="133" count="2" type="stmt"/>
        <line num="134" count="2" type="stmt"/>
        <line num="135" count="2" type="cond" truecount="3" falsecount="1"/>
        <line num="136" count="0" type="stmt"/>
        <line num="140" count="0" type="cond" truecount="0" falsecount="2"/>
        <line num="141" count="0" type="stmt"/>
        <line num="142" count="0" type="stmt"/>
        <line num="143" count="0" type="stmt"/>
        <line num="146" count="0" type="stmt"/>
        <line num="147" count="0" type="stmt"/>
        <line num="148" count="0" type="stmt"/>
        <line num="152" count="2" type="stmt"/>
        <line num="156" count="1" type="cond" truecount="1" falsecount="1"/>
        <line num="157" count="1" type="stmt"/>
        <line num="158" count="1" type="stmt"/>
        <line num="159" count="1" type="stmt"/>
        <line num="162" count="0" type="stmt"/>
        <line num="163" count="0" type="stmt"/>
        <line num="164" count="0" type="stmt"/>
        <line num="169" count="1" type="stmt"/>
        <line num="170" count="1" type="stmt"/>
        <line num="171" count="1" type="stmt"/>
        <line num="175" count="15" type="stmt"/>
        <line num="267" count="23" type="cond" truecount="1" falsecount="1"/>
      </file>
    </package>
    <package name="pages.createJob.addIndividualAccount.suitTestFatca">
      <metrics statements="350" coveredstatements="229" conditionals="155" coveredconditionals="58" methods="72" coveredmethods="48"/>
      <file name="knowLedgeTest.tsx" path="C:\Users\NanonBuaphet\corporate-web-admin\src\pages\createJob\addIndividualAccount\suitTestFatca\knowLedgeTest.tsx">
        <metrics statements="84" coveredstatements="46" conditionals="31" coveredconditionals="5" methods="20" coveredmethods="11"/>
        <line num="1" count="1" type="stmt"/>
        <line num="3" count="1" type="stmt"/>
        <line num="4" count="1" type="stmt"/>
        <line num="5" count="1" type="stmt"/>
        <line num="6" count="1" type="stmt"/>
        <line num="7" count="1" type="stmt"/>
        <line num="8" count="1" type="stmt"/>
        <line num="9" count="1" type="stmt"/>
        <line num="11" count="1" type="stmt"/>
        <line num="176" count="1" type="stmt"/>
        <line num="177" count="2" type="stmt"/>
        <line num="178" count="2" type="stmt"/>
        <line num="179" count="2" type="stmt"/>
        <line num="180" count="2" type="stmt"/>
        <line num="181" count="2" type="stmt"/>
        <line num="182" count="2" type="stmt"/>
        <line num="183" count="2" type="stmt"/>
        <line num="184" count="2" type="stmt"/>
        <line num="185" count="2" type="stmt"/>
        <line num="186" count="2" type="stmt"/>
        <line num="188" count="2" type="stmt"/>
        <line num="189" count="1" type="stmt"/>
        <line num="190" count="1" type="stmt"/>
        <line num="191" count="1" type="stmt"/>
        <line num="201" count="0" type="stmt"/>
        <line num="202" count="0" type="stmt"/>
        <line num="204" count="1" type="stmt"/>
        <line num="207" count="2" type="stmt"/>
        <line num="208" count="4" type="stmt"/>
        <line num="211" count="2" type="stmt"/>
        <line num="212" count="1" type="stmt"/>
        <line num="213" count="1" type="cond" truecount="1" falsecount="1"/>
        <line num="216" count="2" type="stmt"/>
        <line num="217" count="1" type="cond" truecount="0" falsecount="1"/>
        <line num="218" count="0" type="stmt"/>
        <line num="219" count="0" type="stmt"/>
        <line num="220" count="0" type="stmt"/>
        <line num="222" count="0" type="stmt"/>
        <line num="226" count="2" type="stmt"/>
        <line num="227" count="1" type="stmt"/>
        <line num="228" count="1" type="stmt"/>
        <line num="231" count="2" type="stmt"/>
        <line num="232" count="0" type="stmt"/>
        <line num="233" count="0" type="stmt"/>
        <line num="236" count="2" type="stmt"/>
        <line num="237" count="0" type="stmt"/>
        <line num="239" count="0" type="stmt"/>
        <line num="240" count="0" type="stmt"/>
        <line num="241" count="0" type="stmt"/>
        <line num="243" count="0" type="stmt"/>
        <line num="244" count="0" type="cond" truecount="0" falsecount="1"/>
        <line num="245" count="0" type="stmt"/>
        <line num="250" count="0" type="cond" truecount="0" falsecount="2"/>
        <line num="251" count="0" type="stmt"/>
        <line num="252" count="0" type="cond" truecount="0" falsecount="4"/>
        <line num="253" count="0" type="stmt"/>
        <line num="254" count="0" type="cond" truecount="0" falsecount="4"/>
        <line num="255" count="0" type="stmt"/>
        <line num="257" count="0" type="stmt"/>
        <line num="259" count="0" type="stmt"/>
        <line num="260" count="0" type="stmt"/>
        <line num="261" count="0" type="stmt"/>
        <line num="263" count="0" type="stmt"/>
        <line num="264" count="0" type="stmt"/>
        <line num="265" count="0" type="stmt"/>
        <line num="269" count="2" type="stmt"/>
        <line num="270" count="0" type="stmt"/>
        <line num="271" count="0" type="stmt"/>
        <line num="273" count="0" type="stmt"/>
        <line num="274" count="0" type="cond" truecount="0" falsecount="3"/>
        <line num="275" count="0" type="stmt"/>
        <line num="276" count="0" type="stmt"/>
        <line num="277" count="0" type="stmt"/>
        <line num="281" count="0" type="stmt"/>
        <line num="283" count="0" type="stmt"/>
        <line num="286" count="2" type="stmt"/>
        <line num="287" count="2" type="stmt"/>
        <line num="288" count="2" type="stmt"/>
        <line num="290" count="2" type="stmt"/>
        <line num="291" count="10" type="cond" truecount="1" falsecount="1"/>
        <line num="295" count="20" type="stmt"/>
        <line num="302" count="0" type="stmt"/>
        <line num="317" count="2" type="stmt"/>
        <line num="360" count="2" type="cond" truecount="1" falsecount="1"/>
      </file>
      <file name="subSuitTest.tsx" path="C:\Users\NanonBuaphet\corporate-web-admin\src\pages\createJob\addIndividualAccount\suitTestFatca\subSuitTest.tsx">
        <metrics statements="157" coveredstatements="115" conditionals="92" coveredconditionals="39" methods="33" coveredmethods="25"/>
        <line num="1" count="1" type="stmt"/>
        <line num="3" count="1" type="stmt"/>
        <line num="4" count="1" type="stmt"/>
        <line num="5" count="1" type="stmt"/>
        <line num="6" count="1" type="stmt"/>
        <line num="7" count="1" type="stmt"/>
        <line num="8" count="1" type="stmt"/>
        <line num="22" count="1" type="stmt"/>
        <line num="23" count="27" type="stmt"/>
        <line num="109" count="27" type="stmt"/>
        <line num="110" count="27" type="stmt"/>
        <line num="111" count="27" type="stmt"/>
        <line num="112" count="3" type="stmt"/>
        <line num="113" count="3" type="stmt"/>
        <line num="114" count="3" type="stmt"/>
        <line num="124" count="0" type="stmt"/>
        <line num="125" count="0" type="stmt"/>
        <line num="127" count="3" type="stmt"/>
        <line num="130" count="27" type="stmt"/>
        <line num="131" count="33" type="stmt"/>
        <line num="134" count="27" type="stmt"/>
        <line num="135" count="27" type="cond" truecount="2" falsecount="0"/>
        <line num="136" count="27" type="stmt"/>
        <line num="139" count="27" type="stmt"/>
        <line num="140" count="243" type="cond" truecount="1" falsecount="1"/>
        <line num="141" count="243" type="stmt"/>
        <line num="142" count="243" type="stmt"/>
        <line num="143" count="243" type="stmt"/>
        <line num="145" count="243" type="cond" truecount="2" falsecount="2"/>
        <line num="147" count="0" type="stmt"/>
        <line num="148" count="0" type="stmt"/>
        <line num="149" count="0" type="cond" truecount="0" falsecount="2"/>
        <line num="150" count="0" type="stmt"/>
        <line num="151" count="0" type="stmt"/>
        <line num="152" count="243" type="cond" truecount="0" falsecount="1"/>
        <line num="153" count="0" type="stmt"/>
        <line num="154" count="0" type="cond" truecount="0" falsecount="1"/>
        <line num="155" count="0" type="stmt"/>
        <line num="156" count="0" type="stmt"/>
        <line num="160" count="243" type="stmt"/>
        <line num="166" count="0" type="stmt"/>
        <line num="173" count="27" type="stmt"/>
        <line num="176" count="27" type="stmt"/>
        <line num="177" count="3" type="stmt"/>
        <line num="178" count="3" type="cond" truecount="1" falsecount="1"/>
        <line num="179" count="3" type="cond" truecount="1" falsecount="1"/>
        <line num="181" count="0" type="stmt"/>
        <line num="185" count="27" type="stmt"/>
        <line num="186" count="4" type="cond" truecount="1" falsecount="0"/>
        <line num="187" count="1" type="stmt"/>
        <line num="188" count="1" type="cond" truecount="1" falsecount="1"/>
        <line num="189" count="1" type="stmt"/>
        <line num="191" count="1" type="stmt"/>
        <line num="192" count="9" type="cond" truecount="1" falsecount="1"/>
        <line num="193" count="9" type="stmt"/>
        <line num="194" count="9" type="stmt"/>
        <line num="195" count="9" type="stmt"/>
        <line num="197" count="9" type="cond" truecount="2" falsecount="2"/>
        <line num="198" count="0" type="stmt"/>
        <line num="199" count="0" type="stmt"/>
        <line num="200" count="0" type="cond" truecount="0" falsecount="2"/>
        <line num="201" count="0" type="stmt"/>
        <line num="202" count="0" type="stmt"/>
        <line num="203" count="9" type="cond" truecount="0" falsecount="1"/>
        <line num="204" count="0" type="stmt"/>
        <line num="205" count="0" type="cond" truecount="0" falsecount="1"/>
        <line num="206" count="0" type="stmt"/>
        <line num="207" count="0" type="stmt"/>
        <line num="211" count="9" type="stmt"/>
        <line num="217" count="0" type="stmt"/>
        <line num="225" count="1" type="stmt"/>
        <line num="226" count="1" type="stmt"/>
        <line num="237" count="27" type="stmt"/>
        <line num="238" count="27" type="stmt"/>
        <line num="239" count="27" type="stmt"/>
        <line num="241" count="27" type="stmt"/>
        <line num="246" count="16" type="stmt"/>
        <line num="247" count="16" type="stmt"/>
        <line num="248" count="144" type="cond" truecount="2" falsecount="0"/>
        <line num="250" count="16" type="stmt"/>
        <line num="253" count="27" type="stmt"/>
        <line num="254" count="2" type="stmt"/>
        <line num="255" count="2" type="stmt"/>
        <line num="256" count="2" type="cond" truecount="1" falsecount="1"/>
        <line num="257" count="2" type="stmt"/>
        <line num="259" count="2" type="stmt"/>
        <line num="260" count="2" type="cond" truecount="1" falsecount="1"/>
        <line num="262" count="2" type="stmt"/>
        <line num="263" count="2" type="stmt"/>
        <line num="264" count="2" type="cond" truecount="1" falsecount="1"/>
        <line num="267" count="2" type="stmt"/>
        <line num="269" count="2" type="stmt"/>
        <line num="270" count="18" type="cond" truecount="2" falsecount="0"/>
        <line num="281" count="2" type="stmt"/>
        <line num="284" count="27" type="stmt"/>
        <line num="285" count="3" type="stmt"/>
        <line num="286" count="3" type="cond" truecount="1" falsecount="1"/>
        <line num="287" count="3" type="cond" truecount="2" falsecount="2"/>
        <line num="288" count="3" type="cond" truecount="2" falsecount="2"/>
        <line num="289" count="3" type="cond" truecount="2" falsecount="2"/>
        <line num="290" count="3" type="stmt"/>
        <line num="292" count="3" type="stmt"/>
        <line num="294" count="27" type="stmt"/>
        <line num="295" count="2" type="cond" truecount="1" falsecount="1"/>
        <line num="296" count="2" type="stmt"/>
        <line num="297" count="0" type="cond" truecount="0" falsecount="2"/>
        <line num="298" count="0" type="stmt"/>
        <line num="299" count="0" type="cond" truecount="0" falsecount="2"/>
        <line num="300" count="0" type="stmt"/>
        <line num="301" count="0" type="cond" truecount="0" falsecount="2"/>
        <line num="302" count="0" type="stmt"/>
        <line num="304" count="0" type="stmt"/>
        <line num="308" count="27" type="stmt"/>
        <line num="309" count="16" type="stmt"/>
        <line num="310" count="16" type="stmt"/>
        <line num="311" count="16" type="stmt"/>
        <line num="313" count="16" type="stmt"/>
        <line num="316" count="27" type="stmt"/>
        <line num="317" count="3" type="stmt"/>
        <line num="318" count="3" type="stmt"/>
        <line num="319" count="3" type="stmt"/>
        <line num="320" count="19" type="cond" truecount="1" falsecount="0"/>
        <line num="321" count="2" type="stmt"/>
        <line num="323" count="17" type="stmt"/>
        <line num="324" count="17" type="stmt"/>
        <line num="326" count="3" type="stmt"/>
        <line num="327" count="3" type="stmt"/>
        <line num="329" count="3" type="cond" truecount="1" falsecount="1"/>
        <line num="330" count="3" type="stmt"/>
        <line num="331" count="3" type="stmt"/>
        <line num="332" count="0" type="cond" truecount="0" falsecount="4"/>
        <line num="333" count="0" type="stmt"/>
        <line num="334" count="0" type="stmt"/>
        <line num="335" count="0" type="cond" truecount="0" falsecount="4"/>
        <line num="336" count="0" type="stmt"/>
        <line num="337" count="0" type="stmt"/>
        <line num="338" count="0" type="cond" truecount="0" falsecount="4"/>
        <line num="339" count="0" type="stmt"/>
        <line num="340" count="0" type="stmt"/>
        <line num="341" count="0" type="cond" truecount="0" falsecount="1"/>
        <line num="342" count="0" type="stmt"/>
        <line num="343" count="0" type="stmt"/>
        <line num="345" count="3" type="stmt"/>
        <line num="346" count="3" type="stmt"/>
        <line num="347" count="3" type="stmt"/>
        <line num="353" count="3" type="cond" truecount="1" falsecount="0"/>
        <line num="354" count="18" type="stmt"/>
        <line num="360" count="2" type="stmt"/>
        <line num="367" count="2" type="stmt"/>
        <line num="368" count="2" type="stmt"/>
        <line num="372" count="27" type="stmt"/>
        <line num="376" count="243" type="cond" truecount="2" falsecount="0"/>
        <line num="384" count="108" type="stmt"/>
        <line num="397" count="2" type="stmt"/>
        <line num="425" count="864" type="stmt"/>
[...]
        <line num="772" count="1" type="stmt"/>
        <line num="773" count="1" type="stmt"/>
        <line num="779" count="1" type="cond" truecount="1" falsecount="1"/>
        <line num="780" count="1" type="stmt"/>
        <line num="781" count="1" type="stmt"/>
        <line num="783" count="0" type="stmt"/>
        <line num="786" count="0" type="stmt"/>
        <line num="790" count="14" type="stmt"/>
        <line num="793" count="12" type="cond" truecount="1" falsecount="1"/>
        <line num="799" count="12" type="cond" truecount="1" falsecount="1"/>
        <line num="805" count="12" type="cond" truecount="1" falsecount="1"/>
        <line num="812" count="12" type="cond" truecount="1" falsecount="1"/>
        <line num="813" count="0" type="stmt"/>
        <line num="814" count="12" type="cond" truecount="1" falsecount="1"/>
        <line num="815" count="12" type="stmt"/>
        <line num="816" count="0" type="cond" truecount="0" falsecount="1"/>
        <line num="817" count="0" type="stmt"/>
        <line num="819" count="0" type="stmt"/>
        <line num="826" count="12" type="cond" truecount="1" falsecount="1"/>
        <line num="843" count="1" type="stmt"/>
        <line num="862" count="1" type="stmt"/>
        <line num="873" count="14" type="stmt"/>
        <line num="874" count="3" type="stmt"/>
        <line num="875" count="3" type="stmt"/>
        <line num="876" count="3" type="stmt"/>
        <line num="877" count="3" type="stmt"/>
        <line num="881" count="14" type="stmt"/>
        <line num="971" count="12" type="stmt"/>
        <line num="989" count="28" type="cond" truecount="1" falsecount="1"/>
      </file>
    </package>
    <package name="pages.todoList.fxExchange">
      <metrics statements="89" coveredstatements="77" conditionals="51" coveredconditionals="25" methods="30" coveredmethods="30"/>
      <file name="fxExchangeTransaction.tsx" path="C:\Users\NanonBuaphet\corporate-web-admin\src\pages\todoList\fxExchange\fxExchangeTransaction.tsx">
        <metrics statements="89" coveredstatements="77" conditionals="51" coveredconditionals="25" methods="30" coveredmethods="30"/>
        <line num="1" count="1" type="stmt"/>
        <line num="2" count="1" type="stmt"/>
        <line num="3" count="1" type="stmt"/>
        <line num="4" count="1" type="stmt"/>
        <line num="5" count="1" type="stmt"/>
        <line num="6" count="1" type="stmt"/>
        <line num="7" count="1" type="stmt"/>
        <line num="8" count="1" type="stmt"/>
        <line num="21" count="1" type="stmt"/>
        <line num="22" count="10" type="stmt"/>
        <line num="26" count="10" type="stmt"/>
        <line num="30" count="10" type="stmt"/>
        <line num="35" count="2" type="stmt"/>
        <line num="36" count="2" type="stmt"/>
        <line num="39" count="2" type="cond" truecount="2" falsecount="0"/>
        <line num="40" count="1" type="cond" truecount="1" falsecount="1"/>
        <line num="45" count="1" type="cond" truecount="1" falsecount="0"/>
        <line num="46" count="1" type="cond" truecount="1" falsecount="1"/>
        <line num="53" count="2" type="stmt"/>
        <line num="62" count="10" type="stmt"/>
        <line num="63" count="2" type="stmt"/>
        <line num="64" count="12" type="stmt"/>
        <line num="73" count="12" type="stmt"/>
        <line num="75" count="2" type="stmt"/>
        <line num="76" count="2" type="stmt"/>
        <line num="77" count="2" type="stmt"/>
        <line num="78" count="2" type="stmt"/>
        <line num="88" count="2" type="cond" truecount="1" falsecount="1"/>
        <line num="89" count="2" type="stmt"/>
        <line num="91" count="2" type="stmt"/>
        <line num="93" count="12" type="stmt"/>
        <line num="96" count="2" type="stmt"/>
        <line num="98" count="2" type="stmt"/>
        <line num="99" count="2" type="stmt"/>
        <line num="100" count="2" type="stmt"/>
        <line num="101" count="2" type="stmt"/>
        <line num="103" count="2" type="stmt"/>
        <line num="106" count="0" type="stmt"/>
        <line num="109" count="0" type="stmt"/>
        <line num="113" count="10" type="stmt"/>
        <line num="114" count="3" type="stmt"/>
        <line num="115" count="3" type="stmt"/>
        <line num="116" count="3" type="stmt"/>
        <line num="124" count="3" type="cond" truecount="1" falsecount="1"/>
        <line num="125" count="3" type="stmt"/>
        <line num="126" count="3" type="cond" truecount="1" falsecount="1"/>
        <line num="127" count="3" type="stmt"/>
        <line num="128" count="3" type="stmt"/>
        <line num="130" count="18" type="cond" truecount="1" falsecount="1"/>
        <line num="131" count="0" type="stmt"/>
        <line num="133" count="18" type="stmt"/>
        <line num="134" count="18" type="stmt"/>
        <line num="139" count="18" type="stmt"/>
        <line num="150" count="3" type="stmt"/>
        <line num="153" count="0" type="stmt"/>
        <line num="156" count="0" type="stmt"/>
        <line num="160" count="10" type="stmt"/>
        <line num="161" count="3" type="stmt"/>
        <line num="164" count="10" type="stmt"/>
        <line num="166" count="68" type="cond" truecount="1" falsecount="1"/>
        <line num="167" count="0" type="stmt"/>
        <line num="168" count="68" type="cond" truecount="1" falsecount="1"/>
        <line num="169" count="68" type="stmt"/>
        <line num="170" count="0" type="cond" truecount="0" falsecount="2"/>
        <line num="171" count="0" type="stmt"/>
        <line num="172" count="0" type="cond" truecount="0" falsecount="2"/>
        <line num="173" count="0" type="stmt"/>
        <line num="175" count="0" type="stmt"/>
        <line num="179" count="10" type="stmt"/>
        <line num="180" count="136" type="cond" truecount="1" falsecount="1"/>
        <line num="181" count="0" type="stmt"/>
        <line num="183" count="136" type="stmt"/>
        <line num="187" count="10" type="stmt"/>
        <line num="190" count="68" type="cond" truecount="1" falsecount="1"/>
        <line num="194" count="68" type="cond" truecount="1" falsecount="1"/>
        <line num="198" count="68" type="cond" truecount="1" falsecount="1"/>
        <line num="202" count="68" type="cond" truecount="1" falsecount="1"/>
        <line num="206" count="68" type="cond" truecount="1" falsecount="1"/>
        <line num="210" count="68" type="cond" truecount="1" falsecount="1"/>
        <line num="214" count="68" type="cond" truecount="1" falsecount="1"/>
        <line num="218" count="68" type="cond" truecount="1" falsecount="1"/>
        <line num="223" count="68" type="stmt"/>
        <line num="228" count="1" type="stmt"/>
        <line num="239" count="68" type="stmt"/>
        <line num="244" count="1" type="stmt"/>
        <line num="254" count="10" type="stmt"/>
        <line num="266" count="2" type="stmt"/>
        <line num="277" count="1" type="stmt"/>
        <line num="284" count="7" type="cond" truecount="1" falsecount="1"/>
      </file>
    </package>
    <package name="pages.todoList.orderTrade">
      <metrics statements="96" coveredstatements="83" conditionals="70" coveredconditionals="34" methods="32" coveredmethods="32"/>
      <file name="transactionList.tsx" path="C:\Users\NanonBuaphet\corporate-web-admin\src\pages\todoList\orderTrade\transactionList.tsx">
        <metrics statements="96" coveredstatements="83" conditionals="70" coveredconditionals="34" methods="32" coveredmethods="32"/>
        <line num="1" count="1" type="stmt"/>
        <line num="2" count="1" type="stmt"/>
        <line num="3" count="1" type="stmt"/>
        <line num="4" count="1" type="stmt"/>
        <line num="5" count="1" type="stmt"/>
        <line num="7" count="1" type="stmt"/>
        <line num="8" count="1" type="stmt"/>
        <line num="9" count="1" type="stmt"/>
        <line num="10" count="1" type="stmt"/>
        <line num="11" count="1" type="stmt"/>
        <line num="12" count="1" type="stmt"/>
        <line num="14" count="1" type="stmt"/>
        <line num="15" count="10" type="cond" truecount="0" falsecount="1"/>
        <line num="16" count="0" type="stmt"/>
        <line num="18" count="15" type="stmt"/>
        <line num="19" count="10" type="stmt"/>
        <line num="20" count="10" type="stmt"/>
        <line num="24" count="10" type="stmt"/>
        <line num="28" count="10" type="stmt"/>
        <line num="33" count="2" type="stmt"/>
        <line num="34" count="2" type="stmt"/>
        <line num="37" count="2" type="cond" truecount="2" falsecount="0"/>
        <line num="38" count="1" type="cond" truecount="1" falsecount="1"/>
        <line num="43" count="1" type="cond" truecount="1" falsecount="0"/>
        <line num="44" count="1" type="cond" truecount="1" falsecount="1"/>
        <line num="51" count="2" type="stmt"/>
        <line num="60" count="10" type="stmt"/>
        <line num="61" count="2" type="stmt"/>
        <line num="62" count="8" type="stmt"/>
        <line num="71" count="8" type="stmt"/>
        <line num="73" count="2" type="stmt"/>
        <line num="74" count="2" type="stmt"/>
        <line num="75" count="2" type="stmt"/>
        <line num="76" count="2" type="stmt"/>
        <line num="86" count="2" type="cond" truecount="1" falsecount="1"/>
        <line num="87" count="2" type="stmt"/>
        <line num="89" count="2" type="stmt"/>
        <line num="91" count="8" type="stmt"/>
        <line num="93" count="2" type="stmt"/>
        <line num="95" count="2" type="stmt"/>
        <line num="96" count="2" type="stmt"/>
        <line num="97" count="2" type="stmt"/>
        <line num="98" count="2" type="stmt"/>
        <line num="100" count="2" type="stmt"/>
        <line num="103" count="0" type="stmt"/>
        <line num="106" count="0" type="stmt"/>
        <line num="110" count="10" type="stmt"/>
        <line num="111" count="3" type="stmt"/>
        <line num="112" count="3" type="stmt"/>
        <line num="113" count="3" type="stmt"/>
        <line num="118" count="3" type="cond" truecount="1" falsecount="1"/>
        <line num="120" count="3" type="cond" truecount="1" falsecount="1"/>
        <line num="121" count="3" type="stmt"/>
        <line num="122" count="3" type="stmt"/>
        <line num="124" count="12" type="cond" truecount="1" falsecount="1"/>
        <line num="125" count="0" type="stmt"/>
        <line num="127" count="12" type="stmt"/>
        <line num="128" count="12" type="stmt"/>
        <line num="133" count="12" type="stmt"/>
        <line num="145" count="3" type="stmt"/>
        <line num="148" count="0" type="stmt"/>
        <line num="151" count="0" type="stmt"/>
        <line num="155" count="10" type="stmt"/>
        <line num="156" count="3" type="stmt"/>
        <line num="159" count="10" type="stmt"/>
        <line num="161" count="40" type="cond" truecount="1" falsecount="1"/>
        <line num="162" count="0" type="stmt"/>
        <line num="163" count="40" type="cond" truecount="1" falsecount="1"/>
        <line num="164" count="40" type="stmt"/>
        <line num="165" count="0" type="cond" truecount="0" falsecount="2"/>
        <line num="166" count="0" type="stmt"/>
        <line num="167" count="0" type="cond" truecount="0" falsecount="2"/>
        <line num="168" count="0" type="stmt"/>
        <line num="170" count="0" type="stmt"/>
        <line num="174" count="10" type="stmt"/>
        <line num="175" count="80" type="cond" truecount="1" falsecount="1"/>
        <line num="176" count="0" type="stmt"/>
        <line num="178" count="80" type="stmt"/>
        <line num="182" count="10" type="stmt"/>
        <line num="185" count="40" type="cond" truecount="1" falsecount="1"/>
        <line num="189" count="40" type="cond" truecount="1" falsecount="1"/>
        <line num="193" count="40" type="cond" truecount="1" falsecount="1"/>
        <line num="197" count="40" type="cond" truecount="1" falsecount="1"/>
        <line num="201" count="40" type="cond" truecount="1" falsecount="1"/>
        <line num="205" count="40" type="cond" truecount="1" falsecount="1"/>
        <line num="209" count="40" type="cond" truecount="1" falsecount="1"/>
        <line num="213" count="40" type="cond" truecount="1" falsecount="1"/>
        <line num="217" count="40" type="cond" truecount="1" falsecount="1"/>
        <line num="222" count="40" type="stmt"/>
        <line num="227" count="1" type="stmt"/>
        <line num="238" count="40" type="stmt"/>
        <line num="243" count="1" type="stmt"/>
        <line num="253" count="10" type="stmt"/>
        <line num="265" count="2" type="stmt"/>
        <line num="276" count="1" type="stmt"/>
        <line num="283" count="14" type="cond" truecount="1" falsecount="1"/>
      </file>
    </package>
    <package name="pages.todoList.toDoIcoAccount">
      <metrics statements="97" coveredstatements="83" conditionals="25" coveredconditionals="12" methods="26" coveredmethods="24"/>
      <file name="ToDoAddedIcoSearch.tsx" path="C:\Users\NanonBuaphet\corporate-web-admin\src\pages\todoList\toDoIcoAccount\ToDoAddedIcoSearch.tsx">
        <metrics statements="97" coveredstatements="83" conditionals="25" coveredconditionals="12" methods="26" coveredmethods="24"/>
        <line num="1" count="1" type="stmt"/>
        <line num="2" count="1" type="stmt"/>
        <line num="4" count="1" type="stmt"/>
        <line num="5" count="1" type="stmt"/>
        <line num="6" count="1" type="stmt"/>
        <line num="7" count="1" type="stmt"/>
        <line num="8" count="1" type="stmt"/>
        <line num="19" count="1" type="stmt"/>
        <line num="31" count="1" type="stmt"/>
        <line num="1357" count="1" type="stmt"/>
        <line num="1358" count="5" type="stmt"/>
        <line num="1367" count="1" type="stmt"/>
        <line num="1369" count="15" type="stmt"/>
        <line num="1370" count="14" type="stmt"/>
        <line num="1371" count="14" type="stmt"/>
        <line num="1372" count="14" type="stmt"/>
        <line num="1373" count="14" type="stmt"/>
        <line num="1375" count="14" type="stmt"/>
        <line num="1376" count="12" type="stmt"/>
        <line num="1377" count="1" type="stmt"/>
        <line num="1378" count="1" type="stmt"/>
        <line num="1379" count="1" type="stmt"/>
        <line num="1380" count="1" type="stmt"/>
        <line num="1381" count="1" type="stmt"/>
        <line num="1382" count="1" type="stmt"/>
        <line num="1386" count="12" type="stmt"/>
        <line num="1387" count="1" type="stmt"/>
        <line num="1388" count="1" type="stmt"/>
        <line num="1389" count="1" type="stmt"/>
        <line num="1390" count="1" type="stmt"/>
        <line num="1391" count="1" type="stmt"/>
        <line num="1392" count="1" type="stmt"/>
        <line num="1396" count="12" type="stmt"/>
        <line num="1409" count="14" type="stmt"/>
        <line num="1410" count="10" type="stmt"/>
        <line num="1411" count="10" type="stmt"/>
        <line num="1416" count="10" type="cond" truecount="1" falsecount="1"/>
        <line num="1417" count="10" type="stmt"/>
        <line num="1418" count="10" type="stmt"/>
        <line num="1420" count="0" type="stmt"/>
        <line num="1423" count="0" type="stmt"/>
        <line num="1427" count="14" type="stmt"/>
        <line num="1428" count="7" type="stmt"/>
        <line num="1429" count="7" type="stmt"/>
        <line num="1430" count="7" type="stmt"/>
        <line num="1431" count="7" type="stmt"/>
        <line num="1436" count="7" type="cond" truecount="1" falsecount="1"/>
        <line num="1437" count="7" type="stmt"/>
        <line num="1438" count="7" type="stmt"/>
        <line num="1444" count="0" type="stmt"/>
        <line num="1447" count="0" type="stmt"/>
        <line num="1451" count="14" type="stmt"/>
        <line num="1452" count="1" type="stmt"/>
        <line num="1457" count="1" type="stmt"/>
        <line num="1458" count="1" type="stmt"/>
        <line num="1459" count="1" type="stmt"/>
        <line num="1465" count="1" type="cond" truecount="1" falsecount="1"/>
        <line num="1466" count="1" type="stmt"/>
        <line num="1467" count="1" type="stmt"/>
        <line num="1470" count="0" type="stmt"/>
        <line num="1473" count="0" type="stmt"/>
        <line num="1477" count="14" type="stmt"/>
        <line num="1478" count="1" type="stmt"/>
        <line num="1482" count="1" type="stmt"/>
        <line num="1483" count="1" type="stmt"/>
        <line num="1484" count="1" type="stmt"/>
        <line num="1490" count="1" type="cond" truecount="1" falsecount="1"/>
        <line num="1491" count="1" type="stmt"/>
        <line num="1492" count="1" type="stmt"/>
        <line num="1494" count="0" type="stmt"/>
        <line num="1497" count="0" type="stmt"/>
        <line num="1501" count="14" type="stmt"/>
        <line num="1504" count="12" type="cond" truecount="1" falsecount="1"/>
        <line num="1510" count="12" type="cond" truecount="1" falsecount="1"/>
        <line num="1516" count="12" type="cond" truecount="1" falsecount="1"/>
        <line num="1522" count="12" type="cond" truecount="1" falsecount="1"/>
        <line num="1527" count="12" type="cond" truecount="1" falsecount="1"/>
        <line num="1528" count="0" type="stmt"/>
        <line num="1529" count="12" type="cond" truecount="1" falsecount="1"/>
        <line num="1530" count="12" type="stmt"/>
        <line num="1531" count="0" type="cond" truecount="0" falsecount="1"/>
        <line num="1532" count="0" type="stmt"/>
        <line num="1534" count="0" type="stmt"/>
        <line num="1541" count="12" type="cond" truecount="1" falsecount="1"/>
        <line num="1551" count="0" type="stmt"/>
        <line num="1555" count="0" type="stmt"/>
        <line num="1556" count="1" type="stmt"/>
        <line num="1576" count="1" type="stmt"/>
        <line num="1587" count="14" type="stmt"/>
        <line num="1588" count="3" type="stmt"/>
        <line num="1589" count="3" type="stmt"/>
        <line num="1590" count="3" type="stmt"/>
        <line num="1591" count="3" type="stmt"/>
        <line num="1595" count="14" type="stmt"/>
        <line num="1620" count="12" type="stmt"/>
        <line num="1633" count="1" type="stmt"/>
        <line num="1640" count="28" type="cond" truecount="1" falsecount="1"/>
      </file>
    </package>
    <package name="pages.unAuthorizePage">
      <metrics statements="20" coveredstatements="19" conditionals="5" coveredconditionals="4" methods="5" coveredmethods="5"/>
      <file name="unAuthorize.tsx" path="C:\Users\NanonBuaphet\corporate-web-admin\src\pages\unAuthorizePage\unAuthorize.tsx">
        <metrics statements="20" coveredstatements="19" conditionals="5" coveredconditionals="4" methods="5" coveredmethods="5"/>
        <line num="2" count="8" type="stmt"/>
        <line num="3" count="8" type="stmt"/>
        <line num="4" count="8" type="stmt"/>
        <line num="5" count="8" type="stmt"/>
        <line num="7" count="8" type="stmt"/>
        <line num="8" count="4" type="stmt"/>
        <line num="9" count="2" type="stmt"/>
        <line num="41" count="2" type="stmt"/>
        <line num="42" count="2" type="cond" truecount="2" falsecount="1"/>
        <line num="44" count="2" type="stmt"/>
        <line num="45" count="2" type="stmt"/>
        <line num="46" count="2" type="stmt"/>
        <line num="48" count="2" type="cond" truecount="1" falsecount="0"/>
        <line num="49" count="2" type="stmt"/>
        <line num="53" count="0" type="stmt"/>
        <line num="56" count="2" type="stmt"/>
        <line num="57" count="2" type="stmt"/>
        <line num="58" count="2" type="cond" truecount="1" falsecount="0"/>
        <line num="59" count="2" type="stmt"/>
        <line num="63" count="2" type="stmt"/>
      </file>
    </package>
  </project>
</coverage>
