{"C:\\Users\\NanonBuaphet\\corporate-web-admin\\src\\__Test__\\styleMock.js": {"path":"C:\\Users\\NanonBuaphet\\corporate-web-admin\\src\\__Test__\\styleMock.js","statementMap":{"0":{"start":{"line":1,"column":0},"end":{"line":1,"column":20}}},"fnMap":{},"branchMap":{},"s":{"0":1},"f":{},"b":{},"inputSourceMap":null,"_coverageSchema":"1a1c01bbd47fc00a2c39e90264f33305004495a9","hash":"55c2473eca973943c07b7bdc509d4c1a31d7f124"}
,"C:\\Users\\NanonBuaphet\\corporate-web-admin\\src\\__Test__\\utils.ts": {"path":"C:\\Users\\NanonBuaphet\\corporate-web-admin\\src\\__Test__\\utils.ts","statementMap":{"0":{"start":{"line":1,"column":13},"end":{"line":19,"column":2}}},"fnMap":{},"branchMap":{},"s":{"0":1},"f":{},"b":{}}
,"C:\\Users\\NanonBuaphet\\corporate-web-admin\\src\\api\\axios.tsx": {"path":"C:\\Users\\NanonBuaphet\\corporate-web-admin\\src\\api\\axios.tsx","statementMap":{"0":{"start":{"line":1,"column":0},"end":{"line":1,"column":26}},"1":{"start":{"line":6,"column":17},"end":{"line":6,"column":40}},"2":{"start":{"line":11,"column":0},"end":{"line":15,"column":3}},"3":{"start":{"line":17,"column":13},"end":{"line":21,"column":3}}},"fnMap":{},"branchMap":{},"s":{"0":3,"1":3,"2":3,"3":3},"f":{},"b":{}}
,"C:\\Users\\NanonBuaphet\\corporate-web-admin\\src\\app\\store.ts": {"path":"C:\\Users\\NanonBuaphet\\corporate-web-admin\\src\\app\\store.ts","statementMap":{"0":{"start":{"line":1,"column":0},"end":{"line":1,"column":50}},"1":{"start":{"line":2,"column":0},"end":{"line":2,"column":59}},"2":{"start":{"line":3,"column":0},"end":{"line":3,"column":66}},"3":{"start":{"line":4,"column":0},"end":{"line":4,"column":88}},"4":{"start":{"line":5,"column":0},"end":{"line":5,"column":104}},"5":{"start":{"line":6,"column":0},"end":{"line":6,"column":102}},"6":{"start":{"line":7,"column":0},"end":{"line":7,"column":88}},"7":{"start":{"line":8,"column":0},"end":{"line":8,"column":57}},"8":{"start":{"line":9,"column":0},"end":{"line":9,"column":82}},"9":{"start":{"line":10,"column":0},"end":{"line":10,"column":52}},"10":{"start":{"line":11,"column":0},"end":{"line":11,"column":70}},"11":{"start":{"line":12,"column":0},"end":{"line":12,"column":61}},"12":{"start":{"line":13,"column":0},"end":{"line":13,"column":68}},"13":{"start":{"line":14,"column":0},"end":{"line":14,"column":79}},"14":{"start":{"line":15,"column":0},"end":{"line":15,"column":70}},"15":{"start":{"line":16,"column":0},"end":{"line":16,"column":52}},"16":{"start":{"line":17,"column":0},"end":{"line":17,"column":59}},"17":{"start":{"line":18,"column":0},"end":{"line":18,"column":92}},"18":{"start":{"line":19,"column":0},"end":{"line":19,"column":69}},"19":{"start":{"line":20,"column":0},"end":{"line":20,"column":79}},"20":{"start":{"line":21,"column":0},"end":{"line":21,"column":105}},"21":{"start":{"line":22,"column":0},"end":{"line":22,"column":68}},"22":{"start":{"line":24,"column":13},"end":{"line":48,"column":3}}},"fnMap":{},"branchMap":{},"s":{"0":1,"1":1,"2":1,"3":1,"4":1,"5":1,"6":1,"7":1,"8":1,"9":1,"10":1,"11":1,"12":1,"13":1,"14":1,"15":1,"16":1,"17":1,"18":1,"19":1,"20":1,"21":1,"22":1},"f":{},"b":{}}
,"C:\\Users\\NanonBuaphet\\corporate-web-admin\\src\\components\\Checkbox.tsx": {"path":"C:\\Users\\NanonBuaphet\\corporate-web-admin\\src\\components\\Checkbox.tsx","statementMap":{"0":{"start":{"line":12,"column":0},"end":{"line":12,"column":16}},"1":{"start":{"line":1,"column":0},"end":{"line":1,"column":33}},"2":{"start":{"line":19,"column":2},"end":{"line":26,"column":4}}},"fnMap":{"0":{"name":"CheckBox","decl":{"start":{"line":12,"column":16},"end":{"line":12,"column":24}},"loc":{"start":{"line":18,"column":16},"end":{"line":27,"column":1}}}},"branchMap":{"0":{"loc":{"start":{"line":16,"column":2},"end":{"line":16,"column":19}},"type":"default-arg","locations":[{"start":{"line":16,"column":9},"end":{"line":16,"column":19}}]}},"s":{"0":1,"1":1,"2":596},"f":{"0":596},"b":{"0":[560]}}
,"C:\\Users\\NanonBuaphet\\corporate-web-admin\\src\\components\\Dropbox.tsx": {"path":"C:\\Users\\NanonBuaphet\\corporate-web-admin\\src\\components\\Dropbox.tsx","statementMap":{"0":{"start":{"line":1,"column":0},"end":{"line":1,"column":41}},"1":{"start":{"line":2,"column":0},"end":{"line":2,"column":52}},"2":{"start":{"line":3,"column":0},"end":{"line":3,"column":33}},"3":{"start":{"line":8,"column":40},"end":{"line":63,"column":1}},"4":{"start":{"line":9,"column":38},"end":{"line":9,"column":62}},"5":{"start":{"line":10,"column":48},"end":{"line":10,"column":93}},"6":{"start":{"line":11,"column":28},"end":{"line":14,"column":3}},"7":{"start":{"line":12,"column":4},"end":{"line":12,"column":31}},"8":{"start":{"line":16,"column":2},"end":{"line":18,"column":null}},"9":{"start":{"line":17,"column":4},"end":{"line":17,"column":52}},"10":{"start":{"line":20,"column":23},"end":{"line":24,"column":3}},"11":{"start":{"line":21,"column":4},"end":{"line":21,"column":31}},"12":{"start":{"line":22,"column":4},"end":{"line":22,"column":25}},"13":{"start":{"line":23,"column":4},"end":{"line":23,"column":29}},"14":{"start":{"line":25,"column":2},"end":{"line":62,"column":4}},"15":{"start":{"line":49,"column":29},"end":{"line":49,"column":47}},"16":{"start":{"line":54,"column":29},"end":{"line":54,"column":53}},"17":{"start":{"line":65,"column":0},"end":{"line":65,"column":23}}},"fnMap":{"0":{"name":"(anonymous_0)","decl":{"start":{"line":8,"column":40},"end":{"line":8,"column":41}},"loc":{"start":{"line":8,"column":85},"end":{"line":63,"column":1}}},"1":{"name":"(anonymous_1)","decl":{"start":{"line":11,"column":28},"end":{"line":11,"column":31}},"loc":{"start":{"line":11,"column":33},"end":{"line":14,"column":3}}},"2":{"name":"(anonymous_2)","decl":{"start":{"line":16,"column":12},"end":{"line":16,"column":14}},"loc":{"start":{"line":16,"column":16},"end":{"line":18,"column":3}}},"3":{"name":"(anonymous_3)","decl":{"start":{"line":20,"column":23},"end":{"line":20,"column":24}},"loc":{"start":{"line":20,"column":42},"end":{"line":24,"column":3}}},"4":{"name":"(anonymous_4)","decl":{"start":{"line":49,"column":23},"end":{"line":49,"column":26}},"loc":{"start":{"line":49,"column":29},"end":{"line":49,"column":47}}},"5":{"name":"(anonymous_5)","decl":{"start":{"line":54,"column":23},"end":{"line":54,"column":26}},"loc":{"start":{"line":54,"column":29},"end":{"line":54,"column":53}}}},"branchMap":{"0":{"loc":{"start":{"line":10,"column":65},"end":{"line":10,"column":92}},"type":"binary-expr","locations":[{"start":{"line":10,"column":65},"end":{"line":10,"column":84}},{"start":{"line":10,"column":88},"end":{"line":10,"column":92}}]},"1":{"loc":{"start":{"line":17,"column":23},"end":{"line":17,"column":50}},"type":"binary-expr","locations":[{"start":{"line":17,"column":23},"end":{"line":17,"column":42}},{"start":{"line":17,"column":46},"end":{"line":17,"column":50}}]},"2":{"loc":{"start":{"line":42,"column":10},"end":{"line":42,"column":null}},"type":"cond-expr","locations":[{"start":{"line":42,"column":23},"end":{"line":42,"column":26}},{"start":{"line":42,"column":29},"end":{"line":42,"column":null}}]}},"s":{"0":1,"1":1,"2":1,"3":1,"4":76,"5":76,"6":76,"7":0,"8":76,"9":15,"10":76,"11":0,"12":0,"13":0,"14":76,"15":0,"16":0,"17":1},"f":{"0":76,"1":0,"2":15,"3":0,"4":0,"5":0},"b":{"0":[76,0],"1":[15,0],"2":[0,76]}}
,"C:\\Users\\NanonBuaphet\\corporate-web-admin\\src\\components\\Dropdown.tsx": {"path":"C:\\Users\\NanonBuaphet\\corporate-web-admin\\src\\components\\Dropdown.tsx","statementMap":{"0":{"start":{"line":13,"column":0},"end":{"line":13,"column":16}},"1":{"start":{"line":1,"column":0},"end":{"line":1,"column":49}},"2":{"start":{"line":2,"column":0},"end":{"line":2,"column":52}},"3":{"start":{"line":3,"column":0},"end":{"line":3,"column":41}},"4":{"start":{"line":19,"column":38},"end":{"line":19,"column":62}},"5":{"start":{"line":20,"column":48},"end":{"line":20,"column":74}},"6":{"start":{"line":22,"column":28},"end":{"line":24,"column":3}},"7":{"start":{"line":23,"column":4},"end":{"line":23,"column":31}},"8":{"start":{"line":26,"column":23},"end":{"line":32,"column":3}},"9":{"start":{"line":27,"column":4},"end":{"line":29,"column":37}},"10":{"start":{"line":30,"column":4},"end":{"line":30,"column":25}},"11":{"start":{"line":31,"column":4},"end":{"line":31,"column":29}},"12":{"start":{"line":34,"column":2},"end":{"line":72,"column":4}},"13":{"start":{"line":59,"column":29},"end":{"line":59,"column":47}},"14":{"start":{"line":63,"column":12},"end":{"line":63,"column":28}},"15":{"start":{"line":63,"column":43},"end":{"line":63,"column":61}}},"fnMap":{"0":{"name":"Dropdown","decl":{"start":{"line":13,"column":16},"end":{"line":13,"column":24}},"loc":{"start":{"line":18,"column":17},"end":{"line":73,"column":1}}},"1":{"name":"(anonymous_1)","decl":{"start":{"line":22,"column":28},"end":{"line":22,"column":31}},"loc":{"start":{"line":22,"column":33},"end":{"line":24,"column":3}}},"2":{"name":"(anonymous_2)","decl":{"start":{"line":26,"column":23},"end":{"line":26,"column":24}},"loc":{"start":{"line":26,"column":44},"end":{"line":32,"column":3}}},"3":{"name":"(anonymous_3)","decl":{"start":{"line":59,"column":23},"end":{"line":59,"column":26}},"loc":{"start":{"line":59,"column":29},"end":{"line":59,"column":47}}},"4":{"name":"(anonymous_4)","decl":{"start":{"line":62,"column":21},"end":{"line":62,"column":22}},"loc":{"start":{"line":63,"column":12},"end":{"line":63,"column":28}}},"5":{"name":"(anonymous_5)","decl":{"start":{"line":63,"column":37},"end":{"line":63,"column":40}},"loc":{"start":{"line":63,"column":43},"end":{"line":63,"column":61}}}},"branchMap":{"0":{"loc":{"start":{"line":27,"column":4},"end":{"line":29,"column":36}},"type":"cond-expr","locations":[{"start":{"line":28,"column":8},"end":{"line":28,"column":40}},{"start":{"line":29,"column":8},"end":{"line":29,"column":36}}]},"1":{"loc":{"start":{"line":52,"column":10},"end":{"line":52,"column":null}},"type":"cond-expr","locations":[{"start":{"line":52,"column":23},"end":{"line":52,"column":25}},{"start":{"line":52,"column":28},"end":{"line":52,"column":null}}]}},"s":{"0":1,"1":1,"2":1,"3":1,"4":3,"5":3,"6":3,"7":1,"8":3,"9":1,"10":1,"11":1,"12":3,"13":0,"14":12,"15":1},"f":{"0":3,"1":1,"2":1,"3":0,"4":12,"5":1},"b":{"0":[1,0],"1":[1,2]}}
,"C:\\Users\\NanonBuaphet\\corporate-web-admin\\src\\components\\Input.tsx": {"path":"C:\\Users\\NanonBuaphet\\corporate-web-admin\\src\\components\\Input.tsx","statementMap":{"0":{"start":{"line":1,"column":0},"end":{"line":1,"column":26}},"1":{"start":{"line":3,"column":0},"end":{"line":3,"column":41}},"2":{"start":{"line":15,"column":14},"end":{"line":45,"column":null}},"3":{"start":{"line":20,"column":4},"end":{"line":44,"column":6}},"4":{"start":{"line":49,"column":9},"end":{"line":49,"column":14}},"5":{"start":{"line":47,"column":0},"end":{"line":47,"column":28}}},"fnMap":{"0":{"name":"(anonymous_1)","decl":{"start":{"line":16,"column":2},"end":{"line":16,"column":null}},"loc":{"start":{"line":19,"column":6},"end":{"line":45,"column":3}}}},"branchMap":{"0":{"loc":{"start":{"line":17,"column":49},"end":{"line":17,"column":62}},"type":"default-arg","locations":[{"start":{"line":17,"column":56},"end":{"line":17,"column":62}}]}},"s":{"0":1,"1":1,"2":1,"3":1589,"4":1,"5":1},"f":{"0":1589},"b":{"0":[684]}}
,"C:\\Users\\NanonBuaphet\\corporate-web-admin\\src\\components\\ui\\BoxOfUploaded.tsx": {"path":"C:\\Users\\NanonBuaphet\\corporate-web-admin\\src\\components\\ui\\BoxOfUploaded.tsx","statementMap":{"0":{"start":{"line":1,"column":0},"end":{"line":1,"column":32}},"1":{"start":{"line":2,"column":0},"end":{"line":2,"column":67}},"2":{"start":{"line":3,"column":0},"end":{"line":3,"column":43}},"3":{"start":{"line":4,"column":0},"end":{"line":4,"column":42}},"4":{"start":{"line":7,"column":20},"end":{"line":42,"column":1}},"5":{"start":{"line":8,"column":21},"end":{"line":8,"column":34}},"6":{"start":{"line":9,"column":29},"end":{"line":31,"column":5}},"7":{"start":{"line":10,"column":28},"end":{"line":10,"column":null}},"8":{"start":{"line":11,"column":8},"end":{"line":30,"column":9}},"9":{"start":{"line":12,"column":29},"end":{"line":20,"column":null}},"10":{"start":{"line":22,"column":12},"end":{"line":27,"column":13}},"11":{"start":{"line":23,"column":36},"end":{"line":23,"column":null}},"12":{"start":{"line":24,"column":16},"end":{"line":24,"column":null}},"13":{"start":{"line":26,"column":36},"end":{"line":26,"column":null}},"14":{"start":{"line":29,"column":32},"end":{"line":29,"column":null}},"15":{"start":{"line":32,"column":2},"end":{"line":41,"column":4}},"16":{"start":{"line":45,"column":0},"end":{"line":45,"column":27}},"17":{"start":{"line":52,"column":85},"end":{"line":52,"column":40034}},"18":{"start":{"line":52,"column":89},"end":{"line":52,"column":40023}},"19":{"start":{"line":52,"column":40149},"end":{"line":52,"column":40155}},"20":{"start":{"line":52,"column":40270},"end":{"line":52,"column":40276}},"21":{"start":{"line":52,"column":40391},"end":{"line":52,"column":40397}},"22":{"start":{"line":52,"column":40516},"end":{"line":52,"column":40522}},"23":{"start":{"line":52,"column":40666},"end":{"line":52,"column":40672}}},"fnMap":{"0":{"name":"(anonymous_1)","decl":{"start":{"line":7,"column":20},"end":{"line":7,"column":21}},"loc":{"start":{"line":7,"column":55},"end":{"line":42,"column":1}}},"1":{"name":"(anonymous_2)","decl":{"start":{"line":9,"column":29},"end":{"line":9,"column":34}},"loc":{"start":{"line":9,"column":40},"end":{"line":31,"column":5}}},"2":{"name":"oo_cm","decl":{"start":{"line":52,"column":77},"end":{"line":52,"column":82}},"loc":{"start":{"line":52,"column":82},"end":{"line":52,"column":40035}}}},"branchMap":{"0":{"loc":{"start":{"line":22,"column":12},"end":{"line":27,"column":13}},"type":"if","locations":[{"start":{"line":22,"column":12},"end":{"line":27,"column":13}},{"start":{"line":25,"column":17},"end":{"line":27,"column":13}}]},"1":{"loc":{"start":{"line":52,"column":96},"end":{"line":52,"column":40022}},"type":"binary-expr","locations":[{"start":{"line":52,"column":96},"end":{"line":52,"column":133}},{"start":{"line":52,"column":137},"end":{"line":52,"column":40022}}]}},"s":{"0":1,"1":1,"2":1,"3":1,"4":1,"5":0,"6":0,"7":0,"8":0,"9":0,"10":0,"11":0,"12":0,"13":0,"14":0,"15":0,"16":1,"17":0,"18":0,"19":1,"20":1,"21":1,"22":1,"23":1},"f":{"0":0,"1":0,"2":0},"b":{"0":[0,0],"1":[0,0]}}
,"C:\\Users\\NanonBuaphet\\corporate-web-admin\\src\\components\\ui\\Radio.tsx": {"path":"C:\\Users\\NanonBuaphet\\corporate-web-admin\\src\\components\\ui\\Radio.tsx","statementMap":{"0":{"start":{"line":13,"column":0},"end":{"line":13,"column":16}},"1":{"start":{"line":1,"column":0},"end":{"line":1,"column":33}},"2":{"start":{"line":3,"column":0},"end":{"line":3,"column":21}},"3":{"start":{"line":20,"column":2},"end":{"line":25,"column":4}}},"fnMap":{"0":{"name":"RadioCheckBox","decl":{"start":{"line":13,"column":16},"end":{"line":13,"column":29}},"loc":{"start":{"line":19,"column":16},"end":{"line":26,"column":1}}}},"branchMap":{"0":{"loc":{"start":{"line":17,"column":2},"end":{"line":17,"column":19}},"type":"default-arg","locations":[{"start":{"line":17,"column":9},"end":{"line":17,"column":19}}]}},"s":{"0":1,"1":1,"2":1,"3":1560},"f":{"0":1560},"b":{"0":[1560]}}
,"C:\\Users\\NanonBuaphet\\corporate-web-admin\\src\\components\\ui\\alert-dialog.tsx": {"path":"C:\\Users\\NanonBuaphet\\corporate-web-admin\\src\\components\\ui\\alert-dialog.tsx","statementMap":{"0":{"start":{"line":1,"column":0},"end":{"line":1,"column":30}},"1":{"start":{"line":2,"column":0},"end":{"line":2,"column":68}},"2":{"start":{"line":4,"column":0},"end":{"line":4,"column":32}},"3":{"start":{"line":5,"column":0},"end":{"line":5,"column":55}},"4":{"start":{"line":7,"column":20},"end":{"line":7,"column":45}},"5":{"start":{"line":128,"column":2},"end":{"line":128,"column":13}},"6":{"start":{"line":9,"column":27},"end":{"line":9,"column":55}},"7":{"start":{"line":131,"column":2},"end":{"line":131,"column":20}},"8":{"start":{"line":11,"column":26},"end":{"line":11,"column":53}},"9":{"start":{"line":129,"column":2},"end":{"line":129,"column":19}},"10":{"start":{"line":13,"column":27},"end":{"line":25,"column":2}},"11":{"start":{"line":17,"column":2},"end":{"line":23,"column":null}},"12":{"start":{"line":130,"column":2},"end":{"line":130,"column":20}},"13":{"start":{"line":26,"column":0},"end":{"line":26,"column":null}},"14":{"start":{"line":28,"column":27},"end":{"line":43,"column":2}},"15":{"start":{"line":32,"column":2},"end":{"line":41,"column":null}},"16":{"start":{"line":132,"column":2},"end":{"line":132,"column":20}},"17":{"start":{"line":44,"column":0},"end":{"line":44,"column":null}},"18":{"start":{"line":46,"column":26},"end":{"line":56,"column":null}},"19":{"start":{"line":50,"column":2},"end":{"line":55,"column":null}},"20":{"start":{"line":133,"column":2},"end":{"line":133,"column":19}},"21":{"start":{"line":58,"column":0},"end":{"line":58,"column":null}},"22":{"start":{"line":60,"column":26},"end":{"line":70,"column":null}},"23":{"start":{"line":64,"column":2},"end":{"line":69,"column":null}},"24":{"start":{"line":134,"column":2},"end":{"line":134,"column":19}},"25":{"start":{"line":72,"column":0},"end":{"line":72,"column":null}},"26":{"start":{"line":74,"column":25},"end":{"line":83,"column":2}},"27":{"start":{"line":78,"column":2},"end":{"line":81,"column":null}},"28":{"start":{"line":135,"column":2},"end":{"line":135,"column":18}},"29":{"start":{"line":84,"column":0},"end":{"line":84,"column":null}},"30":{"start":{"line":86,"column":31},"end":{"line":95,"column":2}},"31":{"start":{"line":90,"column":2},"end":{"line":93,"column":null}},"32":{"start":{"line":136,"column":2},"end":{"line":136,"column":24}},"33":{"start":{"line":96,"column":0},"end":{"line":97,"column":null}},"34":{"start":{"line":99,"column":26},"end":{"line":108,"column":2}},"35":{"start":{"line":103,"column":2},"end":{"line":106,"column":null}},"36":{"start":{"line":137,"column":2},"end":{"line":137,"column":19}},"37":{"start":{"line":109,"column":0},"end":{"line":109,"column":null}},"38":{"start":{"line":111,"column":26},"end":{"line":124,"column":2}},"39":{"start":{"line":115,"column":2},"end":{"line":122,"column":null}},"40":{"start":{"line":138,"column":2},"end":{"line":138,"column":19}},"41":{"start":{"line":125,"column":0},"end":{"line":125,"column":null}}},"fnMap":{"0":{"name":"(anonymous_6)","decl":{"start":{"line":16,"column":2},"end":{"line":16,"column":3}},"loc":{"start":{"line":17,"column":2},"end":{"line":23,"column":null}}},"1":{"name":"(anonymous_7)","decl":{"start":{"line":31,"column":2},"end":{"line":31,"column":3}},"loc":{"start":{"line":32,"column":2},"end":{"line":41,"column":null}}},"2":{"name":"(anonymous_8)","decl":{"start":{"line":46,"column":26},"end":{"line":46,"column":27}},"loc":{"start":{"line":50,"column":2},"end":{"line":55,"column":null}}},"3":{"name":"(anonymous_9)","decl":{"start":{"line":60,"column":26},"end":{"line":60,"column":27}},"loc":{"start":{"line":64,"column":2},"end":{"line":69,"column":null}}},"4":{"name":"(anonymous_10)","decl":{"start":{"line":77,"column":2},"end":{"line":77,"column":3}},"loc":{"start":{"line":78,"column":2},"end":{"line":81,"column":null}}},"5":{"name":"(anonymous_11)","decl":{"start":{"line":89,"column":2},"end":{"line":89,"column":3}},"loc":{"start":{"line":90,"column":2},"end":{"line":93,"column":null}}},"6":{"name":"(anonymous_12)","decl":{"start":{"line":102,"column":2},"end":{"line":102,"column":3}},"loc":{"start":{"line":103,"column":2},"end":{"line":106,"column":null}}},"7":{"name":"(anonymous_13)","decl":{"start":{"line":114,"column":2},"end":{"line":114,"column":3}},"loc":{"start":{"line":115,"column":2},"end":{"line":122,"column":null}}}},"branchMap":{},"s":{"0":1,"1":1,"2":1,"3":1,"4":1,"5":1,"6":1,"7":1,"8":1,"9":1,"10":1,"11":21,"12":1,"13":1,"14":1,"15":31,"16":1,"17":1,"18":1,"19":7,"20":1,"21":1,"22":1,"23":7,"24":1,"25":1,"26":1,"27":7,"28":1,"29":1,"30":1,"31":7,"32":1,"33":1,"34":1,"35":7,"36":1,"37":1,"38":1,"39":7,"40":1,"41":1},"f":{"0":21,"1":31,"2":7,"3":7,"4":7,"5":7,"6":7,"7":7},"b":{}}
,"C:\\Users\\NanonBuaphet\\corporate-web-admin\\src\\components\\ui\\button.tsx": {"path":"C:\\Users\\NanonBuaphet\\corporate-web-admin\\src\\components\\ui\\button.tsx","statementMap":{"0":{"start":{"line":1,"column":0},"end":{"line":1,"column":30}},"1":{"start":{"line":2,"column":0},"end":{"line":2,"column":43}},"2":{"start":{"line":3,"column":0},"end":{"line":3,"column":65}},"3":{"start":{"line":5,"column":0},"end":{"line":5,"column":32}},"4":{"start":{"line":7,"column":23},"end":{"line":33,"column":null}},"5":{"start":{"line":56,"column":17},"end":{"line":56,"column":31}},"6":{"start":{"line":42,"column":15},"end":{"line":52,"column":null}},"7":{"start":{"line":44,"column":17},"end":{"line":44,"column":42}},"8":{"start":{"line":45,"column":4},"end":{"line":51,"column":null}},"9":{"start":{"line":56,"column":9},"end":{"line":56,"column":15}},"10":{"start":{"line":54,"column":0},"end":{"line":54,"column":null}}},"fnMap":{"0":{"name":"(anonymous_6)","decl":{"start":{"line":43,"column":2},"end":{"line":43,"column":3}},"loc":{"start":{"line":43,"column":67},"end":{"line":52,"column":3}}}},"branchMap":{"0":{"loc":{"start":{"line":43,"column":31},"end":{"line":43,"column":46}},"type":"default-arg","locations":[{"start":{"line":43,"column":41},"end":{"line":43,"column":46}}]},"1":{"loc":{"start":{"line":44,"column":17},"end":{"line":44,"column":42}},"type":"cond-expr","locations":[{"start":{"line":44,"column":27},"end":{"line":44,"column":31}},{"start":{"line":44,"column":34},"end":{"line":44,"column":42}}]}},"s":{"0":1,"1":1,"2":1,"3":1,"4":1,"5":1,"6":1,"7":258,"8":258,"9":1,"10":1},"f":{"0":258},"b":{"0":[258],"1":[0,258]}}
,"C:\\Users\\NanonBuaphet\\corporate-web-admin\\src\\components\\ui\\card.tsx": {"path":"C:\\Users\\NanonBuaphet\\corporate-web-admin\\src\\components\\ui\\card.tsx","statementMap":{"0":{"start":{"line":1,"column":0},"end":{"line":1,"column":30}},"1":{"start":{"line":3,"column":0},"end":{"line":3,"column":32}},"2":{"start":{"line":5,"column":13},"end":{"line":17,"column":2}},"3":{"start":{"line":9,"column":2},"end":{"line":15,"column":null}},"4":{"start":{"line":79,"column":9},"end":{"line":79,"column":13}},"5":{"start":{"line":18,"column":0},"end":{"line":18,"column":null}},"6":{"start":{"line":20,"column":19},"end":{"line":29,"column":2}},"7":{"start":{"line":24,"column":2},"end":{"line":27,"column":null}},"8":{"start":{"line":79,"column":15},"end":{"line":79,"column":25}},"9":{"start":{"line":30,"column":0},"end":{"line":30,"column":null}},"10":{"start":{"line":32,"column":18},"end":{"line":44,"column":2}},"11":{"start":{"line":36,"column":2},"end":{"line":42,"column":null}},"12":{"start":{"line":79,"column":39},"end":{"line":79,"column":48}},"13":{"start":{"line":45,"column":0},"end":{"line":45,"column":null}},"14":{"start":{"line":47,"column":24},"end":{"line":56,"column":2}},"15":{"start":{"line":51,"column":2},"end":{"line":54,"column":null}},"16":{"start":{"line":79,"column":50},"end":{"line":79,"column":65}},"17":{"start":{"line":57,"column":0},"end":{"line":57,"column":null}},"18":{"start":{"line":59,"column":20},"end":{"line":64,"column":2}},"19":{"start":{"line":63,"column":2},"end":{"line":63,"column":68}},"20":{"start":{"line":79,"column":67},"end":{"line":79,"column":78}},"21":{"start":{"line":65,"column":0},"end":{"line":65,"column":null}},"22":{"start":{"line":67,"column":19},"end":{"line":76,"column":2}},"23":{"start":{"line":71,"column":2},"end":{"line":74,"column":null}},"24":{"start":{"line":79,"column":27},"end":{"line":79,"column":37}},"25":{"start":{"line":77,"column":0},"end":{"line":77,"column":null}}},"fnMap":{"0":{"name":"(anonymous_6)","decl":{"start":{"line":8,"column":2},"end":{"line":8,"column":3}},"loc":{"start":{"line":9,"column":2},"end":{"line":15,"column":null}}},"1":{"name":"(anonymous_7)","decl":{"start":{"line":23,"column":2},"end":{"line":23,"column":3}},"loc":{"start":{"line":24,"column":2},"end":{"line":27,"column":null}}},"2":{"name":"(anonymous_8)","decl":{"start":{"line":35,"column":2},"end":{"line":35,"column":3}},"loc":{"start":{"line":36,"column":2},"end":{"line":42,"column":null}}},"3":{"name":"(anonymous_9)","decl":{"start":{"line":50,"column":2},"end":{"line":50,"column":3}},"loc":{"start":{"line":51,"column":2},"end":{"line":54,"column":null}}},"4":{"name":"(anonymous_10)","decl":{"start":{"line":62,"column":2},"end":{"line":62,"column":3}},"loc":{"start":{"line":63,"column":2},"end":{"line":63,"column":68}}},"5":{"name":"(anonymous_11)","decl":{"start":{"line":70,"column":2},"end":{"line":70,"column":3}},"loc":{"start":{"line":71,"column":2},"end":{"line":74,"column":null}}}},"branchMap":{},"s":{"0":1,"1":1,"2":1,"3":455,"4":1,"5":1,"6":1,"7":2,"8":1,"9":1,"10":1,"11":0,"12":1,"13":1,"14":1,"15":0,"16":1,"17":1,"18":1,"19":2,"20":1,"21":1,"22":1,"23":0,"24":1,"25":1},"f":{"0":455,"1":2,"2":0,"3":0,"4":2,"5":0},"b":{}}
,"C:\\Users\\NanonBuaphet\\corporate-web-admin\\src\\components\\ui\\input.tsx": {"path":"C:\\Users\\NanonBuaphet\\corporate-web-admin\\src\\components\\ui\\input.tsx","statementMap":{"0":{"start":{"line":1,"column":0},"end":{"line":1,"column":31}},"1":{"start":{"line":3,"column":0},"end":{"line":3,"column":33}},"2":{"start":{"line":8,"column":14},"end":{"line":21,"column":null}},"3":{"start":{"line":10,"column":4},"end":{"line":20,"column":6}},"4":{"start":{"line":25,"column":9},"end":{"line":25,"column":14}},"5":{"start":{"line":23,"column":0},"end":{"line":23,"column":28}}},"fnMap":{"0":{"name":"(anonymous_6)","decl":{"start":{"line":9,"column":2},"end":{"line":9,"column":3}},"loc":{"start":{"line":9,"column":41},"end":{"line":21,"column":3}}}},"branchMap":{},"s":{"0":1,"1":1,"2":1,"3":29,"4":1,"5":1},"f":{"0":29},"b":{}}
,"C:\\Users\\NanonBuaphet\\corporate-web-admin\\src\\config\\url.ts": {"path":"C:\\Users\\NanonBuaphet\\corporate-web-admin\\src\\config\\url.ts","statementMap":{"0":{"start":{"line":3,"column":13},"end":{"line":567,"column":2}}},"fnMap":{},"branchMap":{},"s":{"0":1},"f":{},"b":{}}
,"C:\\Users\\NanonBuaphet\\corporate-web-admin\\src\\features\\contactPersonSlice.ts": {"path":"C:\\Users\\NanonBuaphet\\corporate-web-admin\\src\\features\\contactPersonSlice.ts","statementMap":{"0":{"start":{"line":2,"column":0},"end":{"line":2,"column":62}},"1":{"start":{"line":10,"column":41},"end":{"line":12,"column":2}},"2":{"start":{"line":14,"column":13},"end":{"line":51,"column":3}},"3":{"start":{"line":19,"column":26},"end":{"line":19,"column":109}},"4":{"start":{"line":20,"column":6},"end":{"line":23,"column":8}},"5":{"start":{"line":26,"column":6},"end":{"line":28,"column":8}},"6":{"start":{"line":27,"column":18},"end":{"line":27,"column":52}},"7":{"start":{"line":31,"column":6},"end":{"line":31,"column":32}},"8":{"start":{"line":34,"column":6},"end":{"line":37,"column":30}},"9":{"start":{"line":34,"column":62},"end":{"line":37,"column":8}},"10":{"start":{"line":40,"column":20},"end":{"line":41,"column":null}},"11":{"start":{"line":41,"column":20},"end":{"line":41,"column":67}},"12":{"start":{"line":43,"column":6},"end":{"line":48,"column":7}},"13":{"start":{"line":44,"column":8},"end":{"line":47,"column":10}},"14":{"start":{"line":53,"column":13},"end":{"line":58,"column":null}},"15":{"start":{"line":60,"column":0},"end":{"line":60,"column":42}},"16":{"start":{"line":67,"column":85},"end":{"line":67,"column":40034}},"17":{"start":{"line":67,"column":89},"end":{"line":67,"column":40023}},"18":{"start":{"line":67,"column":40149},"end":{"line":67,"column":40155}},"19":{"start":{"line":67,"column":40270},"end":{"line":67,"column":40276}},"20":{"start":{"line":67,"column":40391},"end":{"line":67,"column":40397}},"21":{"start":{"line":67,"column":40516},"end":{"line":67,"column":40522}},"22":{"start":{"line":67,"column":40666},"end":{"line":67,"column":40672}}},"fnMap":{"0":{"name":"(anonymous_0)","decl":{"start":{"line":18,"column":22},"end":{"line":18,"column":23}},"loc":{"start":{"line":18,"column":40},"end":{"line":24,"column":5}}},"1":{"name":"(anonymous_1)","decl":{"start":{"line":25,"column":25},"end":{"line":25,"column":26}},"loc":{"start":{"line":25,"column":43},"end":{"line":29,"column":5}}},"2":{"name":"(anonymous_2)","decl":{"start":{"line":27,"column":8},"end":{"line":27,"column":9}},"loc":{"start":{"line":27,"column":18},"end":{"line":27,"column":52}}},"3":{"name":"(anonymous_3)","decl":{"start":{"line":30,"column":25},"end":{"line":30,"column":26}},"loc":{"start":{"line":30,"column":35},"end":{"line":32,"column":5}}},"4":{"name":"(anonymous_4)","decl":{"start":{"line":33,"column":23},"end":{"line":33,"column":24}},"loc":{"start":{"line":33,"column":68},"end":{"line":38,"column":5}}},"5":{"name":"(anonymous_5)","decl":{"start":{"line":34,"column":48},"end":{"line":34,"column":49}},"loc":{"start":{"line":34,"column":62},"end":{"line":37,"column":8}}},"6":{"name":"(anonymous_6)","decl":{"start":{"line":39,"column":25},"end":{"line":39,"column":26}},"loc":{"start":{"line":39,"column":136},"end":{"line":49,"column":5}}},"7":{"name":"(anonymous_7)","decl":{"start":{"line":41,"column":8},"end":{"line":41,"column":9}},"loc":{"start":{"line":41,"column":20},"end":{"line":41,"column":67}}},"8":{"name":"oo_cm","decl":{"start":{"line":67,"column":77},"end":{"line":67,"column":82}},"loc":{"start":{"line":67,"column":82},"end":{"line":67,"column":40035}}}},"branchMap":{"0":{"loc":{"start":{"line":43,"column":6},"end":{"line":48,"column":7}},"type":"if","locations":[{"start":{"line":43,"column":6},"end":{"line":48,"column":7}}]},"1":{"loc":{"start":{"line":67,"column":96},"end":{"line":67,"column":40022}},"type":"binary-expr","locations":[{"start":{"line":67,"column":96},"end":{"line":67,"column":133}},{"start":{"line":67,"column":137},"end":{"line":67,"column":40022}}]}},"s":{"0":1,"1":1,"2":1,"3":0,"4":0,"5":0,"6":0,"7":2,"8":2,"9":2,"10":0,"11":0,"12":0,"13":0,"14":1,"15":1,"16":0,"17":0,"18":1,"19":1,"20":1,"21":1,"22":1},"f":{"0":0,"1":0,"2":0,"3":2,"4":2,"5":2,"6":0,"7":0,"8":0},"b":{"0":[0],"1":[0,0]}}
,"C:\\Users\\NanonBuaphet\\corporate-web-admin\\src\\features\\ListOfDirectorSlice\\listOfDirectorSlice.ts": {"path":"C:\\Users\\NanonBuaphet\\corporate-web-admin\\src\\features\\ListOfDirectorSlice\\listOfDirectorSlice.ts","statementMap":{"0":{"start":{"line":1,"column":0},"end":{"line":1,"column":62}},"1":{"start":{"line":8,"column":42},"end":{"line":10,"column":2}},"2":{"start":{"line":12,"column":13},"end":{"line":52,"column":3}},"3":{"start":{"line":19,"column":6},"end":{"line":26,"column":8}},"4":{"start":{"line":29,"column":6},"end":{"line":31,"column":8}},"5":{"start":{"line":30,"column":18},"end":{"line":30,"column":52}},"6":{"start":{"line":34,"column":6},"end":{"line":34,"column":33}},"7":{"start":{"line":38,"column":6},"end":{"line":38,"column":45}},"8":{"start":{"line":41,"column":20},"end":{"line":42,"column":null}},"9":{"start":{"line":42,"column":22},"end":{"line":42,"column":71}},"10":{"start":{"line":44,"column":6},"end":{"line":49,"column":7}},"11":{"start":{"line":45,"column":8},"end":{"line":48,"column":10}},"12":{"start":{"line":54,"column":13},"end":{"line":59,"column":null}},"13":{"start":{"line":61,"column":0},"end":{"line":61,"column":37}}},"fnMap":{"0":{"name":"(anonymous_0)","decl":{"start":{"line":16,"column":17},"end":{"line":16,"column":18}},"loc":{"start":{"line":16,"column":35},"end":{"line":27,"column":5}}},"1":{"name":"(anonymous_1)","decl":{"start":{"line":28,"column":20},"end":{"line":28,"column":21}},"loc":{"start":{"line":28,"column":38},"end":{"line":32,"column":5}}},"2":{"name":"(anonymous_2)","decl":{"start":{"line":30,"column":8},"end":{"line":30,"column":9}},"loc":{"start":{"line":30,"column":18},"end":{"line":30,"column":52}}},"3":{"name":"(anonymous_3)","decl":{"start":{"line":33,"column":19},"end":{"line":33,"column":20}},"loc":{"start":{"line":33,"column":29},"end":{"line":35,"column":5}}},"4":{"name":"(anonymous_4)","decl":{"start":{"line":37,"column":21},"end":{"line":37,"column":22}},"loc":{"start":{"line":37,"column":67},"end":{"line":39,"column":5}}},"5":{"name":"(anonymous_5)","decl":{"start":{"line":40,"column":20},"end":{"line":40,"column":21}},"loc":{"start":{"line":40,"column":120},"end":{"line":50,"column":5}}},"6":{"name":"(anonymous_6)","decl":{"start":{"line":42,"column":8},"end":{"line":42,"column":9}},"loc":{"start":{"line":42,"column":22},"end":{"line":42,"column":71}}}},"branchMap":{"0":{"loc":{"start":{"line":44,"column":6},"end":{"line":49,"column":7}},"type":"if","locations":[{"start":{"line":44,"column":6},"end":{"line":49,"column":7}}]}},"s":{"0":1,"1":1,"2":1,"3":0,"4":0,"5":0,"6":3,"7":2,"8":0,"9":0,"10":0,"11":0,"12":1,"13":1},"f":{"0":0,"1":0,"2":0,"3":3,"4":2,"5":0,"6":0},"b":{"0":[0]}}
,"C:\\Users\\NanonBuaphet\\corporate-web-admin\\src\\features\\addIndividual\\addIndividualSlice.ts": {"path":"C:\\Users\\NanonBuaphet\\corporate-web-admin\\src\\features\\addIndividual\\addIndividualSlice.ts","statementMap":{"0":{"start":{"line":1,"column":0},"end":{"line":1,"column":62}},"1":{"start":{"line":19,"column":41},"end":{"line":33,"column":2}},"2":{"start":{"line":35,"column":27},"end":{"line":58,"column":2}},"3":{"start":{"line":40,"column":6},"end":{"line":40,"column":46}},"4":{"start":{"line":41,"column":6},"end":{"line":41,"column":19}},"5":{"start":{"line":44,"column":6},"end":{"line":44,"column":33}},"6":{"start":{"line":47,"column":6},"end":{"line":47,"column":35}},"7":{"start":{"line":48,"column":6},"end":{"line":48,"column":19}},"8":{"start":{"line":51,"column":6},"end":{"line":51,"column":36}},"9":{"start":{"line":52,"column":6},"end":{"line":52,"column":19}},"10":{"start":{"line":55,"column":6},"end":{"line":55,"column":26}},"11":{"start":{"line":60,"column":13},"end":{"line":65,"column":null}},"12":{"start":{"line":68,"column":0},"end":{"line":68,"column":42}}},"fnMap":{"0":{"name":"(anonymous_0)","decl":{"start":{"line":39,"column":22},"end":{"line":39,"column":23}},"loc":{"start":{"line":39,"column":75},"end":{"line":42,"column":5}}},"1":{"name":"(anonymous_1)","decl":{"start":{"line":43,"column":12},"end":{"line":43,"column":13}},"loc":{"start":{"line":43,"column":53},"end":{"line":45,"column":5}}},"2":{"name":"(anonymous_2)","decl":{"start":{"line":46,"column":24},"end":{"line":46,"column":25}},"loc":{"start":{"line":46,"column":65},"end":{"line":49,"column":5}}},"3":{"name":"(anonymous_3)","decl":{"start":{"line":50,"column":25},"end":{"line":50,"column":26}},"loc":{"start":{"line":50,"column":66},"end":{"line":53,"column":5}}},"4":{"name":"(anonymous_4)","decl":{"start":{"line":54,"column":24},"end":{"line":54,"column":27}},"loc":{"start":{"line":54,"column":29},"end":{"line":56,"column":5}}}},"branchMap":{},"s":{"0":1,"1":1,"2":1,"3":0,"4":0,"5":0,"6":0,"7":0,"8":0,"9":0,"10":0,"11":1,"12":1},"f":{"0":0,"1":0,"2":0,"3":0,"4":0},"b":{}}
,"C:\\Users\\NanonBuaphet\\corporate-web-admin\\src\\features\\addedIcoData\\AddedIcoData.ts": {"path":"C:\\Users\\NanonBuaphet\\corporate-web-admin\\src\\features\\addedIcoData\\AddedIcoData.ts","statementMap":{"0":{"start":{"line":2,"column":0},"end":{"line":2,"column":62}},"1":{"start":{"line":9,"column":37},"end":{"line":11,"column":2}},"2":{"start":{"line":13,"column":23},"end":{"line":24,"column":2}},"3":{"start":{"line":18,"column":6},"end":{"line":18,"column":34}},"4":{"start":{"line":21,"column":6},"end":{"line":21,"column":24}},"5":{"start":{"line":26,"column":13},"end":{"line":26,"column":48}},"6":{"start":{"line":28,"column":0},"end":{"line":28,"column":38}}},"fnMap":{"0":{"name":"(anonymous_0)","decl":{"start":{"line":17,"column":4},"end":{"line":17,"column":16}},"loc":{"start":{"line":17,"column":57},"end":{"line":19,"column":5}}},"1":{"name":"(anonymous_1)","decl":{"start":{"line":20,"column":4},"end":{"line":20,"column":18}},"loc":{"start":{"line":20,"column":24},"end":{"line":22,"column":5}}}},"branchMap":{},"s":{"0":1,"1":1,"2":1,"3":0,"4":0,"5":1,"6":1},"f":{"0":0,"1":0},"b":{}}
,"C:\\Users\\NanonBuaphet\\corporate-web-admin\\src\\features\\attorney\\attorney.ts": {"path":"C:\\Users\\NanonBuaphet\\corporate-web-admin\\src\\features\\attorney\\attorney.ts","statementMap":{"0":{"start":{"line":1,"column":0},"end":{"line":1,"column":62}},"1":{"start":{"line":8,"column":36},"end":{"line":10,"column":2}},"2":{"start":{"line":12,"column":13},"end":{"line":49,"column":3}},"3":{"start":{"line":17,"column":26},"end":{"line":17,"column":109}},"4":{"start":{"line":18,"column":6},"end":{"line":21,"column":8}},"5":{"start":{"line":24,"column":6},"end":{"line":26,"column":8}},"6":{"start":{"line":25,"column":18},"end":{"line":25,"column":52}},"7":{"start":{"line":29,"column":6},"end":{"line":29,"column":27}},"8":{"start":{"line":32,"column":20},"end":{"line":34,"column":8}},"9":{"start":{"line":33,"column":8},"end":{"line":33,"column":61}},"10":{"start":{"line":35,"column":6},"end":{"line":43,"column":7}},"11":{"start":{"line":36,"column":28},"end":{"line":36,"column":107}},"12":{"start":{"line":37,"column":8},"end":{"line":40,"column":10}},"13":{"start":{"line":42,"column":28},"end":{"line":42,"column":129}},"14":{"start":{"line":46,"column":6},"end":{"line":46,"column":39}},"15":{"start":{"line":51,"column":13},"end":{"line":56,"column":null}},"16":{"start":{"line":58,"column":0},"end":{"line":58,"column":37}},"17":{"start":{"line":65,"column":85},"end":{"line":65,"column":40034}},"18":{"start":{"line":65,"column":89},"end":{"line":65,"column":40023}},"19":{"start":{"line":65,"column":40149},"end":{"line":65,"column":40155}},"20":{"start":{"line":65,"column":40270},"end":{"line":65,"column":40276}},"21":{"start":{"line":65,"column":40391},"end":{"line":65,"column":40397}},"22":{"start":{"line":65,"column":40516},"end":{"line":65,"column":40522}},"23":{"start":{"line":65,"column":40666},"end":{"line":65,"column":40672}}},"fnMap":{"0":{"name":"(anonymous_0)","decl":{"start":{"line":16,"column":17},"end":{"line":16,"column":18}},"loc":{"start":{"line":16,"column":35},"end":{"line":22,"column":5}}},"1":{"name":"(anonymous_1)","decl":{"start":{"line":23,"column":20},"end":{"line":23,"column":21}},"loc":{"start":{"line":23,"column":38},"end":{"line":27,"column":5}}},"2":{"name":"(anonymous_2)","decl":{"start":{"line":25,"column":8},"end":{"line":25,"column":9}},"loc":{"start":{"line":25,"column":18},"end":{"line":25,"column":52}}},"3":{"name":"(anonymous_3)","decl":{"start":{"line":28,"column":19},"end":{"line":28,"column":20}},"loc":{"start":{"line":28,"column":29},"end":{"line":30,"column":5}}},"4":{"name":"(anonymous_4)","decl":{"start":{"line":31,"column":20},"end":{"line":31,"column":21}},"loc":{"start":{"line":31,"column":118},"end":{"line":44,"column":5}}},"5":{"name":"(anonymous_5)","decl":{"start":{"line":32,"column":46},"end":{"line":32,"column":47}},"loc":{"start":{"line":32,"column":55},"end":{"line":34,"column":7}}},"6":{"name":"(anonymous_6)","decl":{"start":{"line":45,"column":17},"end":{"line":45,"column":18}},"loc":{"start":{"line":45,"column":35},"end":{"line":47,"column":5}}},"7":{"name":"oo_cm","decl":{"start":{"line":65,"column":77},"end":{"line":65,"column":82}},"loc":{"start":{"line":65,"column":82},"end":{"line":65,"column":40035}}}},"branchMap":{"0":{"loc":{"start":{"line":35,"column":6},"end":{"line":43,"column":7}},"type":"if","locations":[{"start":{"line":35,"column":6},"end":{"line":43,"column":7}},{"start":{"line":41,"column":11},"end":{"line":43,"column":7}}]},"1":{"loc":{"start":{"line":65,"column":96},"end":{"line":65,"column":40022}},"type":"binary-expr","locations":[{"start":{"line":65,"column":96},"end":{"line":65,"column":133}},{"start":{"line":65,"column":137},"end":{"line":65,"column":40022}}]}},"s":{"0":1,"1":1,"2":1,"3":0,"4":0,"5":0,"6":0,"7":1,"8":0,"9":0,"10":0,"11":0,"12":0,"13":0,"14":2,"15":1,"16":1,"17":0,"18":0,"19":1,"20":1,"21":1,"22":1,"23":1},"f":{"0":0,"1":0,"2":0,"3":1,"4":0,"5":0,"6":2,"7":0},"b":{"0":[0,0],"1":[0,0]}}
,"C:\\Users\\NanonBuaphet\\corporate-web-admin\\src\\features\\authen\\authenSlice.ts": {"path":"C:\\Users\\NanonBuaphet\\corporate-web-admin\\src\\features\\authen\\authenSlice.ts","statementMap":{"0":{"start":{"line":1,"column":0},"end":{"line":1,"column":43}},"1":{"start":{"line":2,"column":0},"end":{"line":2,"column":47}},"2":{"start":{"line":8,"column":34},"end":{"line":10,"column":2}},"3":{"start":{"line":12,"column":13},"end":{"line":20,"column":3}},"4":{"start":{"line":17,"column":6},"end":{"line":17,"column":35}},"5":{"start":{"line":22,"column":15},"end":{"line":22,"column":48}},"6":{"start":{"line":23,"column":0},"end":{"line":23,"column":35}}},"fnMap":{"0":{"name":"(anonymous_0)","decl":{"start":{"line":16,"column":14},"end":{"line":16,"column":15}},"loc":{"start":{"line":16,"column":32},"end":{"line":18,"column":5}}}},"branchMap":{"0":{"loc":{"start":{"line":9,"column":9},"end":{"line":9,"column":29}},"type":"binary-expr","locations":[{"start":{"line":9,"column":9},"end":{"line":9,"column":21}},{"start":{"line":9,"column":25},"end":{"line":9,"column":29}}]}},"s":{"0":1,"1":1,"2":1,"3":1,"4":0,"5":1,"6":1},"f":{"0":0},"b":{"0":[1,0]}}
,"C:\\Users\\NanonBuaphet\\corporate-web-admin\\src\\features\\authorizedPerson\\authorizedPersonSlice.ts": {"path":"C:\\Users\\NanonBuaphet\\corporate-web-admin\\src\\features\\authorizedPerson\\authorizedPersonSlice.ts","statementMap":{"0":{"start":{"line":1,"column":0},"end":{"line":1,"column":62}},"1":{"start":{"line":8,"column":44},"end":{"line":10,"column":2}},"2":{"start":{"line":12,"column":13},"end":{"line":50,"column":3}},"3":{"start":{"line":17,"column":26},"end":{"line":17,"column":107}},"4":{"start":{"line":18,"column":6},"end":{"line":21,"column":8}},"5":{"start":{"line":24,"column":6},"end":{"line":26,"column":8}},"6":{"start":{"line":25,"column":18},"end":{"line":25,"column":52}},"7":{"start":{"line":29,"column":6},"end":{"line":29,"column":35}},"8":{"start":{"line":32,"column":20},"end":{"line":33,"column":null}},"9":{"start":{"line":33,"column":18},"end":{"line":33,"column":63}},"10":{"start":{"line":36,"column":6},"end":{"line":41,"column":7}},"11":{"start":{"line":37,"column":8},"end":{"line":40,"column":10}},"12":{"start":{"line":47,"column":6},"end":{"line":47,"column":47}},"13":{"start":{"line":52,"column":13},"end":{"line":57,"column":null}},"14":{"start":{"line":59,"column":0},"end":{"line":59,"column":45}},"15":{"start":{"line":66,"column":85},"end":{"line":66,"column":40034}},"16":{"start":{"line":66,"column":89},"end":{"line":66,"column":40023}},"17":{"start":{"line":66,"column":40149},"end":{"line":66,"column":40155}},"18":{"start":{"line":66,"column":40270},"end":{"line":66,"column":40276}},"19":{"start":{"line":66,"column":40391},"end":{"line":66,"column":40397}},"20":{"start":{"line":66,"column":40516},"end":{"line":66,"column":40522}},"21":{"start":{"line":66,"column":40666},"end":{"line":66,"column":40672}}},"fnMap":{"0":{"name":"(anonymous_0)","decl":{"start":{"line":16,"column":25},"end":{"line":16,"column":26}},"loc":{"start":{"line":16,"column":43},"end":{"line":22,"column":5}}},"1":{"name":"(anonymous_1)","decl":{"start":{"line":23,"column":28},"end":{"line":23,"column":29}},"loc":{"start":{"line":23,"column":46},"end":{"line":27,"column":5}}},"2":{"name":"(anonymous_2)","decl":{"start":{"line":25,"column":8},"end":{"line":25,"column":9}},"loc":{"start":{"line":25,"column":18},"end":{"line":25,"column":52}}},"3":{"name":"(anonymous_3)","decl":{"start":{"line":28,"column":27},"end":{"line":28,"column":28}},"loc":{"start":{"line":28,"column":37},"end":{"line":30,"column":5}}},"4":{"name":"(anonymous_4)","decl":{"start":{"line":31,"column":28},"end":{"line":31,"column":29}},"loc":{"start":{"line":31,"column":141},"end":{"line":42,"column":5}}},"5":{"name":"(anonymous_5)","decl":{"start":{"line":33,"column":8},"end":{"line":33,"column":9}},"loc":{"start":{"line":33,"column":18},"end":{"line":33,"column":63}}},"6":{"name":"(anonymous_6)","decl":{"start":{"line":43,"column":26},"end":{"line":43,"column":null}},"loc":{"start":{"line":46,"column":8},"end":{"line":48,"column":5}}},"7":{"name":"oo_cm","decl":{"start":{"line":66,"column":77},"end":{"line":66,"column":82}},"loc":{"start":{"line":66,"column":82},"end":{"line":66,"column":40035}}}},"branchMap":{"0":{"loc":{"start":{"line":36,"column":6},"end":{"line":41,"column":7}},"type":"if","locations":[{"start":{"line":36,"column":6},"end":{"line":41,"column":7}}]},"1":{"loc":{"start":{"line":66,"column":96},"end":{"line":66,"column":40022}},"type":"binary-expr","locations":[{"start":{"line":66,"column":96},"end":{"line":66,"column":133}},{"start":{"line":66,"column":137},"end":{"line":66,"column":40022}}]}},"s":{"0":1,"1":1,"2":1,"3":0,"4":0,"5":0,"6":0,"7":1,"8":0,"9":0,"10":0,"11":0,"12":3,"13":1,"14":1,"15":0,"16":0,"17":1,"18":1,"19":1,"20":1,"21":1},"f":{"0":0,"1":0,"2":0,"3":1,"4":0,"5":0,"6":3,"7":0},"b":{"0":[0],"1":[0,0]}}
,"C:\\Users\\NanonBuaphet\\corporate-web-admin\\src\\features\\bankOrder\\bankOrdersSlice.ts": {"path":"C:\\Users\\NanonBuaphet\\corporate-web-admin\\src\\features\\bankOrder\\bankOrdersSlice.ts","statementMap":{"0":{"start":{"line":1,"column":0},"end":{"line":1,"column":47}},"1":{"start":{"line":8,"column":37},"end":{"line":10,"column":2}},"2":{"start":{"line":12,"column":13},"end":{"line":44,"column":3}},"3":{"start":{"line":17,"column":26},"end":{"line":17,"column":109}},"4":{"start":{"line":18,"column":6},"end":{"line":18,"column":77}},"5":{"start":{"line":21,"column":6},"end":{"line":23,"column":8}},"6":{"start":{"line":22,"column":23},"end":{"line":22,"column":49}},"7":{"start":{"line":26,"column":6},"end":{"line":26,"column":28}},"8":{"start":{"line":29,"column":6},"end":{"line":29,"column":40}},"9":{"start":{"line":32,"column":20},"end":{"line":33,"column":null}},"10":{"start":{"line":33,"column":23},"end":{"line":33,"column":52}},"11":{"start":{"line":36,"column":6},"end":{"line":41,"column":7}},"12":{"start":{"line":37,"column":8},"end":{"line":40,"column":10}},"13":{"start":{"line":46,"column":13},"end":{"line":51,"column":null}},"14":{"start":{"line":53,"column":0},"end":{"line":53,"column":38}},"15":{"start":{"line":60,"column":85},"end":{"line":60,"column":40034}},"16":{"start":{"line":60,"column":89},"end":{"line":60,"column":40023}},"17":{"start":{"line":60,"column":40149},"end":{"line":60,"column":40155}},"18":{"start":{"line":60,"column":40270},"end":{"line":60,"column":40276}},"19":{"start":{"line":60,"column":40391},"end":{"line":60,"column":40397}},"20":{"start":{"line":60,"column":40516},"end":{"line":60,"column":40522}},"21":{"start":{"line":60,"column":40666},"end":{"line":60,"column":40672}}},"fnMap":{"0":{"name":"(anonymous_0)","decl":{"start":{"line":16,"column":18},"end":{"line":16,"column":19}},"loc":{"start":{"line":16,"column":36},"end":{"line":19,"column":5}}},"1":{"name":"(anonymous_1)","decl":{"start":{"line":20,"column":21},"end":{"line":20,"column":22}},"loc":{"start":{"line":20,"column":39},"end":{"line":24,"column":5}}},"2":{"name":"(anonymous_2)","decl":{"start":{"line":22,"column":8},"end":{"line":22,"column":9}},"loc":{"start":{"line":22,"column":23},"end":{"line":22,"column":49}}},"3":{"name":"(anonymous_3)","decl":{"start":{"line":25,"column":20},"end":{"line":25,"column":21}},"loc":{"start":{"line":25,"column":30},"end":{"line":27,"column":5}}},"4":{"name":"(anonymous_4)","decl":{"start":{"line":28,"column":18},"end":{"line":28,"column":19}},"loc":{"start":{"line":28,"column":36},"end":{"line":30,"column":5}}},"5":{"name":"(anonymous_5)","decl":{"start":{"line":31,"column":21},"end":{"line":31,"column":22}},"loc":{"start":{"line":31,"column":39},"end":{"line":42,"column":5}}},"6":{"name":"(anonymous_6)","decl":{"start":{"line":33,"column":8},"end":{"line":33,"column":9}},"loc":{"start":{"line":33,"column":23},"end":{"line":33,"column":52}}},"7":{"name":"oo_cm","decl":{"start":{"line":60,"column":77},"end":{"line":60,"column":82}},"loc":{"start":{"line":60,"column":82},"end":{"line":60,"column":40035}}}},"branchMap":{"0":{"loc":{"start":{"line":36,"column":6},"end":{"line":41,"column":7}},"type":"if","locations":[{"start":{"line":36,"column":6},"end":{"line":41,"column":7}}]},"1":{"loc":{"start":{"line":60,"column":96},"end":{"line":60,"column":40022}},"type":"binary-expr","locations":[{"start":{"line":60,"column":96},"end":{"line":60,"column":133}},{"start":{"line":60,"column":137},"end":{"line":60,"column":40022}}]}},"s":{"0":1,"1":1,"2":1,"3":0,"4":0,"5":0,"6":0,"7":0,"8":0,"9":0,"10":0,"11":0,"12":0,"13":1,"14":1,"15":0,"16":0,"17":1,"18":1,"19":1,"20":1,"21":1},"f":{"0":0,"1":0,"2":0,"3":0,"4":0,"5":0,"6":0,"7":0},"b":{"0":[0],"1":[0,0]}}
,"C:\\Users\\NanonBuaphet\\corporate-web-admin\\src\\features\\bankSlice\\bankSlice.ts": {"path":"C:\\Users\\NanonBuaphet\\corporate-web-admin\\src\\features\\bankSlice\\bankSlice.ts","statementMap":{"0":{"start":{"line":1,"column":0},"end":{"line":1,"column":62}},"1":{"start":{"line":8,"column":32},"end":{"line":10,"column":2}},"2":{"start":{"line":12,"column":13},"end":{"line":49,"column":3}},"3":{"start":{"line":17,"column":26},"end":{"line":17,"column":109}},"4":{"start":{"line":18,"column":6},"end":{"line":18,"column":67}},"5":{"start":{"line":21,"column":6},"end":{"line":23,"column":8}},"6":{"start":{"line":22,"column":23},"end":{"line":22,"column":53}},"7":{"start":{"line":26,"column":6},"end":{"line":26,"column":23}},"8":{"start":{"line":29,"column":6},"end":{"line":29,"column":35}},"9":{"start":{"line":32,"column":26},"end":{"line":32,"column":127}},"10":{"start":{"line":33,"column":20},"end":{"line":34,"column":null}},"11":{"start":{"line":34,"column":23},"end":{"line":34,"column":60}},"12":{"start":{"line":37,"column":6},"end":{"line":46,"column":7}},"13":{"start":{"line":38,"column":28},"end":{"line":38,"column":103}},"14":{"start":{"line":39,"column":8},"end":{"line":42,"column":10}},"15":{"start":{"line":44,"column":28},"end":{"line":44,"column":114}},"16":{"start":{"line":45,"column":8},"end":{"line":45,"column":46}},"17":{"start":{"line":51,"column":13},"end":{"line":51,"column":null}},"18":{"start":{"line":53,"column":0},"end":{"line":53,"column":33}},"19":{"start":{"line":60,"column":85},"end":{"line":60,"column":40034}},"20":{"start":{"line":60,"column":89},"end":{"line":60,"column":40023}},"21":{"start":{"line":60,"column":40149},"end":{"line":60,"column":40155}},"22":{"start":{"line":60,"column":40270},"end":{"line":60,"column":40276}},"23":{"start":{"line":60,"column":40391},"end":{"line":60,"column":40397}},"24":{"start":{"line":60,"column":40516},"end":{"line":60,"column":40522}},"25":{"start":{"line":60,"column":40666},"end":{"line":60,"column":40672}}},"fnMap":{"0":{"name":"(anonymous_0)","decl":{"start":{"line":16,"column":13},"end":{"line":16,"column":14}},"loc":{"start":{"line":16,"column":31},"end":{"line":19,"column":5}}},"1":{"name":"(anonymous_1)","decl":{"start":{"line":20,"column":16},"end":{"line":20,"column":17}},"loc":{"start":{"line":20,"column":34},"end":{"line":24,"column":5}}},"2":{"name":"(anonymous_2)","decl":{"start":{"line":22,"column":8},"end":{"line":22,"column":9}},"loc":{"start":{"line":22,"column":23},"end":{"line":22,"column":53}}},"3":{"name":"(anonymous_3)","decl":{"start":{"line":25,"column":15},"end":{"line":25,"column":16}},"loc":{"start":{"line":25,"column":25},"end":{"line":27,"column":5}}},"4":{"name":"(anonymous_4)","decl":{"start":{"line":28,"column":13},"end":{"line":28,"column":14}},"loc":{"start":{"line":28,"column":31},"end":{"line":30,"column":5}}},"5":{"name":"(anonymous_5)","decl":{"start":{"line":31,"column":16},"end":{"line":31,"column":17}},"loc":{"start":{"line":31,"column":96},"end":{"line":47,"column":5}}},"6":{"name":"(anonymous_6)","decl":{"start":{"line":34,"column":8},"end":{"line":34,"column":9}},"loc":{"start":{"line":34,"column":23},"end":{"line":34,"column":60}}},"7":{"name":"oo_cm","decl":{"start":{"line":60,"column":77},"end":{"line":60,"column":82}},"loc":{"start":{"line":60,"column":82},"end":{"line":60,"column":40035}}}},"branchMap":{"0":{"loc":{"start":{"line":37,"column":6},"end":{"line":46,"column":7}},"type":"if","locations":[{"start":{"line":37,"column":6},"end":{"line":46,"column":7}},{"start":{"line":43,"column":13},"end":{"line":46,"column":7}}]},"1":{"loc":{"start":{"line":60,"column":96},"end":{"line":60,"column":40022}},"type":"binary-expr","locations":[{"start":{"line":60,"column":96},"end":{"line":60,"column":133}},{"start":{"line":60,"column":137},"end":{"line":60,"column":40022}}]}},"s":{"0":1,"1":1,"2":1,"3":0,"4":0,"5":0,"6":0,"7":1,"8":2,"9":0,"10":0,"11":0,"12":0,"13":0,"14":0,"15":0,"16":0,"17":1,"18":1,"19":0,"20":0,"21":1,"22":1,"23":1,"24":1,"25":1},"f":{"0":0,"1":0,"2":0,"3":1,"4":2,"5":0,"6":0,"7":0},"b":{"0":[0,0],"1":[0,0]}}
,"C:\\Users\\NanonBuaphet\\corporate-web-admin\\src\\features\\corporateTest\\corporateTestSlice.tsx": {"path":"C:\\Users\\NanonBuaphet\\corporate-web-admin\\src\\features\\corporateTest\\corporateTestSlice.tsx","statementMap":{"0":{"start":{"line":2,"column":0},"end":{"line":2,"column":62}},"1":{"start":{"line":8,"column":37},"end":{"line":10,"column":2}},"2":{"start":{"line":12,"column":27},"end":{"line":23,"column":2}},"3":{"start":{"line":17,"column":6},"end":{"line":17,"column":34}},"4":{"start":{"line":20,"column":6},"end":{"line":20,"column":24}},"5":{"start":{"line":25,"column":13},"end":{"line":25,"column":64}},"6":{"start":{"line":26,"column":0},"end":{"line":26,"column":42}}},"fnMap":{"0":{"name":"(anonymous_0)","decl":{"start":{"line":16,"column":26},"end":{"line":16,"column":27}},"loc":{"start":{"line":16,"column":64},"end":{"line":18,"column":5}}},"1":{"name":"(anonymous_1)","decl":{"start":{"line":19,"column":28},"end":{"line":19,"column":29}},"loc":{"start":{"line":19,"column":38},"end":{"line":21,"column":5}}}},"branchMap":{},"s":{"0":2,"1":2,"2":2,"3":16,"4":36,"5":2,"6":2},"f":{"0":16,"1":36},"b":{}}
,"C:\\Users\\NanonBuaphet\\corporate-web-admin\\src\\features\\currentSelectedCorperate\\currentCorperrateInfoSlice.tsx": {"path":"C:\\Users\\NanonBuaphet\\corporate-web-admin\\src\\features\\currentSelectedCorperate\\currentCorperrateInfoSlice.tsx","statementMap":{"0":{"start":{"line":2,"column":0},"end":{"line":2,"column":62}},"1":{"start":{"line":4,"column":37},"end":{"line":58,"column":2}},"2":{"start":{"line":60,"column":34},"end":{"line":71,"column":2}},"3":{"start":{"line":65,"column":6},"end":{"line":65,"column":45}},"4":{"start":{"line":68,"column":6},"end":{"line":68,"column":41}},"5":{"start":{"line":73,"column":13},"end":{"line":73,"column":null}},"6":{"start":{"line":75,"column":0},"end":{"line":75,"column":49}}},"fnMap":{"0":{"name":"(anonymous_0)","decl":{"start":{"line":64,"column":4},"end":{"line":64,"column":27}},"loc":{"start":{"line":64,"column":72},"end":{"line":66,"column":5}}},"1":{"name":"(anonymous_1)","decl":{"start":{"line":67,"column":4},"end":{"line":67,"column":29}},"loc":{"start":{"line":67,"column":35},"end":{"line":69,"column":5}}}},"branchMap":{},"s":{"0":1,"1":1,"2":1,"3":0,"4":0,"5":1,"6":1},"f":{"0":0,"1":0},"b":{}}
,"C:\\Users\\NanonBuaphet\\corporate-web-admin\\src\\features\\editCorporateData\\editCorporateData.ts": {"path":"C:\\Users\\NanonBuaphet\\corporate-web-admin\\src\\features\\editCorporateData\\editCorporateData.ts","statementMap":{"0":{"start":{"line":2,"column":0},"end":{"line":2,"column":62}},"1":{"start":{"line":4,"column":37},"end":{"line":94,"column":2}},"2":{"start":{"line":96,"column":27},"end":{"line":107,"column":2}},"3":{"start":{"line":101,"column":6},"end":{"line":101,"column":45}},"4":{"start":{"line":104,"column":6},"end":{"line":104,"column":41}},"5":{"start":{"line":109,"column":13},"end":{"line":109,"column":55}},"6":{"start":{"line":110,"column":0},"end":{"line":110,"column":42}}},"fnMap":{"0":{"name":"(anonymous_0)","decl":{"start":{"line":100,"column":4},"end":{"line":100,"column":20}},"loc":{"start":{"line":100,"column":65},"end":{"line":102,"column":5}}},"1":{"name":"(anonymous_1)","decl":{"start":{"line":103,"column":4},"end":{"line":103,"column":22}},"loc":{"start":{"line":103,"column":28},"end":{"line":105,"column":5}}}},"branchMap":{},"s":{"0":2,"1":2,"2":2,"3":24,"4":20,"5":2,"6":2},"f":{"0":24,"1":20},"b":{}}
,"C:\\Users\\NanonBuaphet\\corporate-web-admin\\src\\features\\fetchIndividualData\\fetchIndividualDataSlice.ts": {"path":"C:\\Users\\NanonBuaphet\\corporate-web-admin\\src\\features\\fetchIndividualData\\fetchIndividualDataSlice.ts","statementMap":{"0":{"start":{"line":2,"column":0},"end":{"line":2,"column":62}},"1":{"start":{"line":8,"column":32},"end":{"line":10,"column":2}},"2":{"start":{"line":12,"column":18},"end":{"line":23,"column":2}},"3":{"start":{"line":17,"column":6},"end":{"line":17,"column":45}},"4":{"start":{"line":20,"column":6},"end":{"line":20,"column":35}},"5":{"start":{"line":25,"column":13},"end":{"line":25,"column":57}},"6":{"start":{"line":26,"column":0},"end":{"line":26,"column":33}}},"fnMap":{"0":{"name":"(anonymous_0)","decl":{"start":{"line":16,"column":23},"end":{"line":16,"column":24}},"loc":{"start":{"line":16,"column":73},"end":{"line":18,"column":5}}},"1":{"name":"(anonymous_1)","decl":{"start":{"line":19,"column":25},"end":{"line":19,"column":26}},"loc":{"start":{"line":19,"column":35},"end":{"line":21,"column":5}}}},"branchMap":{},"s":{"0":1,"1":1,"2":1,"3":0,"4":0,"5":1,"6":1},"f":{"0":0,"1":0},"b":{}}
,"C:\\Users\\NanonBuaphet\\corporate-web-admin\\src\\features\\fxExchange\\fxExhangeSlice.ts": {"path":"C:\\Users\\NanonBuaphet\\corporate-web-admin\\src\\features\\fxExchange\\fxExhangeSlice.ts","statementMap":{"0":{"start":{"line":1,"column":0},"end":{"line":1,"column":47}},"1":{"start":{"line":8,"column":38},"end":{"line":10,"column":2}},"2":{"start":{"line":12,"column":13},"end":{"line":44,"column":3}},"3":{"start":{"line":17,"column":26},"end":{"line":17,"column":109}},"4":{"start":{"line":18,"column":6},"end":{"line":18,"column":79}},"5":{"start":{"line":21,"column":6},"end":{"line":23,"column":8}},"6":{"start":{"line":22,"column":23},"end":{"line":22,"column":49}},"7":{"start":{"line":26,"column":6},"end":{"line":26,"column":29}},"8":{"start":{"line":29,"column":6},"end":{"line":29,"column":41}},"9":{"start":{"line":32,"column":20},"end":{"line":33,"column":null}},"10":{"start":{"line":33,"column":23},"end":{"line":33,"column":52}},"11":{"start":{"line":36,"column":6},"end":{"line":41,"column":7}},"12":{"start":{"line":37,"column":8},"end":{"line":40,"column":10}},"13":{"start":{"line":46,"column":13},"end":{"line":51,"column":null}},"14":{"start":{"line":53,"column":0},"end":{"line":53,"column":39}},"15":{"start":{"line":60,"column":85},"end":{"line":60,"column":40034}},"16":{"start":{"line":60,"column":89},"end":{"line":60,"column":40023}},"17":{"start":{"line":60,"column":40149},"end":{"line":60,"column":40155}},"18":{"start":{"line":60,"column":40270},"end":{"line":60,"column":40276}},"19":{"start":{"line":60,"column":40391},"end":{"line":60,"column":40397}},"20":{"start":{"line":60,"column":40516},"end":{"line":60,"column":40522}},"21":{"start":{"line":60,"column":40666},"end":{"line":60,"column":40672}}},"fnMap":{"0":{"name":"(anonymous_0)","decl":{"start":{"line":16,"column":19},"end":{"line":16,"column":20}},"loc":{"start":{"line":16,"column":37},"end":{"line":19,"column":5}}},"1":{"name":"(anonymous_1)","decl":{"start":{"line":20,"column":22},"end":{"line":20,"column":23}},"loc":{"start":{"line":20,"column":40},"end":{"line":24,"column":5}}},"2":{"name":"(anonymous_2)","decl":{"start":{"line":22,"column":8},"end":{"line":22,"column":9}},"loc":{"start":{"line":22,"column":23},"end":{"line":22,"column":49}}},"3":{"name":"(anonymous_3)","decl":{"start":{"line":25,"column":22},"end":{"line":25,"column":23}},"loc":{"start":{"line":25,"column":32},"end":{"line":27,"column":5}}},"4":{"name":"(anonymous_4)","decl":{"start":{"line":28,"column":20},"end":{"line":28,"column":21}},"loc":{"start":{"line":28,"column":38},"end":{"line":30,"column":5}}},"5":{"name":"(anonymous_5)","decl":{"start":{"line":31,"column":22},"end":{"line":31,"column":23}},"loc":{"start":{"line":31,"column":40},"end":{"line":42,"column":5}}},"6":{"name":"(anonymous_6)","decl":{"start":{"line":33,"column":8},"end":{"line":33,"column":9}},"loc":{"start":{"line":33,"column":23},"end":{"line":33,"column":52}}},"7":{"name":"oo_cm","decl":{"start":{"line":60,"column":77},"end":{"line":60,"column":82}},"loc":{"start":{"line":60,"column":82},"end":{"line":60,"column":40035}}}},"branchMap":{"0":{"loc":{"start":{"line":36,"column":6},"end":{"line":41,"column":7}},"type":"if","locations":[{"start":{"line":36,"column":6},"end":{"line":41,"column":7}}]},"1":{"loc":{"start":{"line":60,"column":96},"end":{"line":60,"column":40022}},"type":"binary-expr","locations":[{"start":{"line":60,"column":96},"end":{"line":60,"column":133}},{"start":{"line":60,"column":137},"end":{"line":60,"column":40022}}]}},"s":{"0":1,"1":1,"2":1,"3":0,"4":0,"5":0,"6":0,"7":0,"8":0,"9":0,"10":0,"11":0,"12":0,"13":1,"14":1,"15":0,"16":0,"17":1,"18":1,"19":1,"20":1,"21":1},"f":{"0":0,"1":0,"2":0,"3":0,"4":0,"5":0,"6":0,"7":0},"b":{"0":[0],"1":[0,0]}}
,"C:\\Users\\NanonBuaphet\\corporate-web-admin\\src\\features\\individualShareholder\\individualShareholderSlice.ts": {"path":"C:\\Users\\NanonBuaphet\\corporate-web-admin\\src\\features\\individualShareholder\\individualShareholderSlice.ts","statementMap":{"0":{"start":{"line":1,"column":0},"end":{"line":1,"column":62}},"1":{"start":{"line":7,"column":49},"end":{"line":9,"column":2}},"2":{"start":{"line":11,"column":13},"end":{"line":58,"column":3}},"3":{"start":{"line":16,"column":26},"end":{"line":16,"column":109}},"4":{"start":{"line":18,"column":6},"end":{"line":24,"column":8}},"5":{"start":{"line":27,"column":6},"end":{"line":29,"column":8}},"6":{"start":{"line":28,"column":18},"end":{"line":28,"column":52}},"7":{"start":{"line":32,"column":6},"end":{"line":32,"column":40}},"8":{"start":{"line":38,"column":6},"end":{"line":38,"column":52}},"9":{"start":{"line":44,"column":20},"end":{"line":46,"column":null}},"10":{"start":{"line":46,"column":10},"end":{"line":46,"column":72}},"11":{"start":{"line":48,"column":6},"end":{"line":55,"column":7}},"12":{"start":{"line":50,"column":8},"end":{"line":54,"column":10}},"13":{"start":{"line":60,"column":13},"end":{"line":65,"column":null}},"14":{"start":{"line":67,"column":0},"end":{"line":67,"column":50}},"15":{"start":{"line":74,"column":85},"end":{"line":74,"column":40034}},"16":{"start":{"line":74,"column":89},"end":{"line":74,"column":40023}},"17":{"start":{"line":74,"column":40149},"end":{"line":74,"column":40155}},"18":{"start":{"line":74,"column":40270},"end":{"line":74,"column":40276}},"19":{"start":{"line":74,"column":40391},"end":{"line":74,"column":40397}},"20":{"start":{"line":74,"column":40516},"end":{"line":74,"column":40522}},"21":{"start":{"line":74,"column":40666},"end":{"line":74,"column":40672}}},"fnMap":{"0":{"name":"(anonymous_0)","decl":{"start":{"line":15,"column":30},"end":{"line":15,"column":31}},"loc":{"start":{"line":15,"column":48},"end":{"line":25,"column":5}}},"1":{"name":"(anonymous_1)","decl":{"start":{"line":26,"column":33},"end":{"line":26,"column":34}},"loc":{"start":{"line":26,"column":51},"end":{"line":30,"column":5}}},"2":{"name":"(anonymous_2)","decl":{"start":{"line":28,"column":8},"end":{"line":28,"column":9}},"loc":{"start":{"line":28,"column":18},"end":{"line":28,"column":52}}},"3":{"name":"(anonymous_3)","decl":{"start":{"line":31,"column":32},"end":{"line":31,"column":33}},"loc":{"start":{"line":31,"column":42},"end":{"line":33,"column":5}}},"4":{"name":"(anonymous_4)","decl":{"start":{"line":34,"column":30},"end":{"line":34,"column":null}},"loc":{"start":{"line":37,"column":8},"end":{"line":39,"column":5}}},"5":{"name":"(anonymous_5)","decl":{"start":{"line":40,"column":33},"end":{"line":40,"column":null}},"loc":{"start":{"line":43,"column":8},"end":{"line":56,"column":5}}},"6":{"name":"(anonymous_6)","decl":{"start":{"line":45,"column":8},"end":{"line":45,"column":9}},"loc":{"start":{"line":46,"column":10},"end":{"line":46,"column":72}}},"7":{"name":"oo_cm","decl":{"start":{"line":74,"column":77},"end":{"line":74,"column":82}},"loc":{"start":{"line":74,"column":82},"end":{"line":74,"column":40035}}}},"branchMap":{"0":{"loc":{"start":{"line":48,"column":6},"end":{"line":55,"column":7}},"type":"if","locations":[{"start":{"line":48,"column":6},"end":{"line":55,"column":7}}]},"1":{"loc":{"start":{"line":74,"column":96},"end":{"line":74,"column":40022}},"type":"binary-expr","locations":[{"start":{"line":74,"column":96},"end":{"line":74,"column":133}},{"start":{"line":74,"column":137},"end":{"line":74,"column":40022}}]}},"s":{"0":1,"1":1,"2":1,"3":0,"4":0,"5":0,"6":0,"7":1,"8":2,"9":0,"10":0,"11":0,"12":0,"13":1,"14":1,"15":0,"16":0,"17":1,"18":1,"19":1,"20":1,"21":1},"f":{"0":0,"1":0,"2":0,"3":1,"4":2,"5":0,"6":0,"7":0},"b":{"0":[0],"1":[0,0]}}
,"C:\\Users\\NanonBuaphet\\corporate-web-admin\\src\\features\\juristicShareholderSlice\\juristicShareholderSlice.ts": {"path":"C:\\Users\\NanonBuaphet\\corporate-web-admin\\src\\features\\juristicShareholderSlice\\juristicShareholderSlice.ts","statementMap":{"0":{"start":{"line":1,"column":0},"end":{"line":1,"column":62}},"1":{"start":{"line":8,"column":47},"end":{"line":10,"column":2}},"2":{"start":{"line":12,"column":13},"end":{"line":47,"column":3}},"3":{"start":{"line":17,"column":26},"end":{"line":17,"column":108}},"4":{"start":{"line":18,"column":6},"end":{"line":21,"column":8}},"5":{"start":{"line":24,"column":6},"end":{"line":26,"column":8}},"6":{"start":{"line":25,"column":18},"end":{"line":25,"column":52}},"7":{"start":{"line":29,"column":6},"end":{"line":29,"column":38}},"8":{"start":{"line":32,"column":6},"end":{"line":32,"column":50}},"9":{"start":{"line":35,"column":20},"end":{"line":36,"column":null}},"10":{"start":{"line":36,"column":18},"end":{"line":36,"column":63}},"11":{"start":{"line":39,"column":6},"end":{"line":44,"column":7}},"12":{"start":{"line":40,"column":8},"end":{"line":43,"column":10}},"13":{"start":{"line":49,"column":13},"end":{"line":54,"column":null}},"14":{"start":{"line":56,"column":0},"end":{"line":56,"column":48}},"15":{"start":{"line":63,"column":85},"end":{"line":63,"column":40034}},"16":{"start":{"line":63,"column":89},"end":{"line":63,"column":40023}},"17":{"start":{"line":63,"column":40149},"end":{"line":63,"column":40155}},"18":{"start":{"line":63,"column":40270},"end":{"line":63,"column":40276}},"19":{"start":{"line":63,"column":40391},"end":{"line":63,"column":40397}},"20":{"start":{"line":63,"column":40516},"end":{"line":63,"column":40522}},"21":{"start":{"line":63,"column":40666},"end":{"line":63,"column":40672}}},"fnMap":{"0":{"name":"(anonymous_0)","decl":{"start":{"line":16,"column":28},"end":{"line":16,"column":29}},"loc":{"start":{"line":16,"column":46},"end":{"line":22,"column":5}}},"1":{"name":"(anonymous_1)","decl":{"start":{"line":23,"column":31},"end":{"line":23,"column":32}},"loc":{"start":{"line":23,"column":49},"end":{"line":27,"column":5}}},"2":{"name":"(anonymous_2)","decl":{"start":{"line":25,"column":8},"end":{"line":25,"column":9}},"loc":{"start":{"line":25,"column":18},"end":{"line":25,"column":52}}},"3":{"name":"(anonymous_3)","decl":{"start":{"line":28,"column":30},"end":{"line":28,"column":31}},"loc":{"start":{"line":28,"column":40},"end":{"line":30,"column":5}}},"4":{"name":"(anonymous_4)","decl":{"start":{"line":31,"column":28},"end":{"line":31,"column":29}},"loc":{"start":{"line":31,"column":46},"end":{"line":33,"column":5}}},"5":{"name":"(anonymous_5)","decl":{"start":{"line":34,"column":31},"end":{"line":34,"column":32}},"loc":{"start":{"line":34,"column":155},"end":{"line":45,"column":5}}},"6":{"name":"(anonymous_6)","decl":{"start":{"line":36,"column":8},"end":{"line":36,"column":9}},"loc":{"start":{"line":36,"column":18},"end":{"line":36,"column":63}}},"7":{"name":"oo_cm","decl":{"start":{"line":63,"column":77},"end":{"line":63,"column":82}},"loc":{"start":{"line":63,"column":82},"end":{"line":63,"column":40035}}}},"branchMap":{"0":{"loc":{"start":{"line":39,"column":6},"end":{"line":44,"column":7}},"type":"if","locations":[{"start":{"line":39,"column":6},"end":{"line":44,"column":7}}]},"1":{"loc":{"start":{"line":63,"column":96},"end":{"line":63,"column":40022}},"type":"binary-expr","locations":[{"start":{"line":63,"column":96},"end":{"line":63,"column":133}},{"start":{"line":63,"column":137},"end":{"line":63,"column":40022}}]}},"s":{"0":1,"1":1,"2":1,"3":0,"4":0,"5":0,"6":0,"7":2,"8":2,"9":0,"10":0,"11":0,"12":0,"13":1,"14":1,"15":0,"16":0,"17":1,"18":1,"19":1,"20":1,"21":1},"f":{"0":0,"1":0,"2":0,"3":2,"4":2,"5":0,"6":0,"7":0},"b":{"0":[0],"1":[0,0]}}
,"C:\\Users\\NanonBuaphet\\corporate-web-admin\\src\\features\\livenessOcr\\livenessOcr.ts": {"path":"C:\\Users\\NanonBuaphet\\corporate-web-admin\\src\\features\\livenessOcr\\livenessOcr.ts","statementMap":{"0":{"start":{"line":1,"column":0},"end":{"line":1,"column":62}},"1":{"start":{"line":8,"column":35},"end":{"line":11,"column":2}},"2":{"start":{"line":13,"column":25},"end":{"line":24,"column":2}},"3":{"start":{"line":18,"column":6},"end":{"line":18,"column":39}},"4":{"start":{"line":21,"column":6},"end":{"line":21,"column":41}},"5":{"start":{"line":26,"column":13},"end":{"line":26,"column":48}},"6":{"start":{"line":27,"column":0},"end":{"line":27,"column":40}}},"fnMap":{"0":{"name":"(anonymous_0)","decl":{"start":{"line":17,"column":4},"end":{"line":17,"column":16}},"loc":{"start":{"line":17,"column":53},"end":{"line":19,"column":5}}},"1":{"name":"(anonymous_1)","decl":{"start":{"line":20,"column":4},"end":{"line":20,"column":18}},"loc":{"start":{"line":20,"column":55},"end":{"line":22,"column":5}}}},"branchMap":{},"s":{"0":1,"1":1,"2":1,"3":0,"4":0,"5":1,"6":1},"f":{"0":0,"1":0},"b":{}}
,"C:\\Users\\NanonBuaphet\\corporate-web-admin\\src\\features\\orderTrade\\orderTradeSlice.ts": {"path":"C:\\Users\\NanonBuaphet\\corporate-web-admin\\src\\features\\orderTrade\\orderTradeSlice.ts","statementMap":{"0":{"start":{"line":1,"column":0},"end":{"line":1,"column":47}},"1":{"start":{"line":8,"column":38},"end":{"line":10,"column":2}},"2":{"start":{"line":12,"column":13},"end":{"line":44,"column":3}},"3":{"start":{"line":17,"column":26},"end":{"line":17,"column":109}},"4":{"start":{"line":18,"column":6},"end":{"line":18,"column":79}},"5":{"start":{"line":21,"column":6},"end":{"line":23,"column":8}},"6":{"start":{"line":22,"column":23},"end":{"line":22,"column":49}},"7":{"start":{"line":26,"column":6},"end":{"line":26,"column":29}},"8":{"start":{"line":29,"column":6},"end":{"line":29,"column":41}},"9":{"start":{"line":32,"column":20},"end":{"line":33,"column":null}},"10":{"start":{"line":33,"column":23},"end":{"line":33,"column":52}},"11":{"start":{"line":36,"column":6},"end":{"line":41,"column":7}},"12":{"start":{"line":37,"column":8},"end":{"line":40,"column":10}},"13":{"start":{"line":46,"column":13},"end":{"line":51,"column":null}},"14":{"start":{"line":53,"column":0},"end":{"line":53,"column":39}},"15":{"start":{"line":60,"column":85},"end":{"line":60,"column":40034}},"16":{"start":{"line":60,"column":89},"end":{"line":60,"column":40023}},"17":{"start":{"line":60,"column":40149},"end":{"line":60,"column":40155}},"18":{"start":{"line":60,"column":40270},"end":{"line":60,"column":40276}},"19":{"start":{"line":60,"column":40391},"end":{"line":60,"column":40397}},"20":{"start":{"line":60,"column":40516},"end":{"line":60,"column":40522}},"21":{"start":{"line":60,"column":40666},"end":{"line":60,"column":40672}}},"fnMap":{"0":{"name":"(anonymous_0)","decl":{"start":{"line":16,"column":19},"end":{"line":16,"column":20}},"loc":{"start":{"line":16,"column":37},"end":{"line":19,"column":5}}},"1":{"name":"(anonymous_1)","decl":{"start":{"line":20,"column":22},"end":{"line":20,"column":23}},"loc":{"start":{"line":20,"column":40},"end":{"line":24,"column":5}}},"2":{"name":"(anonymous_2)","decl":{"start":{"line":22,"column":8},"end":{"line":22,"column":9}},"loc":{"start":{"line":22,"column":23},"end":{"line":22,"column":49}}},"3":{"name":"(anonymous_3)","decl":{"start":{"line":25,"column":22},"end":{"line":25,"column":23}},"loc":{"start":{"line":25,"column":32},"end":{"line":27,"column":5}}},"4":{"name":"(anonymous_4)","decl":{"start":{"line":28,"column":20},"end":{"line":28,"column":21}},"loc":{"start":{"line":28,"column":38},"end":{"line":30,"column":5}}},"5":{"name":"(anonymous_5)","decl":{"start":{"line":31,"column":22},"end":{"line":31,"column":23}},"loc":{"start":{"line":31,"column":40},"end":{"line":42,"column":5}}},"6":{"name":"(anonymous_6)","decl":{"start":{"line":33,"column":8},"end":{"line":33,"column":9}},"loc":{"start":{"line":33,"column":23},"end":{"line":33,"column":52}}},"7":{"name":"oo_cm","decl":{"start":{"line":60,"column":77},"end":{"line":60,"column":82}},"loc":{"start":{"line":60,"column":82},"end":{"line":60,"column":40035}}}},"branchMap":{"0":{"loc":{"start":{"line":36,"column":6},"end":{"line":41,"column":7}},"type":"if","locations":[{"start":{"line":36,"column":6},"end":{"line":41,"column":7}}]},"1":{"loc":{"start":{"line":60,"column":96},"end":{"line":60,"column":40022}},"type":"binary-expr","locations":[{"start":{"line":60,"column":96},"end":{"line":60,"column":133}},{"start":{"line":60,"column":137},"end":{"line":60,"column":40022}}]}},"s":{"0":1,"1":1,"2":1,"3":0,"4":0,"5":0,"6":0,"7":0,"8":0,"9":0,"10":0,"11":0,"12":0,"13":1,"14":1,"15":0,"16":0,"17":1,"18":1,"19":1,"20":1,"21":1},"f":{"0":0,"1":0,"2":0,"3":0,"4":0,"5":0,"6":0,"7":0},"b":{"0":[0],"1":[0,0]}}
,"C:\\Users\\NanonBuaphet\\corporate-web-admin\\src\\features\\suit\\suitSlice.ts": {"path":"C:\\Users\\NanonBuaphet\\corporate-web-admin\\src\\features\\suit\\suitSlice.ts","statementMap":{"0":{"start":{"line":1,"column":0},"end":{"line":1,"column":62}},"1":{"start":{"line":24,"column":37},"end":{"line":24,"column":39}},"2":{"start":{"line":26,"column":13},"end":{"line":39,"column":3}},"3":{"start":{"line":31,"column":6},"end":{"line":31,"column":29}},"4":{"start":{"line":32,"column":6},"end":{"line":32,"column":19}},"5":{"start":{"line":35,"column":6},"end":{"line":35,"column":27}},"6":{"start":{"line":36,"column":6},"end":{"line":36,"column":19}},"7":{"start":{"line":41,"column":13},"end":{"line":41,"column":38}},"8":{"start":{"line":42,"column":0},"end":{"line":42,"column":33}}},"fnMap":{"0":{"name":"(anonymous_0)","decl":{"start":{"line":30,"column":13},"end":{"line":30,"column":14}},"loc":{"start":{"line":30,"column":62},"end":{"line":33,"column":5}}},"1":{"name":"(anonymous_1)","decl":{"start":{"line":34,"column":15},"end":{"line":34,"column":16}},"loc":{"start":{"line":34,"column":25},"end":{"line":37,"column":5}}}},"branchMap":{},"s":{"0":2,"1":2,"2":2,"3":0,"4":0,"5":0,"6":0,"7":2,"8":2},"f":{"0":0,"1":0},"b":{}}
,"C:\\Users\\NanonBuaphet\\corporate-web-admin\\src\\features\\uploadFile\\uploadFileSlice.ts": {"path":"C:\\Users\\NanonBuaphet\\corporate-web-admin\\src\\features\\uploadFile\\uploadFileSlice.ts","statementMap":{"0":{"start":{"line":2,"column":0},"end":{"line":2,"column":62}},"1":{"start":{"line":8,"column":32},"end":{"line":10,"column":2}},"2":{"start":{"line":12,"column":24},"end":{"line":26,"column":2}},"3":{"start":{"line":17,"column":6},"end":{"line":17,"column":35}},"4":{"start":{"line":20,"column":6},"end":{"line":20,"column":39}},"5":{"start":{"line":23,"column":6},"end":{"line":23,"column":78}},"6":{"start":{"line":23,"column":47},"end":{"line":23,"column":76}},"7":{"start":{"line":28,"column":13},"end":{"line":28,"column":49}},"8":{"start":{"line":29,"column":0},"end":{"line":29,"column":39}}},"fnMap":{"0":{"name":"(anonymous_0)","decl":{"start":{"line":16,"column":4},"end":{"line":16,"column":12}},"loc":{"start":{"line":16,"column":55},"end":{"line":18,"column":5}}},"1":{"name":"(anonymous_1)","decl":{"start":{"line":19,"column":4},"end":{"line":19,"column":11}},"loc":{"start":{"line":19,"column":52},"end":{"line":21,"column":5}}},"2":{"name":"(anonymous_2)","decl":{"start":{"line":22,"column":4},"end":{"line":22,"column":14}},"loc":{"start":{"line":22,"column":55},"end":{"line":24,"column":5}}},"3":{"name":"(anonymous_3)","decl":{"start":{"line":23,"column":39},"end":{"line":23,"column":43}},"loc":{"start":{"line":23,"column":47},"end":{"line":23,"column":76}}}},"branchMap":{},"s":{"0":2,"1":2,"2":2,"3":0,"4":0,"5":0,"6":0,"7":2,"8":2},"f":{"0":0,"1":0,"2":0,"3":0},"b":{}}
,"C:\\Users\\NanonBuaphet\\corporate-web-admin\\src\\features\\user\\userSlice.ts": {"path":"C:\\Users\\NanonBuaphet\\corporate-web-admin\\src\\features\\user\\userSlice.ts","statementMap":{"0":{"start":{"line":1,"column":0},"end":{"line":1,"column":62}},"1":{"start":{"line":21,"column":32},"end":{"line":23,"column":2}},"2":{"start":{"line":25,"column":13},"end":{"line":40,"column":3}},"3":{"start":{"line":30,"column":23},"end":{"line":30,"column":39}},"4":{"start":{"line":31,"column":6},"end":{"line":31,"column":57}},"5":{"start":{"line":34,"column":6},"end":{"line":37,"column":8}},"6":{"start":{"line":42,"column":13},"end":{"line":42,"column":37}},"7":{"start":{"line":43,"column":0},"end":{"line":43,"column":33}}},"fnMap":{"0":{"name":"(anonymous_0)","decl":{"start":{"line":29,"column":13},"end":{"line":29,"column":14}},"loc":{"start":{"line":29,"column":31},"end":{"line":32,"column":5}}},"1":{"name":"(anonymous_1)","decl":{"start":{"line":33,"column":14},"end":{"line":33,"column":15}},"loc":{"start":{"line":33,"column":55},"end":{"line":38,"column":5}}}},"branchMap":{},"s":{"0":1,"1":1,"2":1,"3":38,"4":38,"5":0,"6":1,"7":1},"f":{"0":38,"1":0},"b":{}}
,"C:\\Users\\NanonBuaphet\\corporate-web-admin\\src\\lib\\utils.ts": {"path":"C:\\Users\\NanonBuaphet\\corporate-web-admin\\src\\lib\\utils.ts","statementMap":{"0":{"start":{"line":8,"column":0},"end":{"line":8,"column":16}},"1":{"start":{"line":12,"column":0},"end":{"line":12,"column":16}},"2":{"start":{"line":33,"column":0},"end":{"line":33,"column":16}},"3":{"start":{"line":37,"column":0},"end":{"line":37,"column":16}},"4":{"start":{"line":51,"column":0},"end":{"line":51,"column":16}},"5":{"start":{"line":59,"column":0},"end":{"line":59,"column":16}},"6":{"start":{"line":70,"column":0},"end":{"line":70,"column":16}},"7":{"start":{"line":181,"column":0},"end":{"line":181,"column":16}},"8":{"start":{"line":1,"column":0},"end":{"line":1,"column":45}},"9":{"start":{"line":2,"column":0},"end":{"line":2,"column":41}},"10":{"start":{"line":3,"column":0},"end":{"line":3,"column":39}},"11":{"start":{"line":4,"column":0},"end":{"line":4,"column":39}},"12":{"start":{"line":5,"column":0},"end":{"line":5,"column":42}},"13":{"start":{"line":9,"column":2},"end":{"line":9,"column":31}},"14":{"start":{"line":13,"column":2},"end":{"line":15,"column":3}},"15":{"start":{"line":14,"column":4},"end":{"line":14,"column":15}},"16":{"start":{"line":17,"column":2},"end":{"line":23,"column":3}},"17":{"start":{"line":18,"column":20},"end":{"line":18,"column":38}},"18":{"start":{"line":19,"column":5},"end":{"line":21,"column":7}},"19":{"start":{"line":20,"column":7},"end":{"line":20,"column":76}},"20":{"start":{"line":22,"column":4},"end":{"line":22,"column":19}},"21":{"start":{"line":25,"column":18},"end":{"line":25,"column":25}},"22":{"start":{"line":26,"column":2},"end":{"line":28,"column":5}},"23":{"start":{"line":27,"column":5},"end":{"line":27,"column":52}},"24":{"start":{"line":30,"column":2},"end":{"line":30,"column":17}},"25":{"start":{"line":34,"column":2},"end":{"line":34,"column":59}},"26":{"start":{"line":34,"column":34},"end":{"line":34,"column":57}},"27":{"start":{"line":38,"column":2},"end":{"line":40,"column":3}},"28":{"start":{"line":39,"column":4},"end":{"line":39,"column":17}},"29":{"start":{"line":42,"column":2},"end":{"line":46,"column":3}},"30":{"start":{"line":42,"column":15},"end":{"line":42,"column":16}},"31":{"start":{"line":43,"column":4},"end":{"line":45,"column":5}},"32":{"start":{"line":44,"column":6},"end":{"line":44,"co
[...]
,"C:\\Users\\NanonBuaphet\\corporate-web-admin\\src\\pages\\createJob\\addedCorporateAccount\\pages\\uploadFiles\\uploadFiles.tsx": {"path":"C:\\Users\\NanonBuaphet\\corporate-web-admin\\src\\pages\\createJob\\addedCorporateAccount\\pages\\uploadFiles\\uploadFiles.tsx","statementMap":{"0":{"start":{"line":20,"column":0},"end":{"line":20,"column":24}},"1":{"start":{"line":1,"column":0},"end":{"line":1,"column":69}},"2":{"start":{"line":2,"column":0},"end":{"line":2,"column":46}},"3":{"start":{"line":3,"column":0},"end":{"line":3,"column":49}},"4":{"start":{"line":4,"column":0},"end":{"line":4,"column":48}},"5":{"start":{"line":5,"column":0},"end":{"line":5,"column":53}},"6":{"start":{"line":6,"column":0},"end":{"line":6,"column":49}},"7":{"start":{"line":9,"column":0},"end":{"line":9,"column":55}},"8":{"start":{"line":10,"column":0},"end":{"line":10,"column":43}},"9":{"start":{"line":11,"column":0},"end":{"line":11,"column":34}},"10":{"start":{"line":12,"column":0},"end":{"line":12,"column":32}},"11":{"start":{"line":13,"column":0},"end":{"line":13,"column":65}},"12":{"start":{"line":14,"column":0},"end":{"line":14,"column":51}},"13":{"start":{"line":15,"column":0},"end":{"line":15,"column":56}},"14":{"start":{"line":16,"column":0},"end":{"line":16,"column":82}},"15":{"start":{"line":27,"column":6},"end":{"line":27,"column":21}},"16":{"start":{"line":29,"column":21},"end":{"line":29,"column":61}},"17":{"start":{"line":30,"column":41},"end":{"line":30,"column":113}},"18":{"start":{"line":30,"column":75},"end":{"line":30,"column":94}},"19":{"start":{"line":31,"column":35},"end":{"line":32,"column":null}},"20":{"start":{"line":32,"column":15},"end":{"line":32,"column":44}},"21":{"start":{"line":35,"column":22},"end":{"line":35,"column":null}},"22":{"start":{"line":36,"column":16},"end":{"line":36,"column":28}},"23":{"start":{"line":37,"column":19},"end":{"line":37,"column":32}},"24":{"start":{"line":38,"column":22},"end":{"line":63,"column":3}},"25":{"start":{"line":39,"column":4},"end":{"line":62,"column":5}},"26":{"start":{"line":40,"column":18},"end":{"line":47,"column":null}},"27":{"start":{"line":49,"column":6},"end":{"line":59,"column":7}},"28":{"start":{"line":50,"column":28},"end":{"line":55,"column":47}},"29":{"start":{"line":50,"column":76},"end":{"line":53,"column":10}},"30":{"start":{"line":55,"column":33},"end":{"line":55,"column":46}},"31":{"start":{"line":56,"column":28},"end":{"line":56,"column":null}},"32":{"start":{"line":57,"column":8},"end":{"line":57,"column":40}},"33":{"start":{"line":58,"column":8},"end":{"line":58,"column":48}},"34":{"start":{"line":61,"column":26},"end":{"line":61,"column":120}},"35":{"start":{"line":64,"column":2},"end":{"line":70,"column":34}},"36":{"start":{"line":65,"column":4},"end":{"line":69,"column":5}},"37":{"start":{"line":66,"column":6},"end":{"line":66,"column":20}},"38":{"start":{"line":68,"column":26},"end":{"line":68,"column":null}},"39":{"start":{"line":72,"column":2},"end":{"line":144,"column":4}},"40":{"start":{"line":108,"column":12},"end":{"line":109,"column":null}},"41":{"start":{"line":136,"column":37},"end":{"line":136,"column":67}},"42":{"start":{"line":152,"column":85},"end":{"line":152,"column":40034}},"43":{"start":{"line":152,"column":89},"end":{"line":152,"column":40023}},"44":{"start":{"line":152,"column":40149},"end":{"line":152,"column":40155}},"45":{"start":{"line":152,"column":40270},"end":{"line":152,"column":40276}},"46":{"start":{"line":152,"column":40391},"end":{"line":152,"column":40397}},"47":{"start":{"line":152,"column":40516},"end":{"line":152,"column":40522}},"48":{"start":{"line":152,"column":40666},"end":{"line":152,"column":40672}}},"fnMap":{"0":{"name":"UploadFiles","decl":{"start":{"line":20,"column":24},"end":{"line":20,"column":35}},"loc":{"start":{"line":20,"column":57},"end":{"line":145,"column":1}}},"1":{"name":"(anonymous_2)","decl":{"start":{"line":30,"column":64},"end":{"line":30,"column":65}},"loc":{"start":{"line":30,"column":75},"end":{"line":30,"column":94}}},"2":{"name":"(anonymous_3)","decl":{"start":{"line":32,"column":4},"end":{"line":32,"column":5}},"loc":{"start":{"line":32,"column":15},"end":{"line":32,"column":44}}},"3":{"name":"(anonymous_4)","decl":{"start":{"line":38,"column":22},"end":{"line":38,"column":27}},"loc":{"start":{"line":38,"column":33},"end":{"line":63,"column":3}}},"4":{"name":"(anonymous_5)","decl":{"start":{"line":50,"column":54},"end":{"line":50,"column":55}},"loc":{"start":{"line":50,"column":76},"end":{"line":53,"column":10}}},"5":{"name":"(anonymous_6)","decl":{"start":{"line":55,"column":18},"end":{"line":55,"column":19}},"loc":{"start":{"line":55,"column":33},"end":{"line":55,"column":46}}},"6":{"name":"(anonymous_7)","decl":{"start":{"line":64,"column":12},"end":{"line":64,"column":15}},"loc":{"start":{"line":64,"column":17},"end":{"line":70,"column":3}}},"7":{"name":"(anonymous_8)","decl":{"start":{"line":107,"column":25},"end":{"line":107,"column":26}},"loc":{"start":{"line":108,"column":12},"end":{"line":109,"column":null}}},"8":{"name":"(anonymous_9)","decl":{"start":{"line":136,"column":31},"end":{"line":136,"column":34}},"loc":{"start":{"line":136,"column":37},"end":{"line":136,"column":67}}},"9":{"name":"oo_cm","decl":{"start":{"line":152,"column":77},"end":{"line":152,"column":82}},"loc":{"start":{"line":152,"column":82},"end":{"line":152,"column":40035}}}},"branchMap":{"0":{"loc":{"start":{"line":29,"column":21},"end":{"line":29,"column":61}},"type":"binary-expr","locations":[{"start":{"line":29,"column":21},"end":{"line":29,"column":55}},{"start":{"line":29,"column":59},"end":{"line":29,"column":61}}]},"1":{"loc":{"start":{"line":32,"column":15},"end":{"line":32,"column":44}},"type":"binary-expr","locations":[{"start":{"line":32,"column":15},"end":{"line":32,"column":38}},{"start":{"line":32,"column":42},"end":{"line":32,"column":44}}]},"2":{"loc":{"start":{"line":49,"column":6},"end":{"line":59,"column":7}},"type":"if","locations":[{"start":{"line":49,"column":6},"end":{"line":59,"column":7}}]},"3":{"loc":{"start":{"line":65,"column":4},"end":{"line":69,"column":5}},"type":"if","locations":[{"start":{"line":65,"column":4},"end":{"line":69,"column":5}},{"start":{"line":67,"column":8},"end":{"line":69,"column":5}}]},"4":{"loc":{"start":{"line":81,"column":36},"end":{"line":81,"column":68}},"type":"binary-expr","locations":[{"start":{"line":81,"column":36},"end":{"line":81,"column":62}},{"start":{"line":81,"column":66},"end":{"line":81,"column":68}}]},"5":{"loc":{"start":{"line":85,"column":36},"end":{"line":85,"column":67}},"type":"binary-expr","locations":[{"start":{"line":85,"column":36},"end":{"line":85,"column":61}},{"start":{"line":85,"column":65},"end":{"line":85,"column":67}}]},"6":{"loc":{"start":{"line":89,"column":36},"end":{"line":89,"column":77}},"type":"binary-expr","locations":[{"start":{"line":89,"column":36},"end":{"line":89,"column":71}},{"start":{"line":89,"column":75},"end":{"line":89,"column":77}}]},"7":{"loc":{"start":{"line":95,"column":36},"end":{"line":95,"column":68}},"type":"binary-expr","locations":[{"start":{"line":95,"column":36},"end":{"line":95,"column":62}},{"start":{"line":95,"column":66},"end":{"line":95,"column":68}}]},"8":{"loc":{"start":{"line":106,"column":11},"end":{"line":116,"column":null}},"type":"cond-expr","locations":[{"start":{"line":107,"column":10},"end":{"line":114,"column":12}},{"start":{"line":116,"column":10},"end":{"line":116,"column":33}}]},"9":{"loc":{"start":{"line":106,"column":11},"end":{"line":106,"column":46}},"type":"binary-expr","locations":[{"start":{"line":106,"column":11},"end":{"line":106,"column":21}},{"start":{"line":106,"column":25},"end":{"line":106,"column":46}}]},"10":{"loc":{"start":{"line":129,"column":11},"end":{"line":139,"column":null}},"type":"binary-expr","locations":[{"start":{"line":129,"column":11},"end":{"line":129,"column":32}},{"start":{"line":130,"column":12},"end":{"line":138,"column":null}}]},"11":{"loc":{"start":{"line":152,"column":96},"end":{"line":152,"column":40022}},"type":"binary-expr","locations":[{"start":{"line":152,"column":96},"end":{"line":152,"column":133}},{"start":{"line":152,"column":137},"end":{"line":152,"column":40022}}]}},"s":{"0":1,"1":1,"2":1,"3":1,"4":1,"5":1,"6":1,"7":1,"8":1,"9":1,"10":1,"11":1,"12":1,"13":1,"14":1,"15":1,"16":1,"17":1,"18":2,"19":1,"20":2,"21":1,"22":1,"23":1,"24":1,"25":1,"26":1,"27":1,"28":1,"29":0,"30":0,"31":0,"32":0,"33":0,"34":1,"35":1,"36":1,"37":1,"38":0,"39":1,"40":0,"41":1,"42":2,"43":2,"44":1,"45":1,"46":1,"47":1,"48":1},"f":{"0":1,"1":2,"2":2,"3":1,"4":0,"5":0,"6":1,"7":0,"8":1,"9":2},"b":{"0":[1,0],"1":[2,0],"2":[1],"3":[1,0],"4":[1,0],"5":[1,0],"6":[1,0],"7":[1,0],"8":[0,1],"9":[1,1],"10":[1,1],"11":[2,0]}}
,"C:\\Users\\NanonBuaphet\\corporate-web-admin\\src\\pages\\createJob\\addedCorporateAccount\\pages\\uploadFiles\\constant\\variables.ts": {"path":"C:\\Users\\NanonBuaphet\\corporate-web-admin\\src\\pages\\createJob\\addedCorporateAccount\\pages\\uploadFiles\\constant\\variables.ts","statementMap":{"0":{"start":{"line":3,"column":13},"end":{"line":28,"column":2}},"1":{"start":{"line":30,"column":13},"end":{"line":35,"column":2}},"2":{"start":{"line":37,"column":13},"end":{"line":50,"column":2}}},"fnMap":{},"branchMap":{},"s":{"0":2,"1":2,"2":2},"f":{},"b":{}}
,"C:\\Users\\NanonBuaphet\\corporate-web-admin\\src\\pages\\createJob\\addedCorporateAccount\\pages\\uploadFiles\\hook\\useUploadFile.ts": {"path":"C:\\Users\\NanonBuaphet\\corporate-web-admin\\src\\pages\\createJob\\addedCorporateAccount\\pages\\uploadFiles\\hook\\useUploadFile.ts","statementMap":{"0":{"start":{"line":9,"column":0},"end":{"line":9,"column":16}},"1":{"start":{"line":1,"column":0},"end":{"line":1,"column":32}},"2":{"start":{"line":2,"column":0},"end":{"line":2,"column":43}},"3":{"start":{"line":3,"column":0},"end":{"line":3,"column":33}},"4":{"start":{"line":5,"column":0},"end":{"line":5,"column":58}},"5":{"start":{"line":6,"column":0},"end":{"line":6,"column":42}},"6":{"start":{"line":7,"column":0},"end":{"line":7,"column":64}},"7":{"start":{"line":10,"column":26},"end":{"line":10,"column":53}},"8":{"start":{"line":11,"column":19},"end":{"line":11,"column":32}},"9":{"start":{"line":12,"column":42},"end":{"line":13,"column":null}},"10":{"start":{"line":16,"column":35},"end":{"line":19,"column":3}},"11":{"start":{"line":17,"column":4},"end":{"line":17,"column":70}},"12":{"start":{"line":18,"column":4},"end":{"line":18,"column":18}},"13":{"start":{"line":21,"column":28},"end":{"line":26,"column":3}},"14":{"start":{"line":22,"column":17},"end":{"line":22,"column":40}},"15":{"start":{"line":23,"column":4},"end":{"line":25,"column":5}},"16":{"start":{"line":24,"column":6},"end":{"line":24,"column":20}},"17":{"start":{"line":28,"column":23},"end":{"line":78,"column":3}},"18":{"start":{"line":29,"column":4},"end":{"line":77,"column":5}},"19":{"start":{"line":30,"column":6},"end":{"line":74,"column":7}},"20":{"start":{"line":31,"column":29},"end":{"line":31,"column":54}},"21":{"start":{"line":33,"column":8},"end":{"line":71,"column":9}},"22":{"start":{"line":34,"column":27},"end":{"line":34,"column":41}},"23":{"start":{"line":35,"column":10},"end":{"line":35,"column":40}},"24":{"start":{"line":38,"column":10},"end":{"line":38,"column":58}},"25":{"start":{"line":39,"column":10},"end":{"line":39,"column":52}},"26":{"start":{"line":40,"column":30},"end":{"line":40,"column":null}},"27":{"start":{"line":41,"column":10},"end":{"line":68,"column":11}},"28":{"start":{"line":42,"column":29},"end":{"line":50,"column":null}},"29":{"start":{"line":52,"column":12},"end":{"line":65,"column":13}},"30":{"start":{"line":53,"column":34},"end":{"line":53,"column":128}},"31":{"start":{"line":54,"column":27},"end":{"line":59,"column":null}},"32":{"start":{"line":60,"column":14},"end":{"line":60,"column":42}},"33":{"start":{"line":61,"column":14},"end":{"line":61,"column":28}},"34":{"start":{"line":62,"column":14},"end":{"line":62,"column":36}},"35":{"start":{"line":64,"column":34},"end":{"line":64,"column":122}},"36":{"start":{"line":67,"column":32},"end":{"line":67,"column":115}},"37":{"start":{"line":70,"column":10},"end":{"line":70,"column":53}},"38":{"start":{"line":73,"column":8},"end":{"line":73,"column":60}},"39":{"start":{"line":76,"column":6},"end":{"line":76,"column":32}},"40":{"start":{"line":80,"column":2},"end":{"line":86,"column":4}},"41":{"start":{"line":94,"column":85},"end":{"line":94,"column":40034}},"42":{"start":{"line":94,"column":89},"end":{"line":94,"column":40023}},"43":{"start":{"line":94,"column":40149},"end":{"line":94,"column":40155}},"44":{"start":{"line":94,"column":40270},"end":{"line":94,"column":40276}},"45":{"start":{"line":94,"column":40391},"end":{"line":94,"column":40397}},"46":{"start":{"line":94,"column":40516},"end":{"line":94,"column":40522}},"47":{"start":{"line":94,"column":40666},"end":{"line":94,"column":40672}}},"fnMap":{"0":{"name":"useUploadFile","decl":{"start":{"line":9,"column":16},"end":{"line":9,"column":29}},"loc":{"start":{"line":9,"column":29},"end":{"line":87,"column":1}}},"1":{"name":"(anonymous_2)","decl":{"start":{"line":16,"column":35},"end":{"line":16,"column":36}},"loc":{"start":{"line":16,"column":70},"end":{"line":19,"column":3}}},"2":{"name":"(anonymous_3)","decl":{"start":{"line":21,"column":28},"end":{"line":21,"column":29}},"loc":{"start":{"line":21,"column":75},"end":{"line":26,"column":3}}},"3":{"name":"(anonymous_4)","decl":{"start":{"line":28,"column":23},"end":{"line":28,"column":28}},"loc":{"start":{"line":28,"column":71},"end":{"line":78,"column":3}}},"4":{"name":"oo_cm","decl":{"start":{"line":94,"column":77},"end":{"line":94,"column":82}},"loc":{"start":{"line":94,"column":82},"end":{"line":94,"column":40035}}}},"branchMap":{"0":{"loc":{"start":{"line":17,"column":4},"end":{"line":17,"column":69}},"type":"cond-expr","locations":[{"start":{"line":17,"column":22},"end":{"line":17,"column":45}},{"start":{"line":17,"column":48},"end":{"line":17,"column":69}}]},"1":{"loc":{"start":{"line":23,"column":4},"end":{"line":25,"column":5}},"type":"if","locations":[{"start":{"line":23,"column":4},"end":{"line":25,"column":5}}]},"2":{"loc":{"start":{"line":29,"column":4},"end":{"line":77,"column":5}},"type":"if","locations":[{"start":{"line":29,"column":4},"end":{"line":77,"column":5}},{"start":{"line":75,"column":11},"end":{"line":77,"column":5}}]},"3":{"loc":{"start":{"line":29,"column":8},"end":{"line":29,"column":29}},"type":"binary-expr","locations":[{"start":{"line":29,"column":8},"end":{"line":29,"column":12}},{"start":{"line":29,"column":16},"end":{"line":29,"column":29}}]},"4":{"loc":{"start":{"line":30,"column":6},"end":{"line":74,"column":7}},"type":"if","locations":[{"start":{"line":30,"column":6},"end":{"line":74,"column":7}},{"start":{"line":72,"column":13},"end":{"line":74,"column":7}}]},"5":{"loc":{"start":{"line":33,"column":8},"end":{"line":71,"column":9}},"type":"if","locations":[{"start":{"line":33,"column":8},"end":{"line":71,"column":9}},{"start":{"line":69,"column":15},"end":{"line":71,"column":9}}]},"6":{"loc":{"start":{"line":33,"column":12},"end":{"line":33,"column":55}},"type":"binary-expr","locations":[{"start":{"line":33,"column":12},"end":{"line":33,"column":30}},{"start":{"line":33,"column":34},"end":{"line":33,"column":55}}]},"7":{"loc":{"start":{"line":52,"column":12},"end":{"line":65,"column":13}},"type":"if","locations":[{"start":{"line":52,"column":12},"end":{"line":65,"column":13}},{"start":{"line":63,"column":19},"end":{"line":65,"column":13}}]},"8":{"loc":{"start":{"line":94,"column":96},"end":{"line":94,"column":40022}},"type":"binary-expr","locations":[{"start":{"line":94,"column":96},"end":{"line":94,"column":133}},{"start":{"line":94,"column":137},"end":{"line":94,"column":40022}}]}},"s":{"0":1,"1":1,"2":1,"3":1,"4":1,"5":1,"6":1,"7":0,"8":0,"9":0,"10":0,"11":0,"12":0,"13":0,"14":0,"15":0,"16":0,"17":0,"18":0,"19":0,"20":0,"21":0,"22":0,"23":0,"24":0,"25":0,"26":0,"27":0,"28":0,"29":0,"30":0,"31":0,"32":0,"33":0,"34":0,"35":0,"36":0,"37":0,"38":0,"39":0,"40":0,"41":0,"42":0,"43":1,"44":1,"45":1,"46":1,"47":1},"f":{"0":0,"1":0,"2":0,"3":0,"4":0},"b":{"0":[0,0],"1":[0],"2":[0,0],"3":[0,0],"4":[0,0],"5":[0,0],"6":[0,0],"7":[0,0],"8":[0,0]}}
,"C:\\Users\\NanonBuaphet\\corporate-web-admin\\src\\pages\\unAuthorizePage\\unAuthorize.tsx": {"path":"C:\\Users\\NanonBuaphet\\corporate-web-admin\\src\\pages\\unAuthorizePage\\unAuthorize.tsx","statementMap":{"0":{"start":{"line":7,"column":0},"end":{"line":7,"column":24}},"1":{"start":{"line":2,"column":0},"end":{"line":2,"column":41}},"2":{"start":{"line":3,"column":0},"end":{"line":3,"column":34}},"3":{"start":{"line":4,"column":0},"end":{"line":4,"column":42}},"4":{"start":{"line":5,"column":0},"end":{"line":5,"column":47}},"5":{"start":{"line":8,"column":15},"end":{"line":8,"column":65}},"6":{"start":{"line":8,"column":49},"end":{"line":8,"column":64}},"7":{"start":{"line":9,"column":19},"end":{"line":9,"column":32}},"8":{"start":{"line":41,"column":33},"end":{"line":54,"column":3}},"9":{"start":{"line":42,"column":4},"end":{"line":42,"column":43}},"10":{"start":{"line":42,"column":31},"end":{"line":42,"column":43}},"11":{"start":{"line":44,"column":4},"end":{"line":51,"column":5}},"12":{"start":{"line":45,"column":25},"end":{"line":46,"column":null}},"13":{"start":{"line":46,"column":8},"end":{"line":46,"column":43}},"14":{"start":{"line":48,"column":6},"end":{"line":50,"column":7}},"15":{"start":{"line":49,"column":8},"end":{"line":49,"column":31}},"16":{"start":{"line":53,"column":4},"end":{"line":53,"column":16}},"17":{"start":{"line":56,"column":2},"end":{"line":61,"column":9}},"18":{"start":{"line":57,"column":17},"end":{"line":57,"column":41}},"19":{"start":{"line":58,"column":4},"end":{"line":60,"column":5}},"20":{"start":{"line":59,"column":6},"end":{"line":59,"column":21}},"21":{"start":{"line":63,"column":2},"end":{"line":67,"column":4}}},"fnMap":{"0":{"name":"UnAuthorize","decl":{"start":{"line":7,"column":24},"end":{"line":7,"column":35}},"loc":{"start":{"line":7,"column":35},"end":{"line":68,"column":1}}},"1":{"name":"(anonymous_1)","decl":{"start":{"line":8,"column":27},"end":{"line":8,"column":28}},"loc":{"start":{"line":8,"column":49},"end":{"line":8,"column":64}}},"2":{"name":"(anonymous_2)","decl":{"start":{"line":41,"column":33},"end":{"line":41,"column":51}},"loc":{"start":{"line":41,"column":53},"end":{"line":54,"column":3}}},"3":{"name":"(anonymous_3)","decl":{"start":{"line":45,"column":43},"end":{"line":45,"column":44}},"loc":{"start":{"line":46,"column":8},"end":{"line":46,"column":43}}},"4":{"name":"(anonymous_4)","decl":{"start":{"line":56,"column":12},"end":{"line":56,"column":15}},"loc":{"start":{"line":56,"column":17},"end":{"line":61,"column":3}}}},"branchMap":{"0":{"loc":{"start":{"line":42,"column":4},"end":{"line":42,"column":43}},"type":"if","locations":[{"start":{"line":42,"column":4},"end":{"line":42,"column":43}}]},"1":{"loc":{"start":{"line":42,"column":8},"end":{"line":42,"column":29}},"type":"binary-expr","locations":[{"start":{"line":42,"column":8},"end":{"line":42,"column":13}},{"start":{"line":42,"column":17},"end":{"line":42,"column":29}}]},"2":{"loc":{"start":{"line":48,"column":6},"end":{"line":50,"column":7}},"type":"if","locations":[{"start":{"line":48,"column":6},"end":{"line":50,"column":7}}]},"3":{"loc":{"start":{"line":58,"column":4},"end":{"line":60,"column":5}},"type":"if","locations":[{"start":{"line":58,"column":4},"end":{"line":60,"column":5}}]}},"s":{"0":1,"1":1,"2":1,"3":1,"4":1,"5":0,"6":0,"7":0,"8":0,"9":0,"10":0,"11":0,"12":0,"13":0,"14":0,"15":0,"16":0,"17":0,"18":0,"19":0,"20":0,"21":0},"f":{"0":0,"1":0,"2":0,"3":0,"4":0},"b":{"0":[0],"1":[0,0],"2":[0],"3":[0]}}
}
