{"C:\\Users\\NanonBuaphet\\corporate-web-admin\\src\\__Test__\\utils.ts": {"path":"C:\\Users\\NanonBuaphet\\corporate-web-admin\\src\\__Test__\\utils.ts","statementMap":{"0":{"start":{"line":1,"column":13},"end":{"line":19,"column":2}}},"fnMap":{},"branchMap":{},"s":{"0":1},"f":{},"b":{}}
,"C:\\Users\\NanonBuaphet\\corporate-web-admin\\src\\api\\axios.tsx": {"path":"C:\\Users\\NanonBuaphet\\corporate-web-admin\\src\\api\\axios.tsx","statementMap":{"0":{"start":{"line":1,"column":0},"end":{"line":1,"column":26}},"1":{"start":{"line":7,"column":17},"end":{"line":7,"column":72}},"2":{"start":{"line":11,"column":0},"end":{"line":15,"column":3}},"3":{"start":{"line":17,"column":13},"end":{"line":21,"column":3}}},"fnMap":{},"branchMap":{},"s":{"0":1,"1":1,"2":1,"3":1},"f":{},"b":{}}
,"C:\\Users\\NanonBuaphet\\corporate-web-admin\\src\\app\\store.ts": {"path":"C:\\Users\\NanonBuaphet\\corporate-web-admin\\src\\app\\store.ts","statementMap":{"0":{"start":{"line":1,"column":0},"end":{"line":1,"column":50}},"1":{"start":{"line":2,"column":0},"end":{"line":2,"column":59}},"2":{"start":{"line":3,"column":0},"end":{"line":3,"column":66}},"3":{"start":{"line":4,"column":0},"end":{"line":4,"column":88}},"4":{"start":{"line":5,"column":0},"end":{"line":5,"column":104}},"5":{"start":{"line":6,"column":0},"end":{"line":6,"column":102}},"6":{"start":{"line":7,"column":0},"end":{"line":7,"column":88}},"7":{"start":{"line":8,"column":0},"end":{"line":8,"column":57}},"8":{"start":{"line":9,"column":0},"end":{"line":9,"column":82}},"9":{"start":{"line":10,"column":0},"end":{"line":10,"column":52}},"10":{"start":{"line":11,"column":0},"end":{"line":11,"column":70}},"11":{"start":{"line":12,"column":0},"end":{"line":12,"column":61}},"12":{"start":{"line":13,"column":0},"end":{"line":13,"column":68}},"13":{"start":{"line":14,"column":0},"end":{"line":14,"column":79}},"14":{"start":{"line":15,"column":0},"end":{"line":15,"column":70}},"15":{"start":{"line":16,"column":0},"end":{"line":16,"column":52}},"16":{"start":{"line":17,"column":0},"end":{"line":17,"column":59}},"17":{"start":{"line":18,"column":0},"end":{"line":18,"column":92}},"18":{"start":{"line":19,"column":0},"end":{"line":19,"column":69}},"19":{"start":{"line":20,"column":0},"end":{"line":20,"column":79}},"20":{"start":{"line":21,"column":0},"end":{"line":21,"column":105}},"21":{"start":{"line":22,"column":0},"end":{"line":22,"column":68}},"22":{"start":{"line":24,"column":13},"end":{"line":48,"column":3}}},"fnMap":{},"branchMap":{},"s":{"0":1,"1":1,"2":1,"3":1,"4":1,"5":1,"6":1,"7":1,"8":1,"9":1,"10":1,"11":1,"12":1,"13":1,"14":1,"15":1,"16":1,"17":1,"18":1,"19":1,"20":1,"21":1,"22":1},"f":{},"b":{}}
,"C:\\Users\\NanonBuaphet\\corporate-web-admin\\src\\components\\SideLabelInput.tsx": {"path":"C:\\Users\\NanonBuaphet\\corporate-web-admin\\src\\components\\SideLabelInput.tsx","statementMap":{"0":{"start":{"line":9,"column":0},"end":{"line":9,"column":16}},"1":{"start":{"line":1,"column":0},"end":{"line":1,"column":41}},"2":{"start":{"line":15,"column":2},"end":{"line":29,"column":4}}},"fnMap":{"0":{"name":"SideLabelInput","decl":{"start":{"line":9,"column":16},"end":{"line":9,"column":30}},"loc":{"start":{"line":14,"column":23},"end":{"line":30,"column":1}}}},"branchMap":{},"s":{"0":1,"1":1,"2":42},"f":{"0":42},"b":{}}
,"C:\\Users\\NanonBuaphet\\corporate-web-admin\\src\\components\\ui\\button.tsx": {"path":"C:\\Users\\NanonBuaphet\\corporate-web-admin\\src\\components\\ui\\button.tsx","statementMap":{"0":{"start":{"line":1,"column":0},"end":{"line":1,"column":30}},"1":{"start":{"line":2,"column":0},"end":{"line":2,"column":43}},"2":{"start":{"line":3,"column":0},"end":{"line":3,"column":65}},"3":{"start":{"line":5,"column":0},"end":{"line":5,"column":32}},"4":{"start":{"line":7,"column":23},"end":{"line":33,"column":null}},"5":{"start":{"line":56,"column":17},"end":{"line":56,"column":31}},"6":{"start":{"line":42,"column":15},"end":{"line":52,"column":null}},"7":{"start":{"line":44,"column":17},"end":{"line":44,"column":42}},"8":{"start":{"line":45,"column":4},"end":{"line":51,"column":null}},"9":{"start":{"line":56,"column":9},"end":{"line":56,"column":15}},"10":{"start":{"line":54,"column":0},"end":{"line":54,"column":null}}},"fnMap":{"0":{"name":"(anonymous_6)","decl":{"start":{"line":43,"column":2},"end":{"line":43,"column":3}},"loc":{"start":{"line":43,"column":67},"end":{"line":52,"column":3}}}},"branchMap":{"0":{"loc":{"start":{"line":43,"column":31},"end":{"line":43,"column":46}},"type":"default-arg","locations":[{"start":{"line":43,"column":41},"end":{"line":43,"column":46}}]},"1":{"loc":{"start":{"line":44,"column":17},"end":{"line":44,"column":42}},"type":"cond-expr","locations":[{"start":{"line":44,"column":27},"end":{"line":44,"column":31}},{"start":{"line":44,"column":34},"end":{"line":44,"column":42}}]}},"s":{"0":1,"1":1,"2":1,"3":1,"4":1,"5":1,"6":1,"7":14,"8":14,"9":1,"10":1},"f":{"0":14},"b":{"0":[14],"1":[0,14]}}
,"C:\\Users\\NanonBuaphet\\corporate-web-admin\\src\\components\\ui\\card.tsx": {"path":"C:\\Users\\NanonBuaphet\\corporate-web-admin\\src\\components\\ui\\card.tsx","statementMap":{"0":{"start":{"line":1,"column":0},"end":{"line":1,"column":30}},"1":{"start":{"line":3,"column":0},"end":{"line":3,"column":32}},"2":{"start":{"line":5,"column":13},"end":{"line":17,"column":2}},"3":{"start":{"line":9,"column":2},"end":{"line":15,"column":null}},"4":{"start":{"line":79,"column":9},"end":{"line":79,"column":13}},"5":{"start":{"line":18,"column":0},"end":{"line":18,"column":null}},"6":{"start":{"line":20,"column":19},"end":{"line":29,"column":2}},"7":{"start":{"line":24,"column":2},"end":{"line":27,"column":null}},"8":{"start":{"line":79,"column":15},"end":{"line":79,"column":25}},"9":{"start":{"line":30,"column":0},"end":{"line":30,"column":null}},"10":{"start":{"line":32,"column":18},"end":{"line":44,"column":2}},"11":{"start":{"line":36,"column":2},"end":{"line":42,"column":null}},"12":{"start":{"line":79,"column":39},"end":{"line":79,"column":48}},"13":{"start":{"line":45,"column":0},"end":{"line":45,"column":null}},"14":{"start":{"line":47,"column":24},"end":{"line":56,"column":2}},"15":{"start":{"line":51,"column":2},"end":{"line":54,"column":null}},"16":{"start":{"line":79,"column":50},"end":{"line":79,"column":65}},"17":{"start":{"line":57,"column":0},"end":{"line":57,"column":null}},"18":{"start":{"line":59,"column":20},"end":{"line":64,"column":2}},"19":{"start":{"line":63,"column":2},"end":{"line":63,"column":68}},"20":{"start":{"line":79,"column":67},"end":{"line":79,"column":78}},"21":{"start":{"line":65,"column":0},"end":{"line":65,"column":null}},"22":{"start":{"line":67,"column":19},"end":{"line":76,"column":2}},"23":{"start":{"line":71,"column":2},"end":{"line":74,"column":null}},"24":{"start":{"line":79,"column":27},"end":{"line":79,"column":37}},"25":{"start":{"line":77,"column":0},"end":{"line":77,"column":null}}},"fnMap":{"0":{"name":"(anonymous_6)","decl":{"start":{"line":8,"column":2},"end":{"line":8,"column":3}},"loc":{"start":{"line":9,"column":2},"end":{"line":15,"column":null}}},"1":{"name":"(anonymous_7)","decl":{"start":{"line":23,"column":2},"end":{"line":23,"column":3}},"loc":{"start":{"line":24,"column":2},"end":{"line":27,"column":null}}},"2":{"name":"(anonymous_8)","decl":{"start":{"line":35,"column":2},"end":{"line":35,"column":3}},"loc":{"start":{"line":36,"column":2},"end":{"line":42,"column":null}}},"3":{"name":"(anonymous_9)","decl":{"start":{"line":50,"column":2},"end":{"line":50,"column":3}},"loc":{"start":{"line":51,"column":2},"end":{"line":54,"column":null}}},"4":{"name":"(anonymous_10)","decl":{"start":{"line":62,"column":2},"end":{"line":62,"column":3}},"loc":{"start":{"line":63,"column":2},"end":{"line":63,"column":68}}},"5":{"name":"(anonymous_11)","decl":{"start":{"line":70,"column":2},"end":{"line":70,"column":3}},"loc":{"start":{"line":71,"column":2},"end":{"line":74,"column":null}}}},"branchMap":{},"s":{"0":1,"1":1,"2":1,"3":28,"4":1,"5":1,"6":1,"7":14,"8":1,"9":1,"10":1,"11":14,"12":1,"13":1,"14":1,"15":0,"16":1,"17":1,"18":1,"19":28,"20":1,"21":1,"22":1,"23":0,"24":1,"25":1},"f":{"0":28,"1":14,"2":14,"3":0,"4":28,"5":0},"b":{}}
,"C:\\Users\\NanonBuaphet\\corporate-web-admin\\src\\components\\ui\\input.tsx": {"path":"C:\\Users\\NanonBuaphet\\corporate-web-admin\\src\\components\\ui\\input.tsx","statementMap":{"0":{"start":{"line":1,"column":0},"end":{"line":1,"column":31}},"1":{"start":{"line":3,"column":0},"end":{"line":3,"column":33}},"2":{"start":{"line":8,"column":14},"end":{"line":21,"column":null}},"3":{"start":{"line":10,"column":4},"end":{"line":20,"column":6}},"4":{"start":{"line":25,"column":9},"end":{"line":25,"column":14}},"5":{"start":{"line":23,"column":0},"end":{"line":23,"column":28}}},"fnMap":{"0":{"name":"(anonymous_6)","decl":{"start":{"line":9,"column":2},"end":{"line":9,"column":3}},"loc":{"start":{"line":9,"column":41},"end":{"line":21,"column":3}}}},"branchMap":{},"s":{"0":1,"1":1,"2":1,"3":42,"4":1,"5":1},"f":{"0":42},"b":{}}
,"C:\\Users\\NanonBuaphet\\corporate-web-admin\\src\\config\\url.ts": {"path":"C:\\Users\\NanonBuaphet\\corporate-web-admin\\src\\config\\url.ts","statementMap":{"0":{"start":{"line":3,"column":13},"end":{"line":542,"column":2}}},"fnMap":{},"branchMap":{},"s":{"0":1},"f":{},"b":{}}
,"C:\\Users\\NanonBuaphet\\corporate-web-admin\\src\\features\\contactPersonSlice.ts": {"path":"C:\\Users\\NanonBuaphet\\corporate-web-admin\\src\\features\\contactPersonSlice.ts","statementMap":{"0":{"start":{"line":2,"column":0},"end":{"line":2,"column":62}},"1":{"start":{"line":10,"column":41},"end":{"line":12,"column":2}},"2":{"start":{"line":14,"column":13},"end":{"line":51,"column":3}},"3":{"start":{"line":19,"column":26},"end":{"line":19,"column":109}},"4":{"start":{"line":20,"column":6},"end":{"line":23,"column":8}},"5":{"start":{"line":26,"column":6},"end":{"line":28,"column":8}},"6":{"start":{"line":27,"column":18},"end":{"line":27,"column":52}},"7":{"start":{"line":31,"column":6},"end":{"line":31,"column":32}},"8":{"start":{"line":34,"column":6},"end":{"line":37,"column":30}},"9":{"start":{"line":34,"column":62},"end":{"line":37,"column":8}},"10":{"start":{"line":40,"column":20},"end":{"line":41,"column":null}},"11":{"start":{"line":41,"column":20},"end":{"line":41,"column":67}},"12":{"start":{"line":43,"column":6},"end":{"line":48,"column":7}},"13":{"start":{"line":44,"column":8},"end":{"line":47,"column":10}},"14":{"start":{"line":53,"column":13},"end":{"line":58,"column":null}},"15":{"start":{"line":60,"column":0},"end":{"line":60,"column":42}},"16":{"start":{"line":67,"column":85},"end":{"line":67,"column":40074}},"17":{"start":{"line":67,"column":89},"end":{"line":67,"column":40063}},"18":{"start":{"line":67,"column":40189},"end":{"line":67,"column":40195}},"19":{"start":{"line":67,"column":40310},"end":{"line":67,"column":40316}},"20":{"start":{"line":67,"column":40431},"end":{"line":67,"column":40437}},"21":{"start":{"line":67,"column":40556},"end":{"line":67,"column":40562}},"22":{"start":{"line":67,"column":40706},"end":{"line":67,"column":40712}}},"fnMap":{"0":{"name":"(anonymous_0)","decl":{"start":{"line":18,"column":22},"end":{"line":18,"column":23}},"loc":{"start":{"line":18,"column":40},"end":{"line":24,"column":5}}},"1":{"name":"(anonymous_1)","decl":{"start":{"line":25,"column":25},"end":{"line":25,"column":26}},"loc":{"start":{"line":25,"column":43},"end":{"line":29,"column":5}}},"2":{"name":"(anonymous_2)","decl":{"start":{"line":27,"column":8},"end":{"line":27,"column":9}},"loc":{"start":{"line":27,"column":18},"end":{"line":27,"column":52}}},"3":{"name":"(anonymous_3)","decl":{"start":{"line":30,"column":25},"end":{"line":30,"column":26}},"loc":{"start":{"line":30,"column":35},"end":{"line":32,"column":5}}},"4":{"name":"(anonymous_4)","decl":{"start":{"line":33,"column":23},"end":{"line":33,"column":24}},"loc":{"start":{"line":33,"column":68},"end":{"line":38,"column":5}}},"5":{"name":"(anonymous_5)","decl":{"start":{"line":34,"column":48},"end":{"line":34,"column":49}},"loc":{"start":{"line":34,"column":62},"end":{"line":37,"column":8}}},"6":{"name":"(anonymous_6)","decl":{"start":{"line":39,"column":25},"end":{"line":39,"column":26}},"loc":{"start":{"line":39,"column":136},"end":{"line":49,"column":5}}},"7":{"name":"(anonymous_7)","decl":{"start":{"line":41,"column":8},"end":{"line":41,"column":9}},"loc":{"start":{"line":41,"column":20},"end":{"line":41,"column":67}}},"8":{"name":"oo_cm","decl":{"start":{"line":67,"column":77},"end":{"line":67,"column":82}},"loc":{"start":{"line":67,"column":82},"end":{"line":67,"column":40075}}}},"branchMap":{"0":{"loc":{"start":{"line":43,"column":6},"end":{"line":48,"column":7}},"type":"if","locations":[{"start":{"line":43,"column":6},"end":{"line":48,"column":7}}]},"1":{"loc":{"start":{"line":67,"column":96},"end":{"line":67,"column":40062}},"type":"binary-expr","locations":[{"start":{"line":67,"column":96},"end":{"line":67,"column":133}},{"start":{"line":67,"column":137},"end":{"line":67,"column":40062}}]}},"s":{"0":1,"1":1,"2":1,"3":0,"4":0,"5":0,"6":0,"7":0,"8":0,"9":0,"10":0,"11":0,"12":0,"13":0,"14":1,"15":1,"16":0,"17":0,"18":1,"19":1,"20":1,"21":1,"22":1},"f":{"0":0,"1":0,"2":0,"3":0,"4":0,"5":0,"6":0,"7":0,"8":0},"b":{"0":[0],"1":[0,0]}}
,"C:\\Users\\NanonBuaphet\\corporate-web-admin\\src\\features\\ListOfDirectorSlice\\listOfDirectorSlice.ts": {"path":"C:\\Users\\NanonBuaphet\\corporate-web-admin\\src\\features\\ListOfDirectorSlice\\listOfDirectorSlice.ts","statementMap":{"0":{"start":{"line":1,"column":0},"end":{"line":1,"column":62}},"1":{"start":{"line":8,"column":42},"end":{"line":10,"column":2}},"2":{"start":{"line":12,"column":13},"end":{"line":52,"column":3}},"3":{"start":{"line":19,"column":6},"end":{"line":26,"column":8}},"4":{"start":{"line":29,"column":6},"end":{"line":31,"column":8}},"5":{"start":{"line":30,"column":18},"end":{"line":30,"column":52}},"6":{"start":{"line":34,"column":6},"end":{"line":34,"column":33}},"7":{"start":{"line":38,"column":6},"end":{"line":38,"column":45}},"8":{"start":{"line":41,"column":20},"end":{"line":42,"column":null}},"9":{"start":{"line":42,"column":22},"end":{"line":42,"column":71}},"10":{"start":{"line":44,"column":6},"end":{"line":49,"column":7}},"11":{"start":{"line":45,"column":8},"end":{"line":48,"column":10}},"12":{"start":{"line":54,"column":13},"end":{"line":59,"column":null}},"13":{"start":{"line":61,"column":0},"end":{"line":61,"column":37}}},"fnMap":{"0":{"name":"(anonymous_0)","decl":{"start":{"line":16,"column":17},"end":{"line":16,"column":18}},"loc":{"start":{"line":16,"column":35},"end":{"line":27,"column":5}}},"1":{"name":"(anonymous_1)","decl":{"start":{"line":28,"column":20},"end":{"line":28,"column":21}},"loc":{"start":{"line":28,"column":38},"end":{"line":32,"column":5}}},"2":{"name":"(anonymous_2)","decl":{"start":{"line":30,"column":8},"end":{"line":30,"column":9}},"loc":{"start":{"line":30,"column":18},"end":{"line":30,"column":52}}},"3":{"name":"(anonymous_3)","decl":{"start":{"line":33,"column":19},"end":{"line":33,"column":20}},"loc":{"start":{"line":33,"column":29},"end":{"line":35,"column":5}}},"4":{"name":"(anonymous_4)","decl":{"start":{"line":37,"column":21},"end":{"line":37,"column":22}},"loc":{"start":{"line":37,"column":67},"end":{"line":39,"column":5}}},"5":{"name":"(anonymous_5)","decl":{"start":{"line":40,"column":20},"end":{"line":40,"column":21}},"loc":{"start":{"line":40,"column":120},"end":{"line":50,"column":5}}},"6":{"name":"(anonymous_6)","decl":{"start":{"line":42,"column":8},"end":{"line":42,"column":9}},"loc":{"start":{"line":42,"column":22},"end":{"line":42,"column":71}}}},"branchMap":{"0":{"loc":{"start":{"line":44,"column":6},"end":{"line":49,"column":7}},"type":"if","locations":[{"start":{"line":44,"column":6},"end":{"line":49,"column":7}}]}},"s":{"0":1,"1":1,"2":1,"3":0,"4":0,"5":0,"6":0,"7":0,"8":0,"9":0,"10":0,"11":0,"12":1,"13":1},"f":{"0":0,"1":0,"2":0,"3":0,"4":0,"5":0,"6":0},"b":{"0":[0]}}
,"C:\\Users\\NanonBuaphet\\corporate-web-admin\\src\\features\\addIndividual\\addIndividualSlice.ts": {"path":"C:\\Users\\NanonBuaphet\\corporate-web-admin\\src\\features\\addIndividual\\addIndividualSlice.ts","statementMap":{"0":{"start":{"line":1,"column":0},"end":{"line":1,"column":62}},"1":{"start":{"line":19,"column":41},"end":{"line":33,"column":2}},"2":{"start":{"line":35,"column":27},"end":{"line":58,"column":2}},"3":{"start":{"line":40,"column":6},"end":{"line":40,"column":46}},"4":{"start":{"line":41,"column":6},"end":{"line":41,"column":19}},"5":{"start":{"line":44,"column":6},"end":{"line":44,"column":33}},"6":{"start":{"line":47,"column":6},"end":{"line":47,"column":35}},"7":{"start":{"line":48,"column":6},"end":{"line":48,"column":19}},"8":{"start":{"line":51,"column":6},"end":{"line":51,"column":36}},"9":{"start":{"line":52,"column":6},"end":{"line":52,"column":19}},"10":{"start":{"line":55,"column":6},"end":{"line":55,"column":26}},"11":{"start":{"line":60,"column":13},"end":{"line":65,"column":null}},"12":{"start":{"line":68,"column":0},"end":{"line":68,"column":42}}},"fnMap":{"0":{"name":"(anonymous_0)","decl":{"start":{"line":39,"column":22},"end":{"line":39,"column":23}},"loc":{"start":{"line":39,"column":75},"end":{"line":42,"column":5}}},"1":{"name":"(anonymous_1)","decl":{"start":{"line":43,"column":12},"end":{"line":43,"column":13}},"loc":{"start":{"line":43,"column":53},"end":{"line":45,"column":5}}},"2":{"name":"(anonymous_2)","decl":{"start":{"line":46,"column":24},"end":{"line":46,"column":25}},"loc":{"start":{"line":46,"column":65},"end":{"line":49,"column":5}}},"3":{"name":"(anonymous_3)","decl":{"start":{"line":50,"column":25},"end":{"line":50,"column":26}},"loc":{"start":{"line":50,"column":66},"end":{"line":53,"column":5}}},"4":{"name":"(anonymous_4)","decl":{"start":{"line":54,"column":24},"end":{"line":54,"column":27}},"loc":{"start":{"line":54,"column":29},"end":{"line":56,"column":5}}}},"branchMap":{},"s":{"0":1,"1":1,"2":1,"3":0,"4":0,"5":0,"6":0,"7":0,"8":0,"9":0,"10":0,"11":1,"12":1},"f":{"0":0,"1":0,"2":0,"3":0,"4":0},"b":{}}
,"C:\\Users\\NanonBuaphet\\corporate-web-admin\\src\\features\\addedIcoData\\AddedIcoData.ts": {"path":"C:\\Users\\NanonBuaphet\\corporate-web-admin\\src\\features\\addedIcoData\\AddedIcoData.ts","statementMap":{"0":{"start":{"line":2,"column":0},"end":{"line":2,"column":62}},"1":{"start":{"line":9,"column":37},"end":{"line":11,"column":2}},"2":{"start":{"line":13,"column":23},"end":{"line":24,"column":2}},"3":{"start":{"line":18,"column":6},"end":{"line":18,"column":34}},"4":{"start":{"line":21,"column":6},"end":{"line":21,"column":24}},"5":{"start":{"line":26,"column":13},"end":{"line":26,"column":48}},"6":{"start":{"line":28,"column":0},"end":{"line":28,"column":38}}},"fnMap":{"0":{"name":"(anonymous_0)","decl":{"start":{"line":17,"column":4},"end":{"line":17,"column":16}},"loc":{"start":{"line":17,"column":57},"end":{"line":19,"column":5}}},"1":{"name":"(anonymous_1)","decl":{"start":{"line":20,"column":4},"end":{"line":20,"column":18}},"loc":{"start":{"line":20,"column":24},"end":{"line":22,"column":5}}}},"branchMap":{},"s":{"0":1,"1":1,"2":1,"3":0,"4":0,"5":1,"6":1},"f":{"0":0,"1":0},"b":{}}
,"C:\\Users\\NanonBuaphet\\corporate-web-admin\\src\\features\\attorney\\attorney.ts": {"path":"C:\\Users\\NanonBuaphet\\corporate-web-admin\\src\\features\\attorney\\attorney.ts","statementMap":{"0":{"start":{"line":1,"column":0},"end":{"line":1,"column":62}},"1":{"start":{"line":8,"column":36},"end":{"line":10,"column":2}},"2":{"start":{"line":12,"column":13},"end":{"line":49,"column":3}},"3":{"start":{"line":17,"column":26},"end":{"line":17,"column":109}},"4":{"start":{"line":18,"column":6},"end":{"line":21,"column":8}},"5":{"start":{"line":24,"column":6},"end":{"line":26,"column":8}},"6":{"start":{"line":25,"column":18},"end":{"line":25,"column":52}},"7":{"start":{"line":29,"column":6},"end":{"line":29,"column":27}},"8":{"start":{"line":32,"column":20},"end":{"line":34,"column":8}},"9":{"start":{"line":33,"column":8},"end":{"line":33,"column":61}},"10":{"start":{"line":35,"column":6},"end":{"line":43,"column":7}},"11":{"start":{"line":36,"column":28},"end":{"line":36,"column":107}},"12":{"start":{"line":37,"column":8},"end":{"line":40,"column":10}},"13":{"start":{"line":42,"column":28},"end":{"line":42,"column":129}},"14":{"start":{"line":46,"column":6},"end":{"line":46,"column":39}},"15":{"start":{"line":51,"column":13},"end":{"line":56,"column":null}},"16":{"start":{"line":58,"column":0},"end":{"line":58,"column":37}},"17":{"start":{"line":65,"column":85},"end":{"line":65,"column":40074}},"18":{"start":{"line":65,"column":89},"end":{"line":65,"column":40063}},"19":{"start":{"line":65,"column":40189},"end":{"line":65,"column":40195}},"20":{"start":{"line":65,"column":40310},"end":{"line":65,"column":40316}},"21":{"start":{"line":65,"column":40431},"end":{"line":65,"column":40437}},"22":{"start":{"line":65,"column":40556},"end":{"line":65,"column":40562}},"23":{"start":{"line":65,"column":40706},"end":{"line":65,"column":40712}}},"fnMap":{"0":{"name":"(anonymous_0)","decl":{"start":{"line":16,"column":17},"end":{"line":16,"column":18}},"loc":{"start":{"line":16,"column":35},"end":{"line":22,"column":5}}},"1":{"name":"(anonymous_1)","decl":{"start":{"line":23,"column":20},"end":{"line":23,"column":21}},"loc":{"start":{"line":23,"column":38},"end":{"line":27,"column":5}}},"2":{"name":"(anonymous_2)","decl":{"start":{"line":25,"column":8},"end":{"line":25,"column":9}},"loc":{"start":{"line":25,"column":18},"end":{"line":25,"column":52}}},"3":{"name":"(anonymous_3)","decl":{"start":{"line":28,"column":19},"end":{"line":28,"column":20}},"loc":{"start":{"line":28,"column":29},"end":{"line":30,"column":5}}},"4":{"name":"(anonymous_4)","decl":{"start":{"line":31,"column":20},"end":{"line":31,"column":21}},"loc":{"start":{"line":31,"column":118},"end":{"line":44,"column":5}}},"5":{"name":"(anonymous_5)","decl":{"start":{"line":32,"column":46},"end":{"line":32,"column":47}},"loc":{"start":{"line":32,"column":55},"end":{"line":34,"column":7}}},"6":{"name":"(anonymous_6)","decl":{"start":{"line":45,"column":17},"end":{"line":45,"column":18}},"loc":{"start":{"line":45,"column":35},"end":{"line":47,"column":5}}},"7":{"name":"oo_cm","decl":{"start":{"line":65,"column":77},"end":{"line":65,"column":82}},"loc":{"start":{"line":65,"column":82},"end":{"line":65,"column":40075}}}},"branchMap":{"0":{"loc":{"start":{"line":35,"column":6},"end":{"line":43,"column":7}},"type":"if","locations":[{"start":{"line":35,"column":6},"end":{"line":43,"column":7}},{"start":{"line":41,"column":11},"end":{"line":43,"column":7}}]},"1":{"loc":{"start":{"line":65,"column":96},"end":{"line":65,"column":40062}},"type":"binary-expr","locations":[{"start":{"line":65,"column":96},"end":{"line":65,"column":133}},{"start":{"line":65,"column":137},"end":{"line":65,"column":40062}}]}},"s":{"0":1,"1":1,"2":1,"3":0,"4":0,"5":0,"6":0,"7":0,"8":0,"9":0,"10":0,"11":0,"12":0,"13":0,"14":0,"15":1,"16":1,"17":0,"18":0,"19":1,"20":1,"21":1,"22":1,"23":1},"f":{"0":0,"1":0,"2":0,"3":0,"4":0,"5":0,"6":0,"7":0},"b":{"0":[0,0],"1":[0,0]}}
,"C:\\Users\\NanonBuaphet\\corporate-web-admin\\src\\features\\authen\\authenSlice.ts": {"path":"C:\\Users\\NanonBuaphet\\corporate-web-admin\\src\\features\\authen\\authenSlice.ts","statementMap":{"0":{"start":{"line":1,"column":0},"end":{"line":1,"column":43}},"1":{"start":{"line":2,"column":0},"end":{"line":2,"column":47}},"2":{"start":{"line":8,"column":34},"end":{"line":10,"column":2}},"3":{"start":{"line":12,"column":13},"end":{"line":20,"column":3}},"4":{"start":{"line":17,"column":6},"end":{"line":17,"column":35}},"5":{"start":{"line":22,"column":15},"end":{"line":22,"column":48}},"6":{"start":{"line":23,"column":0},"end":{"line":23,"column":35}}},"fnMap":{"0":{"name":"(anonymous_0)","decl":{"start":{"line":16,"column":14},"end":{"line":16,"column":15}},"loc":{"start":{"line":16,"column":32},"end":{"line":18,"column":5}}}},"branchMap":{"0":{"loc":{"start":{"line":9,"column":9},"end":{"line":9,"column":29}},"type":"binary-expr","locations":[{"start":{"line":9,"column":9},"end":{"line":9,"column":21}},{"start":{"line":9,"column":25},"end":{"line":9,"column":29}}]}},"s":{"0":1,"1":1,"2":1,"3":1,"4":0,"5":1,"6":1},"f":{"0":0},"b":{"0":[1,1]}}
,"C:\\Users\\NanonBuaphet\\corporate-web-admin\\src\\features\\authorizedPerson\\authorizedPersonSlice.ts": {"path":"C:\\Users\\NanonBuaphet\\corporate-web-admin\\src\\features\\authorizedPerson\\authorizedPersonSlice.ts","statementMap":{"0":{"start":{"line":1,"column":0},"end":{"line":1,"column":62}},"1":{"start":{"line":8,"column":44},"end":{"line":10,"column":2}},"2":{"start":{"line":12,"column":13},"end":{"line":50,"column":3}},"3":{"start":{"line":17,"column":26},"end":{"line":17,"column":107}},"4":{"start":{"line":18,"column":6},"end":{"line":21,"column":8}},"5":{"start":{"line":24,"column":6},"end":{"line":26,"column":8}},"6":{"start":{"line":25,"column":18},"end":{"line":25,"column":52}},"7":{"start":{"line":29,"column":6},"end":{"line":29,"column":35}},"8":{"start":{"line":32,"column":20},"end":{"line":33,"column":null}},"9":{"start":{"line":33,"column":18},"end":{"line":33,"column":63}},"10":{"start":{"line":36,"column":6},"end":{"line":41,"column":7}},"11":{"start":{"line":37,"column":8},"end":{"line":40,"column":10}},"12":{"start":{"line":47,"column":6},"end":{"line":47,"column":47}},"13":{"start":{"line":52,"column":13},"end":{"line":57,"column":null}},"14":{"start":{"line":59,"column":0},"end":{"line":59,"column":45}},"15":{"start":{"line":66,"column":85},"end":{"line":66,"column":40074}},"16":{"start":{"line":66,"column":89},"end":{"line":66,"column":40063}},"17":{"start":{"line":66,"column":40189},"end":{"line":66,"column":40195}},"18":{"start":{"line":66,"column":40310},"end":{"line":66,"column":40316}},"19":{"start":{"line":66,"column":40431},"end":{"line":66,"column":40437}},"20":{"start":{"line":66,"column":40556},"end":{"line":66,"column":40562}},"21":{"start":{"line":66,"column":40706},"end":{"line":66,"column":40712}}},"fnMap":{"0":{"name":"(anonymous_0)","decl":{"start":{"line":16,"column":25},"end":{"line":16,"column":26}},"loc":{"start":{"line":16,"column":43},"end":{"line":22,"column":5}}},"1":{"name":"(anonymous_1)","decl":{"start":{"line":23,"column":28},"end":{"line":23,"column":29}},"loc":{"start":{"line":23,"column":46},"end":{"line":27,"column":5}}},"2":{"name":"(anonymous_2)","decl":{"start":{"line":25,"column":8},"end":{"line":25,"column":9}},"loc":{"start":{"line":25,"column":18},"end":{"line":25,"column":52}}},"3":{"name":"(anonymous_3)","decl":{"start":{"line":28,"column":27},"end":{"line":28,"column":28}},"loc":{"start":{"line":28,"column":37},"end":{"line":30,"column":5}}},"4":{"name":"(anonymous_4)","decl":{"start":{"line":31,"column":28},"end":{"line":31,"column":29}},"loc":{"start":{"line":31,"column":141},"end":{"line":42,"column":5}}},"5":{"name":"(anonymous_5)","decl":{"start":{"line":33,"column":8},"end":{"line":33,"column":9}},"loc":{"start":{"line":33,"column":18},"end":{"line":33,"column":63}}},"6":{"name":"(anonymous_6)","decl":{"start":{"line":43,"column":26},"end":{"line":43,"column":null}},"loc":{"start":{"line":46,"column":8},"end":{"line":48,"column":5}}},"7":{"name":"oo_cm","decl":{"start":{"line":66,"column":77},"end":{"line":66,"column":82}},"loc":{"start":{"line":66,"column":82},"end":{"line":66,"column":40075}}}},"branchMap":{"0":{"loc":{"start":{"line":36,"column":6},"end":{"line":41,"column":7}},"type":"if","locations":[{"start":{"line":36,"column":6},"end":{"line":41,"column":7}}]},"1":{"loc":{"start":{"line":66,"column":96},"end":{"line":66,"column":40062}},"type":"binary-expr","locations":[{"start":{"line":66,"column":96},"end":{"line":66,"column":133}},{"start":{"line":66,"column":137},"end":{"line":66,"column":40062}}]}},"s":{"0":1,"1":1,"2":1,"3":0,"4":0,"5":0,"6":0,"7":0,"8":0,"9":0,"10":0,"11":0,"12":0,"13":1,"14":1,"15":0,"16":0,"17":1,"18":1,"19":1,"20":1,"21":1},"f":{"0":0,"1":0,"2":0,"3":0,"4":0,"5":0,"6":0,"7":0},"b":{"0":[0],"1":[0,0]}}
,"C:\\Users\\NanonBuaphet\\corporate-web-admin\\src\\features\\bankOrder\\bankOrdersSlice.ts": {"path":"C:\\Users\\NanonBuaphet\\corporate-web-admin\\src\\features\\bankOrder\\bankOrdersSlice.ts","statementMap":{"0":{"start":{"line":1,"column":0},"end":{"line":1,"column":47}},"1":{"start":{"line":8,"column":37},"end":{"line":10,"column":2}},"2":{"start":{"line":12,"column":13},"end":{"line":44,"column":3}},"3":{"start":{"line":17,"column":26},"end":{"line":17,"column":109}},"4":{"start":{"line":18,"column":6},"end":{"line":18,"column":77}},"5":{"start":{"line":21,"column":6},"end":{"line":23,"column":8}},"6":{"start":{"line":22,"column":23},"end":{"line":22,"column":49}},"7":{"start":{"line":26,"column":6},"end":{"line":26,"column":28}},"8":{"start":{"line":29,"column":6},"end":{"line":29,"column":40}},"9":{"start":{"line":32,"column":20},"end":{"line":33,"column":null}},"10":{"start":{"line":33,"column":23},"end":{"line":33,"column":52}},"11":{"start":{"line":36,"column":6},"end":{"line":41,"column":7}},"12":{"start":{"line":37,"column":8},"end":{"line":40,"column":10}},"13":{"start":{"line":46,"column":13},"end":{"line":51,"column":null}},"14":{"start":{"line":53,"column":0},"end":{"line":53,"column":38}},"15":{"start":{"line":60,"column":85},"end":{"line":60,"column":40074}},"16":{"start":{"line":60,"column":89},"end":{"line":60,"column":40063}},"17":{"start":{"line":60,"column":40189},"end":{"line":60,"column":40195}},"18":{"start":{"line":60,"column":40310},"end":{"line":60,"column":40316}},"19":{"start":{"line":60,"column":40431},"end":{"line":60,"column":40437}},"20":{"start":{"line":60,"column":40556},"end":{"line":60,"column":40562}},"21":{"start":{"line":60,"column":40706},"end":{"line":60,"column":40712}}},"fnMap":{"0":{"name":"(anonymous_0)","decl":{"start":{"line":16,"column":18},"end":{"line":16,"column":19}},"loc":{"start":{"line":16,"column":36},"end":{"line":19,"column":5}}},"1":{"name":"(anonymous_1)","decl":{"start":{"line":20,"column":21},"end":{"line":20,"column":22}},"loc":{"start":{"line":20,"column":39},"end":{"line":24,"column":5}}},"2":{"name":"(anonymous_2)","decl":{"start":{"line":22,"column":8},"end":{"line":22,"column":9}},"loc":{"start":{"line":22,"column":23},"end":{"line":22,"column":49}}},"3":{"name":"(anonymous_3)","decl":{"start":{"line":25,"column":20},"end":{"line":25,"column":21}},"loc":{"start":{"line":25,"column":30},"end":{"line":27,"column":5}}},"4":{"name":"(anonymous_4)","decl":{"start":{"line":28,"column":18},"end":{"line":28,"column":19}},"loc":{"start":{"line":28,"column":36},"end":{"line":30,"column":5}}},"5":{"name":"(anonymous_5)","decl":{"start":{"line":31,"column":21},"end":{"line":31,"column":22}},"loc":{"start":{"line":31,"column":39},"end":{"line":42,"column":5}}},"6":{"name":"(anonymous_6)","decl":{"start":{"line":33,"column":8},"end":{"line":33,"column":9}},"loc":{"start":{"line":33,"column":23},"end":{"line":33,"column":52}}},"7":{"name":"oo_cm","decl":{"start":{"line":60,"column":77},"end":{"line":60,"column":82}},"loc":{"start":{"line":60,"column":82},"end":{"line":60,"column":40075}}}},"branchMap":{"0":{"loc":{"start":{"line":36,"column":6},"end":{"line":41,"column":7}},"type":"if","locations":[{"start":{"line":36,"column":6},"end":{"line":41,"column":7}}]},"1":{"loc":{"start":{"line":60,"column":96},"end":{"line":60,"column":40062}},"type":"binary-expr","locations":[{"start":{"line":60,"column":96},"end":{"line":60,"column":133}},{"start":{"line":60,"column":137},"end":{"line":60,"column":40062}}]}},"s":{"0":1,"1":1,"2":1,"3":0,"4":0,"5":0,"6":0,"7":0,"8":0,"9":0,"10":0,"11":0,"12":0,"13":1,"14":1,"15":0,"16":0,"17":1,"18":1,"19":1,"20":1,"21":1},"f":{"0":0,"1":0,"2":0,"3":0,"4":0,"5":0,"6":0,"7":0},"b":{"0":[0],"1":[0,0]}}
,"C:\\Users\\NanonBuaphet\\corporate-web-admin\\src\\features\\bankSlice\\bankSlice.ts": {"path":"C:\\Users\\NanonBuaphet\\corporate-web-admin\\src\\features\\bankSlice\\bankSlice.ts","statementMap":{"0":{"start":{"line":1,"column":0},"end":{"line":1,"column":62}},"1":{"start":{"line":8,"column":32},"end":{"line":10,"column":2}},"2":{"start":{"line":12,"column":13},"end":{"line":49,"column":3}},"3":{"start":{"line":17,"column":26},"end":{"line":17,"column":109}},"4":{"start":{"line":18,"column":6},"end":{"line":18,"column":67}},"5":{"start":{"line":21,"column":6},"end":{"line":23,"column":8}},"6":{"start":{"line":22,"column":23},"end":{"line":22,"column":53}},"7":{"start":{"line":26,"column":6},"end":{"line":26,"column":23}},"8":{"start":{"line":29,"column":6},"end":{"line":29,"column":35}},"9":{"start":{"line":32,"column":26},"end":{"line":32,"column":127}},"10":{"start":{"line":33,"column":20},"end":{"line":34,"column":null}},"11":{"start":{"line":34,"column":23},"end":{"line":34,"column":60}},"12":{"start":{"line":37,"column":6},"end":{"line":46,"column":7}},"13":{"start":{"line":38,"column":28},"end":{"line":38,"column":103}},"14":{"start":{"line":39,"column":8},"end":{"line":42,"column":10}},"15":{"start":{"line":44,"column":28},"end":{"line":44,"column":114}},"16":{"start":{"line":45,"column":8},"end":{"line":45,"column":46}},"17":{"start":{"line":51,"column":13},"end":{"line":51,"column":null}},"18":{"start":{"line":53,"column":0},"end":{"line":53,"column":33}},"19":{"start":{"line":60,"column":85},"end":{"line":60,"column":40074}},"20":{"start":{"line":60,"column":89},"end":{"line":60,"column":40063}},"21":{"start":{"line":60,"column":40189},"end":{"line":60,"column":40195}},"22":{"start":{"line":60,"column":40310},"end":{"line":60,"column":40316}},"23":{"start":{"line":60,"column":40431},"end":{"line":60,"column":40437}},"24":{"start":{"line":60,"column":40556},"end":{"line":60,"column":40562}},"25":{"start":{"line":60,"column":40706},"end":{"line":60,"column":40712}}},"fnMap":{"0":{"name":"(anonymous_0)","decl":{"start":{"line":16,"column":13},"end":{"line":16,"column":14}},"loc":{"start":{"line":16,"column":31},"end":{"line":19,"column":5}}},"1":{"name":"(anonymous_1)","decl":{"start":{"line":20,"column":16},"end":{"line":20,"column":17}},"loc":{"start":{"line":20,"column":34},"end":{"line":24,"column":5}}},"2":{"name":"(anonymous_2)","decl":{"start":{"line":22,"column":8},"end":{"line":22,"column":9}},"loc":{"start":{"line":22,"column":23},"end":{"line":22,"column":53}}},"3":{"name":"(anonymous_3)","decl":{"start":{"line":25,"column":15},"end":{"line":25,"column":16}},"loc":{"start":{"line":25,"column":25},"end":{"line":27,"column":5}}},"4":{"name":"(anonymous_4)","decl":{"start":{"line":28,"column":13},"end":{"line":28,"column":14}},"loc":{"start":{"line":28,"column":31},"end":{"line":30,"column":5}}},"5":{"name":"(anonymous_5)","decl":{"start":{"line":31,"column":16},"end":{"line":31,"column":17}},"loc":{"start":{"line":31,"column":96},"end":{"line":47,"column":5}}},"6":{"name":"(anonymous_6)","decl":{"start":{"line":34,"column":8},"end":{"line":34,"column":9}},"loc":{"start":{"line":34,"column":23},"end":{"line":34,"column":60}}},"7":{"name":"oo_cm","decl":{"start":{"line":60,"column":77},"end":{"line":60,"column":82}},"loc":{"start":{"line":60,"column":82},"end":{"line":60,"column":40075}}}},"branchMap":{"0":{"loc":{"start":{"line":37,"column":6},"end":{"line":46,"column":7}},"type":"if","locations":[{"start":{"line":37,"column":6},"end":{"line":46,"column":7}},{"start":{"line":43,"column":13},"end":{"line":46,"column":7}}]},"1":{"loc":{"start":{"line":60,"column":96},"end":{"line":60,"column":40062}},"type":"binary-expr","locations":[{"start":{"line":60,"column":96},"end":{"line":60,"column":133}},{"start":{"line":60,"column":137},"end":{"line":60,"column":40062}}]}},"s":{"0":1,"1":1,"2":1,"3":0,"4":0,"5":0,"6":0,"7":0,"8":0,"9":0,"10":0,"11":0,"12":0,"13":0,"14":0,"15":0,"16":0,"17":1,"18":1,"19":0,"20":0,"21":1,"22":1,"23":1,"24":1,"25":1},"f":{"0":0,"1":0,"2":0,"3":0,"4":0,"5":0,"6":0,"7":0},"b":{"0":[0,0],"1":[0,0]}}
,"C:\\Users\\NanonBuaphet\\corporate-web-admin\\src\\features\\corporateTest\\corporateTestSlice.tsx": {"path":"C:\\Users\\NanonBuaphet\\corporate-web-admin\\src\\features\\corporateTest\\corporateTestSlice.tsx","statementMap":{"0":{"start":{"line":2,"column":0},"end":{"line":2,"column":62}},"1":{"start":{"line":8,"column":37},"end":{"line":10,"column":2}},"2":{"start":{"line":12,"column":27},"end":{"line":23,"column":2}},"3":{"start":{"line":17,"column":6},"end":{"line":17,"column":34}},"4":{"start":{"line":20,"column":6},"end":{"line":20,"column":24}},"5":{"start":{"line":25,"column":13},"end":{"line":25,"column":64}},"6":{"start":{"line":26,"column":0},"end":{"line":26,"column":42}}},"fnMap":{"0":{"name":"(anonymous_0)","decl":{"start":{"line":16,"column":26},"end":{"line":16,"column":27}},"loc":{"start":{"line":16,"column":64},"end":{"line":18,"column":5}}},"1":{"name":"(anonymous_1)","decl":{"start":{"line":19,"column":28},"end":{"line":19,"column":29}},"loc":{"start":{"line":19,"column":38},"end":{"line":21,"column":5}}}},"branchMap":{},"s":{"0":1,"1":1,"2":1,"3":0,"4":0,"5":1,"6":1},"f":{"0":0,"1":0},"b":{}}
,"C:\\Users\\NanonBuaphet\\corporate-web-admin\\src\\features\\currentSelectedCorperate\\currentCorperrateInfoSlice.tsx": {"path":"C:\\Users\\NanonBuaphet\\corporate-web-admin\\src\\features\\currentSelectedCorperate\\currentCorperrateInfoSlice.tsx","statementMap":{"0":{"start":{"line":2,"column":0},"end":{"line":2,"column":62}},"1":{"start":{"line":4,"column":37},"end":{"line":58,"column":2}},"2":{"start":{"line":60,"column":34},"end":{"line":71,"column":2}},"3":{"start":{"line":65,"column":6},"end":{"line":65,"column":45}},"4":{"start":{"line":68,"column":6},"end":{"line":68,"column":41}},"5":{"start":{"line":73,"column":13},"end":{"line":73,"column":null}},"6":{"start":{"line":75,"column":0},"end":{"line":75,"column":49}}},"fnMap":{"0":{"name":"(anonymous_0)","decl":{"start":{"line":64,"column":4},"end":{"line":64,"column":27}},"loc":{"start":{"line":64,"column":72},"end":{"line":66,"column":5}}},"1":{"name":"(anonymous_1)","decl":{"start":{"line":67,"column":4},"end":{"line":67,"column":29}},"loc":{"start":{"line":67,"column":35},"end":{"line":69,"column":5}}}},"branchMap":{},"s":{"0":1,"1":1,"2":1,"3":0,"4":0,"5":1,"6":1},"f":{"0":0,"1":0},"b":{}}
,"C:\\Users\\NanonBuaphet\\corporate-web-admin\\src\\features\\editCorporateData\\editCorporateData.ts": {"path":"C:\\Users\\NanonBuaphet\\corporate-web-admin\\src\\features\\editCorporateData\\editCorporateData.ts","statementMap":{"0":{"start":{"line":2,"column":0},"end":{"line":2,"column":62}},"1":{"start":{"line":4,"column":37},"end":{"line":92,"column":2}},"2":{"start":{"line":94,"column":27},"end":{"line":105,"column":2}},"3":{"start":{"line":99,"column":6},"end":{"line":99,"column":45}},"4":{"start":{"line":102,"column":6},"end":{"line":102,"column":41}},"5":{"start":{"line":107,"column":13},"end":{"line":107,"column":55}},"6":{"start":{"line":108,"column":0},"end":{"line":108,"column":42}}},"fnMap":{"0":{"name":"(anonymous_0)","decl":{"start":{"line":98,"column":4},"end":{"line":98,"column":20}},"loc":{"start":{"line":98,"column":65},"end":{"line":100,"column":5}}},"1":{"name":"(anonymous_1)","decl":{"start":{"line":101,"column":4},"end":{"line":101,"column":22}},"loc":{"start":{"line":101,"column":28},"end":{"line":103,"column":5}}}},"branchMap":{},"s":{"0":1,"1":1,"2":1,"3":1,"4":0,"5":1,"6":1},"f":{"0":1,"1":0},"b":{}}
,"C:\\Users\\NanonBuaphet\\corporate-web-admin\\src\\features\\fetchIndividualData\\fetchIndividualDataSlice.ts": {"path":"C:\\Users\\NanonBuaphet\\corporate-web-admin\\src\\features\\fetchIndividualData\\fetchIndividualDataSlice.ts","statementMap":{"0":{"start":{"line":2,"column":0},"end":{"line":2,"column":62}},"1":{"start":{"line":8,"column":32},"end":{"line":10,"column":2}},"2":{"start":{"line":12,"column":18},"end":{"line":23,"column":2}},"3":{"start":{"line":17,"column":6},"end":{"line":17,"column":45}},"4":{"start":{"line":20,"column":6},"end":{"line":20,"column":35}},"5":{"start":{"line":25,"column":13},"end":{"line":25,"column":57}},"6":{"start":{"line":26,"column":0},"end":{"line":26,"column":33}}},"fnMap":{"0":{"name":"(anonymous_0)","decl":{"start":{"line":16,"column":23},"end":{"line":16,"column":24}},"loc":{"start":{"line":16,"column":73},"end":{"line":18,"column":5}}},"1":{"name":"(anonymous_1)","decl":{"start":{"line":19,"column":25},"end":{"line":19,"column":26}},"loc":{"start":{"line":19,"column":35},"end":{"line":21,"column":5}}}},"branchMap":{},"s":{"0":1,"1":1,"2":1,"3":0,"4":0,"5":1,"6":1},"f":{"0":0,"1":0},"b":{}}
,"C:\\Users\\NanonBuaphet\\corporate-web-admin\\src\\features\\fxExchange\\fxExhangeSlice.ts": {"path":"C:\\Users\\NanonBuaphet\\corporate-web-admin\\src\\features\\fxExchange\\fxExhangeSlice.ts","statementMap":{"0":{"start":{"line":1,"column":0},"end":{"line":1,"column":47}},"1":{"start":{"line":8,"column":38},"end":{"line":10,"column":2}},"2":{"start":{"line":12,"column":13},"end":{"line":44,"column":3}},"3":{"start":{"line":17,"column":26},"end":{"line":17,"column":109}},"4":{"start":{"line":18,"column":6},"end":{"line":18,"column":79}},"5":{"start":{"line":21,"column":6},"end":{"line":23,"column":8}},"6":{"start":{"line":22,"column":23},"end":{"line":22,"column":49}},"7":{"start":{"line":26,"column":6},"end":{"line":26,"column":29}},"8":{"start":{"line":29,"column":6},"end":{"line":29,"column":41}},"9":{"start":{"line":32,"column":20},"end":{"line":33,"column":null}},"10":{"start":{"line":33,"column":23},"end":{"line":33,"column":52}},"11":{"start":{"line":36,"column":6},"end":{"line":41,"column":7}},"12":{"start":{"line":37,"column":8},"end":{"line":40,"column":10}},"13":{"start":{"line":46,"column":13},"end":{"line":51,"column":null}},"14":{"start":{"line":53,"column":0},"end":{"line":53,"column":39}},"15":{"start":{"line":60,"column":85},"end":{"line":60,"column":40074}},"16":{"start":{"line":60,"column":89},"end":{"line":60,"column":40063}},"17":{"start":{"line":60,"column":40189},"end":{"line":60,"column":40195}},"18":{"start":{"line":60,"column":40310},"end":{"line":60,"column":40316}},"19":{"start":{"line":60,"column":40431},"end":{"line":60,"column":40437}},"20":{"start":{"line":60,"column":40556},"end":{"line":60,"column":40562}},"21":{"start":{"line":60,"column":40706},"end":{"line":60,"column":40712}}},"fnMap":{"0":{"name":"(anonymous_0)","decl":{"start":{"line":16,"column":19},"end":{"line":16,"column":20}},"loc":{"start":{"line":16,"column":37},"end":{"line":19,"column":5}}},"1":{"name":"(anonymous_1)","decl":{"start":{"line":20,"column":22},"end":{"line":20,"column":23}},"loc":{"start":{"line":20,"column":40},"end":{"line":24,"column":5}}},"2":{"name":"(anonymous_2)","decl":{"start":{"line":22,"column":8},"end":{"line":22,"column":9}},"loc":{"start":{"line":22,"column":23},"end":{"line":22,"column":49}}},"3":{"name":"(anonymous_3)","decl":{"start":{"line":25,"column":22},"end":{"line":25,"column":23}},"loc":{"start":{"line":25,"column":32},"end":{"line":27,"column":5}}},"4":{"name":"(anonymous_4)","decl":{"start":{"line":28,"column":20},"end":{"line":28,"column":21}},"loc":{"start":{"line":28,"column":38},"end":{"line":30,"column":5}}},"5":{"name":"(anonymous_5)","decl":{"start":{"line":31,"column":22},"end":{"line":31,"column":23}},"loc":{"start":{"line":31,"column":40},"end":{"line":42,"column":5}}},"6":{"name":"(anonymous_6)","decl":{"start":{"line":33,"column":8},"end":{"line":33,"column":9}},"loc":{"start":{"line":33,"column":23},"end":{"line":33,"column":52}}},"7":{"name":"oo_cm","decl":{"start":{"line":60,"column":77},"end":{"line":60,"column":82}},"loc":{"start":{"line":60,"column":82},"end":{"line":60,"column":40075}}}},"branchMap":{"0":{"loc":{"start":{"line":36,"column":6},"end":{"line":41,"column":7}},"type":"if","locations":[{"start":{"line":36,"column":6},"end":{"line":41,"column":7}}]},"1":{"loc":{"start":{"line":60,"column":96},"end":{"line":60,"column":40062}},"type":"binary-expr","locations":[{"start":{"line":60,"column":96},"end":{"line":60,"column":133}},{"start":{"line":60,"column":137},"end":{"line":60,"column":40062}}]}},"s":{"0":1,"1":1,"2":1,"3":0,"4":0,"5":0,"6":0,"7":0,"8":0,"9":0,"10":0,"11":0,"12":0,"13":1,"14":1,"15":0,"16":0,"17":1,"18":1,"19":1,"20":1,"21":1},"f":{"0":0,"1":0,"2":0,"3":0,"4":0,"5":0,"6":0,"7":0},"b":{"0":[0],"1":[0,0]}}
,"C:\\Users\\NanonBuaphet\\corporate-web-admin\\src\\features\\individualShareholder\\individualShareholderSlice.ts": {"path":"C:\\Users\\NanonBuaphet\\corporate-web-admin\\src\\features\\individualShareholder\\individualShareholderSlice.ts","statementMap":{"0":{"start":{"line":1,"column":0},"end":{"line":1,"column":62}},"1":{"start":{"line":7,"column":49},"end":{"line":9,"column":2}},"2":{"start":{"line":11,"column":13},"end":{"line":58,"column":3}},"3":{"start":{"line":16,"column":26},"end":{"line":16,"column":109}},"4":{"start":{"line":18,"column":6},"end":{"line":24,"column":8}},"5":{"start":{"line":27,"column":6},"end":{"line":29,"column":8}},"6":{"start":{"line":28,"column":18},"end":{"line":28,"column":52}},"7":{"start":{"line":32,"column":6},"end":{"line":32,"column":40}},"8":{"start":{"line":38,"column":6},"end":{"line":38,"column":52}},"9":{"start":{"line":44,"column":20},"end":{"line":46,"column":null}},"10":{"start":{"line":46,"column":10},"end":{"line":46,"column":72}},"11":{"start":{"line":48,"column":6},"end":{"line":55,"column":7}},"12":{"start":{"line":50,"column":8},"end":{"line":54,"column":10}},"13":{"start":{"line":60,"column":13},"end":{"line":65,"column":null}},"14":{"start":{"line":67,"column":0},"end":{"line":67,"column":50}},"15":{"start":{"line":74,"column":85},"end":{"line":74,"column":40074}},"16":{"start":{"line":74,"column":89},"end":{"line":74,"column":40063}},"17":{"start":{"line":74,"column":40189},"end":{"line":74,"column":40195}},"18":{"start":{"line":74,"column":40310},"end":{"line":74,"column":40316}},"19":{"start":{"line":74,"column":40431},"end":{"line":74,"column":40437}},"20":{"start":{"line":74,"column":40556},"end":{"line":74,"column":40562}},"21":{"start":{"line":74,"column":40706},"end":{"line":74,"column":40712}}},"fnMap":{"0":{"name":"(anonymous_0)","decl":{"start":{"line":15,"column":30},"end":{"line":15,"column":31}},"loc":{"start":{"line":15,"column":48},"end":{"line":25,"column":5}}},"1":{"name":"(anonymous_1)","decl":{"start":{"line":26,"column":33},"end":{"line":26,"column":34}},"loc":{"start":{"line":26,"column":51},"end":{"line":30,"column":5}}},"2":{"name":"(anonymous_2)","decl":{"start":{"line":28,"column":8},"end":{"line":28,"column":9}},"loc":{"start":{"line":28,"column":18},"end":{"line":28,"column":52}}},"3":{"name":"(anonymous_3)","decl":{"start":{"line":31,"column":32},"end":{"line":31,"column":33}},"loc":{"start":{"line":31,"column":42},"end":{"line":33,"column":5}}},"4":{"name":"(anonymous_4)","decl":{"start":{"line":34,"column":30},"end":{"line":34,"column":null}},"loc":{"start":{"line":37,"column":8},"end":{"line":39,"column":5}}},"5":{"name":"(anonymous_5)","decl":{"start":{"line":40,"column":33},"end":{"line":40,"column":null}},"loc":{"start":{"line":43,"column":8},"end":{"line":56,"column":5}}},"6":{"name":"(anonymous_6)","decl":{"start":{"line":45,"column":8},"end":{"line":45,"column":9}},"loc":{"start":{"line":46,"column":10},"end":{"line":46,"column":72}}},"7":{"name":"oo_cm","decl":{"start":{"line":74,"column":77},"end":{"line":74,"column":82}},"loc":{"start":{"line":74,"column":82},"end":{"line":74,"column":40075}}}},"branchMap":{"0":{"loc":{"start":{"line":48,"column":6},"end":{"line":55,"column":7}},"type":"if","locations":[{"start":{"line":48,"column":6},"end":{"line":55,"column":7}}]},"1":{"loc":{"start":{"line":74,"column":96},"end":{"line":74,"column":40062}},"type":"binary-expr","locations":[{"start":{"line":74,"column":96},"end":{"line":74,"column":133}},{"start":{"line":74,"column":137},"end":{"line":74,"column":40062}}]}},"s":{"0":1,"1":1,"2":1,"3":0,"4":0,"5":0,"6":0,"7":0,"8":0,"9":0,"10":0,"11":0,"12":0,"13":1,"14":1,"15":0,"16":0,"17":1,"18":1,"19":1,"20":1,"21":1},"f":{"0":0,"1":0,"2":0,"3":0,"4":0,"5":0,"6":0,"7":0},"b":{"0":[0],"1":[0,0]}}
,"C:\\Users\\NanonBuaphet\\corporate-web-admin\\src\\features\\juristicShareholderSlice\\juristicShareholderSlice.ts": {"path":"C:\\Users\\NanonBuaphet\\corporate-web-admin\\src\\features\\juristicShareholderSlice\\juristicShareholderSlice.ts","statementMap":{"0":{"start":{"line":1,"column":0},"end":{"line":1,"column":62}},"1":{"start":{"line":8,"column":47},"end":{"line":10,"column":2}},"2":{"start":{"line":12,"column":13},"end":{"line":47,"column":3}},"3":{"start":{"line":17,"column":26},"end":{"line":17,"column":108}},"4":{"start":{"line":18,"column":6},"end":{"line":21,"column":8}},"5":{"start":{"line":24,"column":6},"end":{"line":26,"column":8}},"6":{"start":{"line":25,"column":18},"end":{"line":25,"column":52}},"7":{"start":{"line":29,"column":6},"end":{"line":29,"column":38}},"8":{"start":{"line":32,"column":6},"end":{"line":32,"column":50}},"9":{"start":{"line":35,"column":20},"end":{"line":36,"column":null}},"10":{"start":{"line":36,"column":18},"end":{"line":36,"column":63}},"11":{"start":{"line":39,"column":6},"end":{"line":44,"column":7}},"12":{"start":{"line":40,"column":8},"end":{"line":43,"column":10}},"13":{"start":{"line":49,"column":13},"end":{"line":54,"column":null}},"14":{"start":{"line":56,"column":0},"end":{"line":56,"column":48}},"15":{"start":{"line":63,"column":85},"end":{"line":63,"column":40074}},"16":{"start":{"line":63,"column":89},"end":{"line":63,"column":40063}},"17":{"start":{"line":63,"column":40189},"end":{"line":63,"column":40195}},"18":{"start":{"line":63,"column":40310},"end":{"line":63,"column":40316}},"19":{"start":{"line":63,"column":40431},"end":{"line":63,"column":40437}},"20":{"start":{"line":63,"column":40556},"end":{"line":63,"column":40562}},"21":{"start":{"line":63,"column":40706},"end":{"line":63,"column":40712}}},"fnMap":{"0":{"name":"(anonymous_0)","decl":{"start":{"line":16,"column":28},"end":{"line":16,"column":29}},"loc":{"start":{"line":16,"column":46},"end":{"line":22,"column":5}}},"1":{"name":"(anonymous_1)","decl":{"start":{"line":23,"column":31},"end":{"line":23,"column":32}},"loc":{"start":{"line":23,"column":49},"end":{"line":27,"column":5}}},"2":{"name":"(anonymous_2)","decl":{"start":{"line":25,"column":8},"end":{"line":25,"column":9}},"loc":{"start":{"line":25,"column":18},"end":{"line":25,"column":52}}},"3":{"name":"(anonymous_3)","decl":{"start":{"line":28,"column":30},"end":{"line":28,"column":31}},"loc":{"start":{"line":28,"column":40},"end":{"line":30,"column":5}}},"4":{"name":"(anonymous_4)","decl":{"start":{"line":31,"column":28},"end":{"line":31,"column":29}},"loc":{"start":{"line":31,"column":46},"end":{"line":33,"column":5}}},"5":{"name":"(anonymous_5)","decl":{"start":{"line":34,"column":31},"end":{"line":34,"column":32}},"loc":{"start":{"line":34,"column":155},"end":{"line":45,"column":5}}},"6":{"name":"(anonymous_6)","decl":{"start":{"line":36,"column":8},"end":{"line":36,"column":9}},"loc":{"start":{"line":36,"column":18},"end":{"line":36,"column":63}}},"7":{"name":"oo_cm","decl":{"start":{"line":63,"column":77},"end":{"line":63,"column":82}},"loc":{"start":{"line":63,"column":82},"end":{"line":63,"column":40075}}}},"branchMap":{"0":{"loc":{"start":{"line":39,"column":6},"end":{"line":44,"column":7}},"type":"if","locations":[{"start":{"line":39,"column":6},"end":{"line":44,"column":7}}]},"1":{"loc":{"start":{"line":63,"column":96},"end":{"line":63,"column":40062}},"type":"binary-expr","locations":[{"start":{"line":63,"column":96},"end":{"line":63,"column":133}},{"start":{"line":63,"column":137},"end":{"line":63,"column":40062}}]}},"s":{"0":1,"1":1,"2":1,"3":0,"4":0,"5":0,"6":0,"7":0,"8":0,"9":0,"10":0,"11":0,"12":0,"13":1,"14":1,"15":0,"16":0,"17":1,"18":1,"19":1,"20":1,"21":1},"f":{"0":0,"1":0,"2":0,"3":0,"4":0,"5":0,"6":0,"7":0},"b":{"0":[0],"1":[0,0]}}
,"C:\\Users\\NanonBuaphet\\corporate-web-admin\\src\\features\\livenessOcr\\livenessOcr.ts": {"path":"C:\\Users\\NanonBuaphet\\corporate-web-admin\\src\\features\\livenessOcr\\livenessOcr.ts","statementMap":{"0":{"start":{"line":1,"column":0},"end":{"line":1,"column":62}},"1":{"start":{"line":8,"column":35},"end":{"line":11,"column":2}},"2":{"start":{"line":13,"column":25},"end":{"line":24,"column":2}},"3":{"start":{"line":18,"column":6},"end":{"line":18,"column":39}},"4":{"start":{"line":21,"column":6},"end":{"line":21,"column":41}},"5":{"start":{"line":26,"column":13},"end":{"line":26,"column":48}},"6":{"start":{"line":27,"column":0},"end":{"line":27,"column":40}}},"fnMap":{"0":{"name":"(anonymous_0)","decl":{"start":{"line":17,"column":4},"end":{"line":17,"column":16}},"loc":{"start":{"line":17,"column":53},"end":{"line":19,"column":5}}},"1":{"name":"(anonymous_1)","decl":{"start":{"line":20,"column":4},"end":{"line":20,"column":18}},"loc":{"start":{"line":20,"column":55},"end":{"line":22,"column":5}}}},"branchMap":{},"s":{"0":1,"1":1,"2":1,"3":0,"4":0,"5":1,"6":1},"f":{"0":0,"1":0},"b":{}}
,"C:\\Users\\NanonBuaphet\\corporate-web-admin\\src\\features\\orderTrade\\orderTradeSlice.ts": {"path":"C:\\Users\\NanonBuaphet\\corporate-web-admin\\src\\features\\orderTrade\\orderTradeSlice.ts","statementMap":{"0":{"start":{"line":1,"column":0},"end":{"line":1,"column":47}},"1":{"start":{"line":8,"column":38},"end":{"line":10,"column":2}},"2":{"start":{"line":12,"column":13},"end":{"line":44,"column":3}},"3":{"start":{"line":17,"column":26},"end":{"line":17,"column":109}},"4":{"start":{"line":18,"column":6},"end":{"line":18,"column":79}},"5":{"start":{"line":21,"column":6},"end":{"line":23,"column":8}},"6":{"start":{"line":22,"column":23},"end":{"line":22,"column":49}},"7":{"start":{"line":26,"column":6},"end":{"line":26,"column":29}},"8":{"start":{"line":29,"column":6},"end":{"line":29,"column":41}},"9":{"start":{"line":32,"column":20},"end":{"line":33,"column":null}},"10":{"start":{"line":33,"column":23},"end":{"line":33,"column":52}},"11":{"start":{"line":36,"column":6},"end":{"line":41,"column":7}},"12":{"start":{"line":37,"column":8},"end":{"line":40,"column":10}},"13":{"start":{"line":46,"column":13},"end":{"line":51,"column":null}},"14":{"start":{"line":53,"column":0},"end":{"line":53,"column":39}},"15":{"start":{"line":60,"column":85},"end":{"line":60,"column":40074}},"16":{"start":{"line":60,"column":89},"end":{"line":60,"column":40063}},"17":{"start":{"line":60,"column":40189},"end":{"line":60,"column":40195}},"18":{"start":{"line":60,"column":40310},"end":{"line":60,"column":40316}},"19":{"start":{"line":60,"column":40431},"end":{"line":60,"column":40437}},"20":{"start":{"line":60,"column":40556},"end":{"line":60,"column":40562}},"21":{"start":{"line":60,"column":40706},"end":{"line":60,"column":40712}}},"fnMap":{"0":{"name":"(anonymous_0)","decl":{"start":{"line":16,"column":19},"end":{"line":16,"column":20}},"loc":{"start":{"line":16,"column":37},"end":{"line":19,"column":5}}},"1":{"name":"(anonymous_1)","decl":{"start":{"line":20,"column":22},"end":{"line":20,"column":23}},"loc":{"start":{"line":20,"column":40},"end":{"line":24,"column":5}}},"2":{"name":"(anonymous_2)","decl":{"start":{"line":22,"column":8},"end":{"line":22,"column":9}},"loc":{"start":{"line":22,"column":23},"end":{"line":22,"column":49}}},"3":{"name":"(anonymous_3)","decl":{"start":{"line":25,"column":22},"end":{"line":25,"column":23}},"loc":{"start":{"line":25,"column":32},"end":{"line":27,"column":5}}},"4":{"name":"(anonymous_4)","decl":{"start":{"line":28,"column":20},"end":{"line":28,"column":21}},"loc":{"start":{"line":28,"column":38},"end":{"line":30,"column":5}}},"5":{"name":"(anonymous_5)","decl":{"start":{"line":31,"column":22},"end":{"line":31,"column":23}},"loc":{"start":{"line":31,"column":40},"end":{"line":42,"column":5}}},"6":{"name":"(anonymous_6)","decl":{"start":{"line":33,"column":8},"end":{"line":33,"column":9}},"loc":{"start":{"line":33,"column":23},"end":{"line":33,"column":52}}},"7":{"name":"oo_cm","decl":{"start":{"line":60,"column":77},"end":{"line":60,"column":82}},"loc":{"start":{"line":60,"column":82},"end":{"line":60,"column":40075}}}},"branchMap":{"0":{"loc":{"start":{"line":36,"column":6},"end":{"line":41,"column":7}},"type":"if","locations":[{"start":{"line":36,"column":6},"end":{"line":41,"column":7}}]},"1":{"loc":{"start":{"line":60,"column":96},"end":{"line":60,"column":40062}},"type":"binary-expr","locations":[{"start":{"line":60,"column":96},"end":{"line":60,"column":133}},{"start":{"line":60,"column":137},"end":{"line":60,"column":40062}}]}},"s":{"0":1,"1":1,"2":1,"3":0,"4":0,"5":0,"6":0,"7":0,"8":0,"9":0,"10":0,"11":0,"12":0,"13":1,"14":1,"15":0,"16":0,"17":1,"18":1,"19":1,"20":1,"21":1},"f":{"0":0,"1":0,"2":0,"3":0,"4":0,"5":0,"6":0,"7":0},"b":{"0":[0],"1":[0,0]}}
,"C:\\Users\\NanonBuaphet\\corporate-web-admin\\src\\features\\suit\\suitSlice.ts": {"path":"C:\\Users\\NanonBuaphet\\corporate-web-admin\\src\\features\\suit\\suitSlice.ts","statementMap":{"0":{"start":{"line":1,"column":0},"end":{"line":1,"column":62}},"1":{"start":{"line":24,"column":37},"end":{"line":24,"column":39}},"2":{"start":{"line":26,"column":13},"end":{"line":39,"column":3}},"3":{"start":{"line":31,"column":6},"end":{"line":31,"column":29}},"4":{"start":{"line":32,"column":6},"end":{"line":32,"column":19}},"5":{"start":{"line":35,"column":6},"end":{"line":35,"column":27}},"6":{"start":{"line":36,"column":6},"end":{"line":36,"column":19}},"7":{"start":{"line":41,"column":13},"end":{"line":41,"column":38}},"8":{"start":{"line":42,"column":0},"end":{"line":42,"column":33}}},"fnMap":{"0":{"name":"(anonymous_0)","decl":{"start":{"line":30,"column":13},"end":{"line":30,"column":14}},"loc":{"start":{"line":30,"column":62},"end":{"line":33,"column":5}}},"1":{"name":"(anonymous_1)","decl":{"start":{"line":34,"column":15},"end":{"line":34,"column":16}},"loc":{"start":{"line":34,"column":25},"end":{"line":37,"column":5}}}},"branchMap":{},"s":{"0":1,"1":1,"2":1,"3":0,"4":0,"5":0,"6":0,"7":1,"8":1},"f":{"0":0,"1":0},"b":{}}
,"C:\\Users\\NanonBuaphet\\corporate-web-admin\\src\\features\\uploadFile\\uploadFileSlice.ts": {"path":"C:\\Users\\NanonBuaphet\\corporate-web-admin\\src\\features\\uploadFile\\uploadFileSlice.ts","statementMap":{"0":{"start":{"line":2,"column":0},"end":{"line":2,"column":62}},"1":{"start":{"line":8,"column":32},"end":{"line":10,"column":2}},"2":{"start":{"line":12,"column":24},"end":{"line":26,"column":2}},"3":{"start":{"line":17,"column":6},"end":{"line":17,"column":35}},"4":{"start":{"line":20,"column":6},"end":{"line":20,"column":39}},"5":{"start":{"line":23,"column":6},"end":{"line":23,"column":72}},"6":{"start":{"line":23,"column":47},"end":{"line":23,"column":70}},"7":{"start":{"line":28,"column":13},"end":{"line":28,"column":49}},"8":{"start":{"line":29,"column":0},"end":{"line":29,"column":39}}},"fnMap":{"0":{"name":"(anonymous_0)","decl":{"start":{"line":16,"column":4},"end":{"line":16,"column":12}},"loc":{"start":{"line":16,"column":55},"end":{"line":18,"column":5}}},"1":{"name":"(anonymous_1)","decl":{"start":{"line":19,"column":4},"end":{"line":19,"column":11}},"loc":{"start":{"line":19,"column":52},"end":{"line":21,"column":5}}},"2":{"name":"(anonymous_2)","decl":{"start":{"line":22,"column":4},"end":{"line":22,"column":14}},"loc":{"start":{"line":22,"column":55},"end":{"line":24,"column":5}}},"3":{"name":"(anonymous_3)","decl":{"start":{"line":23,"column":39},"end":{"line":23,"column":43}},"loc":{"start":{"line":23,"column":47},"end":{"line":23,"column":70}}}},"branchMap":{},"s":{"0":1,"1":1,"2":1,"3":0,"4":0,"5":0,"6":0,"7":1,"8":1},"f":{"0":0,"1":0,"2":0,"3":0},"b":{}}
,"C:\\Users\\NanonBuaphet\\corporate-web-admin\\src\\features\\user\\userSlice.ts": {"path":"C:\\Users\\NanonBuaphet\\corporate-web-admin\\src\\features\\user\\userSlice.ts","statementMap":{"0":{"start":{"line":1,"column":0},"end":{"line":1,"column":62}},"1":{"start":{"line":21,"column":32},"end":{"line":23,"column":2}},"2":{"start":{"line":25,"column":13},"end":{"line":40,"column":3}},"3":{"start":{"line":30,"column":23},"end":{"line":30,"column":39}},"4":{"start":{"line":31,"column":6},"end":{"line":31,"column":57}},"5":{"start":{"line":34,"column":6},"end":{"line":37,"column":8}},"6":{"start":{"line":42,"column":13},"end":{"line":42,"column":37}},"7":{"start":{"line":43,"column":0},"end":{"line":43,"column":33}}},"fnMap":{"0":{"name":"(anonymous_0)","decl":{"start":{"line":29,"column":13},"end":{"line":29,"column":14}},"loc":{"start":{"line":29,"column":31},"end":{"line":32,"column":5}}},"1":{"name":"(anonymous_1)","decl":{"start":{"line":33,"column":14},"end":{"line":33,"column":15}},"loc":{"start":{"line":33,"column":55},"end":{"line":38,"column":5}}}},"branchMap":{},"s":{"0":1,"1":1,"2":1,"3":5,"4":5,"5":0,"6":1,"7":1},"f":{"0":5,"1":0},"b":{}}
,"C:\\Users\\NanonBuaphet\\corporate-web-admin\\src\\lib\\Cookies.ts": {"path":"C:\\Users\\NanonBuaphet\\corporate-web-admin\\src\\lib\\Cookies.ts","statementMap":{"0":{"start":{"line":1,"column":0},"end":{"line":1,"column":32}},"1":{"start":{"line":3,"column":18},"end":{"line":3,"column":25}},"2":{"start":{"line":5,"column":26},"end":{"line":7,"column":1}},"3":{"start":{"line":6,"column":2},"end":{"line":6,"column":48}},"4":{"start":{"line":5,"column":13},"end":{"line":5,"column":26}},"5":{"start":{"line":9,"column":26},"end":{"line":11,"column":1}},"6":{"start":{"line":10,"column":2},"end":{"line":10,"column":32}},"7":{"start":{"line":9,"column":13},"end":{"line":9,"column":26}},"8":{"start":{"line":13,"column":29},"end":{"line":15,"column":1}},"9":{"start":{"line":14,"column":2},"end":{"line":14,"column":28}},"10":{"start":{"line":13,"column":13},"end":{"line":13,"column":29}}},"fnMap":{"0":{"name":"(anonymous_1)","decl":{"start":{"line":5,"column":26},"end":{"line":5,"column":27}},"loc":{"start":{"line":5,"column":44},"end":{"line":7,"column":1}}},"1":{"name":"(anonymous_2)","decl":{"start":{"line":9,"column":26},"end":{"line":9,"column":49}},"loc":{"start":{"line":9,"column":51},"end":{"line":11,"column":1}}},"2":{"name":"(anonymous_3)","decl":{"start":{"line":13,"column":29},"end":{"line":13,"column":32}},"loc":{"start":{"line":13,"column":34},"end":{"line":15,"column":1}}}},"branchMap":{},"s":{"0":1,"1":1,"2":1,"3":0,"4":1,"5":1,"6":6,"7":1,"8":1,"9":0,"10":1},"f":{"0":0,"1":6,"2":0},"b":{}}
,"C:\\Users\\NanonBuaphet\\corporate-web-admin\\src\\lib\\utils.ts": {"path":"C:\\Users\\NanonBuaphet\\corporate-web-admin\\src\\lib\\utils.ts","statementMap":{"0":{"start":{"line":8,"column":0},"end":{"line":8,"column":16}},"1":{"start":{"line":12,"column":0},"end":{"line":12,"column":16}},"2":{"start":{"line":33,"column":0},"end":{"line":33,"column":16}},"3":{"start":{"line":37,"column":0},"end":{"line":37,"column":16}},"4":{"start":{"line":51,"column":0},"end":{"line":51,"column":16}},"5":{"start":{"line":59,"column":0},"end":{"line":59,"column":16}},"6":{"start":{"line":70,"column":0},"end":{"line":70,"column":16}},"7":{"start":{"line":181,"column":0},"end":{"line":181,"column":16}},"8":{"start":{"line":1,"column":0},"end":{"line":1,"column":45}},"9":{"start":{"line":2,"column":0},"end":{"line":2,"column":41}},"10":{"start":{"line":3,"column":0},"end":{"line":3,"column":39}},"11":{"start":{"line":4,"column":0},"end":{"line":4,"column":39}},"12":{"start":{"line":5,"column":0},"end":{"line":5,"column":42}},"13":{"start":{"line":9,"column":2},"end":{"line":9,"column":31}},"14":{"start":{"line":13,"column":2},"end":{"line":15,"column":3}},"15":{"start":{"line":14,"column":4},"end":{"line":14,"column":15}},"16":{"start":{"line":17,"column":2},"end":{"line":23,"column":3}},"17":{"start":{"line":18,"column":20},"end":{"line":18,"column":38}},"18":{"start":{"line":19,"column":5},"end":{"line":21,"column":7}},"19":{"start":{"line":20,"column":7},"end":{"line":20,"column":76}},"20":{"start":{"line":22,"column":4},"end":{"line":22,"column":19}},"21":{"start":{"line":25,"column":18},"end":{"line":25,"column":25}},"22":{"start":{"line":26,"column":2},"end":{"line":28,"column":5}},"23":{"start":{"line":27,"column":5},"end":{"line":27,"column":52}},"24":{"start":{"line":30,"column":2},"end":{"line":30,"column":17}},"25":{"start":{"line":34,"column":2},"end":{"line":34,"column":59}},"26":{"start":{"line":34,"column":34},"end":{"line":34,"column":57}},"27":{"start":{"line":38,"column":2},"end":{"line":40,"column":3}},"28":{"start":{"line":39,"column":4},"end":{"line":39,"column":17}},"29":{"start":{"line":42,"column":2},"end":{"line":46,"column":3}},"30":{"start":{"line":42,"column":15},"end":{"line":42,"column":16}},"31":{"start":{"line":43,"column":4},"end":{"line":45,"column":5}},"32":{"start":{"line":44,"column":6},"end":{"line":44,"column":19}},"33":{"start":{"line":48,"column":2},"end":{"line":48,"column":14}},"34":{"start":{"line":52,"column":2},"end":{"line":52,"column":55}},"35":{"start":{"line":55,"column":24},"end":{"line":57,"column":1}},"36":{"start":{"line":56,"column":2},"end":{"line":56,"column":29}},"37":{"start":{"line":55,"column":13},"end":{"line":55,"column":24}},"38":{"start":{"line":60,"column":10},"end":{"line":60,"column":11}},"39":{"start":{"line":61,"column":12},"end":{"line":61,"column":13}},"40":{"start":{"line":62,"column":2},"end":{"line":64,"column":3}},"41":{"start":{"line":63,"column":4},"end":{"line":63,"column":47}},"42":{"start":{"line":65,"column":15},"end":{"line":65,"column":37}},"43":{"start":{"line":67,"column":2},"end":{"line":67,"column":25}},"44":{"start":{"line":71,"column":22},"end":{"line":71,"column":40}},"45":{"start":{"line":72,"column":18},"end":{"line":72,"column":62}},"46":{"start":{"line":73,"column":2},"end":{"line":73,"column":17}},"47":{"start":{"line":76,"column":30},"end":{"line":94,"column":1}},"48":{"start":{"line":77,"column":16},"end":{"line":77,"column":28}},"49":{"start":{"line":78,"column":18},"end":{"line":78,"column":22}},"50":{"start":{"line":79,"column":2},"end":{"line":92,"column":3}},"51":{"start":{"line":80,"column":4},"end":{"line":91,"column":5}},"52":{"start":{"line":81,"column":19},"end":{"line":81,"column":35}},"53":{"start":{"line":83,"column":6},"end":{"line":88,"column":7}},"54":{"start":{"line":84,"column":25},"end":{"line":84,"column":50}},"55":{"start":{"line":85,"column":8},"end":{"line":85,"column":62}},"56":{"start":{"line":87,"column":28},"end":{"line":87,"column":116}},"57":{"start":{"line":90,"column":26},"end":{"line":90,"column":111}},"58":{"start":{"line":93,"column":2},"end":{"line":93,"column":19}},"59":{"start":{"line":76,"column":13},"end":{"line":76,"column":30}},"60":{"start":{"line":96,"column":29},"end":{"line":103,"column":1}},"61":{"start":{"line":97,"column":15},"end":{"line":97,"column":65}},"62":{"start":{"line":97,"column":49},"end":{"line":97,"column":64}},"63":{"start":{"line":98,"column":2},"end":{"line":102,"column":3}},"64":{"start":{"line":99,"column":4},"end":{"line":99,"column":40}},"65":{"start":{"line":101,"column":4},"end":{"line":101,"column":17}},"66":{"start":{"line":96,"column":13},"end":{"line":96,"column":29}},"67":{"start":{"line":105,"column":36},"end":{"line":125,"column":1}},"68":{"start":{"line":106,"column":15},"end":{"line":106,"column":65}},"69":{"start":{"line":106,"column":49},"end":{"line":106,"column":64}},"70":{"start":{"line":109,"column":16},"end":{"line":109,"column":37}},"71":{"start":{"line":110,"column":20},"end":{"line":112,"column":33}},"72":{"start":{"line":112,"column":19},"end":{"line":112,"column":32}},"73":{"start":{"line":115,"column":2},"end":{"line":124,"column":3}},"74":{"start":{"line":116,"column":26},"end":{"line":117,"column":null}},"75":{"start":{"line":117,"column":6},"end":{"line":117,"column":34}},"76":{"start":{"line":121,"column":4},"end":{"line":121,"column":25}},"77":{"start":{"line":123,"column":4},"end":{"line":123,"column":17}},"78":{"start":{"line":105,"column":13},"end":{"line":105,"column":36}},"79":{"start":{"line":127,"column":30},"end":{"line":133,"column":1}},"80":{"start":{"line":128,"column":15},"end":{"line":128,"column":33}},"81":{"start":{"line":129,"column":16},"end":{"line":129,"column":60}},"82":{"start":{"line":130,"column":14},"end":{"line":130,"column":53}},"83":{"start":{"line":132,"column":2},"end":{"line":132,"column":35}},"84":{"start":{"line":127,"column":13},"end":{"line":127,"column":30}},"85":{"start":{"line":135,"column":30},"end":{"line":146,"column":1}},"86":{"start":{"line":139,"column":29},"end":{"line":139,"column":62}},"87":{"start":{"line":140,"column":15},"end":{"line":140,"column":45}},"88":{"start":{"line":141,"column":2},"end":{"line":144,"column":3}},"89":{"start":{"line":142,"column":4},"end":{"line":142,"column":40}},"90":{"start":{"line":143,"column":4},"end":{"line":143,"column":44}},"91":{"start":{"line":145,"column":2},"end":{"line":145,"column":14}},"92":{"start":{"line":135,"column":13},"end":{"line":135,"column":30}},"93":{"start":{"line":148,"column":35},"end":{"line":165,"column":1}},"94":{"start":{"line":151,"column":2},"end":{"line":164,"column":3}},"95":{"start":{"line":152,"column":4},"end":{"line":159,"column":7}},"96":{"start":{"line":153,"column":21},"end":{"line":153,"column":37}},"97":{"start":{"line":154,"column":6},"end":{"line":156,"column":8}},"98":{"start":{"line":155,"column":8},"end":{"line":155,"column":41}},"99":{"start":{"line":157,"column":6},"end":{"line":157,"column":30}},"100":{"start":{"line":158,"column":6},"end":{"line":158,"column":33}},"101":{"start":{"line":161,"column":4},"end":{"line":163,"column":7}},"102":{"start":{"line":162,"column":6},"end":{"line":162,"column":25}},"103":{"start":{"line":148,"column":13},"end":{"line":148,"column":35}},"104":{"start":{"line":167,"column":28},"end":{"line":179,"column":1}},"105":{"start":{"line":168,"column":14},"end":{"line":168,"column":32}},"106":{"start":{"line":169,"column":15},"end":{"line":169,"column":49}},"107":{"start":{"line":170,"column":15},"end":{"line":170,"column":27}},"108":{"start":{"line":171,"column":10},"end":{"line":171,"column":21}},"109":{"start":{"line":172,"column":16},"end":{"line":172,"column":33}},"110":{"start":{"line":174,"column":2},"end":{"line":176,"column":3}},"111":{"start":{"line":175,"column":4},"end":{"line":175,"column":34}},"112":{"start":{"line":178,"column":2},"end":{"line":178,"column":53}},"113":{"start":{"line":167,"column":13},"end":{"line":167,"column":28}},"114":{"start":{"line":182,"column":2},"end":{"line":182,"column":39}},"115":{"start":{"line":190,"column":85},"end":{"line":190,"column":40074}},"116":{"start":{"line":190,"column":89},"end":{"line":190,"column":40063}},"117":{"start":{"line":190,"column":40189},"end":{"line":190,"column":40195}},"118":{"start":{"line":190,"column":40310},"end":{"line":190,"column":40316}},"119":{"start":{"line":190,"column":40431},"end":{"line":190,"column":40437}},"120":{"start":{"line":190,"column":40556},"end":{"line":190,"column":40562}},"121":{"start":{"line":190,"column":40706},"end":{"line":190,"column":40712}}},"fnMap":{"0":{"name":"cn","decl":{"start":{"line":8,"column":16},"end":{"line":8,"column":18}},"loc":{"start":{"line":8,"column":42},"end":{"line":10,"column":1}}},"1":{"name":"copy","decl":{"start":{"line":12,"column":16},"end":{"line":12,"column":20}},"loc":{"start":{"line":12,"column":30},"end":{"line":31,"column":1}}},"2":{"name":"(anonymous_2)","decl":{"start":{"line":19,"column":38},"end":{"line":19,"column":39}},"loc":{"start":{"line":19,"column":47},"end":{"line":21,"column":5}}},"3":{"name":"(anonymous_3)","decl":{"start":{"line":26,"column":27},"end":{"line":26,"column":28}},"loc":{"start":{"line":26,"column":35},"end":{"line":28,"column":3}}},"4":{"name":"sleep","decl":{"start":{"line":33,"column":16},"end":{"line":33,"column":21}},"loc":{"start":{"line":33,"column":32},"end":{"line":35,"column":1}}},"5":{"name":"(anonymous_5)","decl":{"start":{"line":34,"column":21},"end":{"line":34,"column":22}},"loc":{"start":{"line":34,"column":34},"end":{"line":34,"column":57}}},"6":{"name":"arraysAreEqual","decl":{"start":{"line":37,"column":16},"end":{"line":37,"column":30}},"loc":{"start":{"line":37,"column":54},"end":{"line":49,"column":1}}},"7":{"name":"objectsAreEqual","decl":{"start":{"line":51,"column":16},"end":{"line":51,"column":31}},"loc":{"start":{"line":51,"column":51},"end":{"line":53,"column":1}}},"8":{"name":"(anonymous_8)","decl":{"start":{"line":55,"column":24},"end":{"line":55,"column":25}},"loc":{"start":{"line":55,"column":42},"end":{"line":57,"column":1}}},"9":{"name":"lastDigitCheck","decl":{"start":{"line":59,"column":16},"end":{"line":59,"column":30}},"loc":{"start":{"line":59,"column":41},"end":{"line":68,"column":1}}},"10":{"name":"checkFormatIDCard","decl":{"start":{"line":70,"column":16},"end":{"line":70,"column":33}},"loc":{"start":{"line":70,"column":44},"end":{"line":74,"column":1}}},"11":{"name":"(anonymous_11)","decl":{"start":{"line":76,"column":30},"end":{"line":76,"column":42}},"loc":{"start":{"line":76,"column":44},"end":{"line":94,"column":1}}},"12":{"name":"(anonymous_12)","decl":{"start":{"line":96,"column":29},"end":{"line":96,"column":30}},"loc":{"start":{"line":96,"column":57},"end":{"line":103,"column":1}}},"13":{"name":"(anonymous_13)","decl":{"start":{"line":97,"column":27},"end":{"line":97,"column":28}},"loc":{"start":{"line":97,"column":49},"end":{"line":97,"column":64}}},"14":{"name":"(anonymous_14)","decl":{"start":{"line":105,"column":36},"end":{"line":105,"column":37}},"loc":{"start":{"line":105,"column":66},"end":{"line":125,"column":1}}},"15":{"name":"(anonymous_15)","decl":{"start":{"line":106,"column":27},"end":{"line":106,"column":28}},"loc":{"start":{"line":106,"column":49},"end":{"line":106,"column":64}}},"16":{"name":"(anonymous_16)","decl":{"start":{"line":112,"column":9},"end":{"line":112,"column":10}},"loc":{"start":{"line":112,"column":19},"end":{"line":112,"column":32}}},"17":{"name":"(anonymous_17)","decl":{"start":{"line":116,"column":41},"end":{"line":116,"column":42}},"loc":{"start":{"line":117,"column":6},"end":{"line":117,"column":34}}},"18":{"name":"(anonymous_18)","decl":{"start":{"line":127,"column":30},"end":{"line":127,"column":31}},"loc":{"start":{"line":127,"column":53},"end":{"line":133,"column":1}}},"19":{"name":"(anonymous_19)","decl":{"start":{"line":135,"column":30},"end":{"line":135,"column":null}},"loc":{"start":{"line":138,"column":10},"end":{"line":146,"column":1}}},"20":{"name":"(anonymous_20)","decl":{"start":{"line":148,"column":35},"end":{"line":148,"column":null}},"loc":{"start":{"line":150,"column":33},"end":{"line":165,"column":1}}},"21":{"name":"(anonymous_21)","decl":{"start":{"line":152,"column":23},"end":{"line":152,"column":24}},"loc":{"start":{"line":152,"column":43},"end":{"line":159,"column":5}}},"22":{"name":"(anonymous_22)","decl":{"start":{"line":154,"column":25},"end":{"line":154,"column":28}},"loc":{"start":{"line":154,"column":30},"end":{"line":156,"column":7}}},"23":{"name":"(anonymous_23)","decl":{"start":{"line":161,"column":23},"end":{"line":161,"column":24}},"loc":{"start":{"line":161,"column":35},"end":{"line":163,"column":5}}},"24":{"name":"(anonymous_24)","decl":{"start":{"line":167,"column":28},"end":{"line":167,"column":29}},"loc":{"start":{"line":167,"column":72},"end":{"line":179,"column":1}}},"25":{"name":"isEmptyObject","decl":{"start":{"line":181,"column":16},"end":{"line":181,"column":29}},"loc":{"start":{"line":181,"column":54},"end":{"line":183,"column":1}}},"26":{"name":"oo_cm","decl":{"start":{"line":190,"column":77},"end":{"line":190,"column":82}},"loc":{"start":{"line":190,"column":82},"end":{"line":190,"column":40075}}}},"branchMap":{"0":{"loc":{"start":{"line":13,"column":2},"end":{"line":15,"column":3}},"type":"if","locations":[{"start":{"line":13,"column":2},"end":{"line":15,"column":3}}]},"1":{"loc":{"start":{"line":13,"column":6},"end":{"line":13,"column":45}},"type":"binary-expr","locations":[{"start":{"line":13,"column":6},"end":{"line":13,"column":18}},{"start":{"line":13,"column":22},"end":{"line":13,"column":45}}]},"2":{"loc":{"start":{"line":17,"column":2},"end":{"line":23,"column":3}},"type":"if","locations":[{"start":{"line":17,"column":2},"end":{"line":23,"column":3}}]},"3":{"loc":{"start":{"line":38,"column":2},"end":{"line":40,"column":3}},"type":"if","locations":[{"start":{"line":38,"column":2},"end":{"line":40,"column":3}}]},"4":{"loc":{"start":{"line":43,"column":4},"end":{"line":45,"column":5}},"type":"if","locations":[{"start":{"line":43,"column":4},"end":{"line":45,"column":5}}]},"5":{"loc":{"start":{"line":72,"column":18},"end":{"line":72,"column":62}},"type":"binary-expr","locations":[{"start":{"line":72,"column":18},"end":{"line":72,"column":30}},{"start":{"line":72,"column":34},"end":{"line":72,"column":62}}]},"6":{"loc":{"start":{"line":79,"column":2},"end":{"line":92,"column":3}},"type":"if","locations":[{"start":{"line":79,"column":2},"end":{"line":92,"column":3}}]},"7":{"loc":{"start":{"line":79,"column":6},"end":{"line":79,"column":29}},"type":"binary-expr","locations":[{"start":{"line":79,"column":6},"end":{"line":79,"column":11}},{"start":{"line":79,"column":15},"end":{"line":79,"column":29}}]},"8":{"loc":{"start":{"line":83,"column":6},"end":{"line":88,"column":7}},"type":"if","locations":[{"start":{"line":83,"column":6},"end":{"line":88,"column":7}},{"start":{"line":86,"column":13},"end":{"line":88,"column":7}}]},"9":{"loc":{"start":{"line":83,"column":10},"end":{"line":83,"column":26}},"type":"binary-expr","locations":[{"start":{"line":83,"column":10},"end":{"line":83,"column":14}},{"start":{"line":83,"column":18},"end":{"line":83,"column":26}}]},"10":{"loc":{"start":{"line":98,"column":2},"end":{"line":102,"column":3}},"type":"if","locations":[{"start":{"line":98,"column":2},"end":{"line":102,"column":3}},{"start":{"line":100,"column":9},"end":{"line":102,"column":3}}]},"11":{"loc":{"start":{"line":98,"column":6},"end":{"line":98,"column":42}},"type":"binary-expr","locations":[{"start":{"line":98,"column":6},"end":{"line":98,"column":10}},{"start":{"line":98,"column":14},"end":{"line":98,"column":27}},{"start":{"line":98,"column":31},"end":{"line":98,"column":42}}]},"12":{"loc":{"start":{"line":115,"column":2},"end":{"line":124,"column":3}},"type":"if","locations":[{"start":{"line":115,"column":2},"end":{"line":124,"column":3}},{"start":{"line":122,"column":9},"end":{"line":124,"column":3}}]},"13":{"loc":{"start":{"line":115,"column":6},"end":{"line":115,"column":25}},"type":"binary-expr","locations":[{"start":{"line":115,"column":6},"end":{"line":115,"column":10}},{"start":{"line":115,"column":14},"end":{"line":115,"column":25}}]},"14":{"loc":{"start":{"line":141,"column":2},"end":{"line":144,"column":3}},"type":"if","locations":[{"start":{"line":141,"column":2},"end":{"line":144,"column":3}}]},"15":{"loc":{"start":{"line":151,"column":2},"end":{"line":164,"column":3}},"type":"if","locations":[{"start":{"line":151,"column":2},"end":{"line":164,"column":3}},{"start":{"line":160,"column":9},"end":{"line":164,"column":3}}]},"16":{"loc":{"start":{"line":151,"column":6},"end":{"line":151,"column":27}},"type":"binary-expr","locations":[{"start":{"line":151,"column":6},"end":{"line":151,"column":10}},{"start":{"line":151,"column":14},"end":{"line":151,"column":27}}]},"17":{"loc":{"start":{"line":169,"column":15},"end":{"line":169,"column":49}},"type":"binary-expr","locations":[{"start":{"line":169,"column":15},"end":{"line":169,"column":43}},{"start":{"line":169,"column":47},"end":{"line":169,"column":49}}]},"18":{"loc":{"start":{"line":190,"column":96},"end":{"line":190,"column":40062}},"type":"binary-expr","locations":[{"start":{"line":190,"column":96},"end":{"line":190,"column":133}},{"start":{"line":190,"column":137},"end":{"line":190,"column":40062}}]}},"s":{"0":1,"1":1,"2":1,"3":1,"4":1,"5":1,"6":1,"7":1,"8":1,"9":1,"10":1,"11":1,"12":1,"13":140,"14":0,"15":0,"16":0,"17":0,"18":0,"19":0,"20":0,"21":0,"22":0,"23":0,"24":0,"25":0,"26":0
[...]
,"C:\\Users\\NanonBuaphet\\corporate-web-admin\\src\\pages\\todoList\\corporateAccountOpening\\corporateAccountOpening.tsx": {"path":"C:\\Users\\NanonBuaphet\\corporate-web-admin\\src\\pages\\todoList\\corporateAccountOpening\\corporateAccountOpening.tsx","statementMap":{"0":{"start":{"line":25,"column":0},"end":{"line":25,"column":24}},"1":{"start":{"line":1,"column":0},"end":{"line":1,"column":61}},"2":{"start":{"line":2,"column":0},"end":{"line":2,"column":48}},"3":{"start":{"line":3,"column":0},"end":{"line":3,"column":80}},"4":{"start":{"line":4,"column":0},"end":{"line":4,"column":46}},"5":{"start":{"line":5,"column":0},"end":{"line":5,"column":61}},"6":{"start":{"line":7,"column":0},"end":{"line":7,"column":null}},"7":{"start":{"line":11,"column":0},"end":{"line":11,"column":54}},"8":{"start":{"line":12,"column":0},"end":{"line":12,"column":42}},"9":{"start":{"line":13,"column":0},"end":{"line":13,"column":44}},"10":{"start":{"line":14,"column":0},"end":{"line":14,"column":51}},"11":{"start":{"line":15,"column":0},"end":{"line":15,"column":59}},"12":{"start":{"line":16,"column":0},"end":{"line":16,"column":60}},"13":{"start":{"line":17,"column":0},"end":{"line":17,"column":62}},"14":{"start":{"line":18,"column":0},"end":{"line":18,"column":43}},"15":{"start":{"line":19,"column":0},"end":{"line":19,"column":32}},"16":{"start":{"line":28,"column":2},"end":{"line":30,"column":3}},"17":{"start":{"line":29,"column":4},"end":{"line":29,"column":27}},"18":{"start":{"line":32,"column":20},"end":{"line":32,"column":30}},"19":{"start":{"line":33,"column":2},"end":{"line":33,"column":45}},"20":{"start":{"line":40,"column":6},"end":{"line":46,"column":4}},"21":{"start":{"line":49,"column":41},"end":{"line":49,"column":60}},"22":{"start":{"line":50,"column":44},"end":{"line":50,"column":74}},"23":{"start":{"line":51,"column":40},"end":{"line":51,"column":64}},"24":{"start":{"line":52,"column":40},"end":{"line":52,"column":64}},"25":{"start":{"line":53,"column":59},"end":{"line":55,"column":7}},"26":{"start":{"line":57,"column":28},"end":{"line":63,"column":3}},"27":{"start":{"line":58,"column":4},"end":{"line":62,"column":5}},"28":{"start":{"line":59,"column":6},"end":{"line":59,"column":27}},"29":{"start":{"line":61,"column":6},"end":{"line":61,"column":28}},"30":{"start":{"line":64,"column":30},"end":{"line":88,"column":3}},"31":{"start":{"line":65,"column":4},"end":{"line":87,"column":5}},"32":{"start":{"line":66,"column":20},"end":{"line":66,"column":32}},"33":{"start":{"line":68,"column":18},"end":{"line":76,"column":null}},"34":{"start":{"line":78,"column":6},"end":{"line":84,"column":7}},"35":{"start":{"line":80,"column":31},"end":{"line":82,"column":11}},"36":{"start":{"line":80,"column":60},"end":{"line":82,"column":10}},"37":{"start":{"line":83,"column":8},"end":{"line":83,"column":49}},"38":{"start":{"line":86,"column":26},"end":{"line":86,"column":116}},"39":{"start":{"line":90,"column":19},"end":{"line":101,"column":3}},"40":{"start":{"line":91,"column":4},"end":{"line":91,"column":32}},"41":{"start":{"line":92,"column":43},"end":{"line":96,"column":6}},"42":{"start":{"line":97,"column":4},"end":{"line":97,"column":29}},"43":{"start":{"line":98,"column":4},"end":{"line":100,"column":5}},"44":{"start":{"line":99,"column":6},"end":{"line":99,"column":42}},"45":{"start":{"line":103,"column":2},"end":{"line":107,"column":9}},"46":{"start":{"line":106,"column":4},"end":{"line":106,"column":15}},"47":{"start":{"line":109,"column":28},"end":{"line":115,"column":3}},"48":{"start":{"line":110,"column":4},"end":{"line":114,"column":5}},"49":{"start":{"line":111,"column":6},"end":{"line":111,"column":27}},"50":{"start":{"line":113,"column":6},"end":{"line":113,"column":28}},"51":{"start":{"line":117,"column":19},"end":{"line":121,"column":3}},"52":{"start":{"line":119,"column":4},"end":{"line":119,"column":29}},"53":{"start":{"line":123,"column":2},"end":{"line":130,"column":21}},"54":{"start":{"line":124,"column":4},"end":{"line":129,"column":5}},"55":{"start":{"line":128,"column":6},"end":{"line":128,"column":37}},"56":{"start":{"line":132,"column":2},"end":{"line":208,"column":4}},"57":{"start":{"line":154,"column":18},"end":{"line":154,"column":38}},"58":{"start":{"line":216,"column":85},"end":{"line":216,"column":40074}},"59":{"start":{"line":216,"column":89},"end":{"line":216,"column":40063}},"60":{"start":{"line":216,"column":40189},"end":{"line":216,"column":40195}},"61":{"start":{"line":216,"column":40310},"end":{"line":216,"column":40316}},"62":{"start":{"line":216,"column":40431},"end":{"line":216,"column":40437}},"63":{"start":{"line":216,"column":40556},"end":{"line":216,"column":40562}},"64":{"start":{"line":216,"column":40706},"end":{"line":216,"column":40712}}},"fnMap":{"0":{"name":"TodoCorporateAccountOpenning","decl":{"start":{"line":25,"column":24},"end":{"line":25,"column":52}},"loc":{"start":{"line":27,"column":31},"end":{"line":209,"column":1}}},"1":{"name":"(anonymous_2)","decl":{"start":{"line":57,"column":28},"end":{"line":57,"column":29}},"loc":{"start":{"line":57,"column":71},"end":{"line":63,"column":3}}},"2":{"name":"(anonymous_3)","decl":{"start":{"line":64,"column":30},"end":{"line":64,"column":35}},"loc":{"start":{"line":64,"column":41},"end":{"line":88,"column":3}}},"3":{"name":"(anonymous_4)","decl":{"start":{"line":80,"column":44},"end":{"line":80,"column":45}},"loc":{"start":{"line":80,"column":60},"end":{"line":82,"column":10}}},"4":{"name":"(anonymous_5)","decl":{"start":{"line":90,"column":19},"end":{"line":90,"column":24}},"loc":{"start":{"line":90,"column":30},"end":{"line":101,"column":3}}},"5":{"name":"(anonymous_6)","decl":{"start":{"line":103,"column":12},"end":{"line":103,"column":15}},"loc":{"start":{"line":103,"column":17},"end":{"line":107,"column":3}}},"6":{"name":"(anonymous_7)","decl":{"start":{"line":109,"column":28},"end":{"line":109,"column":29}},"loc":{"start":{"line":109,"column":71},"end":{"line":115,"column":3}}},"7":{"name":"(anonymous_8)","decl":{"start":{"line":117,"column":19},"end":{"line":117,"column":24}},"loc":{"start":{"line":117,"column":60},"end":{"line":121,"column":3}}},"8":{"name":"(anonymous_9)","decl":{"start":{"line":123,"column":12},"end":{"line":123,"column":15}},"loc":{"start":{"line":123,"column":17},"end":{"line":130,"column":3}}},"9":{"name":"(anonymous_10)","decl":{"start":{"line":153,"column":42},"end":{"line":153,"column":43}},"loc":{"start":{"line":154,"column":18},"end":{"line":154,"column":38}}},"10":{"name":"oo_cm","decl":{"start":{"line":216,"column":77},"end":{"line":216,"column":82}},"loc":{"start":{"line":216,"column":82},"end":{"line":216,"column":40075}}}},"branchMap":{"0":{"loc":{"start":{"line":28,"column":2},"end":{"line":30,"column":3}},"type":"if","locations":[{"start":{"line":28,"column":2},"end":{"line":30,"column":3}}]},"1":{"loc":{"start":{"line":58,"column":4},"end":{"line":62,"column":5}},"type":"if","locations":[{"start":{"line":58,"column":4},"end":{"line":62,"column":5}},{"start":{"line":60,"column":11},"end":{"line":62,"column":5}}]},"2":{"loc":{"start":{"line":78,"column":6},"end":{"line":84,"column":7}},"type":"if","locations":[{"start":{"line":78,"column":6},"end":{"line":84,"column":7}}]},"3":{"loc":{"start":{"line":98,"column":4},"end":{"line":100,"column":5}},"type":"if","locations":[{"start":{"line":98,"column":4},"end":{"line":100,"column":5}}]},"4":{"loc":{"start":{"line":110,"column":4},"end":{"line":114,"column":5}},"type":"if","locations":[{"start":{"line":110,"column":4},"end":{"line":114,"column":5}},{"start":{"line":112,"column":11},"end":{"line":114,"column":5}}]},"5":{"loc":{"start":{"line":124,"column":4},"end":{"line":129,"column":5}},"type":"if","locations":[{"start":{"line":124,"column":4},"end":{"line":129,"column":5}}]},"6":{"loc":{"start":{"line":149,"column":15},"end":{"line":150,"column":null}},"type":"binary-expr","locations":[{"start":{"line":149,"column":15},"end":{"line":149,"column":21}},{"start":{"line":150,"column":16},"end":{"line":150,"column":79}}]},"7":{"loc":{"start":{"line":169,"column":17},"end":{"line":172,"column":null}},"type":"binary-expr","locations":[{"start":{"line":169,"column":17},"end":{"line":169,"column":23}},{"start":{"line":170,"column":18},"end":{"line":171,"column":null}}]},"8":{"loc":{"start":{"line":184,"column":15},"end":{"line":187,"column":null}},"type":"binary-expr","locations":[{"start":{"line":184,"column":15},"end":{"line":184,"column":21}},{"start":{"line":185,"column":16},"end":{"line":186,"column":null}}]},"9":{"loc":{"start":{"line":192,"column":17},"end":{"line":192,"column":54}},"type":"cond-expr","locations":[{"start":{"line":192,"column":32},"end":{"line":192,"column":43}},{"start":{"line":192,"column":46},"end":{"line":192,"column":54}}]},"10":{"loc":{"start":{"line":216,"column":96},"end":{"line":216,"column":40062}},"type":"binary-expr","locations":[{"start":{"line":216,"column":96},"end":{"line":216,"column":133}},{"start":{"line":216,"column":137},"end":{"line":216,"column":40062}}]}},"s":{"0":1,"1":1,"2":1,"3":1,"4":1,"5":1,"6":1,"7":1,"8":1,"9":1,"10":1,"11":1,"12":1,"13":1,"14":1,"15":1,"16":15,"17":0,"18":15,"19":15,"20":15,"21":15,"22":15,"23":15,"24":15,"25":15,"26":15,"27":1,"28":1,"29":0,"30":15,"31":5,"32":5,"33":5,"34":0,"35":0,"36":0,"37":0,"38":3,"39":15,"40":5,"41":3,"42":3,"43":3,"44":1,"45":15,"46":5,"47":15,"48":2,"49":2,"50":0,"51":15,"52":1,"53":15,"54":5,"55":5,"56":15,"57":0,"58":3,"59":3,"60":1,"61":1,"62":1,"63":1,"64":1},"f":{"0":15,"1":1,"2":5,"3":0,"4":5,"5":5,"6":2,"7":1,"8":5,"9":0,"10":3},"b":{"0":[0],"1":[1,0],"2":[0],"3":[1],"4":[2,0],"5":[5],"6":[15,15],"7":[15,15],"8":[15,15],"9":[1,14],"10":[3,1]}}
,"C:\\Users\\NanonBuaphet\\corporate-web-admin\\src\\pages\\todoList\\corporateAccountOpening\\components\\column.tsx": {"path":"C:\\Users\\NanonBuaphet\\corporate-web-admin\\src\\pages\\todoList\\corporateAccountOpening\\components\\column.tsx","statementMap":{"0":{"start":{"line":3,"column":0},"end":{"line":3,"column":38}},"1":{"start":{"line":4,"column":0},"end":{"line":4,"column":47}},"2":{"start":{"line":5,"column":0},"end":{"line":5,"column":42}},"3":{"start":{"line":6,"column":0},"end":{"line":6,"column":82}},"4":{"start":{"line":8,"column":23},"end":{"line":24,"column":1}},"5":{"start":{"line":9,"column":19},"end":{"line":9,"column":32}},"6":{"start":{"line":10,"column":19},"end":{"line":10,"column":32}},"7":{"start":{"line":12,"column":26},"end":{"line":19,"column":3}},"8":{"start":{"line":13,"column":24},"end":{"line":13,"column":77}},"9":{"start":{"line":14,"column":4},"end":{"line":14,"column":36}},"10":{"start":{"line":15,"column":4},"end":{"line":15,"column":72}},"11":{"start":{"line":16,"column":4},"end":{"line":18,"column":7}},"12":{"start":{"line":21,"column":2},"end":{"line":23,"column":4}},"13":{"start":{"line":26,"column":13},"end":{"line":40,"column":2}},"14":{"start":{"line":29,"column":39},"end":{"line":29,"column":62}},"15":{"start":{"line":33,"column":39},"end":{"line":33,"column":59}},"16":{"start":{"line":37,"column":35},"end":{"line":37,"column":63}},"17":{"start":{"line":47,"column":85},"end":{"line":47,"column":40074}},"18":{"start":{"line":47,"column":89},"end":{"line":47,"column":40063}},"19":{"start":{"line":47,"column":40189},"end":{"line":47,"column":40195}},"20":{"start":{"line":47,"column":40310},"end":{"line":47,"column":40316}},"21":{"start":{"line":47,"column":40431},"end":{"line":47,"column":40437}},"22":{"start":{"line":47,"column":40556},"end":{"line":47,"column":40562}},"23":{"start":{"line":47,"column":40706},"end":{"line":47,"column":40712}}},"fnMap":{"0":{"name":"(anonymous_0)","decl":{"start":{"line":8,"column":23},"end":{"line":8,"column":24}},"loc":{"start":{"line":8,"column":60},"end":{"line":24,"column":1}}},"1":{"name":"(anonymous_1)","decl":{"start":{"line":12,"column":26},"end":{"line":12,"column":29}},"loc":{"start":{"line":12,"column":31},"end":{"line":19,"column":3}}},"2":{"name":"(anonymous_2)","decl":{"start":{"line":29,"column":14},"end":{"line":29,"column":15}},"loc":{"start":{"line":29,"column":39},"end":{"line":29,"column":62}}},"3":{"name":"(anonymous_3)","decl":{"start":{"line":33,"column":14},"end":{"line":33,"column":15}},"loc":{"start":{"line":33,"column":39},"end":{"line":33,"column":59}}},"4":{"name":"(anonymous_4)","decl":{"start":{"line":37,"column":10},"end":{"line":37,"column":11}},"loc":{"start":{"line":37,"column":35},"end":{"line":37,"column":63}}},"5":{"name":"oo_cm","decl":{"start":{"line":47,"column":77},"end":{"line":47,"column":82}},"loc":{"start":{"line":47,"column":82},"end":{"line":47,"column":40075}}}},"branchMap":{"0":{"loc":{"start":{"line":29,"column":39},"end":{"line":29,"column":62}},"type":"binary-expr","locations":[{"start":{"line":29,"column":39},"end":{"line":29,"column":56}},{"start":{"line":29,"column":60},"end":{"line":29,"column":62}}]},"1":{"loc":{"start":{"line":33,"column":39},"end":{"line":33,"column":59}},"type":"binary-expr","locations":[{"start":{"line":33,"column":39},"end":{"line":33,"column":53}},{"start":{"line":33,"column":57},"end":{"line":33,"column":59}}]},"2":{"loc":{"start":{"line":47,"column":96},"end":{"line":47,"column":40062}},"type":"binary-expr","locations":[{"start":{"line":47,"column":96},"end":{"line":47,"column":133}},{"start":{"line":47,"column":137},"end":{"line":47,"column":40062}}]}},"s":{"0":1,"1":1,"2":1,"3":1,"4":1,"5":6,"6":6,"7":6,"8":1,"9":1,"10":1,"11":1,"12":6,"13":1,"14":5,"15":5,"16":5,"17":1,"18":1,"19":1,"20":1,"21":1,"22":1,"23":1},"f":{"0":6,"1":1,"2":5,"3":5,"4":5,"5":1},"b":{"0":[5,0],"1":[5,0],"2":[1,0]}}
,"C:\\Users\\NanonBuaphet\\corporate-web-admin\\src\\pages\\todoList\\corporateAccountOpening\\constant\\schema.ts": {"path":"C:\\Users\\NanonBuaphet\\corporate-web-admin\\src\\pages\\todoList\\corporateAccountOpening\\constant\\schema.ts","statementMap":{"0":{"start":{"line":1,"column":0},"end":{"line":1,"column":24}},"1":{"start":{"line":3,"column":13},"end":{"line":22,"column":4}},"2":{"start":{"line":11,"column":6},"end":{"line":15,"column":7}},"3":{"start":{"line":12,"column":25},"end":{"line":12,"column":48}},"4":{"start":{"line":13,"column":23},"end":{"line":13,"column":44}},"5":{"start":{"line":14,"column":8},"end":{"line":14,"column":34}},"6":{"start":{"line":16,"column":6},"end":{"line":16,"column":18}},"7":{"start":{"line":28,"column":13},"end":{"line":38,"column":3}},"8":{"start":{"line":40,"column":13},"end":{"line":49,"column":3}},"9":{"start":{"line":51,"column":13},"end":{"line":69,"column":3}},"10":{"start":{"line":71,"column":13},"end":{"line":75,"column":3}},"11":{"start":{"line":77,"column":13},"end":{"line":87,"column":3}},"12":{"start":{"line":89,"column":13},"end":{"line":96,"column":3}},"13":{"start":{"line":98,"column":13},"end":{"line":106,"column":3}},"14":{"start":{"line":108,"column":13},"end":{"line":116,"column":3}},"15":{"start":{"line":118,"column":13},"end":{"line":124,"column":3}},"16":{"start":{"line":126,"column":13},"end":{"line":135,"column":3}},"17":{"start":{"line":137,"column":13},"end":{"line":150,"column":3}},"18":{"start":{"line":152,"column":13},"end":{"line":161,"column":3}},"19":{"start":{"line":163,"column":13},"end":{"line":176,"column":3}},"20":{"start":{"line":178,"column":13},"end":{"line":191,"column":3}},"21":{"start":{"line":193,"column":13},"end":{"line":206,"column":3}},"22":{"start":{"line":208,"column":13},"end":{"line":221,"column":3}},"23":{"start":{"line":223,"column":13},"end":{"line":233,"column":3}},"24":{"start":{"line":235,"column":13},"end":{"line":246,"column":3}},"25":{"start":{"line":248,"column":13},"end":{"line":264,"column":3}}},"fnMap":{"0":{"name":"(anonymous_0)","decl":{"start":{"line":10,"column":4},"end":{"line":10,"column":5}},"loc":{"start":{"line":10,"column":13},"end":{"line":17,"column":5}}}},"branchMap":{"0":{"loc":{"start":{"line":11,"column":6},"end":{"line":15,"column":7}},"type":"if","locations":[{"start":{"line":11,"column":6},"end":{"line":15,"column":7}}]},"1":{"loc":{"start":{"line":11,"column":10},"end":{"line":11,"column":38}},"type":"binary-expr","locations":[{"start":{"line":11,"column":10},"end":{"line":11,"column":23}},{"start":{"line":11,"column":27},"end":{"line":11,"column":38}}]}},"s":{"0":1,"1":1,"2":1,"3":1,"4":1,"5":1,"6":0,"7":1,"8":1,"9":1,"10":1,"11":1,"12":1,"13":1,"14":1,"15":1,"16":1,"17":1,"18":1,"19":1,"20":1,"21":1,"22":1,"23":1,"24":1,"25":1},"f":{"0":1},"b":{"0":[1],"1":[1,1]}}
,"C:\\Users\\NanonBuaphet\\corporate-web-admin\\src\\pages\\unAuthorizePage\\unAuthorize.tsx": {"path":"C:\\Users\\NanonBuaphet\\corporate-web-admin\\src\\pages\\unAuthorizePage\\unAuthorize.tsx","statementMap":{"0":{"start":{"line":7,"column":0},"end":{"line":7,"column":24}},"1":{"start":{"line":2,"column":0},"end":{"line":2,"column":41}},"2":{"start":{"line":3,"column":0},"end":{"line":3,"column":34}},"3":{"start":{"line":4,"column":0},"end":{"line":4,"column":42}},"4":{"start":{"line":5,"column":0},"end":{"line":5,"column":47}},"5":{"start":{"line":8,"column":15},"end":{"line":8,"column":65}},"6":{"start":{"line":8,"column":49},"end":{"line":8,"column":64}},"7":{"start":{"line":9,"column":19},"end":{"line":9,"column":32}},"8":{"start":{"line":41,"column":33},"end":{"line":54,"column":3}},"9":{"start":{"line":42,"column":4},"end":{"line":42,"column":43}},"10":{"start":{"line":42,"column":31},"end":{"line":42,"column":43}},"11":{"start":{"line":44,"column":4},"end":{"line":51,"column":5}},"12":{"start":{"line":45,"column":25},"end":{"line":46,"column":null}},"13":{"start":{"line":46,"column":8},"end":{"line":46,"column":43}},"14":{"start":{"line":48,"column":6},"end":{"line":50,"column":7}},"15":{"start":{"line":49,"column":8},"end":{"line":49,"column":31}},"16":{"start":{"line":53,"column":4},"end":{"line":53,"column":16}},"17":{"start":{"line":56,"column":2},"end":{"line":61,"column":9}},"18":{"start":{"line":57,"column":17},"end":{"line":57,"column":41}},"19":{"start":{"line":58,"column":4},"end":{"line":60,"column":5}},"20":{"start":{"line":59,"column":6},"end":{"line":59,"column":21}},"21":{"start":{"line":63,"column":2},"end":{"line":67,"column":4}}},"fnMap":{"0":{"name":"UnAuthorize","decl":{"start":{"line":7,"column":24},"end":{"line":7,"column":35}},"loc":{"start":{"line":7,"column":35},"end":{"line":68,"column":1}}},"1":{"name":"(anonymous_1)","decl":{"start":{"line":8,"column":27},"end":{"line":8,"column":28}},"loc":{"start":{"line":8,"column":49},"end":{"line":8,"column":64}}},"2":{"name":"(anonymous_2)","decl":{"start":{"line":41,"column":33},"end":{"line":41,"column":51}},"loc":{"start":{"line":41,"column":53},"end":{"line":54,"column":3}}},"3":{"name":"(anonymous_3)","decl":{"start":{"line":45,"column":43},"end":{"line":45,"column":44}},"loc":{"start":{"line":46,"column":8},"end":{"line":46,"column":43}}},"4":{"name":"(anonymous_4)","decl":{"start":{"line":56,"column":12},"end":{"line":56,"column":15}},"loc":{"start":{"line":56,"column":17},"end":{"line":61,"column":3}}}},"branchMap":{"0":{"loc":{"start":{"line":42,"column":4},"end":{"line":42,"column":43}},"type":"if","locations":[{"start":{"line":42,"column":4},"end":{"line":42,"column":43}}]},"1":{"loc":{"start":{"line":42,"column":8},"end":{"line":42,"column":29}},"type":"binary-expr","locations":[{"start":{"line":42,"column":8},"end":{"line":42,"column":13}},{"start":{"line":42,"column":17},"end":{"line":42,"column":29}}]},"2":{"loc":{"start":{"line":48,"column":6},"end":{"line":50,"column":7}},"type":"if","locations":[{"start":{"line":48,"column":6},"end":{"line":50,"column":7}}]},"3":{"loc":{"start":{"line":58,"column":4},"end":{"line":60,"column":5}},"type":"if","locations":[{"start":{"line":58,"column":4},"end":{"line":60,"column":5}}]}},"s":{"0":1,"1":1,"2":1,"3":1,"4":1,"5":0,"6":0,"7":0,"8":0,"9":0,"10":0,"11":0,"12":0,"13":0,"14":0,"15":0,"16":0,"17":0,"18":0,"19":0,"20":0,"21":0},"f":{"0":0,"1":0,"2":0,"3":0,"4":0},"b":{"0":[0],"1":[0,0],"2":[0],"3":[0]}}
}
