TN:
SF:src\__Test__\utils.ts
FNF:0
FNH:0
DA:1,1
LF:1
LH:1
BRF:0
BRH:0
end_of_record
TN:
SF:src\api\axios.tsx
FNF:0
FNH:0
DA:1,1
DA:7,1
DA:11,1
DA:17,1
LF:4
LH:4
BRF:0
BRH:0
end_of_record
TN:
SF:src\app\store.ts
FNF:0
FNH:0
DA:1,1
DA:2,1
DA:3,1
DA:4,1
DA:5,1
DA:6,1
DA:7,1
DA:8,1
DA:9,1
DA:10,1
DA:11,1
DA:12,1
DA:13,1
DA:14,1
DA:15,1
DA:16,1
DA:17,1
DA:18,1
DA:19,1
DA:20,1
DA:21,1
DA:22,1
DA:24,1
LF:23
LH:23
BRF:0
BRH:0
end_of_record
TN:
SF:src\components\SideLabelInput.tsx
FN:9,SideLabelInput
FNF:1
FNH:1
FNDA:42,SideLabelInput
DA:1,1
DA:9,1
DA:15,42
LF:3
LH:3
BRF:0
BRH:0
end_of_record
TN:
SF:src\components\ui\button.tsx
FN:43,(anonymous_6)
FNF:1
FNH:1
FNDA:14,(anonymous_6)
DA:1,1
DA:2,1
DA:3,1
DA:5,1
DA:7,1
DA:42,1
DA:44,14
DA:45,14
DA:54,1
DA:56,1
LF:10
LH:10
BRDA:43,0,0,14
BRDA:44,1,0,0
BRDA:44,1,1,14
BRF:3
BRH:2
end_of_record
TN:
SF:src\components\ui\card.tsx
FN:8,(anonymous_6)
FN:23,(anonymous_7)
FN:35,(anonymous_8)
FN:50,(anonymous_9)
FN:62,(anonymous_10)
FN:70,(anonymous_11)
FNF:6
FNH:4
FNDA:28,(anonymous_6)
FNDA:14,(anonymous_7)
FNDA:14,(anonymous_8)
FNDA:0,(anonymous_9)
FNDA:28,(anonymous_10)
FNDA:0,(anonymous_11)
DA:1,1
DA:3,1
DA:5,1
DA:9,28
DA:18,1
DA:20,1
DA:24,14
DA:30,1
DA:32,1
DA:36,14
DA:45,1
DA:47,1
DA:51,0
DA:57,1
DA:59,1
DA:63,28
DA:65,1
DA:67,1
DA:71,0
DA:77,1
DA:79,1
LF:21
LH:19
BRF:0
BRH:0
end_of_record
TN:
SF:src\components\ui\input.tsx
FN:9,(anonymous_6)
FNF:1
FNH:1
FNDA:42,(anonymous_6)
DA:1,1
DA:3,1
DA:8,1
DA:10,42
DA:23,1
DA:25,1
LF:6
LH:6
BRF:0
BRH:0
end_of_record
TN:
SF:src\config\url.ts
FNF:0
FNH:0
DA:3,1
LF:1
LH:1
BRF:0
BRH:0
end_of_record
TN:
SF:src\features\contactPersonSlice.ts
FN:18,(anonymous_0)
FN:25,(anonymous_1)
FN:27,(anonymous_2)
FN:30,(anonymous_3)
FN:33,(anonymous_4)
FN:34,(anonymous_5)
FN:39,(anonymous_6)
FN:41,(anonymous_7)
FN:67,oo_cm
FNF:9
FNH:0
FNDA:0,(anonymous_0)
FNDA:0,(anonymous_1)
FNDA:0,(anonymous_2)
FNDA:0,(anonymous_3)
FNDA:0,(anonymous_4)
FNDA:0,(anonymous_5)
FNDA:0,(anonymous_6)
FNDA:0,(anonymous_7)
FNDA:0,oo_cm
DA:2,1
DA:10,1
DA:14,1
DA:19,0
DA:20,0
DA:26,0
DA:27,0
DA:31,0
DA:34,0
DA:40,0
DA:41,0
DA:43,0
DA:44,0
DA:53,1
DA:60,1
DA:67,1
LF:16
LH:6
BRDA:43,0,0,0
BRDA:67,1,0,0
BRDA:67,1,1,0
BRF:3
BRH:0
end_of_record
TN:
SF:src\features\ListOfDirectorSlice\listOfDirectorSlice.ts
FN:16,(anonymous_0)
FN:28,(anonymous_1)
FN:30,(anonymous_2)
FN:33,(anonymous_3)
FN:37,(anonymous_4)
FN:40,(anonymous_5)
FN:42,(anonymous_6)
FNF:7
FNH:0
FNDA:0,(anonymous_0)
FNDA:0,(anonymous_1)
FNDA:0,(anonymous_2)
FNDA:0,(anonymous_3)
FNDA:0,(anonymous_4)
FNDA:0,(anonymous_5)
FNDA:0,(anonymous_6)
DA:1,1
DA:8,1
DA:12,1
DA:19,0
DA:29,0
DA:30,0
DA:34,0
DA:38,0
DA:41,0
DA:42,0
DA:44,0
DA:45,0
DA:54,1
DA:61,1
LF:14
LH:5
BRDA:44,0,0,0
BRF:1
BRH:0
end_of_record
TN:
SF:src\features\addIndividual\addIndividualSlice.ts
FN:39,(anonymous_0)
FN:43,(anonymous_1)
FN:46,(anonymous_2)
FN:50,(anonymous_3)
FN:54,(anonymous_4)
FNF:5
FNH:0
FNDA:0,(anonymous_0)
FNDA:0,(anonymous_1)
FNDA:0,(anonymous_2)
FNDA:0,(anonymous_3)
FNDA:0,(anonymous_4)
DA:1,1
DA:19,1
DA:35,1
DA:40,0
DA:41,0
DA:44,0
DA:47,0
DA:48,0
DA:51,0
DA:52,0
DA:55,0
DA:60,1
DA:68,1
LF:13
LH:5
BRF:0
BRH:0
end_of_record
TN:
SF:src\features\addedIcoData\AddedIcoData.ts
FN:17,(anonymous_0)
FN:20,(anonymous_1)
FNF:2
FNH:0
FNDA:0,(anonymous_0)
FNDA:0,(anonymous_1)
DA:2,1
DA:9,1
DA:13,1
DA:18,0
DA:21,0
DA:26,1
DA:28,1
LF:7
LH:5
BRF:0
BRH:0
end_of_record
TN:
SF:src\features\attorney\attorney.ts
FN:16,(anonymous_0)
FN:23,(anonymous_1)
FN:25,(anonymous_2)
FN:28,(anonymous_3)
FN:31,(anonymous_4)
FN:32,(anonymous_5)
FN:45,(anonymous_6)
FN:65,oo_cm
FNF:8
FNH:0
FNDA:0,(anonymous_0)
FNDA:0,(anonymous_1)
FNDA:0,(anonymous_2)
FNDA:0,(anonymous_3)
FNDA:0,(anonymous_4)
FNDA:0,(anonymous_5)
FNDA:0,(anonymous_6)
FNDA:0,oo_cm
DA:1,1
DA:8,1
DA:12,1
DA:17,0
DA:18,0
DA:24,0
DA:25,0
DA:29,0
DA:32,0
DA:33,0
DA:35,0
DA:36,0
DA:37,0
DA:42,0
DA:46,0
DA:51,1
DA:58,1
DA:65,1
LF:18
LH:6
BRDA:35,0,0,0
BRDA:35,0,1,0
BRDA:65,1,0,0
BRDA:65,1,1,0
BRF:4
BRH:0
end_of_record
TN:
SF:src\features\authen\authenSlice.ts
FN:16,(anonymous_0)
FNF:1
FNH:0
FNDA:0,(anonymous_0)
DA:1,1
DA:2,1
DA:8,1
DA:12,1
DA:17,0
DA:22,1
DA:23,1
LF:7
LH:6
BRDA:9,0,0,1
BRDA:9,0,1,1
BRF:2
BRH:2
end_of_record
TN:
SF:src\features\authorizedPerson\authorizedPersonSlice.ts
FN:16,(anonymous_0)
FN:23,(anonymous_1)
FN:25,(anonymous_2)
FN:28,(anonymous_3)
FN:31,(anonymous_4)
FN:33,(anonymous_5)
FN:43,(anonymous_6)
FN:66,oo_cm
FNF:8
FNH:0
FNDA:0,(anonymous_0)
FNDA:0,(anonymous_1)
FNDA:0,(anonymous_2)
FNDA:0,(anonymous_3)
FNDA:0,(anonymous_4)
FNDA:0,(anonymous_5)
FNDA:0,(anonymous_6)
FNDA:0,oo_cm
DA:1,1
DA:8,1
DA:12,1
DA:17,0
DA:18,0
DA:24,0
DA:25,0
DA:29,0
DA:32,0
DA:33,0
DA:36,0
DA:37,0
DA:47,0
DA:52,1
DA:59,1
DA:66,1
LF:16
LH:6
BRDA:36,0,0,0
BRDA:66,1,0,0
BRDA:66,1,1,0
BRF:3
BRH:0
end_of_record
TN:
SF:src\features\bankOrder\bankOrdersSlice.ts
FN:16,(anonymous_0)
FN:20,(anonymous_1)
FN:22,(anonymous_2)
FN:25,(anonymous_3)
FN:28,(anonymous_4)
FN:31,(anonymous_5)
FN:33,(anonymous_6)
FN:60,oo_cm
FNF:8
FNH:0
FNDA:0,(anonymous_0)
FNDA:0,(anonymous_1)
FNDA:0,(anonymous_2)
FNDA:0,(anonymous_3)
FNDA:0,(anonymous_4)
FNDA:0,(anonymous_5)
FNDA:0,(anonymous_6)
FNDA:0,oo_cm
DA:1,1
DA:8,1
DA:12,1
DA:17,0
DA:18,0
DA:21,0
DA:22,0
DA:26,0
DA:29,0
DA:32,0
DA:33,0
DA:36,0
DA:37,0
DA:46,1
DA:53,1
DA:60,1
LF:16
LH:6
BRDA:36,0,0,0
BRDA:60,1,0,0
BRDA:60,1,1,0
BRF:3
BRH:0
end_of_record
TN:
SF:src\features\bankSlice\bankSlice.ts
FN:16,(anonymous_0)
FN:20,(anonymous_1)
FN:22,(anonymous_2)
FN:25,(anonymous_3)
FN:28,(anonymous_4)
FN:31,(anonymous_5)
FN:34,(anonymous_6)
FN:60,oo_cm
FNF:8
FNH:0
FNDA:0,(anonymous_0)
FNDA:0,(anonymous_1)
FNDA:0,(anonymous_2)
FNDA:0,(anonymous_3)
FNDA:0,(anonymous_4)
FNDA:0,(anonymous_5)
FNDA:0,(anonymous_6)
FNDA:0,oo_cm
DA:1,1
DA:8,1
DA:12,1
DA:17,0
DA:18,0
DA:21,0
DA:22,0
DA:26,0
DA:29,0
DA:32,0
DA:33,0
DA:34,0
DA:37,0
DA:38,0
DA:39,0
DA:44,0
DA:45,0
DA:51,1
DA:53,1
DA:60,1
LF:20
LH:6
BRDA:37,0,0,0
BRDA:37,0,1,0
BRDA:60,1,0,0
BRDA:60,1,1,0
BRF:4
BRH:0
end_of_record
TN:
SF:src\features\corporateTest\corporateTestSlice.tsx
FN:16,(anonymous_0)
FN:19,(anonymous_1)
FNF:2
FNH:0
FNDA:0,(anonymous_0)
FNDA:0,(anonymous_1)
DA:2,1
DA:8,1
DA:12,1
DA:17,0
DA:20,0
DA:25,1
DA:26,1
LF:7
LH:5
BRF:0
BRH:0
end_of_record
TN:
SF:src\features\currentSelectedCorperate\currentCorperrateInfoSlice.tsx
FN:64,(anonymous_0)
FN:67,(anonymous_1)
FNF:2
FNH:0
FNDA:0,(anonymous_0)
FNDA:0,(anonymous_1)
DA:2,1
DA:4,1
DA:60,1
DA:65,0
DA:68,0
DA:73,1
DA:75,1
LF:7
LH:5
BRF:0
BRH:0
end_of_record
TN:
SF:src\features\editCorporateData\editCorporateData.ts
FN:98,(anonymous_0)
FN:101,(anonymous_1)
FNF:2
FNH:1
FNDA:1,(anonymous_0)
FNDA:0,(anonymous_1)
DA:2,1
DA:4,1
DA:94,1
DA:99,1
DA:102,0
DA:107,1
DA:108,1
LF:7
LH:6
BRF:0
BRH:0
end_of_record
TN:
SF:src\features\fetchIndividualData\fetchIndividualDataSlice.ts
FN:16,(anonymous_0)
FN:19,(anonymous_1)
FNF:2
FNH:0
FNDA:0,(anonymous_0)
FNDA:0,(anonymous_1)
DA:2,1
DA:8,1
DA:12,1
DA:17,0
DA:20,0
DA:25,1
DA:26,1
LF:7
LH:5
BRF:0
BRH:0
end_of_record
TN:
SF:src\features\fxExchange\fxExhangeSlice.ts
FN:16,(anonymous_0)
FN:20,(anonymous_1)
FN:22,(anonymous_2)
FN:25,(anonymous_3)
FN:28,(anonymous_4)
FN:31,(anonymous_5)
FN:33,(anonymous_6)
FN:60,oo_cm
FNF:8
FNH:0
FNDA:0,(anonymous_0)
FNDA:0,(anonymous_1)
FNDA:0,(anonymous_2)
FNDA:0,(anonymous_3)
FNDA:0,(anonymous_4)
FNDA:0,(anonymous_5)
FNDA:0,(anonymous_6)
FNDA:0,oo_cm
DA:1,1
DA:8,1
DA:12,1
DA:17,0
DA:18,0
DA:21,0
DA:22,0
DA:26,0
DA:29,0
DA:32,0
DA:33,0
DA:36,0
DA:37,0
DA:46,1
DA:53,1
DA:60,1
LF:16
LH:6
BRDA:36,0,0,0
BRDA:60,1,0,0
BRDA:60,1,1,0
BRF:3
BRH:0
end_of_record
TN:
SF:src\features\individualShareholder\individualShareholderSlice.ts
FN:15,(anonymous_0)
FN:26,(anonymous_1)
FN:28,(anonymous_2)
FN:31,(anonymous_3)
FN:34,(anonymous_4)
FN:40,(anonymous_5)
FN:45,(anonymous_6)
FN:74,oo_cm
FNF:8
FNH:0
FNDA:0,(anonymous_0)
FNDA:0,(anonymous_1)
FNDA:0,(anonymous_2)
FNDA:0,(anonymous_3)
FNDA:0,(anonymous_4)
FNDA:0,(anonymous_5)
FNDA:0,(anonymous_6)
FNDA:0,oo_cm
DA:1,1
DA:7,1
DA:11,1
DA:16,0
DA:18,0
DA:27,0
DA:28,0
DA:32,0
DA:38,0
DA:44,0
DA:46,0
DA:48,0
DA:50,0
DA:60,1
DA:67,1
DA:74,1
LF:16
LH:6
BRDA:48,0,0,0
BRDA:74,1,0,0
BRDA:74,1,1,0
BRF:3
BRH:0
end_of_record
TN:
SF:src\features\juristicShareholderSlice\juristicShareholderSlice.ts
FN:16,(anonymous_0)
FN:23,(anonymous_1)
FN:25,(anonymous_2)
FN:28,(anonymous_3)
FN:31,(anonymous_4)
FN:34,(anonymous_5)
FN:36,(anonymous_6)
FN:63,oo_cm
FNF:8
FNH:0
FNDA:0,(anonymous_0)
FNDA:0,(anonymous_1)
FNDA:0,(anonymous_2)
FNDA:0,(anonymous_3)
FNDA:0,(anonymous_4)
FNDA:0,(anonymous_5)
FNDA:0,(anonymous_6)
FNDA:0,oo_cm
DA:1,1
DA:8,1
DA:12,1
DA:17,0
DA:18,0
DA:24,0
DA:25,0
DA:29,0
DA:32,0
DA:35,0
DA:36,0
DA:39,0
DA:40,0
DA:49,1
DA:56,1
DA:63,1
LF:16
LH:6
BRDA:39,0,0,0
BRDA:63,1,0,0
BRDA:63,1,1,0
BRF:3
BRH:0
end_of_record
TN:
SF:src\features\livenessOcr\livenessOcr.ts
FN:17,(anonymous_0)
FN:20,(anonymous_1)
FNF:2
FNH:0
FNDA:0,(anonymous_0)
FNDA:0,(anonymous_1)
DA:1,1
DA:8,1
DA:13,1
DA:18,0
DA:21,0
DA:26,1
DA:27,1
LF:7
LH:5
BRF:0
BRH:0
end_of_record
TN:
SF:src\features\orderTrade\orderTradeSlice.ts
FN:16,(anonymous_0)
FN:20,(anonymous_1)
FN:22,(anonymous_2)
FN:25,(anonymous_3)
FN:28,(anonymous_4)
FN:31,(anonymous_5)
FN:33,(anonymous_6)
FN:60,oo_cm
FNF:8
FNH:0
FNDA:0,(anonymous_0)
FNDA:0,(anonymous_1)
FNDA:0,(anonymous_2)
FNDA:0,(anonymous_3)
FNDA:0,(anonymous_4)
FNDA:0,(anonymous_5)
FNDA:0,(anonymous_6)
FNDA:0,oo_cm
DA:1,1
DA:8,1
DA:12,1
DA:17,0
DA:18,0
DA:21,0
DA:22,0
DA:26,0
DA:29,0
DA:32,0
DA:33,0
DA:36,0
DA:37,0
DA:46,1
DA:53,1
DA:60,1
LF:16
LH:6
BRDA:36,0,0,0
BRDA:60,1,0,0
BRDA:60,1,1,0
BRF:3
BRH:0
end_of_record
TN:
SF:src\features\suit\suitSlice.ts
FN:30,(anonymous_0)
FN:34,(anonymous_1)
FNF:2
FNH:0
FNDA:0,(anonymous_0)
FNDA:0,(anonymous_1)
DA:1,1
DA:24,1
DA:26,1
DA:31,0
DA:32,0
DA:35,0
DA:36,0
DA:41,1
DA:42,1
LF:9
LH:5
BRF:0
BRH:0
end_of_record
TN:
SF:src\features\uploadFile\uploadFileSlice.ts
FN:16,(anonymous_0)
FN:19,(anonymous_1)
FN:22,(anonymous_2)
FN:23,(anonymous_3)
FNF:4
FNH:0
FNDA:0,(anonymous_0)
FNDA:0,(anonymous_1)
FNDA:0,(anonymous_2)
FNDA:0,(anonymous_3)
DA:2,1
DA:8,1
DA:12,1
DA:17,0
DA:20,0
DA:23,0
DA:28,1
DA:29,1
LF:8
LH:5
BRF:0
BRH:0
end_of_record
TN:
SF:src\features\user\userSlice.ts
FN:29,(anonymous_0)
FN:33,(anonymous_1)
FNF:2
FNH:1
FNDA:5,(anonymous_0)
FNDA:0,(anonymous_1)
DA:1,1
DA:21,1
DA:25,1
DA:30,5
DA:31,5
DA:34,0
DA:42,1
DA:43,1
LF:8
LH:7
BRF:0
BRH:0
end_of_record
TN:
SF:src\lib\Cookies.ts
FN:5,(anonymous_1)
FN:9,(anonymous_2)
FN:13,(anonymous_3)
FNF:3
FNH:1
FNDA:0,(anonymous_1)
FNDA:6,(anonymous_2)
FNDA:0,(anonymous_3)
DA:1,1
DA:3,1
DA:5,1
DA:6,0
DA:9,1
DA:10,6
DA:13,1
DA:14,0
LF:8
LH:6
BRF:0
BRH:0
end_of_record
TN:
SF:src\lib\utils.ts
FN:8,cn
FN:12,copy
FN:19,(anonymous_2)
FN:26,(anonymous_3)
FN:33,sleep
FN:34,(anonymous_5)
FN:37,arraysAreEqual
FN:51,objectsAreEqual
FN:55,(anonymous_8)
FN:59,lastDigitCheck
FN:70,checkFormatIDCard
FN:76,(anonymous_11)
FN:96,(anonymous_12)
FN:97,(anonymous_13)
FN:105,(anonymous_14)
FN:106,(anonymous_15)
FN:112,(anonymous_16)
FN:116,(anonymous_17)
FN:127,(anonymous_18)
FN:135,(anonymous_19)
FN:148,(anonymous_20)
FN:152,(anonymous_21)
FN:154,(anonymous_22)
FN:161,(anonymous_23)
FN:167,(anonymous_24)
FN:181,isEmptyObject
FN:190,oo_cm
FNF:27
FNH:4
FNDA:140,cn
FNDA:0,copy
FNDA:0,(anonymous_2)
FNDA:0,(anonymous_3)
FNDA:0,sleep
FNDA:0,(anonymous_5)
FNDA:0,arraysAreEqual
FNDA:0,objectsAreEqual
FNDA:0,(anonymous_8)
FNDA:0,lastDigitCheck
FNDA:0,checkFormatIDCard
FNDA:0,(anonymous_11)
FNDA:15,(anonymous_12)
FNDA:21,(anonymous_13)
FNDA:0,(anonymous_14)
FNDA:0,(anonymous_15)
FNDA:0,(anonymous_16)
FNDA:0,(anonymous_17)
FNDA:36,(anonymous_18)
FNDA:0,(anonymous_19)
FNDA:0,(anonymous_20)
FNDA:0,(anonymous_21)
FNDA:0,(anonymous_22)
FNDA:0,(anonymous_23)
FNDA:0,(anonymous_24)
FNDA:0,isEmptyObject
FNDA:0,oo_cm
DA:1,1
DA:2,1
DA:3,1
DA:4,1
DA:5,1
DA:8,1
DA:9,140
DA:12,1
DA:13,0
DA:14,0
DA:17,0
DA:18,0
DA:19,0
DA:20,0
DA:22,0
DA:25,0
DA:26,0
DA:27,0
DA:30,0
DA:33,1
DA:34,0
DA:37,1
DA:38,0
DA:39,0
DA:42,0
DA:43,0
DA:44,0
DA:48,0
DA:51,1
DA:52,0
DA:55,1
DA:56,0
DA:59,1
DA:60,0
DA:61,0
DA:62,0
DA:63,0
DA:65,0
DA:67,0
DA:70,1
DA:71,0
DA:72,0
DA:73,0
DA:76,1
DA:77,0
DA:78,0
DA:79,0
DA:80,0
DA:81,0
DA:83,0
DA:84,0
DA:85,0
DA:87,0
DA:90,0
DA:93,0
DA:96,1
DA:97,21
DA:98,15
DA:99,15
DA:101,0
DA:105,1
DA:106,0
DA:109,0
DA:110,0
DA:112,0
DA:115,0
DA:116,0
DA:117,0
DA:121,0
DA:123,0
DA:127,1
DA:128,36
DA:129,36
DA:130,36
DA:132,36
DA:135,1
DA:139,0
DA:140,0
DA:141,0
DA:142,0
DA:143,0
DA:145,0
DA:148,1
DA:151,0
DA:152,0
DA:153,0
DA:154,0
DA:155,0
DA:157,0
DA:158,0
DA:161,0
DA:162,0
DA:167,1
DA:168,0
DA:169,0
DA:170,0
DA:171,0
DA:172,0
DA:174,0
DA:175,0
DA:178,0
DA:181,1
DA:182,0
DA:190,1
LF:104
LH:30
BRDA:13,0,0,0
BRDA:13,1,0,0
BRDA:13,1,1,0
BRDA:17,2,0,0
BRDA:38,3,0,0
BRDA:43,4,0,0
BRDA:72,5,0,0
BRDA:72,5,1,0
BRDA:79,6,0,0
BRDA:79,7,0,0
BRDA:79,7,1,0
BRDA:83,8,0,0
BRDA:83,8,1,0
BRDA:83,9,0,0
BRDA:83,9,1,0
BRDA:98,10,0,15
BRDA:98,10,1,0
BRDA:98,11,0,15
BRDA:98,11,1,15
BRDA:98,11,2,15
BRDA:115,12,0,0
BRDA:115,12,1,0
BRDA:115,13,0,0
BRDA:115,13,1,0
BRDA:141,14,0,0
BRDA:151,15,0,0
BRDA:151,15,1,0
BRDA:151,16,0,0
BRDA:151,16,1,0
BRDA:169,17,0,0
BRDA:169,17,1,0
BRDA:190,18,0,0
BRDA:190,18,1,0
BRF:33
BRH:4
end_of_record
TN:
SF:src\pages\todoList\corporateAccountOpening\corporateAccountOpening.tsx
FN:25,TodoCorporateAccountOpenning
FN:57,(anonymous_2)
FN:64,(anonymous_3)
FN:80,(anonymous_4)
FN:90,(anonymous_5)
FN:103,(anonymous_6)
FN:109,(anonymous_7)
FN:117,(anonymous_8)
FN:123,(anonymous_9)
FN:153,(anonymous_10)
FN:216,oo_cm
FNF:11
FNH:9
FNDA:15,TodoCorporateAccountOpenning
FNDA:1,(anonymous_2)
FNDA:5,(anonymous_3)
FNDA:0,(anonymous_4)
FNDA:5,(anonymous_5)
FNDA:5,(anonymous_6)
FNDA:2,(anonymous_7)
FNDA:1,(anonymous_8)
FNDA:5,(anonymous_9)
FNDA:0,(anonymous_10)
FNDA:3,oo_cm
DA:1,1
DA:2,1
DA:3,1
DA:4,1
DA:5,1
DA:7,1
DA:11,1
DA:12,1
DA:13,1
DA:14,1
DA:15,1
DA:16,1
DA:17,1
DA:18,1
DA:19,1
DA:25,1
DA:28,15
DA:29,0
DA:32,15
DA:33,15
DA:40,15
DA:49,15
DA:50,15
DA:51,15
DA:52,15
DA:53,15
DA:57,15
DA:58,1
DA:59,1
DA:61,0
DA:64,15
DA:65,5
DA:66,5
DA:68,5
DA:78,0
DA:80,0
DA:83,0
DA:86,3
DA:90,15
DA:91,5
DA:92,3
DA:97,3
DA:98,3
DA:99,1
DA:103,15
DA:106,5
DA:109,15
DA:110,2
DA:111,2
DA:113,0
DA:117,15
DA:119,1
DA:123,15
DA:124,5
DA:128,5
DA:132,15
DA:154,0
DA:216,3
LF:58
LH:51
BRDA:28,0,0,0
BRDA:58,1,0,1
BRDA:58,1,1,0
BRDA:78,2,0,0
BRDA:98,3,0,1
BRDA:110,4,0,2
BRDA:110,4,1,0
BRDA:124,5,0,5
BRDA:149,6,0,15
BRDA:149,6,1,15
BRDA:169,7,0,15
BRDA:169,7,1,15
BRDA:184,8,0,15
BRDA:184,8,1,15
BRDA:192,9,0,1
BRDA:192,9,1,14
BRDA:216,10,0,3
BRDA:216,10,1,1
BRF:18
BRH:14
end_of_record
TN:
SF:src\pages\todoList\corporateAccountOpening\components\column.tsx
FN:8,(anonymous_0)
FN:12,(anonymous_1)
FN:29,(anonymous_2)
FN:33,(anonymous_3)
FN:37,(anonymous_4)
FN:47,oo_cm
FNF:6
FNH:6
FNDA:6,(anonymous_0)
FNDA:1,(anonymous_1)
FNDA:5,(anonymous_2)
FNDA:5,(anonymous_3)
FNDA:5,(anonymous_4)
FNDA:1,oo_cm
DA:3,1
DA:4,1
DA:5,1
DA:6,1
DA:8,1
DA:9,6
DA:10,6
DA:12,6
DA:13,1
DA:14,1
DA:15,1
DA:16,1
DA:21,6
DA:26,1
DA:29,5
DA:33,5
DA:37,5
DA:47,1
LF:18
LH:18
BRDA:29,0,0,5
BRDA:29,0,1,0
BRDA:33,1,0,5
BRDA:33,1,1,0
BRDA:47,2,0,1
BRDA:47,2,1,0
BRF:6
BRH:3
end_of_record
TN:
SF:src\pages\todoList\corporateAccountOpening\constant\schema.ts
FN:10,(anonymous_0)
FNF:1
FNH:1
FNDA:1,(anonymous_0)
DA:1,1
DA:3,1
DA:11,1
DA:12,1
DA:13,1
DA:14,1
DA:16,0
DA:28,1
DA:40,1
DA:51,1
DA:71,1
DA:77,1
DA:89,1
DA:98,1
DA:108,1
DA:118,1
DA:126,1
DA:137,1
DA:152,1
DA:163,1
DA:178,1
DA:193,1
DA:208,1
DA:223,1
DA:235,1
DA:248,1
LF:26
LH:25
BRDA:11,0,0,1
BRDA:11,1,0,1
BRDA:11,1,1,1
BRF:3
BRH:3
end_of_record
TN:
SF:src\pages\unAuthorizePage\unAuthorize.tsx
FN:7,UnAuthorize
FN:8,(anonymous_1)
FN:41,(anonymous_2)
FN:45,(anonymous_3)
FN:56,(anonymous_4)
FNF:5
FNH:0
FNDA:0,UnAuthorize
FNDA:0,(anonymous_1)
FNDA:0,(anonymous_2)
FNDA:0,(anonymous_3)
FNDA:0,(anonymous_4)
DA:2,1
DA:3,1
DA:4,1
DA:5,1
DA:7,1
DA:8,0
DA:9,0
DA:41,0
DA:42,0
DA:44,0
DA:45,0
DA:46,0
DA:48,0
DA:49,0
DA:53,0
DA:56,0
DA:57,0
DA:58,0
DA:59,0
DA:63,0
LF:20
LH:5
BRDA:42,0,0,0
BRDA:42,1,0,0
BRDA:42,1,1,0
BRDA:48,2,0,0
BRDA:58,3,0,0
BRF:5
BRH:0
end_of_record
