TN:
SF:src\__Test__\fileMock.js
FNF:0
FNH:0
DA:1,3
LF:1
LH:1
BRF:0
BRH:0
end_of_record
TN:
SF:src\__Test__\styleMock.js
FNF:0
FNH:0
DA:1,8
LF:1
LH:1
BRF:0
BRH:0
end_of_record
TN:
SF:src\__Test__\utils.ts
FNF:0
FNH:0
DA:1,17
LF:1
LH:1
BRF:0
BRH:0
end_of_record
TN:
SF:src\api\axios.tsx
FNF:0
FNH:0
DA:1,23
DA:5,23
DA:11,23
DA:17,23
LF:4
LH:4
BRF:0
BRH:0
end_of_record
TN:
SF:src\app\store.ts
FNF:0
FNH:0
DA:1,17
DA:2,17
DA:3,17
DA:4,17
DA:5,17
DA:6,17
DA:7,17
DA:8,17
DA:9,17
DA:10,17
DA:11,17
DA:12,17
DA:13,17
DA:14,17
DA:15,17
DA:16,17
DA:17,17
DA:18,17
DA:19,17
DA:20,17
DA:21,17
DA:22,17
DA:24,17
LF:23
LH:23
BRF:0
BRH:0
end_of_record
TN:
SF:src\components\Checkbox.tsx
FN:12,CheckBox
FNF:1
FNH:1
FNDA:1720,CheckBox
DA:1,3
DA:12,3
DA:19,1720
LF:3
LH:3
BRDA:16,0,0,1612
BRF:1
BRH:1
end_of_record
TN:
SF:src\components\Dropbox.tsx
FN:8,(anonymous_0)
FN:11,(anonymous_1)
FN:16,(anonymous_2)
FN:20,(anonymous_3)
FN:49,(anonymous_4)
FN:54,(anonymous_5)
FNF:6
FNH:2
FNDA:196,(anonymous_0)
FNDA:0,(anonymous_1)
FNDA:39,(anonymous_2)
FNDA:0,(anonymous_3)
FNDA:0,(anonymous_4)
FNDA:0,(anonymous_5)
DA:1,3
DA:2,3
DA:3,3
DA:8,3
DA:9,196
DA:10,196
DA:11,196
DA:12,0
DA:16,196
DA:17,39
DA:20,196
DA:21,0
DA:22,0
DA:23,0
DA:25,196
DA:49,0
DA:54,0
DA:65,3
LF:18
LH:12
BRDA:10,0,0,196
BRDA:10,0,1,0
BRDA:17,1,0,39
BRDA:17,1,1,0
BRDA:42,2,0,0
BRDA:42,2,1,196
BRF:6
BRH:3
end_of_record
TN:
SF:src\components\Dropdown.tsx
FN:13,Dropdown
FN:22,(anonymous_1)
FN:26,(anonymous_2)
FN:59,(anonymous_3)
FN:62,(anonymous_4)
FN:63,(anonymous_5)
FNF:6
FNH:5
FNDA:9,Dropdown
FNDA:3,(anonymous_1)
FNDA:3,(anonymous_2)
FNDA:0,(anonymous_3)
FNDA:36,(anonymous_4)
FNDA:3,(anonymous_5)
DA:1,3
DA:2,3
DA:3,3
DA:13,3
DA:19,9
DA:20,9
DA:22,9
DA:23,3
DA:26,9
DA:27,3
DA:30,3
DA:31,3
DA:34,9
DA:59,0
DA:63,36
LF:15
LH:14
BRDA:27,0,0,3
BRDA:27,0,1,0
BRDA:52,1,0,3
BRDA:52,1,1,6
BRF:4
BRH:3
end_of_record
TN:
SF:src\components\Input.tsx
FN:16,(anonymous_1)
FNF:1
FNH:1
FNDA:5684,(anonymous_1)
DA:1,10
DA:3,10
DA:15,10
DA:20,5684
DA:47,10
DA:49,10
LF:6
LH:6
BRDA:17,0,0,2453
BRF:1
BRH:1
end_of_record
TN:
SF:src\components\SideLabelInput.tsx
FN:9,SideLabelInput
FNF:1
FNH:1
FNDA:168,SideLabelInput
DA:1,4
DA:9,4
DA:15,168
LF:3
LH:3
BRF:0
BRH:0
end_of_record
TN:
SF:src\components\alert\Alert.tsx
FN:12,(anonymous_0)
FN:16,(anonymous_1)
FN:18,(anonymous_2)
FN:24,(anonymous_3)
FN:36,(anonymous_4)
FNF:5
FNH:4
FNDA:27,(anonymous_0)
FNDA:24,(anonymous_1)
FNDA:0,(anonymous_2)
FNDA:24,(anonymous_3)
FNDA:3,(anonymous_4)
DA:1,3
DA:2,3
DA:3,3
DA:4,3
DA:12,3
DA:13,27
DA:14,27
DA:16,27
DA:18,24
DA:19,0
DA:20,0
DA:24,24
DA:27,27
DA:36,3
DA:42,3
LF:15
LH:13
BRDA:14,0,0,24
BRDA:14,0,1,3
BRDA:31,1,0,6
BRDA:31,1,1,21
BRDA:32,2,0,6
BRDA:32,2,1,21
BRF:6
BRH:6
end_of_record
TN:
SF:src\components\ui\BoxOfUploaded.tsx
FN:7,(anonymous_1)
FN:9,(anonymous_2)
FN:52,oo_cm
FNF:3
FNH:0
FNDA:0,(anonymous_1)
FNDA:0,(anonymous_2)
FNDA:0,oo_cm
DA:1,3
DA:2,3
DA:3,3
DA:4,3
DA:7,3
DA:8,0
DA:9,0
DA:10,0
DA:11,0
DA:12,0
DA:22,0
DA:23,0
DA:24,0
DA:26,0
DA:29,0
DA:32,0
DA:45,3
DA:52,3
LF:18
LH:7
BRDA:22,0,0,0
BRDA:22,0,1,0
BRDA:52,1,0,0
BRDA:52,1,1,0
BRF:4
BRH:0
end_of_record
TN:
SF:src\components\ui\Radio.tsx
FN:13,RadioCheckBox
FNF:1
FNH:1
FNDA:4680,RadioCheckBox
DA:1,3
DA:3,3
DA:13,3
DA:20,4680
LF:4
LH:4
BRDA:17,0,0,4680
BRF:1
BRH:1
end_of_record
TN:
SF:src\components\ui\alert-dialog.tsx
FN:18,(anonymous_6)
FN:33,(anonymous_7)
FN:48,(anonymous_8)
FN:62,(anonymous_9)
FN:79,(anonymous_10)
FN:91,(anonymous_11)
FN:104,(anonymous_12)
FN:116,(anonymous_13)
FNF:8
FNH:8
FNDA:129,(anonymous_6)
FNDA:211,(anonymous_7)
FNDA:43,(anonymous_8)
FNDA:43,(anonymous_9)
FNDA:43,(anonymous_10)
FNDA:43,(anonymous_11)
FNDA:43,(anonymous_12)
FNDA:43,(anonymous_13)
DA:3,7
DA:4,7
DA:6,7
DA:7,7
DA:9,7
DA:11,7
DA:13,7
DA:15,7
DA:19,129
DA:28,7
DA:30,7
DA:34,211
DA:46,7
DA:48,7
DA:52,43
DA:60,7
DA:62,7
DA:66,43
DA:74,7
DA:76,7
DA:80,43
DA:86,7
DA:88,7
DA:92,43
DA:98,7
DA:101,7
DA:105,43
DA:111,7
DA:113,7
DA:117,43
DA:127,7
DA:130,7
DA:131,7
DA:132,7
DA:133,7
DA:134,7
DA:135,7
DA:136,7
DA:137,7
DA:138,7
DA:139,7
DA:140,7
LF:42
LH:42
BRF:0
BRH:0
end_of_record
TN:
SF:src\components\ui\button.tsx
FN:43,(anonymous_6)
FNF:1
FNH:1
FNDA:1630,(anonymous_6)
DA:1,17
DA:2,17
DA:3,17
DA:5,17
DA:7,17
DA:42,17
DA:44,1630
DA:45,1630
DA:54,17
DA:56,17
LF:10
LH:10
BRDA:43,0,0,1630
BRDA:44,1,0,0
BRDA:44,1,1,1630
BRF:3
BRH:2
end_of_record
TN:
SF:src\components\ui\card.tsx
FN:8,(anonymous_6)
FN:23,(anonymous_7)
FN:35,(anonymous_8)
FN:50,(anonymous_9)
FN:62,(anonymous_10)
FN:70,(anonymous_11)
FNF:6
FNH:4
FNDA:2702,(anonymous_6)
FNDA:60,(anonymous_7)
FNDA:56,(anonymous_8)
FNDA:0,(anonymous_9)
FNDA:340,(anonymous_10)
FNDA:0,(anonymous_11)
DA:1,17
DA:3,17
DA:5,17
DA:9,2702
DA:18,17
DA:20,17
DA:24,60
DA:30,17
DA:32,17
DA:36,56
DA:45,17
DA:47,17
DA:51,0
DA:57,17
DA:59,17
DA:63,340
DA:65,17
DA:67,17
DA:71,0
DA:77,17
DA:79,17
LF:21
LH:19
BRF:0
BRH:0
end_of_record
TN:
SF:src\components\ui\input.tsx
FN:9,(anonymous_6)
FNF:1
FNH:1
FNDA:255,(anonymous_6)
DA:1,7
DA:3,7
DA:8,7
DA:10,255
DA:23,7
DA:25,7
LF:6
LH:6
BRF:0
BRH:0
end_of_record
TN:
SF:src\config\url.ts
FNF:0
FNH:0
DA:3,9
LF:1
LH:1
BRF:0
BRH:0
end_of_record
TN:
SF:src\constant\variables.ts
FNF:0
FNH:0
DA:1,4
DA:7,4
DA:22,4
DA:130,4
DA:273,4
DA:340,4
DA:448,4
DA:479,4
DA:498,4
DA:525,4
DA:564,4
DA:1563,4
LF:12
LH:12
BRF:0
BRH:0
end_of_record
TN:
SF:src\features\contactPersonSlice.ts
FN:18,(anonymous_0)
FN:25,(anonymous_1)
FN:27,(anonymous_2)
FN:30,(anonymous_3)
FN:33,(anonymous_4)
FN:34,(anonymous_5)
FN:39,(anonymous_6)
FN:41,(anonymous_7)
FN:67,oo_cm
FNF:9
FNH:9
FNDA:1,(anonymous_0)
FNDA:1,(anonymous_1)
FNDA:2,(anonymous_2)
FNDA:7,(anonymous_3)
FNDA:7,(anonymous_4)
FNDA:8,(anonymous_5)
FNDA:1,(anonymous_6)
FNDA:1,(anonymous_7)
FNDA:1,oo_cm
DA:2,18
DA:10,18
DA:14,18
DA:19,1
DA:20,1
DA:26,1
DA:27,2
DA:31,7
DA:34,8
DA:40,1
DA:41,1
DA:43,1
DA:44,1
DA:53,18
DA:60,18
DA:67,18
LF:16
LH:16
BRDA:43,0,0,1
BRDA:67,1,0,1
BRDA:67,1,1,1
BRF:3
BRH:3
end_of_record
TN:
SF:src\features\ListOfDirectorSlice\listOfDirectorSlice.ts
FN:16,(anonymous_0)
FN:28,(anonymous_1)
FN:30,(anonymous_2)
FN:33,(anonymous_3)
FN:37,(anonymous_4)
FN:40,(anonymous_5)
FN:42,(anonymous_6)
FNF:7
FNH:7
FNDA:1,(anonymous_0)
FNDA:1,(anonymous_1)
FNDA:1,(anonymous_2)
FNDA:10,(anonymous_3)
FNDA:7,(anonymous_4)
FNDA:1,(anonymous_5)
FNDA:1,(anonymous_6)
DA:1,18
DA:8,18
DA:12,18
DA:19,1
DA:29,1
DA:30,1
DA:34,10
DA:38,7
DA:41,1
DA:42,1
DA:44,1
DA:45,1
DA:54,18
DA:61,18
LF:14
LH:14
BRDA:44,0,0,1
BRF:1
BRH:1
end_of_record
TN:
SF:src\features\addIndividual\addIndividualSlice.ts
FN:39,(anonymous_0)
FN:43,(anonymous_1)
FN:46,(anonymous_2)
FN:50,(anonymous_3)
FN:54,(anonymous_4)
FNF:5
FNH:5
FNDA:1,(anonymous_0)
FNDA:1,(anonymous_1)
FNDA:1,(anonymous_2)
FNDA:1,(anonymous_3)
FNDA:1,(anonymous_4)
DA:1,18
DA:19,18
DA:35,18
DA:40,1
DA:41,1
DA:44,1
DA:47,1
DA:48,1
DA:51,1
DA:52,1
DA:55,1
DA:60,18
DA:68,18
LF:13
LH:13
BRF:0
BRH:0
end_of_record
TN:
SF:src\features\addedIcoData\AddedIcoData.ts
FN:17,(anonymous_0)
FN:20,(anonymous_1)
FNF:2
FNH:2
FNDA:7,(anonymous_0)
FNDA:7,(anonymous_1)
DA:2,18
DA:9,18
DA:13,18
DA:18,7
DA:21,7
DA:26,18
DA:28,18
LF:7
LH:7
BRF:0
BRH:0
end_of_record
TN:
SF:src\features\attorney\attorney.ts
FN:16,(anonymous_0)
FN:23,(anonymous_1)
FN:25,(anonymous_2)
FN:28,(anonymous_3)
FN:31,(anonymous_4)
FN:32,(anonymous_5)
FN:45,(anonymous_6)
FN:65,oo_cm
FNF:8
FNH:8
FNDA:1,(anonymous_0)
FNDA:1,(anonymous_1)
FNDA:1,(anonymous_2)
FNDA:4,(anonymous_3)
FNDA:1,(anonymous_4)
FNDA:1,(anonymous_5)
FNDA:7,(anonymous_6)
FNDA:2,oo_cm
DA:1,18
DA:8,18
DA:12,18
DA:17,1
DA:18,1
DA:24,1
DA:25,1
DA:29,4
DA:32,1
DA:33,1
DA:35,1
DA:36,1
DA:37,1
DA:42,0
DA:46,7
DA:51,18
DA:58,18
DA:65,18
LF:18
LH:17
BRDA:35,0,0,1
BRDA:35,0,1,0
BRDA:65,1,0,2
BRDA:65,1,1,1
BRF:4
BRH:3
end_of_record
TN:
SF:src\features\authen\authenSlice.ts
FN:16,(anonymous_0)
FNF:1
FNH:0
FNDA:0,(anonymous_0)
DA:1,17
DA:2,17
DA:8,17
DA:12,17
DA:17,0
DA:22,17
DA:23,17
LF:7
LH:6
BRDA:9,0,0,17
BRDA:9,0,1,6
BRF:2
BRH:2
end_of_record
TN:
SF:src\features\authorizedPerson\authorizedPersonSlice.ts
FN:16,(anonymous_0)
FN:23,(anonymous_1)
FN:25,(anonymous_2)
FN:28,(anonymous_3)
FN:31,(anonymous_4)
FN:33,(anonymous_5)
FN:43,(anonymous_6)
FN:66,oo_cm
FNF:8
FNH:8
FNDA:1,(anonymous_0)
FNDA:1,(anonymous_1)
FNDA:1,(anonymous_2)
FNDA:4,(anonymous_3)
FNDA:1,(anonymous_4)
FNDA:1,(anonymous_5)
FNDA:10,(anonymous_6)
FNDA:1,oo_cm
DA:1,18
DA:8,18
DA:12,18
DA:17,1
DA:18,1
DA:24,1
DA:25,1
DA:29,4
DA:32,1
DA:33,1
DA:36,1
DA:37,1
DA:47,10
DA:52,18
DA:59,18
DA:66,18
LF:16
LH:16
BRDA:36,0,0,1
BRDA:66,1,0,1
BRDA:66,1,1,1
BRF:3
BRH:3
end_of_record
TN:
SF:src\features\bankOrder\bankOrdersSlice.ts
FN:16,(anonymous_0)
FN:20,(anonymous_1)
FN:22,(anonymous_2)
FN:25,(anonymous_3)
FN:28,(anonymous_4)
FN:31,(anonymous_5)
FN:33,(anonymous_6)
FN:60,oo_cm
FNF:8
FNH:8
FNDA:1,(anonymous_0)
FNDA:1,(anonymous_1)
FNDA:1,(anonymous_2)
FNDA:1,(anonymous_3)
FNDA:3,(anonymous_4)
FNDA:1,(anonymous_5)
FNDA:1,(anonymous_6)
FNDA:1,oo_cm
DA:1,18
DA:8,18
DA:12,18
DA:17,1
DA:18,1
DA:21,1
DA:22,1
DA:26,1
DA:29,3
DA:32,1
DA:33,1
DA:36,1
DA:37,1
DA:46,18
DA:53,18
DA:60,18
LF:16
LH:16
BRDA:36,0,0,1
BRDA:60,1,0,1
BRDA:60,1,1,1
BRF:3
BRH:3
end_of_record
TN:
SF:src\features\bankSlice\bankSlice.ts
FN:16,(anonymous_0)
FN:20,(anonymous_1)
FN:22,(anonymous_2)
FN:25,(anonymous_3)
FN:28,(anonymous_4)
FN:31,(anonymous_5)
FN:34,(anonymous_6)
FN:60,oo_cm
FNF:8
FNH:8
FNDA:1,(anonymous_0)
FNDA:1,(anonymous_1)
FNDA:1,(anonymous_2)
FNDA:4,(anonymous_3)
FNDA:7,(anonymous_4)
FNDA:1,(anonymous_5)
FNDA:1,(anonymous_6)
FNDA:3,oo_cm
DA:1,18
DA:8,18
DA:12,18
DA:17,1
DA:18,1
DA:21,1
DA:22,1
DA:26,4
DA:29,7
DA:32,1
DA:33,1
DA:34,1
DA:37,1
DA:38,1
DA:39,1
DA:44,0
DA:45,0
DA:51,18
DA:53,18
DA:60,18
LF:20
LH:18
BRDA:37,0,0,1
BRDA:37,0,1,0
BRDA:60,1,0,3
BRDA:60,1,1,1
BRF:4
BRH:3
end_of_record
TN:
SF:src\features\corporateData\corporateDataSlice.ts
FN:98,(anonymous_0)
FN:101,(anonymous_1)
FNF:2
FNH:2
FNDA:1,(anonymous_0)
FNDA:1,(anonymous_1)
DA:2,1
DA:4,1
DA:94,1
DA:99,1
DA:102,1
DA:107,1
DA:109,1
LF:7
LH:7
BRF:0
BRH:0
end_of_record
TN:
SF:src\features\corporateTest\corporateTestSlice.tsx
FN:16,(anonymous_0)
FN:19,(anonymous_1)
FNF:2
FNH:2
FNDA:110,(anonymous_0)
FNDA:47,(anonymous_1)
DA:2,18
DA:8,18
DA:12,18
DA:17,110
DA:20,47
DA:25,18
DA:26,18
LF:7
LH:7
BRF:0
BRH:0
end_of_record
TN:
SF:src\features\currentSelectedCorperate\currentCorperrateInfoSlice.tsx
FN:64,(anonymous_0)
FN:67,(anonymous_1)
FNF:2
FNH:0
FNDA:0,(anonymous_0)
FNDA:0,(anonymous_1)
DA:2,17
DA:4,17
DA:60,17
DA:65,0
DA:68,0
DA:73,17
DA:75,17
LF:7
LH:5
BRF:0
BRH:0
end_of_record
TN:
SF:src\features\editCorporateData\editCorporateData.ts
FN:98,(anonymous_0)
FN:101,(anonymous_1)
FNF:2
FNH:2
FNDA:72,(anonymous_0)
FNDA:57,(anonymous_1)
DA:2,20
DA:4,20
DA:94,20
DA:99,72
DA:102,57
DA:107,20
DA:108,20
LF:7
LH:7
BRF:0
BRH:0
end_of_record
TN:
SF:src\features\fetchIndividualData\fetchIndividualDataSlice.ts
FN:16,(anonymous_0)
FN:19,(anonymous_1)
FNF:2
FNH:2
FNDA:17,(anonymous_0)
FNDA:15,(anonymous_1)
DA:2,17
DA:8,17
DA:12,17
DA:17,17
DA:20,15
DA:25,17
DA:26,17
LF:7
LH:7
BRF:0
BRH:0
end_of_record
TN:
SF:src\features\fxExchange\fxExhangeSlice.ts
FN:16,(anonymous_0)
FN:20,(anonymous_1)
FN:22,(anonymous_2)
FN:25,(anonymous_3)
FN:28,(anonymous_4)
FN:31,(anonymous_5)
FN:33,(anonymous_6)
FN:60,oo_cm
FNF:8
FNH:8
FNDA:1,(anonymous_0)
FNDA:1,(anonymous_1)
FNDA:1,(anonymous_2)
FNDA:1,(anonymous_3)
FNDA:2,(anonymous_4)
FNDA:1,(anonymous_5)
FNDA:1,(anonymous_6)
FNDA:1,oo_cm
DA:1,18
DA:8,18
DA:12,18
DA:17,1
DA:18,1
DA:21,1
DA:22,1
DA:26,1
DA:29,2
DA:32,1
DA:33,1
DA:36,1
DA:37,1
DA:46,18
DA:53,18
DA:60,18
LF:16
LH:16
BRDA:36,0,0,1
BRDA:60,1,0,1
BRDA:60,1,1,1
BRF:3
BRH:3
end_of_record
TN:
SF:src\features\individualShareholder\individualShareholderSlice.ts
FN:15,(anonymous_0)
FN:26,(anonymous_1)
FN:28,(anonymous_2)
FN:31,(anonymous_3)
FN:34,(anonymous_4)
FN:40,(anonymous_5)
FN:45,(anonymous_6)
FN:74,oo_cm
FNF:8
FNH:8
FNDA:1,(anonymous_0)
FNDA:1,(anonymous_1)
FNDA:1,(anonymous_2)
FNDA:4,(anonymous_3)
FNDA:7,(anonymous_4)
FNDA:1,(anonymous_5)
FNDA:1,(anonymous_6)
FNDA:1,oo_cm
DA:1,18
DA:7,18
DA:11,18
DA:16,1
DA:18,1
DA:27,1
DA:28,1
DA:32,4
DA:38,7
DA:44,1
DA:46,1
DA:48,1
DA:50,1
DA:60,18
DA:67,18
DA:74,18
LF:16
LH:16
BRDA:48,0,0,1
BRDA:74,1,0,1
BRDA:74,1,1,1
BRF:3
BRH:3
end_of_record
TN:
SF:src\features\juristicShareholderSlice\juristicShareholderSlice.ts
FN:16,(anonymous_0)
FN:23,(anonymous_1)
FN:25,(anonymous_2)
FN:28,(anonymous_3)
FN:31,(anonymous_4)
FN:34,(anonymous_5)
FN:36,(anonymous_6)
FN:63,oo_cm
FNF:8
FNH:8
FNDA:1,(anonymous_0)
FNDA:1,(anonymous_1)
FNDA:1,(anonymous_2)
FNDA:7,(anonymous_3)
FNDA:7,(anonymous_4)
FNDA:3,(anonymous_5)
FNDA:3,(anonymous_6)
FNDA:1,oo_cm
DA:1,18
DA:8,18
DA:12,18
DA:17,1
DA:18,1
DA:24,1
DA:25,1
DA:29,7
DA:32,7
DA:35,3
DA:36,3
DA:39,3
DA:40,3
DA:49,18
DA:56,18
DA:63,18
LF:16
LH:16
BRDA:39,0,0,3
BRDA:63,1,0,1
BRDA:63,1,1,1
BRF:3
BRH:3
end_of_record
TN:
SF:src\features\livenessOcr\livenessOcr.ts
FN:17,(anonymous_0)
FN:20,(anonymous_1)
FNF:2
FNH:0
FNDA:0,(anonymous_0)
FNDA:0,(anonymous_1)
DA:1,17
DA:8,17
DA:13,17
DA:18,0
DA:21,0
DA:26,17
DA:27,17
LF:7
LH:5
BRF:0
BRH:0
end_of_record
TN:
SF:src\features\orderTrade\orderTradeSlice.ts
FN:16,(anonymous_0)
FN:20,(anonymous_1)
FN:22,(anonymous_2)
FN:25,(anonymous_3)
FN:28,(anonymous_4)
FN:31,(anonymous_5)
FN:33,(anonymous_6)
FN:60,oo_cm
FNF:8
FNH:8
FNDA:1,(anonymous_0)
FNDA:1,(anonymous_1)
FNDA:1,(anonymous_2)
FNDA:1,(anonymous_3)
FNDA:2,(anonymous_4)
FNDA:1,(anonymous_5)
FNDA:1,(anonymous_6)
FNDA:1,oo_cm
DA:1,18
DA:8,18
DA:12,18
DA:17,1
DA:18,1
DA:21,1
DA:22,1
DA:26,1
DA:29,2
DA:32,1
DA:33,1
DA:36,1
DA:37,1
DA:46,18
DA:53,18
DA:60,18
LF:16
LH:16
BRDA:36,0,0,1
BRDA:60,1,0,1
BRDA:60,1,1,1
BRF:3
BRH:3
end_of_record
TN:
SF:src\features\suit\suitSlice.ts
FN:30,(anonymous_0)
FN:34,(anonymous_1)
FNF:2
FNH:2
FNDA:1,(anonymous_0)
FNDA:1,(anonymous_1)
DA:1,21
DA:24,21
DA:26,21
DA:31,1
DA:32,1
DA:35,1
DA:36,1
DA:41,21
DA:42,21
LF:9
LH:9
BRF:0
BRH:0
end_of_record
TN:
SF:src\features\uploadFile\uploadFileSlice.ts
FN:16,(anonymous_0)
FN:19,(anonymous_1)
FN:22,(anonymous_2)
FN:23,(anonymous_3)
FNF:4
FNH:4
FNDA:1,(anonymous_0)
FNDA:1,(anonymous_1)
FNDA:1,(anonymous_2)
FNDA:2,(anonymous_3)
DA:2,21
DA:8,21
DA:12,21
DA:17,1
DA:20,1
DA:23,2
DA:28,21
DA:29,21
LF:8
LH:8
BRF:0
BRH:0
end_of_record
TN:
SF:src\features\user\userSlice.ts
FN:29,(anonymous_0)
FN:33,(anonymous_1)
FNF:2
FNH:2
FNDA:200,(anonymous_0)
FNDA:1,(anonymous_1)
DA:1,18
DA:21,18
DA:25,18
DA:30,200
DA:31,200
DA:34,1
DA:42,18
DA:43,18
LF:8
LH:8
BRF:0
BRH:0
end_of_record
TN:
SF:src\lib\Cookies.ts
FN:5,(anonymous_1)
FN:9,(anonymous_2)
FN:13,(anonymous_3)
FNF:3
FNH:1
FNDA:0,(anonymous_1)
FNDA:43,(anonymous_2)
FNDA:0,(anonymous_3)
DA:1,6
DA:3,6
DA:5,6
DA:6,0
DA:9,6
DA:10,43
DA:13,6
DA:14,0
LF:8
LH:6
BRF:0
BRH:0
end_of_record
TN:
SF:src\lib\utils.ts
FN:8,cn
FN:12,copy
FN:19,(anonymous_2)
FN:26,(anonymous_3)
FN:33,sleep
FN:34,(anonymous_5)
FN:37,arraysAreEqual
FN:51,objectsAreEqual
FN:55,(anonymous_8)
FN:59,lastDigitCheck
FN:70,checkFormatIDCard
FN:76,(anonymous_11)
FN:96,(anonymous_12)
FN:97,(anonymous_13)
FN:105,(anonymous_14)
FN:106,(anonymous_15)
FN:112,(anonymous_16)
FN:116,(anonymous_17)
FN:127,(anonymous_18)
FN:135,(anonymous_19)
FN:148,(anonymous_20)
FN:152,(anonymous_21)
FN:154,(anonymous_22)
FN:161,(anonymous_23)
FN:167,(anonymous_24)
FN:181,isEmptyObject
FN:190,oo_cm
FNF:27
FNH:11
FNDA:12041,cn
FNDA:5273,copy
FNDA:0,(anonymous_2)
FNDA:5148,(anonymous_3)
FNDA:28,sleep
FNDA:28,(anonymous_5)
FNDA:0,arraysAreEqual
FNDA:0,objectsAreEqual
FNDA:18,(anonymous_8)
FNDA:18,lastDigitCheck
FNDA:18,checkFormatIDCard
FNDA:0,(anonymous_11)
FNDA:176,(anonymous_12)
FNDA:255,(anonymous_13)
FNDA:0,(anonymous_14)
FNDA:0,(anonymous_15)
FNDA:0,(anonymous_16)
FNDA:0,(anonymous_17)
FNDA:160,(anonymous_18)
FNDA:0,(anonymous_19)
FNDA:0,(anonymous_20)
FNDA:0,(anonymous_21)
FNDA:0,(anonymous_22)
FNDA:0,(anonymous_23)
FNDA:0,(anonymous_24)
FNDA:0,isEmptyObject
FNDA:0,oo_cm
DA:1,20
DA:2,20
DA:3,20
DA:4,20
DA:5,20
DA:8,20
DA:9,12041
DA:12,20
DA:13,5273
DA:14,5121
DA:17,152
DA:18,0
DA:19,0
DA:20,0
DA:22,0
DA:25,152
DA:26,152
DA:27,5148
DA:30,152
DA:33,20
DA:34,28
DA:37,20
DA:38,0
DA:39,0
DA:42,0
DA:43,0
DA:44,0
DA:48,0
DA:51,20
DA:52,0
DA:55,20
DA:56,18
DA:59,20
DA:60,18
DA:61,18
DA:62,18
DA:63,216
DA:65,18
DA:67,18
DA:70,20
DA:71,18
DA:72,18
DA:73,18
DA:76,20
DA:77,0
DA:78,0
DA:79,0
DA:80,0
DA:81,0
DA:83,0
DA:84,0
DA:85,0
DA:87,0
DA:90,0
DA:93,0
DA:96,20
DA:97,255
DA:98,176
DA:99,176
DA:101,0
DA:105,20
DA:106,0
DA:109,0
DA:110,0
DA:112,0
DA:115,0
DA:116,0
DA:117,0
DA:121,0
DA:123,0
DA:127,20
DA:128,160
DA:129,160
DA:130,160
DA:132,160
DA:135,20
DA:139,0
DA:140,0
DA:141,0
DA:142,0
DA:143,0
DA:145,0
DA:148,20
DA:151,0
DA:152,0
DA:153,0
DA:154,0
DA:155,0
DA:157,0
DA:158,0
DA:161,0
DA:162,0
DA:167,20
DA:168,0
DA:169,0
DA:170,0
DA:171,0
DA:172,0
DA:174,0
DA:175,0
DA:178,0
DA:181,20
DA:182,0
DA:190,20
LF:104
LH:48
BRDA:13,0,0,5121
BRDA:13,1,0,5273
BRDA:13,1,1,5150
BRDA:17,2,0,0
BRDA:38,3,0,0
BRDA:43,4,0,0
BRDA:72,5,0,18
BRDA:72,5,1,18
BRDA:79,6,0,0
BRDA:79,7,0,0
BRDA:79,7,1,0
BRDA:83,8,0,0
BRDA:83,8,1,0
BRDA:83,9,0,0
BRDA:83,9,1,0
BRDA:98,10,0,176
BRDA:98,10,1,0
BRDA:98,11,0,176
BRDA:98,11,1,176
BRDA:98,11,2,176
BRDA:115,12,0,0
BRDA:115,12,1,0
BRDA:115,13,0,0
BRDA:115,13,1,0
BRDA:141,14,0,0
BRDA:151,15,0,0
BRDA:151,15,1,0
BRDA:151,16,0,0
BRDA:151,16,1,0
BRDA:169,17,0,0
BRDA:169,17,1,0
BRDA:190,18,0,0
BRDA:190,18,1,0
BRF:33
BRH:9
end_of_record
TN:
SF:src\pages\createJob\addIndividualAccount\addIndividualAccount.tsx
FN:23,AddIndividualAccount
FN:41,(anonymous_2)
FN:57,(anonymous_3)
FN:59,(anonymous_4)
FN:66,(anonymous_5)
FN:93,(anonymous_6)
FN:137,(anonymous_7)
FN:150,(anonymous_8)
FN:448,oo_cm
FNF:9
FNH:8
FNDA:12,AddIndividualAccount
FNDA:2,(anonymous_2)
FNDA:17,(anonymous_3)
FNDA:2,(anonymous_4)
FNDA:3,(anonymous_5)
FNDA:6,(anonymous_6)
FNDA:0,(anonymous_7)
FNDA:2,(anonymous_8)
FNDA:21,oo_cm
DA:1,1
DA:2,1
DA:4,1
DA:5,1
DA:6,1
DA:7,1
DA:11,1
DA:12,1
DA:13,1
DA:14,1
DA:15,1
DA:16,1
DA:17,1
DA:19,1
DA:20,1
DA:23,1
DA:24,12
DA:25,0
DA:34,12
DA:38,12
DA:39,12
DA:41,12
DA:42,2
DA:43,2
DA:44,2
DA:50,0
DA:51,0
DA:53,2
DA:57,17
DA:59,12
DA:60,2
DA:61,2
DA:62,2
DA:66,12
DA:67,3
DA:68,1
DA:69,1
DA:70,1
DA:85,1
DA:86,1
DA:90,12
DA:91,12
DA:93,12
DA:94,6
DA:95,6
DA:96,6
DA:97,1
DA:98,1
DA:99,1
DA:100,1
DA:102,5
DA:103,1
DA:104,1
DA:105,1
DA:106,1
DA:108,4
DA:109,1
DA:110,1
DA:111,1
DA:112,1
DA:113,1
DA:115,3
DA:116,1
DA:117,1
DA:118,1
DA:119,1
DA:121,2
DA:122,1
DA:123,1
DA:124,1
DA:125,1
DA:127,1
DA:128,1
DA:129,1
DA:130,1
DA:131,1
DA:135,12
DA:137,12
DA:138,0
DA:139,0
DA:140,0
DA:141,0
DA:145,0
DA:147,0
DA:150,12
DA:151,2
DA:152,2
DA:153,2
DA:154,2
DA:155,2
DA:156,2
DA:157,2
DA:158,1
DA:159,1
DA:164,0
DA:165,0
DA:166,0
DA:167,0
DA:168,0
DA:169,0
DA:170,0
DA:172,0
DA:173,0
DA:177,1
DA:178,1
DA:183,0
DA:184,0
DA:185,0
DA:186,0
DA:187,0
DA:188,0
DA:190,0
DA:191,0
DA:195,2
DA:206,12
DA:448,21
LF:116
LH:90
BRDA:24,0,0,0
BRDA:61,1,0,2
BRDA:62,2,0,2
BRDA:62,2,1,0
BRDA:67,3,0,1
BRDA:71,4,0,1
BRDA:71,4,1,0
BRDA:72,5,0,1
BRDA:72,5,1,0
BRDA:73,6,0,1
BRDA:73,6,1,0
BRDA:74,7,0,1
BRDA:74,7,1,0
BRDA:75,8,0,1
BRDA:75,8,1,0
BRDA:76,9,0,1
BRDA:76,9,1,0
BRDA:77,10,0,1
BRDA:77,10,1,0
BRDA:78,11,0,1
BRDA:78,11,1,0
BRDA:79,12,0,1
BRDA:79,12,1,0
BRDA:80,13,0,1
BRDA:80,13,1,0
BRDA:81,14,0,1
BRDA:81,14,1,0
BRDA:82,15,0,1
BRDA:82,15,1,0
BRDA:96,16,0,1
BRDA:96,16,1,5
BRDA:102,17,0,1
BRDA:102,17,1,4
BRDA:108,18,0,1
BRDA:108,18,1,3
BRDA:115,19,0,1
BRDA:115,19,1,2
BRDA:121,20,0,1
BRDA:121,20,1,1
BRDA:127,21,0,1
BRDA:141,22,0,0
BRDA:142,23,0,0
BRDA:142,23,1,0
BRDA:142,23,2,0
BRDA:157,24,0,1
BRDA:157,24,1,1
BRDA:165,25,0,0
BRDA:184,26,0,0
BRDA:232,27,0,12
BRDA:232,27,1,0
BRDA:245,28,0,12
BRDA:245,28,1,0
BRDA:258,29,0,12
BRDA:258,29,1,0
BRDA:283,30,0,12
BRDA:283,30,1,0
BRDA:299,31,0,12
BRDA:299,31,1,0
BRDA:313,32,0,12
BRDA:313,32,1,0
BRDA:329,33,0,12
BRDA:329,33,1,0
BRDA:341,34,0,12
BRDA:341,34,1,0
BRDA:355,35,0,12
BRDA:355,35,1,0
BRDA:375,36,0,12
BRDA:375,36,1,0
BRDA:391,37,0,12
BRDA:391,37,1,0
BRDA:405,38,0,12
BRDA:405,38,1,0
BRDA:448,39,0,21
BRDA:448,39,1,1
BRF:74
BRH:42
end_of_record
TN:
SF:src\pages\createJob\addIndividualAccount\basicInfo\basicInfo.tsx
FN:31,BasicInfo
FN:46,(anonymous_2)
FN:53,(anonymous_3)
FN:56,(anonymous_4)
FN:62,(anonymous_5)
FN:74,(anonymous_6)
FN:94,(anonymous_7)
FN:96,(anonymous_8)
FN:105,(anonymous_9)
FN:110,(anonymous_10)
FN:112,(anonymous_11)
FN:114,(anonymous_12)
FN:117,(anonymous_13)
FN:119,(anonymous_14)
FN:194,(anonymous_15)
FN:196,(anonymous_16)
FN:214,(anonymous_17)
FN:264,(anonymous_18)
FN:293,(anonymous_19)
FN:297,(anonymous_20)
FN:302,(anonymous_21)
FN:388,(anonymous_22)
FN:405,(anonymous_23)
FN:420,(anonymous_24)
FN:437,(anonymous_25)
FN:452,(anonymous_26)
FN:477,(anonymous_27)
FN:491,(anonymous_28)
FN:561,(anonymous_29)
FN:581,(anonymous_30)
FN:596,(anonymous_31)
FN:613,(anonymous_32)
FN:628,(anonymous_33)
FN:656,(anonymous_34)
FN:672,(anonymous_35)
FN:690,(anonymous_36)
FN:724,(anonymous_37)
FN:744,(anonymous_38)
FN:762,(anonymous_39)
FN:794,(anonymous_40)
FN:822,(anonymous_41)
FN:832,(anonymous_42)
FN:842,(anonymous_43)
FN:911,(anonymous_44)
FN:931,(anonymous_45)
FN:946,(anonymous_46)
FN:963,(anonymous_47)
FN:978,(anonymous_48)
FN:1068,(anonymous_49)
FN:1106,(anonymous_50)
FN:1116,(anonymous_51)
FN:1139,(anonymous_52)
FN:1182,oo_cm
FNF:53
FNH:41
FNDA:9,BasicInfo
FNDA:45378,(anonymous_2)
FNDA:7416,(anonymous_3)
FNDA:45378,(anonymous_4)
FNDA:540,(anonymous_5)
FNDA:2,(anonymous_6)
FNDA:14,(anonymous_7)
FNDA:2,(anonymous_8)
FNDA:3,(anonymous_9)
FNDA:1,(anonymous_10)
FNDA:2,(anonymous_11)
FNDA:3,(anonymous_12)
FNDA:2,(anonymous_13)
FNDA:1,(anonymous_14)
FNDA:4,(anonymous_15)
FNDA:56,(anonymous_16)
FNDA:2,(anonymous_17)
FNDA:1,(anonymous_18)
FNDA:0,(anonymous_19)
FNDA:0,(anonymous_20)
FNDA:0,(anonymous_21)
FNDA:45378,(anonymous_22)
FNDA:7416,(anonymous_23)
FNDA:540,(anonymous_24)
FNDA:7416,(anonymous_25)
FNDA:2241,(anonymous_26)
FNDA:0,(anonymous_27)
FNDA:0,(anonymous_28)
FNDA:45378,(anonymous_29)
FNDA:7416,(anonymous_30)
FNDA:540,(anonymous_31)
FNDA:7416,(anonymous_32)
FNDA:2241,(anonymous_33)
FNDA:63,(anonymous_34)
FNDA:54,(anonymous_35)
FNDA:135,(anonymous_36)
FNDA:0,(anonymous_37)
FNDA:144,(anonymous_38)
FNDA:0,(anonymous_39)
FNDA:81,(anonymous_40)
FNDA:0,(anonymous_41)
FNDA:0,(anonymous_42)
FNDA:0,(anonymous_43)
FNDA:45378,(anonymous_44)
FNDA:7416,(anonymous_45)
FNDA:540,(anonymous_46)
FNDA:7416,(anonymous_47)
FNDA:2241,(anonymous_48)
FNDA:315,(anonymous_49)
FNDA:0,(anonymous_50)
FNDA:0,(anonymous_51)
FNDA:315,(anonymous_52)
FNDA:11,oo_cm
DA:1,1
DA:2,1
DA:3,1
DA:4,1
DA:5,1
DA:6,1
DA:7,1
DA:8,1
DA:9,1
DA:10,1
DA:20,1
DA:21,1
DA:22,1
DA:23,1
DA:24,1
DA:25,1
DA:26,1
DA:29,1
DA:31,1
DA:32,9
DA:33,0
DA:36,9
DA:37,9
DA:38,9
DA:40,9
DA:41,9
DA:42,9
DA:43,9
DA:47,45378
DA:53,7416
DA:54,9
DA:57,45378
DA:62,540
DA:70,9
DA:74,9
DA:75,2
DA:76,2
DA:77,2
DA:87,0
DA:88,0
DA:90,2
DA:93,9
DA:94,14
DA:96,9
DA:97,2
DA:98,2
DA:99,2
DA:101,0
DA:105,9
DA:106,3
DA:107,1
DA:110,1
DA:112,2
DA:114,3
DA:117,2
DA:119,1
DA:121,1
DA:184,1
DA:185,1
DA:186,1
DA:190,9
DA:191,9
DA:192,9
DA:193,9
DA:194,9
DA:195,4
DA:196,56
DA:199,4
DA:200,2
DA:201,2
DA:202,2
DA:204,2
DA:205,2
DA:206,2
DA:214,9
DA:215,2
DA:247,2
DA:259,2
DA:260,2
DA:261,2
DA:262,2
DA:264,2
DA:265,2
DA:266,1
DA:269,0
DA:270,0
DA:271,0
DA:272,0
DA:274,0
DA:277,1
DA:280,0
DA:281,0
DA:282,0
DA:283,0
DA:285,0
DA:289,2
DA:293,9
DA:294,0
DA:295,0
DA:297,9
DA:298,0
DA:299,0
DA:302,9
DA:303,0
DA:304,0
DA:307,9
DA:389,45378
DA:406,7416
DA:421,540
DA:438,7416
DA:453,2241
DA:478,0
DA:491,0
DA:562,45378
DA:582,7416
DA:597,540
DA:614,7416
DA:629,2241
DA:657,63
DA:673,54
DA:691,135
DA:725,0
DA:745,144
DA:763,0
DA:795,81
DA:822,0
DA:832,0
DA:842,0
DA:912,45378
DA:932,7416
DA:947,540
DA:964,7416
DA:979,2241
DA:1069,315
DA:1106,0
DA:1116,0
DA:1140,315
DA:1182,11
LF:138
LH:109
BRDA:32,0,0,0
BRDA:98,1,0,2
BRDA:98,1,1,0
BRDA:99,2,0,2
BRDA:99,2,1,0
BRDA:106,3,0,1
BRDA:110,4,0,1
BRDA:110,4,1,0
BRDA:112,5,0,1
BRDA:112,5,1,0
BRDA:114,6,0,1
BRDA:114,6,1,0
BRDA:117,7,0,1
BRDA:117,7,1,0
BRDA:119,8,0,1
BRDA:119,8,1,0
BRDA:123,9,0,1
BRDA:123,9,1,0
BRDA:124,10,0,1
BRDA:124,10,1,0
BRDA:125,11,0,1
BRDA:125,11,1,0
BRDA:126,12,0,1
BRDA:126,12,1,0
BRDA:127,13,0,1
BRDA:127,13,1,0
BRDA:128,14,0,1
BRDA:128,14,1,0
BRDA:129,15,0,1
BRDA:129,15,1,0
BRDA:130,16,0,1
BRDA:130,16,1,0
BRDA:131,17,0,1
BRDA:131,17,1,0
BRDA:132,18,0,1
BRDA:132,18,1,0
BRDA:135,19,0,1
BRDA:135,19,1,0
BRDA:136,20,0,1
BRDA:136,20,1,0
BRDA:137,21,0,1
BRDA:137,21,1,0
BRDA:138,22,0,1
BRDA:138,22,1,0
BRDA:139,23,0,1
BRDA:139,23,1,0
BRDA:140,24,0,1
BRDA:140,24,1,0
BRDA:141,25,0,1
BRDA:141,25,1,0
BRDA:142,26,0,1
BRDA:142,26,1,0
BRDA:143,27,0,1
BRDA:143,27,1,0
BRDA:144,28,0,1
BRDA:144,28,1,0
BRDA:147,29,0,1
BRDA:147,29,1,0
BRDA:148,30,0,1
BRDA:148,30,1,0
BRDA:149,31,0,1
BRDA:149,31,1,0
BRDA:150,32,0,1
BRDA:150,32,1,0
BRDA:151,33,0,1
BRDA:151,33,1,0
BRDA:152,34,0,1
BRDA:152,34,1,0
BRDA:153,35,0,1
BRDA:153,35,1,0
BRDA:154,36,0,1
BRDA:154,36,1,0
BRDA:155,37,0,1
BRDA:155,37,1,0
BRDA:156,38,0,1
BRDA:156,38,1,0
BRDA:159,39,0,1
BRDA:159,39,1,0
BRDA:160,40,0,1
BRDA:160,40,1,0
BRDA:161,41,0,1
BRDA:161,41,1,0
BRDA:162,42,0,1
BRDA:162,42,1,0
BRDA:163,43,0,1
BRDA:163,43,1,0
BRDA:164,44,0,1
BRDA:164,44,1,0
BRDA:165,45,0,1
BRDA:165,45,1,0
BRDA:168,46,0,1
BRDA:168,46,1,0
BRDA:169,47,0,1
BRDA:169,47,1,0
BRDA:170,48,0,1
BRDA:170,48,1,0
BRDA:173,49,0,1
BRDA:173,49,1,0
BRDA:174,50,0,1
BRDA:174,50,1,0
BRDA:175,51,0,1
BRDA:175,51,1,0
BRDA:178,52,0,1
BRDA:178,52,1,0
BRDA:179,53,0,1
BRDA:179,53,1,0
BRDA:180,54,0,1
BRDA:180,54,1,0
BRDA:181,55,0,1
BRDA:181,55,1,0
BRDA:199,56,0,2
BRDA:199,56,1,2
BRDA:222,57,0,0
BRDA:222,57,1,2
BRDA:228,58,0,0
BRDA:228,58,1,2
BRDA:230,59,0,0
BRDA:230,59,1,2
BRDA:231,60,0,0
BRDA:231,60,1,0
BRDA:264,61,0,2
BRDA:264,61,1,1
BRDA:265,62,0,1
BRDA:265,62,1,1
BRDA:269,63,0,0
BRDA:269,63,1,0
BRDA:280,64,0,0
BRDA:280,64,1,0
BRDA:338,65,0,9
BRDA:338,65,1,0
BRDA:354,66,0,9
BRDA:354,66,1,0
BRDA:499,67,0,9
BRDA:499,67,1,9
BRDA:697,68,0,9
BRDA:697,68,1,0
BRDA:706,69,0,0
BRDA:706,69,1,0
BRDA:734,70,0,9
BRDA:734,70,1,0
BRDA:751,71,0,0
BRDA:751,71,1,0
BRDA:751,72,0,0
BRDA:751,72,1,0
BRDA:751,72,2,0
BRDA:770,73,0,9
BRDA:770,73,1,0
BRDA:770,74,0,9
BRDA:770,74,1,9
BRDA:783,75,0,9
BRDA:783,75,1,9
BRDA:848,76,0,9
BRDA:848,76,1,9
BRDA:1122,77,0,9
BRDA:1122,77,1,9
BRDA:1128,78,0,9
BRDA:1128,78,1,9
BRDA:1182,79,0,11
BRDA:1182,79,1,0
BRF:159
BRH:82
end_of_record
TN:
SF:src\pages\createJob\addIndividualAccount\basicInfo\constant\schemas.ts
FNF:0
FNH:0
DA:1,1
DA:5,1
LF:2
LH:2
BRF:0
BRH:0
end_of_record
TN:
SF:src\pages\createJob\addIndividualAccount\constant\schemas.ts
FNF:0
FNH:0
DA:1,1
DA:3,1
LF:2
LH:2
BRF:0
BRH:0
end_of_record
TN:
SF:src\pages\createJob\addIndividualAccount\identityVerification\identityVerification.tsx
FN:28,IdentityVerification
FN:33,(anonymous_2)
FN:53,(anonymous_3)
FN:55,(anonymous_4)
FN:65,(anonymous_5)
FN:78,(anonymous_6)
FN:126,(anonymous_7)
FN:266,oo_cm
FNF:8
FNH:8
FNDA:15,IdentityVerification
FNDA:5,(anonymous_2)
FNDA:29,(anonymous_3)
FNDA:6,(anonymous_4)
FNDA:1,(anonymous_5)
FNDA:4,(anonymous_6)
FNDA:2,(anonymous_7)
FNDA:23,oo_cm
DA:1,1
DA:2,1
DA:3,1
DA:4,1
DA:5,1
DA:6,1
DA:7,1
DA:18,1
DA:19,1
DA:20,1
DA:21,1
DA:22,1
DA:24,1
DA:25,1
DA:26,1
DA:28,1
DA:29,15
DA:30,15
DA:31,15
DA:33,15
DA:34,5
DA:35,5
DA:36,5
DA:46,0
DA:47,0
DA:49,5
DA:52,15
DA:53,29
DA:55,15
DA:56,6
DA:57,6
DA:58,5
DA:60,1
DA:64,15
DA:65,15
DA:66,1
DA:67,0
DA:68,0
DA:69,0
DA:70,0
DA:72,1
DA:75,15
DA:78,15
DA:79,4
DA:83,4
DA:84,4
DA:85,4
DA:86,4
DA:87,2
DA:91,0
DA:92,0
DA:93,0
DA:94,0
DA:97,0
DA:98,0
DA:99,0
DA:103,2
DA:107,1
DA:108,1
DA:109,1
DA:110,1
DA:113,0
DA:114,0
DA:115,0
DA:120,3
DA:121,3
DA:122,3
DA:126,15
DA:127,2
DA:131,2
DA:132,2
DA:133,2
DA:134,2
DA:135,0
DA:139,0
DA:140,0
DA:141,0
DA:142,0
DA:145,0
DA:146,0
DA:147,0
DA:151,2
DA:155,1
DA:156,1
DA:157,1
DA:158,1
DA:161,0
DA:162,0
DA:163,0
DA:168,1
DA:169,1
DA:170,1
DA:174,15
DA:266,23
LF:94
LH:67
BRDA:57,0,0,5
BRDA:57,0,1,1
BRDA:58,1,0,5
BRDA:58,1,1,0
BRDA:66,2,0,0
BRDA:86,3,0,2
BRDA:86,3,1,2
BRDA:86,4,0,4
BRDA:86,4,1,4
BRDA:91,5,0,0
BRDA:91,5,1,0
BRDA:107,6,0,1
BRDA:107,6,1,0
BRDA:134,7,0,0
BRDA:134,7,1,2
BRDA:134,8,0,2
BRDA:134,8,1,2
BRDA:139,9,0,0
BRDA:139,9,1,0
BRDA:155,10,0,1
BRDA:155,10,1,0
BRDA:176,11,0,15
BRDA:176,11,1,8
BRDA:266,12,0,23
BRDA:266,12,1,0
BRF:25
BRH:15
end_of_record
TN:
SF:src\pages\createJob\addIndividualAccount\suitTestFatca\knowLedgeTest.tsx
FN:176,KnowLedgeTest
FN:188,(anonymous_2)
FN:208,(anonymous_3)
FN:211,(anonymous_4)
FN:216,(anonymous_5)
FN:219,(anonymous_6)
FN:226,(anonymous_7)
FN:227,(anonymous_8)
FN:231,(anonymous_9)
FN:232,(anonymous_10)
FN:236,(anonymous_11)
FN:269,(anonymous_12)
FN:270,(anonymous_13)
FN:273,(anonymous_14)
FN:275,(anonymous_15)
FN:286,(anonymous_16)
FN:290,(anonymous_17)
FN:294,(anonymous_18)
FN:302,(anonymous_19)
FN:360,oo_cm
FNF:20
FNH:11
FNDA:2,KnowLedgeTest
FNDA:1,(anonymous_2)
FNDA:4,(anonymous_3)
FNDA:1,(anonymous_4)
FNDA:1,(anonymous_5)
FNDA:0,(anonymous_6)
FNDA:1,(anonymous_7)
FNDA:1,(anonymous_8)
FNDA:0,(anonymous_9)
FNDA:0,(anonymous_10)
FNDA:0,(anonymous_11)
FNDA:0,(anonymous_12)
FNDA:0,(anonymous_13)
FNDA:0,(anonymous_14)
FNDA:0,(anonymous_15)
FNDA:2,(anonymous_16)
FNDA:10,(anonymous_17)
FNDA:20,(anonymous_18)
FNDA:0,(anonymous_19)
FNDA:2,oo_cm
DA:1,1
DA:3,1
DA:4,1
DA:5,1
DA:6,1
DA:7,1
DA:8,1
DA:9,1
DA:11,1
DA:176,1
DA:177,2
DA:178,2
DA:179,2
DA:180,2
DA:181,2
DA:182,2
DA:183,2
DA:184,2
DA:185,2
DA:186,2
DA:188,2
DA:189,1
DA:190,1
DA:191,1
DA:201,0
DA:202,0
DA:204,1
DA:207,2
DA:208,4
DA:211,2
DA:212,1
DA:213,1
DA:216,2
DA:217,1
DA:218,0
DA:219,0
DA:220,0
DA:222,0
DA:226,2
DA:227,1
DA:228,1
DA:231,2
DA:232,0
DA:233,0
DA:236,2
DA:237,0
DA:239,0
DA:240,0
DA:241,0
DA:243,0
DA:244,0
DA:245,0
DA:250,0
DA:251,0
DA:252,0
DA:253,0
DA:254,0
DA:255,0
DA:257,0
DA:259,0
DA:260,0
DA:261,0
DA:263,0
DA:264,0
DA:265,0
DA:269,2
DA:270,0
DA:271,0
DA:273,0
DA:274,0
DA:275,0
DA:276,0
DA:277,0
DA:281,0
DA:283,0
DA:286,2
DA:287,2
DA:288,2
DA:290,2
DA:291,10
DA:295,20
DA:302,0
DA:317,2
DA:360,2
LF:84
LH:46
BRDA:213,0,0,1
BRDA:213,0,1,0
BRDA:217,1,0,0
BRDA:244,2,0,0
BRDA:250,3,0,0
BRDA:250,3,1,0
BRDA:252,4,0,0
BRDA:252,4,1,0
BRDA:252,5,0,0
BRDA:252,5,1,0
BRDA:254,6,0,0
BRDA:254,6,1,0
BRDA:254,7,0,0
BRDA:254,7,1,0
BRDA:274,8,0,0
BRDA:274,9,0,0
BRDA:274,9,1,0
BRDA:291,10,0,0
BRDA:291,10,1,10
BRDA:308,11,0,10
BRDA:308,11,1,0
BRDA:341,12,0,2
BRDA:341,12,1,0
BRDA:344,13,0,0
BRDA:344,13,1,0
BRDA:345,14,0,0
BRDA:345,14,1,0
BRDA:345,15,0,0
BRDA:345,15,1,0
BRDA:360,16,0,2
BRDA:360,16,1,0
BRF:31
BRH:5
end_of_record
TN:
SF:src\pages\createJob\addIndividualAccount\suitTestFatca\subSuitTest.tsx
FN:22,SubSuitTest
FN:111,(anonymous_2)
FN:131,(anonymous_3)
FN:135,(anonymous_4)
FN:139,(anonymous_5)
FN:149,(anonymous_6)
FN:150,(anonymous_7)
FN:153,(anonymous_8)
FN:176,(anonymous_9)
FN:185,(anonymous_10)
FN:188,(anonymous_11)
FN:191,(anonymous_12)
FN:200,(anonymous_13)
FN:201,(anonymous_14)
FN:204,(anonymous_15)
FN:241,(anonymous_16)
FN:247,(anonymous_17)
FN:253,(anonymous_18)
FN:259,(anonymous_19)
FN:264,(anonymous_20)
FN:269,(anonymous_21)
FN:284,(anonymous_22)
FN:294,(anonymous_23)
FN:308,(anonymous_24)
FN:316,(anonymous_25)
FN:319,(anonymous_26)
FN:354,(anonymous_27)
FN:375,(anonymous_28)
FN:383,(anonymous_29)
FN:396,(anonymous_30)
FN:424,(anonymous_31)
FN:433,(anonymous_32)
FN:590,oo_cm
FNF:33
FNH:33
FNDA:27,SubSuitTest
FNDA:3,(anonymous_2)
FNDA:33,(anonymous_3)
FNDA:27,(anonymous_4)
FNDA:243,(anonymous_5)
FNDA:9,(anonymous_6)
FNDA:9,(anonymous_7)
FNDA:24,(anonymous_8)
FNDA:3,(anonymous_9)
FNDA:4,(anonymous_10)
FNDA:9,(anonymous_11)
FNDA:9,(anonymous_12)
FNDA:3,(anonymous_13)
FNDA:3,(anonymous_14)
FNDA:8,(anonymous_15)
FNDA:16,(anonymous_16)
FNDA:144,(anonymous_17)
FNDA:2,(anonymous_18)
FNDA:2,(anonymous_19)
FNDA:2,(anonymous_20)
FNDA:18,(anonymous_21)
FNDA:3,(anonymous_22)
FNDA:3,(anonymous_23)
FNDA:24,(anonymous_24)
FNDA:3,(anonymous_25)
FNDA:27,(anonymous_26)
FNDA:27,(anonymous_27)
FNDA:243,(anonymous_28)
FNDA:108,(anonymous_29)
FNDA:2,(anonymous_30)
FNDA:864,(anonymous_31)
FNDA:16,(anonymous_32)
FNDA:44,oo_cm
DA:1,1
DA:3,1
DA:4,1
DA:5,1
DA:6,1
DA:7,1
DA:8,1
DA:22,1
DA:23,27
DA:109,27
DA:110,27
DA:111,27
DA:112,3
DA:113,3
DA:114,3
DA:124,0
DA:125,0
DA:127,3
DA:130,27
DA:131,33
DA:134,27
DA:135,27
DA:136,27
DA:139,27
DA:140,243
DA:141,243
DA:142,243
DA:143,243
DA:145,243
DA:147,3
DA:148,3
DA:149,9
DA:150,9
DA:151,3
DA:152,240
DA:153,24
DA:154,24
DA:155,24
DA:156,24
DA:160,243
DA:166,0
DA:173,27
DA:176,27
DA:177,3
DA:178,3
DA:179,3
DA:181,0
DA:185,27
DA:186,4
DA:187,1
DA:188,9
DA:189,1
DA:191,1
DA:192,9
DA:193,9
DA:194,9
DA:195,9
DA:197,9
DA:198,1
DA:199,1
DA:200,3
DA:201,3
DA:202,1
DA:203,8
DA:204,8
DA:205,8
DA:206,8
DA:207,8
DA:211,9
DA:217,0
DA:225,1
DA:226,1
DA:237,27
DA:238,27
DA:239,27
DA:241,27
DA:246,16
DA:247,16
DA:248,144
DA:250,16
DA:253,27
DA:254,2
DA:255,2
DA:256,2
DA:257,2
DA:259,2
DA:260,2
DA:262,2
DA:263,2
DA:264,2
DA:267,2
DA:269,2
DA:270,18
DA:281,2
DA:284,27
DA:285,3
DA:286,3
DA:287,3
DA:288,3
DA:289,3
DA:290,3
DA:292,3
DA:294,27
DA:295,3
DA:296,3
DA:297,0
DA:298,0
DA:299,0
DA:300,0
DA:301,0
DA:302,0
DA:304,0
DA:308,27
DA:309,24
DA:310,24
DA:311,24
DA:313,24
DA:316,27
DA:317,3
DA:318,3
DA:319,3
DA:320,27
DA:321,3
DA:323,24
DA:324,24
DA:326,3
DA:327,3
DA:329,3
DA:330,3
DA:331,3
DA:332,0
DA:333,0
DA:334,0
DA:335,0
DA:336,0
DA:337,0
DA:338,0
DA:339,0
DA:340,0
DA:341,0
DA:342,0
DA:343,0
DA:345,3
DA:346,3
DA:347,3
DA:353,3
DA:354,27
DA:360,3
DA:367,3
DA:368,3
DA:372,27
DA:376,243
DA:384,108
DA:397,2
DA:425,864
DA:433,16
DA:590,44
LF:157
LH:133
BRDA:135,0,0,27
BRDA:135,0,1,24
BRDA:140,1,0,243
BRDA:140,1,1,0
BRDA:145,2,0,3
BRDA:145,2,1,240
BRDA:145,3,0,243
BRDA:145,3,1,27
BRDA:149,4,0,3
BRDA:149,4,1,6
BRDA:152,5,0,24
BRDA:154,6,0,24
BRDA:168,7,0,0
BRDA:168,7,1,0
BRDA:178,8,0,3
BRDA:178,8,1,0
BRDA:179,9,0,3
BRDA:179,9,1,0
BRDA:186,10,0,1
BRDA:188,11,0,1
BRDA:188,11,1,0
BRDA:192,12,0,9
BRDA:192,12,1,0
BRDA:197,13,0,1
BRDA:197,13,1,8
BRDA:197,14,0,9
BRDA:197,14,1,9
BRDA:200,15,0,1
BRDA:200,15,1,2
BRDA:203,16,0,8
BRDA:205,17,0,8
BRDA:219,18,0,0
BRDA:219,18,1,0
BRDA:248,19,0,16
BRDA:248,19,1,128
BRDA:256,20,0,0
BRDA:256,20,1,2
BRDA:260,21,0,2
BRDA:260,21,1,0
BRDA:264,22,0,2
BRDA:264,22,1,0
BRDA:270,23,0,2
BRDA:270,23,1,16
BRDA:286,24,0,0
BRDA:286,24,1,3
BRDA:287,25,0,0
BRDA:287,25,1,3
BRDA:287,26,0,3
BRDA:287,26,1,0
BRDA:288,27,0,0
BRDA:288,27,1,3
BRDA:288,28,0,3
BRDA:288,28,1,0
BRDA:289,29,0,0
BRDA:289,29,1,3
BRDA:289,30,0,3
BRDA:289,30,1,0
BRDA:295,31,0,3
BRDA:295,31,1,0
BRDA:297,32,0,0
BRDA:297,32,1,0
BRDA:299,33,0,0
BRDA:299,33,1,0
BRDA:301,34,0,0
BRDA:301,34,1,0
BRDA:320,35,0,3
BRDA:329,36,0,3
BRDA:329,36,1,0
BRDA:332,37,0,0
BRDA:332,37,1,0
BRDA:332,38,0,0
BRDA:332,38,1,0
BRDA:335,39,0,0
BRDA:335,39,1,0
BRDA:335,40,0,0
BRDA:335,40,1,0
BRDA:338,41,0,0
BRDA:338,41,1,0
BRDA:338,42,0,0
BRDA:338,42,1,0
BRDA:341,43,0,0
BRDA:353,44,0,3
BRDA:356,45,0,3
BRDA:356,45,1,24
BRDA:376,46,0,27
BRDA:376,46,1,216
BRDA:415,47,0,216
BRDA:415,47,1,27
BRDA:455,48,0,27
BRDA:455,48,1,6
BRDA:590,49,0,44
BRDA:590,49,1,0
BRF:92
BRH:51
end_of_record
TN:
SF:src\pages\createJob\addIndividualAccount\suitTestFatca\suitTestFatca.tsx
FN:18,SuitTestFatca
FN:25,(anonymous_2)
FN:45,(anonymous_3)
FN:47,(anonymous_4)
FN:64,(anonymous_5)
FN:68,(anonymous_6)
FN:82,(anonymous_7)
FN:87,(anonymous_8)
FN:98,(anonymous_9)
FN:102,(anonymous_10)
FN:107,(anonymous_11)
FN:112,(anonymous_12)
FN:222,(anonymous_13)
FN:232,(anonymous_14)
FN:254,(anonymous_15)
FN:261,(anonymous_16)
FN:313,(anonymous_17)
FN:323,(anonymous_18)
FN:357,oo_cm
FNF:19
FNH:12
FNDA:9,SuitTestFatca
FNDA:3,(anonymous_2)
FNDA:15,(anonymous_3)
FNDA:3,(anonymous_4)
FNDA:4,(anonymous_5)
FNDA:0,(anonymous_6)
FNDA:0,(anonymous_7)
FNDA:0,(anonymous_8)
FNDA:0,(anonymous_9)
FNDA:3,(anonymous_10)
FNDA:3,(anonymous_11)
FNDA:2,(anonymous_12)
FNDA:1,(anonymous_13)
FNDA:0,(anonymous_14)
FNDA:16,(anonymous_15)
FNDA:0,(anonymous_16)
FNDA:1,(anonymous_17)
FNDA:0,(anonymous_18)
FNDA:26,oo_cm
DA:1,1
DA:2,1
DA:3,1
DA:4,1
DA:5,1
DA:7,1
DA:8,1
DA:9,1
DA:10,1
DA:11,1
DA:12,1
DA:13,1
DA:14,1
DA:16,1
DA:18,1
DA:19,9
DA:20,0
DA:23,9
DA:24,9
DA:25,9
DA:26,3
DA:27,3
DA:28,3
DA:38,0
DA:39,0
DA:41,3
DA:44,9
DA:45,15
DA:47,9
DA:48,3
DA:49,3
DA:50,3
DA:52,0
DA:57,9
DA:58,9
DA:59,9
DA:60,9
DA:64,9
DA:65,4
DA:66,0
DA:67,0
DA:68,0
DA:69,0
DA:71,0
DA:76,4
DA:77,0
DA:78,0
DA:82,9
DA:83,0
DA:84,0
DA:87,0
DA:88,0
DA:89,0
DA:90,0
DA:92,9
DA:93,9
DA:94,9
DA:95,9
DA:96,9
DA:98,9
DA:99,0
DA:100,0
DA:102,9
DA:103,3
DA:104,3
DA:107,9
DA:108,3
DA:109,3
DA:112,9
DA:113,2
DA:114,2
DA:115,2
DA:116,2
DA:117,2
DA:121,2
DA:130,2
DA:131,2
DA:132,2
DA:133,0
DA:134,0
DA:135,0
DA:141,0
DA:142,0
DA:143,0
DA:144,0
DA:146,0
DA:149,0
DA:152,2
DA:153,2
DA:154,2
DA:160,0
DA:161,0
DA:162,0
DA:163,0
DA:165,0
DA:168,2
DA:172,0
DA:177,9
DA:222,1
DA:233,0
DA:234,0
DA:235,0
DA:236,0
DA:255,16
DA:261,0
DA:313,1
DA:324,0
DA:325,0
DA:357,26
LF:109
LH:68
BRDA:19,0,0,0
BRDA:49,1,0,3
BRDA:49,1,1,0
BRDA:50,2,0,3
BRDA:50,2,1,0
BRDA:65,3,0,0
BRDA:65,3,1,4
BRDA:67,4,0,0
BRDA:76,5,0,0
BRDA:87,6,0,0
BRDA:87,6,1,0
BRDA:117,7,0,2
BRDA:117,7,1,0
BRDA:118,8,0,2
BRDA:118,8,1,2
BRDA:118,8,2,0
BRDA:125,9,0,2
BRDA:125,9,1,0
BRDA:127,10,0,0
BRDA:127,10,1,2
BRDA:132,11,0,0
BRDA:132,11,1,2
BRDA:142,12,0,0
BRDA:142,12,1,0
BRDA:161,13,0,0
BRDA:161,13,1,0
BRDA:243,14,0,9
BRDA:243,14,1,2
BRDA:332,15,0,9
BRDA:332,15,1,1
BRDA:357,16,0,26
BRDA:357,16,1,0
BRF:32
BRH:14
end_of_record
TN:
SF:src\pages\createJob\addedCorporateAccount\CorporateAccountOpenning.tsx
FN:24,CorporateAccountOpenning
FN:48,(anonymous_2)
FNF:2
FNH:2
FNDA:1,CorporateAccountOpenning
FNDA:1,(anonymous_2)
DA:2,1
DA:3,1
DA:4,1
DA:5,1
DA:6,1
DA:7,1
DA:8,1
DA:9,1
DA:10,1
DA:11,1
DA:12,1
DA:13,1
DA:14,1
DA:15,1
DA:16,1
DA:17,1
DA:18,1
DA:24,1
DA:25,1
DA:26,0
DA:28,1
DA:29,1
DA:31,1
DA:32,1
DA:34,1
DA:48,1
DA:49,1
DA:50,0
DA:51,1
DA:52,0
DA:53,0
DA:54,0
DA:55,0
DA:56,0
DA:58,0
DA:62,1
LF:36
LH:28
BRDA:25,0,0,0
BRDA:32,1,0,0
BRDA:32,1,1,1
BRDA:49,2,0,0
BRDA:49,2,1,1
BRDA:51,3,0,1
BRDA:51,3,1,0
BRDA:52,4,0,0
BRDA:52,4,1,0
BRDA:53,5,0,0
BRDA:53,5,1,0
BRF:11
BRH:3
end_of_record
TN:
SF:src\pages\createJob\addedCorporateAccount\components\CorporateAddressForm.tsx
FN:16,CorporateAddressForm
FN:46,(anonymous_1)
FNF:2
FNH:2
FNDA:14,CorporateAddressForm
FNDA:154,(anonymous_1)
DA:2,1
DA:7,1
DA:16,1
DA:22,14
DA:23,14
DA:43,14
DA:47,154
LF:7
LH:7
BRDA:58,0,0,154
BRDA:58,0,1,0
BRDA:58,0,2,0
BRF:3
BRH:1
end_of_record
TN:
SF:src\pages\createJob\addedCorporateAccount\components\addressFormAttorney.tsx
FN:16,AddressFormAttorney
FN:45,(anonymous_1)
FNF:2
FNH:2
FNDA:15,AddressFormAttorney
FNDA:165,(anonymous_1)
DA:2,1
DA:7,1
DA:16,1
DA:22,15
DA:30,15
DA:43,15
DA:46,165
LF:7
LH:7
BRDA:59,0,0,165
BRDA:59,0,1,0
BRDA:59,0,2,0
BRF:3
BRH:1
end_of_record
TN:
SF:src\pages\createJob\addedCorporateAccount\components\addressFormAuthorizedPerson.tsx
FN:16,AddressFormAuthorizedPerson
FN:45,(anonymous_1)
FNF:2
FNH:2
FNDA:16,AddressFormAuthorizedPerson
FNDA:176,(anonymous_1)
DA:2,1
DA:7,1
DA:16,1
DA:22,16
DA:30,16
DA:43,16
DA:46,176
LF:7
LH:7
BRDA:59,0,0,176
BRDA:59,0,1,0
BRDA:59,0,2,0
BRF:3
BRH:1
end_of_record
TN:
SF:src\pages\createJob\addedCorporateAccount\components\directorAddressForm.tsx
FN:16,DirectorAddressForm
FN:45,(anonymous_1)
FNF:2
FNH:2
FNDA:23,DirectorAddressForm
FNDA:253,(anonymous_1)
DA:2,1
DA:7,1
DA:16,1
DA:22,23
DA:30,23
DA:43,23
DA:46,253
LF:7
LH:7
BRDA:59,0,0,253
BRDA:59,0,1,0
BRDA:59,0,2,0
BRF:3
BRH:1
end_of_record
TN:
SF:src\pages\createJob\addedCorporateAccount\components\footer.tsx
FN:8,CreateCorporateFooter
FN:16,(anonymous_1)
FN:28,(anonymous_2)
FN:39,(anonymous_3)
FNF:4
FNH:2
FNDA:1,CreateCorporateFooter
FNDA:0,(anonymous_1)
FNDA:1,(anonymous_2)
FNDA:0,(anonymous_3)
DA:1,1
DA:8,1
DA:13,1
DA:16,0
DA:28,1
DA:39,0
LF:6
LH:4
BRDA:24,0,0,1
BRDA:24,0,1,0
BRDA:32,1,0,0
BRDA:32,1,1,0
BRDA:34,2,0,0
BRDA:34,2,1,0
BRF:6
BRH:1
end_of_record
TN:
SF:src\pages\createJob\addedCorporateAccount\components\formAttorney.tsx
FN:25,FormAttorney
FN:41,(anonymous_2)
FN:48,(anonymous_3)
FN:70,(anonymous_4)
FN:78,(anonymous_5)
FN:92,(anonymous_6)
FN:101,(anonymous_7)
FN:132,(anonymous_8)
FN:285,(anonymous_9)
FN:379,oo_cm
FNF:10
FNH:8
FNDA:15,FormAttorney
FNDA:1,(anonymous_2)
FNDA:1,(anonymous_3)
FNDA:0,(anonymous_4)
FNDA:4,(anonymous_5)
FNDA:1,(anonymous_6)
FNDA:1,(anonymous_7)
FNDA:4,(anonymous_8)
FNDA:0,(anonymous_9)
FNDA:1,oo_cm
DA:1,1
DA:3,1
DA:4,1
DA:5,1
DA:9,1
DA:10,1
DA:11,1
DA:12,1
DA:13,1
DA:14,1
DA:15,1
DA:16,1
DA:17,1
DA:25,1
DA:31,15
DA:32,15
DA:33,15
DA:34,15
DA:35,15
DA:36,15
DA:39,15
DA:41,15
DA:42,1
DA:43,1
DA:44,1
DA:48,15
DA:49,1
DA:50,1
DA:51,0
DA:53,1
DA:54,0
DA:56,1
DA:66,15
DA:70,15
DA:71,0
DA:72,0
DA:73,0
DA:74,0
DA:75,0
DA:78,15
DA:79,4
DA:80,0
DA:81,0
DA:82,4
DA:83,1
DA:84,1
DA:86,3
DA:88,4
DA:89,4
DA:92,15
DA:93,1
DA:94,1
DA:95,0
DA:97,0
DA:98,0
DA:101,15
DA:102,1
DA:103,1
DA:104,1
DA:105,1
DA:106,1
DA:108,1
DA:120,1
DA:122,1
DA:123,1
DA:124,1
DA:125,1
DA:126,1
DA:128,0
DA:132,15
DA:133,4
DA:160,4
DA:161,4
DA:164,15
DA:285,0
DA:379,1
LF:76
LH:62
BRDA:37,0,0,3
BRDA:37,0,1,12
BRDA:50,1,0,0
BRDA:53,2,0,0
BRDA:79,3,0,0
BRDA:79,3,1,4
BRDA:82,4,0,1
BRDA:82,4,1,3
BRDA:88,5,0,4
BRDA:88,5,1,4
BRDA:88,5,2,3
BRDA:89,6,0,4
BRDA:89,6,1,4
BRDA:93,7,0,1
BRDA:94,8,0,1
BRDA:97,9,0,0
BRDA:102,10,0,1
BRDA:102,10,1,0
BRDA:102,11,0,1
BRDA:102,11,1,1
BRDA:115,12,0,1
BRDA:115,12,1,0
BRDA:116,13,0,0
BRDA:116,13,1,1
BRDA:133,14,0,4
BRDA:133,14,1,3
BRDA:178,15,0,15
BRDA:178,15,1,0
BRDA:194,16,0,15
BRDA:194,16,1,0
BRDA:207,17,0,15
BRDA:207,17,1,0
BRDA:221,18,0,15
BRDA:221,18,1,0
BRDA:222,19,0,13
BRDA:222,19,1,2
BRDA:231,20,0,13
BRDA:231,20,1,0
BRDA:231,20,2,0
BRDA:249,21,0,2
BRDA:249,21,1,0
BRDA:249,21,2,0
BRDA:270,22,0,0
BRDA:270,22,1,0
BRDA:270,22,2,0
BRDA:280,23,0,12
BRDA:280,23,1,3
BRDA:288,24,0,12
BRDA:288,24,1,0
BRDA:303,25,0,3
BRDA:303,25,1,0
BRDA:320,26,0,15
BRDA:320,26,1,0
BRDA:336,27,0,15
BRDA:336,27,1,0
BRDA:366,28,0,2
BRDA:366,28,1,13
BRDA:379,29,0,1
BRDA:379,29,1,0
BRF:59
BRH:36
end_of_record
TN:
SF:src\pages\createJob\addedCorporateAccount\components\formAuthorization.tsx
FN:25,FormAuthorizedPerson
FN:41,(anonymous_2)
FN:48,(anonymous_3)
FN:71,(anonymous_4)
FN:79,(anonymous_5)
FN:93,(anonymous_6)
FN:102,(anonymous_7)
FN:130,(anonymous_8)
FN:281,(anonymous_9)
FN:352,oo_cm
FNF:10
FNH:8
FNDA:16,FormAuthorizedPerson
FNDA:1,(anonymous_2)
FNDA:1,(anonymous_3)
FNDA:0,(anonymous_4)
FNDA:4,(anonymous_5)
FNDA:1,(anonymous_6)
FNDA:1,(anonymous_7)
FNDA:4,(anonymous_8)
FNDA:0,(anonymous_9)
FNDA:1,oo_cm
DA:1,1
DA:3,1
DA:4,1
DA:5,1
DA:9,1
DA:10,1
DA:11,1
DA:12,1
DA:13,1
DA:14,1
DA:15,1
DA:16,1
DA:17,1
DA:25,1
DA:31,16
DA:32,16
DA:33,16
DA:34,16
DA:35,16
DA:36,16
DA:40,16
DA:41,16
DA:42,1
DA:43,1
DA:44,1
DA:48,16
DA:49,1
DA:50,1
DA:51,0
DA:53,1
DA:54,0
DA:57,1
DA:67,16
DA:71,16
DA:72,0
DA:73,0
DA:74,0
DA:75,0
DA:76,0
DA:79,16
DA:80,4
DA:81,1
DA:82,1
DA:83,3
DA:84,0
DA:85,0
DA:87,3
DA:89,4
DA:90,4
DA:93,16
DA:94,1
DA:95,1
DA:96,0
DA:98,0
DA:99,0
DA:102,16
DA:103,1
DA:104,1
DA:105,1
DA:106,1
DA:107,1
DA:109,1
DA:119,1
DA:120,1
DA:121,1
DA:122,1
DA:123,1
DA:124,1
DA:126,0
DA:130,16
DA:131,4
DA:156,4
DA:157,4
DA:160,16
DA:281,0
DA:352,1
LF:76
LH:62
BRDA:37,0,0,3
BRDA:37,0,1,13
BRDA:50,1,0,0
BRDA:53,2,0,0
BRDA:80,3,0,1
BRDA:80,3,1,3
BRDA:83,4,0,0
BRDA:83,4,1,3
BRDA:89,5,0,4
BRDA:89,5,1,3
BRDA:89,5,2,3
BRDA:90,6,0,4
BRDA:90,6,1,3
BRDA:94,7,0,1
BRDA:95,8,0,1
BRDA:98,9,0,0
BRDA:103,10,0,1
BRDA:103,10,1,0
BRDA:103,11,0,1
BRDA:103,11,1,1
BRDA:116,12,0,1
BRDA:116,12,1,0
BRDA:117,13,0,0
BRDA:117,13,1,1
BRDA:131,14,0,4
BRDA:131,14,1,3
BRDA:174,15,0,16
BRDA:174,15,1,0
BRDA:190,16,0,16
BRDA:190,16,1,0
BRDA:203,17,0,16
BRDA:203,17,1,0
BRDA:217,18,0,16
BRDA:217,18,1,0
BRDA:218,19,0,16
BRDA:218,19,1,0
BRDA:227,20,0,16
BRDA:227,20,1,0
BRDA:227,20,2,0
BRDA:245,21,0,0
BRDA:245,21,1,0
BRDA:245,21,2,0
BRDA:266,22,0,0
BRDA:266,22,1,0
BRDA:266,22,2,0
BRDA:276,23,0,13
BRDA:276,23,1,3
BRDA:284,24,0,13
BRDA:284,24,1,0
BRDA:299,25,0,3
BRDA:299,25,1,0
BRDA:316,26,0,16
BRDA:316,26,1,0
BRDA:332,27,0,16
BRDA:332,27,1,0
BRDA:339,28,0,2
BRDA:339,28,1,14
BRDA:352,29,0,1
BRDA:352,29,1,0
BRF:59
BRH:34
end_of_record
TN:
SF:src\pages\createJob\addedCorporateAccount\components\formBank.tsx
FN:31,FormBank
FN:42,(anonymous_1)
FN:56,(anonymous_2)
FN:162,oo_cm
FNF:4
FNH:3
FNDA:13,FormBank
FNDA:1,(anonymous_1)
FNDA:4,(anonymous_2)
FNDA:0,oo_cm
DA:1,1
DA:3,1
DA:4,1
DA:5,1
DA:6,1
DA:7,1
DA:8,1
DA:9,1
DA:10,1
DA:11,1
DA:31,1
DA:38,13
DA:41,13
DA:42,13
DA:43,1
DA:48,1
DA:49,1
DA:50,0
DA:51,0
DA:52,0
DA:53,0
DA:56,13
DA:57,4
DA:64,4
DA:67,13
DA:162,1
LF:26
LH:22
BRDA:57,0,0,4
BRDA:57,0,1,3
BRDA:81,1,0,13
BRDA:81,1,1,0
BRDA:94,2,0,13
BRDA:94,2,1,0
BRDA:109,3,0,13
BRDA:109,3,1,0
BRDA:123,4,0,13
BRDA:123,4,1,0
BRDA:139,5,0,13
BRDA:139,5,1,0
BRDA:149,6,0,2
BRDA:149,6,1,11
BRDA:162,7,0,0
BRDA:162,7,1,0
BRF:16
BRH:9
end_of_record
TN:
SF:src\pages\createJob\addedCorporateAccount\components\formContactPerson.tsx
FN:32,FormIndividualsContactPerson
FN:50,(anonymous_1)
FN:64,(anonymous_2)
FN:201,oo_cm
FNF:4
FNH:4
FNDA:19,FormIndividualsContactPerson
FNDA:6,(anonymous_1)
FNDA:2,(anonymous_2)
FNDA:29,oo_cm
DA:1,1
DA:2,1
DA:4,1
DA:5,1
DA:6,1
DA:7,1
DA:11,1
DA:15,1
DA:16,1
DA:17,1
DA:18,1
DA:32,1
DA:39,19
DA:40,19
DA:46,19
DA:50,19
DA:51,6
DA:59,6
DA:60,6
DA:64,19
DA:65,2
DA:66,2
DA:70,2
DA:71,2
DA:72,2
DA:73,2
DA:74,2
DA:75,2
DA:78,19
DA:201,29
LF:30
LH:30
BRDA:51,0,0,6
BRDA:51,0,1,4
BRDA:51,1,0,6
BRDA:51,1,1,4
BRDA:92,2,0,19
BRDA:92,2,1,0
BRDA:108,3,0,19
BRDA:108,3,1,0
BRDA:121,4,0,19
BRDA:121,4,1,0
BRDA:136,5,0,19
BRDA:136,5,1,0
BRDA:149,6,0,19
BRDA:149,6,1,0
BRDA:164,7,0,19
BRDA:164,7,1,0
BRDA:177,8,0,19
BRDA:177,8,1,0
BRDA:186,9,0,5
BRDA:186,9,1,14
BRDA:201,10,0,29
BRDA:201,10,1,0
BRF:22
BRH:14
end_of_record
TN:
SF:src\pages\createJob\addedCorporateAccount\components\formCorporateInfo.tsx
FN:41,FormCorporateInfo
FN:63,(anonymous_1)
FN:66,(anonymous_2)
FN:69,(anonymous_3)
FN:105,(anonymous_4)
FN:138,(anonymous_5)
FN:176,(anonymous_6)
FN:178,(anonymous_7)
FN:182,(anonymous_8)
FN:212,(anonymous_9)
FN:228,(anonymous_10)
FN:239,(anonymous_11)
FN:257,(anonymous_12)
FN:266,(anonymous_13)
FN:279,(anonymous_14)
FN:294,(anonymous_15)
FN:309,(anonymous_16)
FN:473,(anonymous_17)
FN:486,(anonymous_18)
FN:497,(anonymous_19)
FN:516,(anonymous_20)
FN:529,(anonymous_21)
FN:541,(anonymous_22)
FN:570,(anonymous_23)
FN:582,(anonymous_24)
FN:662,oo_cm
FNF:26
FNH:13
FNDA:7,FormCorporateInfo
FNDA:0,(anonymous_1)
FNDA:0,(anonymous_2)
FNDA:1,(anonymous_3)
FNDA:1,(anonymous_4)
FNDA:2,(anonymous_5)
FNDA:1,(anonymous_6)
FNDA:0,(anonymous_7)
FNDA:0,(anonymous_8)
FNDA:1,(anonymous_9)
FNDA:0,(anonymous_10)
FNDA:1,(anonymous_11)
FNDA:0,(anonymous_12)
FNDA:1,(anonymous_13)
FNDA:0,(anonymous_14)
FNDA:4,(anonymous_15)
FNDA:1,(anonymous_16)
FNDA:1,(anonymous_17)
FNDA:0,(anonymous_18)
FNDA:0,(anonymous_19)
FNDA:1,(anonymous_20)
FNDA:0,(anonymous_21)
FNDA:0,(anonymous_22)
FNDA:0,(anonymous_23)
FNDA:0,(anonymous_24)
FNDA:4,oo_cm
DA:1,1
DA:2,1
DA:7,1
DA:12,1
DA:14,1
DA:15,1
DA:16,1
DA:17,1
DA:18,1
DA:19,1
DA:21,1
DA:25,1
DA:27,1
DA:29,1
DA:30,1
DA:31,1
DA:33,1
DA:41,1
DA:52,7
DA:57,7
DA:58,7
DA:62,7
DA:63,0
DA:65,7
DA:66,0
DA:69,7
DA:71,1
DA:72,1
DA:74,1
DA:75,1
DA:76,1
DA:78,1
DA:80,1
DA:81,1
DA:82,1
DA:87,1
DA:88,1
DA:93,1
DA:94,1
DA:96,1
DA:97,1
DA:105,7
DA:106,1
DA:108,1
DA:109,1
DA:110,1
DA:112,1
DA:114,1
DA:115,1
DA:120,1
DA:121,1
DA:126,1
DA:127,1
DA:129,1
DA:130,1
DA:138,7
DA:139,2
DA:140,1
DA:145,1
DA:149,7
DA:169,7
DA:174,7
DA:175,7
DA:176,7
DA:177,1
DA:178,0
DA:181,1
DA:182,0
DA:184,1
DA:203,7
DA:208,7
DA:212,7
DA:213,1
DA:214,1
DA:216,1
DA:217,1
DA:218,1
DA:219,1
DA:220,0
DA:221,0
DA:222,0
DA:223,0
DA:226,1
DA:228,7
DA:229,0
DA:230,0
DA:231,0
DA:232,0
DA:233,0
DA:234,0
DA:236,0
DA:237,0
DA:239,7
DA:240,1
DA:241,1
DA:242,1
DA:243,1
DA:244,1
DA:245,1
DA:247,0
DA:248,0
DA:249,0
DA:251,1
DA:255,1
DA:257,7
DA:258,0
DA:259,0
DA:260,0
DA:261,0
DA:262,0
DA:263,0
DA:266,7
DA:267,1
DA:268,1
DA:271,1
DA:272,1
DA:275,0
DA:279,7
DA:280,0
DA:282,0
DA:283,0
DA:286,0
DA:287,0
DA:290,0
DA:294,7
DA:295,4
DA:297,4
DA:299,4
DA:300,0
DA:302,4
DA:303,4
DA:306,4
DA:309,7
DA:310,1
DA:311,1
DA:312,1
DA:395,1
DA:396,1
DA:397,1
DA:398,1
DA:399,1
DA:400,1
DA:403,7
DA:474,1
DA:487,0
DA:497,0
DA:517,1
DA:530,0
DA:541,0
DA:570,0
DA:582,0
DA:662,4
LF:152
LH:113
BRDA:59,0,0,7
BRDA:59,0,1,0
BRDA:71,1,0,1
BRDA:74,2,0,1
BRDA:74,2,1,0
BRDA:75,3,0,1
BRDA:75,3,1,0
BRDA:76,4,0,1
BRDA:76,4,1,0
BRDA:78,5,0,1
BRDA:78,5,1,0
BRDA:80,6,0,1
BRDA:87,7,0,1
BRDA:93,8,0,1
BRDA:96,9,0,1
BRDA:106,10,0,1
BRDA:108,11,0,1
BRDA:108,11,1,0
BRDA:109,12,0,1
BRDA:109,12,1,0
BRDA:110,13,0,1
BRDA:110,13,1,0
BRDA:112,14,0,1
BRDA:112,14,1,0
BRDA:114,15,0,1
BRDA:120,16,0,1
BRDA:126,17,0,1
BRDA:129,18,0,1
BRDA:139,19,0,1
BRDA:150,20,0,7
BRDA:150,20,1,7
BRDA:151,21,0,0
BRDA:151,21,1,7
BRDA:154,22,0,0
BRDA:154,22,1,7
BRDA:157,23,0,7
BRDA:157,23,1,7
BRDA:158,24,0,0
BRDA:158,24,1,7
BRDA:161,25,0,0
BRDA:161,25,1,7
BRDA:170,26,0,7
BRDA:170,26,1,0
BRDA:186,27,0,1
BRDA:186,27,1,1
BRDA:187,28,0,1
BRDA:187,28,1,1
BRDA:188,29,0,0
BRDA:188,29,1,1
BRDA:189,30,0,0
BRDA:189,30,1,0
BRDA:193,31,0,1
BRDA:193,31,1,1
BRDA:194,32,0,1
BRDA:194,32,1,1
BRDA:195,33,0,0
BRDA:195,33,1,1
BRDA:196,34,0,0
BRDA:196,34,1,0
BRDA:204,35,0,7
BRDA:204,35,1,0
BRDA:209,36,0,0
BRDA:209,36,1,7
BRDA:216,37,0,1
BRDA:216,37,1,0
BRDA:220,38,0,0
BRDA:242,39,0,1
BRDA:242,39,1,0
BRDA:271,40,0,1
BRDA:271,40,1,0
BRDA:280,41,0,0
BRDA:280,41,1,0
BRDA:280,41,2,0
BRDA:295,42,0,0
BRDA:299,43,0,0
BRDA:299,43,1,4
BRDA:332,44,0,1
BRDA:332,44,1,0
BRDA:338,45,0,1
BRDA:338,45,1,0
BRDA:339,46,0,1
BRDA:339,46,1,0
BRDA:340,47,0,1
BRDA:340,47,1,0
BRDA:341,48,0,1
BRDA:341,48,1,0
BRDA:342,49,0,1
BRDA:342,49,1,0
BRDA:349,50,0,0
BRDA:349,50,1,1
BRDA:354,51,0,0
BRDA:354,51,1,0
BRDA:355,52,0,0
BRDA:355,52,1,0
BRDA:356,53,0,0
BRDA:356,53,1,0
BRDA:357,54,0,0
BRDA:357,54,1,0
BRDA:358,55,0,0
BRDA:358,55,1,0
BRDA:359,56,0,0
BRDA:359,56,1,0
BRDA:360,57,0,0
BRDA:360,57,1,0
BRDA:361,58,0,0
BRDA:361,58,1,0
BRDA:362,59,0,0
BRDA:362,59,1,0
BRDA:364,60,0,0
BRDA:364,60,1,0
BRDA:365,61,0,0
BRDA:365,61,1,0
BRDA:368,62,0,0
BRDA:368,62,1,0
BRDA:369,63,0,0
BRDA:369,63,1,0
BRDA:375,64,0,1
BRDA:375,64,1,0
BRDA:376,65,0,1
BRDA:376,65,1,0
BRDA:378,66,0,1
BRDA:378,66,1,0
BRDA:379,67,0,1
BRDA:379,67,1,0
BRDA:380,68,0,1
BRDA:380,68,1,0
BRDA:381,69,0,1
BRDA:381,69,1,0
BRDA:382,70,0,1
BRDA:382,70,1,0
BRDA:383,71,0,1
BRDA:383,71,1,0
BRDA:385,72,0,1
BRDA:385,72,1,0
BRDA:387,73,0,1
BRDA:387,73,1,0
BRDA:388,74,0,1
BRDA:388,74,1,0
BRDA:391,75,0,1
BRDA:391,75,1,0
BRDA:392,76,0,1
BRDA:392,76,1,0
BRDA:422,77,0,7
BRDA:422,77,1,0
BRDA:432,78,0,7
BRDA:432,78,1,0
BRDA:442,79,0,7
BRDA:442,79,1,0
BRDA:453,80,0,7
BRDA:453,80,1,0
BRDA:492,81,0,7
BRDA:492,81,1,0
BRDA:535,82,0,7
BRDA:535,82,1,0
BRDA:590,83,0,7
BRDA:590,83,1,7
BRDA:611,84,0,7
BRDA:611,84,1,0
BRDA:623,85,0,7
BRDA:623,85,1,0
BRDA:635,86,0,7
BRDA:635,86,1,0
BRDA:647,87,0,7
BRDA:647,87,1,0
BRDA:662,88,0,4
BRDA:662,88,1,1
BRF:166
BRH:79
end_of_record
TN:
SF:src\pages\createJob\addedCorporateAccount\components\formCorporateInfo2.tsx
FN:19,FormCorporateTypeAndIncome
FN:20,(anonymous_2)
FN:42,(anonymous_3)
FN:43,(anonymous_4)
FN:74,(anonymous_5)
FN:80,(anonymous_6)
FN:89,(anonymous_7)
FN:200,(anonymous_8)
FN:243,(anonymous_9)
FN:278,(anonymous_10)
FN:425,(anonymous_11)
FN:461,(anonymous_12)
FN:492,(anonymous_13)
FN:501,(anonymous_14)
FN:508,(anonymous_15)
FN:519,(anonymous_16)
FN:528,(anonymous_17)
FN:535,(anonymous_18)
FN:546,(anonymous_19)
FN:555,(anonymous_20)
FN:562,(anonymous_21)
FN:569,(anonymous_22)
FN:576,(anonymous_23)
FN:591,(anonymous_24)
FN:598,(anonymous_25)
FN:605,(anonymous_26)
FN:612,(anonymous_27)
FN:619,(anonymous_28)
FN:626,(anonymous_29)
FN:633,(anonymous_30)
FN:640,(anonymous_31)
FN:647,(anonymous_32)
FN:654,(anonymous_33)
FN:661,(anonymous_34)
FN:668,(anonymous_35)
FN:675,(anonymous_36)
FN:682,(anonymous_37)
FN:689,(anonymous_38)
FN:696,(anonymous_39)
FN:703,(anonymous_40)
FN:725,(anonymous_41)
FN:732,(anonymous_42)
FN:739,(anonymous_43)
FN:746,(anonymous_44)
FN:753,(anonymous_45)
FN:760,(anonymous_46)
FN:783,(anonymous_47)
FN:790,(anonymous_48)
FN:810,(anonymous_49)
FN:817,(anonymous_50)
FN:824,(anonymous_51)
FN:831,(anonymous_52)
FN:849,(anonymous_53)
FN:864,oo_cm
FNF:54
FNH:39
FNDA:53,FormCorporateTypeAndIncome
FNDA:52,(anonymous_2)
FNDA:62,(anonymous_3)
FNDA:52,(anonymous_4)
FNDA:62,(anonymous_5)
FNDA:6,(anonymous_6)
FNDA:0,(anonymous_7)
FNDA:1,(anonymous_8)
FNDA:3,(anonymous_9)
FNDA:35,(anonymous_10)
FNDA:6,(anonymous_11)
FNDA:4,(anonymous_12)
FNDA:3,(anonymous_13)
FNDA:3,(anonymous_14)
FNDA:0,(anonymous_15)
FNDA:1,(anonymous_16)
FNDA:1,(anonymous_17)
FNDA:1,(anonymous_18)
FNDA:1,(anonymous_19)
FNDA:1,(anonymous_20)
FNDA:1,(anonymous_21)
FNDA:0,(anonymous_22)
FNDA:1,(anonymous_23)
FNDA:3,(anonymous_24)
FNDA:1,(anonymous_25)
FNDA:1,(anonymous_26)
FNDA:1,(anonymous_27)
FNDA:1,(anonymous_28)
FNDA:1,(anonymous_29)
FNDA:0,(anonymous_30)
FNDA:0,(anonymous_31)
FNDA:0,(anonymous_32)
FNDA:0,(anonymous_33)
FNDA:1,(anonymous_34)
FNDA:0,(anonymous_35)
FNDA:1,(anonymous_36)
FNDA:0,(anonymous_37)
FNDA:1,(anonymous_38)
FNDA:0,(anonymous_39)
FNDA:0,(anonymous_40)
FNDA:1,(anonymous_41)
FNDA:0,(anonymous_42)
FNDA:0,(anonymous_43)
FNDA:0,(anonymous_44)
FNDA:0,(anonymous_45)
FNDA:2,(anonymous_46)
FNDA:1,(anonymous_47)
FNDA:2,(anonymous_48)
FNDA:1,(anonymous_49)
FNDA:1,(anonymous_50)
FNDA:1,(anonymous_51)
FNDA:2,(anonymous_52)
FNDA:4,(anonymous_53)
FNDA:8,oo_cm
DA:1,1
DA:2,1
DA:3,1
DA:4,1
DA:5,1
DA:6,1
DA:7,1
DA:10,1
DA:11,1
DA:12,1
DA:13,1
DA:14,1
DA:15,1
DA:16,1
DA:17,1
DA:19,1
DA:20,53
DA:22,52
DA:23,52
DA:24,52
DA:26,52
DA:27,52
DA:30,52
DA:32,52
DA:42,62
DA:43,52
DA:52,52
DA:54,52
DA:64,52
DA:69,52
DA:73,52
DA:74,62
DA:76,52
DA:77,52
DA:78,52
DA:80,52
DA:81,6
DA:89,52
DA:90,0
DA:94,0
DA:95,0
DA:98,0
DA:99,0
DA:100,0
DA:103,0
DA:106,0
DA:108,0
DA:109,0
DA:110,0
DA:112,0
DA:113,0
DA:118,0
DA:119,0
DA:120,0
DA:123,0
DA:124,0
DA:127,0
DA:128,0
DA:131,0
DA:132,0
DA:135,0
DA:136,0
DA:139,0
DA:140,0
DA:141,0
DA:142,0
DA:145,0
DA:147,0
DA:148,0
DA:149,0
DA:154,0
DA:155,0
DA:156,0
DA:157,0
DA:158,0
DA:159,0
DA:162,0
DA:163,0
DA:168,0
DA:169,0
DA:172,0
DA:175,0
DA:178,0
DA:181,0
DA:184,0
DA:188,0
DA:196,0
DA:197,0
DA:200,52
DA:203,1
DA:204,1
DA:223,1
DA:224,1
DA:229,0
DA:231,0
DA:232,0
DA:234,0
DA:238,1
DA:239,1
DA:243,52
DA:247,3
DA:248,3
DA:249,3
DA:250,3
DA:257,3
DA:258,3
DA:263,0
DA:265,0
DA:266,0
DA:268,0
DA:273,3
DA:274,3
DA:278,52
DA:282,35
DA:284,35
DA:286,13
DA:287,13
DA:288,13
DA:293,5
DA:294,5
DA:295,5
DA:296,5
DA:297,5
DA:298,5
DA:299,5
DA:300,5
DA:301,5
DA:302,5
DA:303,5
DA:304,8
DA:305,3
DA:306,3
DA:307,3
DA:308,3
DA:309,3
DA:310,3
DA:311,3
DA:312,3
DA:313,3
DA:314,3
DA:315,3
DA:316,5
DA:320,2
DA:321,2
DA:322,2
DA:323,2
DA:324,2
DA:325,2
DA:326,2
DA:327,2
DA:328,2
DA:329,2
DA:330,2
DA:331,3
DA:337,3
DA:338,3
DA:339,3
DA:340,3
DA:341,3
DA:342,3
DA:343,3
DA:344,3
DA:345,3
DA:346,3
DA:347,3
DA:350,13
DA:352,13
DA:354,13
DA:357,11
DA:358,11
DA:359,11
DA:360,11
DA:361,11
DA:362,11
DA:363,11
DA:364,11
DA:365,11
DA:366,11
DA:367,11
DA:368,11
DA:369,11
DA:370,11
DA:371,11
DA:372,11
DA:373,11
DA:374,11
DA:375,11
DA:377,11
DA:379,11
DA:381,11
DA:384,3
DA:385,3
DA:386,3
DA:388,3
DA:389,3
DA:392,3
DA:394,3
DA:395,3
DA:398,3
DA:399,1
DA:401,2
DA:404,3
DA:405,3
DA:408,5
DA:410,5
DA:415,5
DA:417,5
DA:418,5
DA:421,0
DA:425,52
DA:426,6
DA:427,6
DA:428,6
DA:430,2
DA:431,2
DA:432,2
DA:434,2
DA:437,2
DA:438,2
DA:440,2
DA:443,2
DA:444,2
DA:446,2
DA:449,0
DA:451,0
DA:453,0
DA:456,0
DA:458,6
DA:461,52
DA:464,4
DA:466,4
DA:468,4
DA:469,1
DA:470,1
DA:472,3
DA:473,3
DA:477,52
DA:478,0
DA:481,52
DA:492,3
DA:501,3
DA:508,0
DA:519,1
DA:528,1
DA:535,1
DA:546,1
DA:555,1
DA:562,1
DA:569,0
DA:576,1
DA:591,3
DA:598,1
DA:605,1
DA:612,1
DA:619,1
DA:626,1
DA:633,0
DA:640,0
DA:647,0
DA:654,0
DA:661,1
DA:668,0
DA:675,1
DA:682,0
DA:689,1
DA:696,0
DA:703,0
DA:725,1
DA:732,0
DA:739,0
DA:746,0
DA:753,0
DA:760,2
DA:783,1
DA:790,2
DA:810,1
DA:817,1
DA:824,1
DA:831,2
DA:849,4
DA:864,8
LF:281
LH:203
BRDA:26,0,0,52
BRDA:26,0,1,52
BRDA:27,1,0,52
BRDA:27,1,1,0
BRDA:52,2,0,52
BRDA:52,2,1,0
BRDA:94,3,0,0
BRDA:95,4,0,0
BRDA:95,4,1,0
BRDA:98,5,0,0
BRDA:98,5,1,0
BRDA:99,6,0,0
BRDA:99,6,1,0
BRDA:100,7,0,0
BRDA:100,7,1,0
BRDA:103,8,0,0
BRDA:103,8,1,0
BRDA:107,9,0,0
BRDA:107,9,1,0
BRDA:108,10,0,0
BRDA:108,10,1,0
BRDA:109,11,0,0
BRDA:109,11,1,0
BRDA:111,12,0,0
BRDA:111,12,1,0
BRDA:112,13,0,0
BRDA:112,13,1,0
BRDA:113,14,0,0
BRDA:113,14,1,0
BRDA:118,15,0,0
BRDA:119,16,0,0
BRDA:119,16,1,0
BRDA:120,17,0,0
BRDA:120,17,1,0
BRDA:123,18,0,0
BRDA:123,18,1,0
BRDA:124,19,0,0
BRDA:124,19,1,0
BRDA:127,20,0,0
BRDA:127,20,1,0
BRDA:128,21,0,0
BRDA:128,21,1,0
BRDA:131,22,0,0
BRDA:131,22,1,0
BRDA:132,23,0,0
BRDA:132,23,1,0
BRDA:135,24,0,0
BRDA:135,24,1,0
BRDA:136,25,0,0
BRDA:136,25,1,0
BRDA:139,26,0,0
BRDA:139,26,1,0
BRDA:140,27,0,0
BRDA:140,27,1,0
BRDA:141,28,0,0
BRDA:141,28,1,0
BRDA:142,29,0,0
BRDA:142,29,1,0
BRDA:146,30,0,0
BRDA:146,30,1,0
BRDA:147,31,0,0
BRDA:147,31,1,0
BRDA:148,32,0,0
BRDA:148,32,1,0
BRDA:149,33,0,0
BRDA:149,33,1,0
BRDA:154,34,0,0
BRDA:155,35,0,0
BRDA:155,35,1,0
BRDA:156,36,0,0
BRDA:156,36,1,0
BRDA:157,37,0,0
BRDA:157,37,1,0
BRDA:158,38,0,0
BRDA:158,38,1,0
BRDA:159,39,0,0
BRDA:159,39,1,0
BRDA:162,40,0,0
BRDA:162,40,1,0
BRDA:163,41,0,0
BRDA:163,41,1,0
BRDA:168,42,0,0
BRDA:169,43,0,0
BRDA:169,43,1,0
BRDA:172,44,0,0
BRDA:172,44,1,0
BRDA:175,45,0,0
BRDA:175,45,1,0
BRDA:178,46,0,0
BRDA:178,46,1,0
BRDA:181,47,0,0
BRDA:181,47,1,0
BRDA:184,48,0,0
BRDA:184,48,1,0
BRDA:188,49,0,0
BRDA:188,49,1,0
BRDA:190,50,0,0
BRDA:190,50,1,0
BRDA:203,51,0,1
BRDA:212,52,0,1
BRDA:212,52,1,0
BRDA:213,53,0,1
BRDA:213,53,1,0
BRDA:217,54,0,1
BRDA:217,54,1,0
BRDA:229,55,0,0
BRDA:229,55,1,0
BRDA:248,56,0,3
BRDA:253,57,0,1
BRDA:253,57,1,2
BRDA:263,58,0,0
BRDA:263,58,1,0
BRDA:284,59,0,13
BRDA:284,59,1,11
BRDA:284,59,2,3
BRDA:284,59,3,3
BRDA:284,59,4,5
BRDA:284,59,5,0
BRDA:287,60,0,13
BRDA:287,61,0,13
BRDA:287,61,1,13
BRDA:288,62,0,5
BRDA:288,62,1,8
BRDA:289,63,0,13
BRDA:289,63,1,10
BRDA:289,63,2,9
BRDA:304,64,0,3
BRDA:304,64,1,5
BRDA:304,65,0,8
BRDA:304,65,1,5
BRDA:316,66,0,2
BRDA:316,66,1,3
BRDA:317,67,0,5
BRDA:317,67,1,4
BRDA:331,68,0,3
BRDA:332,69,0,3
BRDA:332,69,1,2
BRDA:332,69,2,1
BRDA:332,69,3,1
BRDA:358,70,0,11
BRDA:358,71,0,11
BRDA:358,71,1,11
BRDA:385,72,0,3
BRDA:385,73,0,3
BRDA:385,73,1,3
BRDA:394,74,0,3
BRDA:398,75,0,1
BRDA:398,75,1,2
BRDA:410,76,0,5
BRDA:410,77,0,5
BRDA:410,77,1,5
BRDA:428,78,0,2
BRDA:428,78,1,2
BRDA:428,78,2,2
BRDA:428,78,3,0
BRDA:428,78,4,0
BRDA:430,79,0,2
BRDA:430,80,0,2
BRDA:430,80,1,2
BRDA:437,81,0,2
BRDA:437,82,0,2
BRDA:437,82,1,2
BRDA:443,83,0,2
BRDA:443,84,0,2
BRDA:443,84,1,2
BRDA:449,85,0,0
BRDA:449,86,0,0
BRDA:449,86,1,0
BRDA:468,87,0,1
BRDA:468,87,1,3
BRDA:477,88,0,0
BRDA:491,89,0,52
BRDA:491,89,1,13
BRDA:500,90,0,52
BRDA:500,90,1,21
BRDA:507,91,0,52
BRDA:507,91,1,47
BRDA:518,92,0,52
BRDA:518,92,1,49
BRDA:527,93,0,52
BRDA:527,93,1,46
BRDA:534,94,0,52
BRDA:534,94,1,51
BRDA:545,95,0,52
BRDA:545,95,1,48
BRDA:554,96,0,52
BRDA:554,96,1,51
BRDA:561,97,0,52
BRDA:561,97,1,51
BRDA:568,98,0,52
BRDA:568,98,1,52
BRDA:575,99,0,52
BRDA:575,99,1,51
BRDA:590,100,0,52
BRDA:590,100,1,32
BRDA:597,101,0,52
BRDA:597,101,1,46
BRDA:604,102,0,52
BRDA:604,102,1,51
BRDA:611,103,0,52
BRDA:611,103,1,51
BRDA:618,104,0,52
BRDA:618,104,1,51
BRDA:625,105,0,52
BRDA:625,105,1,51
BRDA:632,106,0,52
BRDA:632,106,1,52
BRDA:639,107,0,52
BRDA:639,107,1,47
BRDA:646,108,0,52
BRDA:646,108,1,52
BRDA:653,109,0,52
BRDA:653,109,1,52
BRDA:660,110,0,52
BRDA:660,110,1,51
BRDA:667,111,0,52
BRDA:667,111,1,52
BRDA:674,112,0,52
BRDA:674,112,1,51
BRDA:681,113,0,52
BRDA:681,113,1,52
BRDA:688,114,0,52
BRDA:688,114,1,51
BRDA:695,115,0,52
BRDA:695,115,1,52
BRDA:702,116,0,52
BRDA:702,116,1,52
BRDA:705,117,0,52
BRDA:705,117,1,0
BRDA:711,118,0,0
BRDA:711,118,1,0
BRDA:724,119,0,52
BRDA:724,119,1,44
BRDA:731,120,0,52
BRDA:731,120,1,52
BRDA:738,121,0,52
BRDA:738,121,1,52
BRDA:745,122,0,52
BRDA:745,122,1,52
BRDA:752,123,0,52
BRDA:752,123,1,52
BRDA:759,124,0,52
BRDA:759,124,1,38
BRDA:763,125,0,52
BRDA:763,125,1,14
BRDA:769,126,0,14
BRDA:769,126,1,2
BRDA:792,127,0,52
BRDA:792,127,1,10
BRDA:798,128,0,10
BRDA:798,128,1,2
BRDA:809,129,0,52
BRDA:809,129,1,51
BRDA:816,130,0,52
BRDA:816,130,1,48
BRDA:823,131,0,52
BRDA:823,131,1,49
BRDA:830,132,0,52
BRDA:830,132,1,48
BRDA:834,133,0,52
BRDA:834,133,1,4
BRDA:840,134,0,4
BRDA:840,134,1,2
BRDA:864,135,0,8
BRDA:864,135,1,0
BRF:265
BRH:153
end_of_record
TN:
SF:src\pages\createJob\addedCorporateAccount\components\formDirectorInfo.tsx
FN:27,FormIndividualsDirector
FN:43,(anonymous_2)
FN:51,(anonymous_3)
FN:57,(anonymous_4)
FN:81,(anonymous_5)
FN:97,(anonymous_6)
FN:125,(anonymous_7)
FN:134,(anonymous_8)
FN:302,(anonymous_9)
FN:375,oo_cm
FNF:10
FNH:8
FNDA:23,FormIndividualsDirector
FNDA:0,(anonymous_2)
FNDA:1,(anonymous_3)
FNDA:2,(anonymous_4)
FNDA:7,(anonymous_5)
FNDA:7,(anonymous_6)
FNDA:2,(anonymous_7)
FNDA:2,(anonymous_8)
FNDA:0,(anonymous_9)
FNDA:6,oo_cm
DA:1,1
DA:2,1
DA:3,1
DA:4,1
DA:5,1
DA:6,1
DA:10,1
DA:12,1
DA:13,1
DA:14,1
DA:15,1
DA:16,1
DA:17,1
DA:27,1
DA:33,23
DA:34,23
DA:35,23
DA:36,23
DA:37,23
DA:38,23
DA:42,23
DA:43,23
DA:44,0
DA:45,0
DA:46,0
DA:47,0
DA:48,0
DA:51,23
DA:52,1
DA:53,1
DA:54,1
DA:57,23
DA:58,2
DA:60,2
DA:61,1
DA:63,2
DA:64,0
DA:67,2
DA:77,23
DA:81,23
DA:82,7
DA:83,2
DA:84,2
DA:85,5
DA:86,0
DA:87,0
DA:89,5
DA:91,7
DA:94,7
DA:97,23
DA:99,7
DA:121,7
DA:122,7
DA:125,23
DA:126,2
DA:127,2
DA:128,0
DA:130,0
DA:131,0
DA:134,23
DA:135,2
DA:136,2
DA:137,2
DA:138,2
DA:139,2
DA:140,2
DA:141,2
DA:142,2
DA:143,2
DA:146,2
DA:156,2
DA:157,2
DA:158,2
DA:159,2
DA:161,0
DA:165,23
DA:302,0
DA:375,6
LF:78
LH:65
BRDA:39,0,0,7
BRDA:39,0,1,16
BRDA:60,1,0,1
BRDA:63,2,0,0
BRDA:82,3,0,2
BRDA:82,3,1,5
BRDA:85,4,0,0
BRDA:85,4,1,5
BRDA:92,5,0,7
BRDA:92,5,1,5
BRDA:92,5,2,5
BRDA:94,6,0,7
BRDA:94,6,1,5
BRDA:99,7,0,7
BRDA:99,7,1,5
BRDA:126,8,0,2
BRDA:127,9,0,2
BRDA:130,10,0,0
BRDA:137,11,0,2
BRDA:137,11,1,0
BRDA:137,12,0,2
BRDA:137,12,1,2
BRDA:153,13,0,2
BRDA:153,13,1,0
BRDA:154,14,0,0
BRDA:154,14,1,2
BRDA:189,15,0,23
BRDA:189,15,1,0
BRDA:205,16,0,23
BRDA:205,16,1,0
BRDA:218,17,0,23
BRDA:218,17,1,0
BRDA:235,18,0,23
BRDA:235,18,1,0
BRDA:236,19,0,23
BRDA:236,19,1,0
BRDA:245,20,0,23
BRDA:245,20,1,0
BRDA:245,20,2,0
BRDA:263,21,0,0
BRDA:263,21,1,0
BRDA:263,21,2,0
BRDA:284,22,0,0
BRDA:284,22,1,0
BRDA:284,22,2,0
BRDA:296,23,0,19
BRDA:296,23,1,4
BRDA:304,24,0,19
BRDA:304,24,1,0
BRDA:319,25,0,4
BRDA:319,25,1,0
BRDA:336,26,0,23
BRDA:336,26,1,0
BRDA:352,27,0,23
BRDA:352,27,1,0
BRDA:360,28,0,4
BRDA:360,28,1,19
BRDA:375,29,0,6
BRDA:375,29,1,0
BRF:59
BRH:35
end_of_record
TN:
SF:src\pages\createJob\addedCorporateAccount\components\formIndividualsShareholders.tsx
FN:26,FormIndividualsShareholders
FN:37,(anonymous_2)
FN:47,(anonymous_3)
FN:53,(anonymous_4)
FN:83,(anonymous_5)
FN:98,(anonymous_6)
FN:112,(anonymous_7)
FN:130,(anonymous_8)
FN:139,(anonymous_9)
FN:313,(anonymous_10)
FN:356,oo_cm
FNF:11
FNH:9
FNDA:21,FormIndividualsShareholders
FNDA:0,(anonymous_2)
FNDA:1,(anonymous_3)
FNDA:2,(anonymous_4)
FNDA:2,(anonymous_5)
FNDA:7,(anonymous_6)
FNDA:7,(anonymous_7)
FNDA:4,(anonymous_8)
FNDA:2,(anonymous_9)
FNDA:0,(anonymous_10)
FNDA:6,oo_cm
DA:1,1
DA:3,1
DA:4,1
DA:8,1
DA:9,1
DA:10,1
DA:11,1
DA:12,1
DA:13,1
DA:15,1
DA:16,1
DA:17,1
DA:26,1
DA:32,21
DA:33,21
DA:34,21
DA:35,21
DA:36,21
DA:37,21
DA:38,0
DA:39,0
DA:40,0
DA:41,0
DA:42,0
DA:45,21
DA:47,21
DA:48,1
DA:49,1
DA:50,1
DA:53,21
DA:56,2
DA:57,2
DA:58,1
DA:60,2
DA:61,0
DA:63,2
DA:64,2
DA:65,2
DA:66,2
DA:68,2
DA:69,2
DA:79,21
DA:83,21
DA:84,2
DA:86,2
DA:88,2
DA:89,1
DA:91,1
DA:92,1
DA:95,2
DA:98,21
DA:99,7
DA:100,2
DA:101,2
DA:102,5
DA:103,0
DA:104,0
DA:106,5
DA:108,7
DA:109,7
DA:112,21
DA:113,7
DA:123,7
DA:124,7
DA:127,21
DA:130,21
DA:131,4
DA:132,4
DA:133,0
DA:135,0
DA:136,0
DA:139,21
DA:140,2
DA:141,2
DA:142,2
DA:143,2
DA:144,2
DA:145,2
DA:146,2
DA:147,2
DA:148,2
DA:149,2
DA:150,2
DA:151,2
DA:153,0
DA:157,21
DA:313,0
DA:356,6
LF:88
LH:75
BRDA:57,0,0,1
BRDA:60,1,0,0
BRDA:65,2,0,2
BRDA:65,2,1,1
BRDA:66,3,0,2
BRDA:66,3,1,0
BRDA:67,4,0,0
BRDA:67,4,1,2
BRDA:84,5,0,0
BRDA:88,6,0,1
BRDA:88,6,1,1
BRDA:99,7,0,2
BRDA:99,7,1,5
BRDA:102,8,0,0
BRDA:102,8,1,5
BRDA:108,9,0,7
BRDA:108,9,1,5
BRDA:108,9,2,5
BRDA:109,10,0,7
BRDA:109,10,1,5
BRDA:113,11,0,7
BRDA:113,11,1,5
BRDA:114,12,0,7
BRDA:114,12,1,5
BRDA:128,13,0,6
BRDA:128,13,1,15
BRDA:131,14,0,4
BRDA:132,15,0,4
BRDA:135,16,0,0
BRDA:142,17,0,2
BRDA:142,17,1,0
BRDA:142,18,0,2
BRDA:142,18,1,2
BRDA:173,19,0,21
BRDA:173,19,1,0
BRDA:189,20,0,21
BRDA:189,20,1,0
BRDA:202,21,0,21
BRDA:202,21,1,0
BRDA:217,22,0,21
BRDA:217,22,1,0
BRDA:232,23,0,21
BRDA:232,23,1,0
BRDA:248,24,0,21
BRDA:248,24,1,0
BRDA:249,25,0,21
BRDA:249,25,1,0
BRDA:258,26,0,21
BRDA:258,26,1,0
BRDA:258,26,2,0
BRDA:276,27,0,0
BRDA:276,27,1,0
BRDA:276,27,2,0
BRDA:297,28,0,0
BRDA:297,28,1,0
BRDA:297,28,2,0
BRDA:308,29,0,17
BRDA:308,29,1,4
BRDA:316,30,0,17
BRDA:316,30,1,0
BRDA:331,31,0,4
BRDA:331,31,1,0
BRDA:341,32,0,2
BRDA:341,32,1,19
BRDA:356,33,0,6
BRDA:356,33,1,0
BRF:66
BRH:41
end_of_record
TN:
SF:src\pages\createJob\addedCorporateAccount\components\formJuristicShareholders.tsx
FN:22,FormJuristicShareholders
FN:40,(anonymous_1)
FN:55,(anonymous_2)
FN:69,(anonymous_3)
FN:184,oo_cm
FNF:5
FNH:5
FNDA:19,FormJuristicShareholders
FNDA:2,(anonymous_1)
FNDA:2,(anonymous_2)
FNDA:6,(anonymous_3)
FNDA:6,oo_cm
DA:1,1
DA:3,1
DA:4,1
DA:8,1
DA:9,1
DA:10,1
DA:11,1
DA:12,1
DA:13,1
DA:14,1
DA:22,1
DA:33,19
DA:38,19
DA:40,19
DA:41,2
DA:43,2
DA:45,2
DA:46,0
DA:48,2
DA:49,2
DA:52,2
DA:55,19
DA:56,2
DA:62,2
DA:63,2
DA:64,2
DA:65,2
DA:66,2
DA:69,19
DA:70,6
DA:76,6
DA:77,6
DA:91,19
DA:184,6
LF:34
LH:33
BRDA:41,0,0,0
BRDA:45,1,0,0
BRDA:45,1,1,2
BRDA:70,2,0,6
BRDA:70,2,1,4
BRDA:112,3,0,19
BRDA:112,3,1,0
BRDA:126,4,0,19
BRDA:126,4,1,0
BRDA:142,5,0,19
BRDA:142,5,1,0
BRDA:159,6,0,19
BRDA:159,6,1,0
BRDA:169,7,0,5
BRDA:169,7,1,14
BRDA:184,8,0,6
BRDA:184,8,1,0
BRF:17
BRH:10
end_of_record
TN:
SF:src\pages\createJob\addedCorporateAccount\components\suitQuestion.tsx
FN:18,SuitQuestionComp
FN:25,(anonymous_1)
FN:33,(anonymous_2)
FN:44,(anonymous_3)
FN:55,(anonymous_4)
FN:63,(anonymous_5)
FN:76,(anonymous_6)
FNF:7
FNH:7
FNDA:10,SuitQuestionComp
FNDA:36,(anonymous_1)
FNDA:4,(anonymous_2)
FNDA:10,(anonymous_3)
FNDA:40,(anonymous_4)
FNDA:1,(anonymous_5)
FNDA:9,(anonymous_6)
DA:1,1
DA:18,1
DA:25,10
DA:26,36
DA:27,36
DA:28,36
DA:30,36
DA:33,10
DA:34,4
DA:36,4
DA:37,0
DA:38,0
DA:41,4
DA:44,10
DA:45,10
DA:48,10
DA:56,40
DA:64,1
DA:77,9
LF:19
LH:17
BRDA:27,0,0,36
BRDA:28,1,0,0
BRDA:28,1,1,36
BRDA:36,2,0,0
BRDA:36,3,0,4
BRDA:36,3,1,4
BRDA:37,4,0,0
BRDA:37,5,0,0
BRDA:37,5,1,0
BRDA:38,6,0,0
BRDA:38,6,1,0
BRDA:56,7,0,4
BRDA:56,7,1,36
BRDA:83,8,0,10
BRDA:83,8,1,0
BRF:15
BRH:7
end_of_record
TN:
SF:src\pages\createJob\addedCorporateAccount\components\suitTableResult.tsx
FN:10,SuitTableResult
FN:14,(anonymous_1)
FNF:2
FNH:0
FNDA:0,SuitTableResult
FNDA:0,(anonymous_1)
DA:1,1
DA:2,1
DA:3,1
DA:4,1
DA:5,1
DA:10,1
DA:11,0
DA:12,0
DA:13,0
DA:14,0
DA:15,0
DA:16,0
DA:17,0
DA:19,0
LF:14
LH:6
BRF:0
BRH:0
end_of_record
TN:
SF:src\pages\createJob\addedCorporateAccount\constants2\initialData.ts
FNF:0
FNH:0
DA:8,1
DA:18,1
DA:73,1
DA:87,1
DA:141,1
DA:152,1
DA:184,1
DA:191,1
DA:238,1
LF:9
LH:9
BRF:0
BRH:0
end_of_record
TN:
SF:src\pages\createJob\addedCorporateAccount\constants2\schemas.ts
FN:171,(anonymous_0)
FNF:1
FNH:1
FNDA:1,(anonymous_0)
DA:2,1
DA:4,1
DA:18,1
DA:26,1
DA:47,1
DA:53,1
DA:59,1
DA:77,1
DA:100,1
DA:105,1
DA:122,1
DA:143,1
DA:164,1
DA:172,1
DA:184,1
DA:195,1
DA:210,1
DA:222,1
DA:248,1
DA:270,1
DA:283,1
DA:303,1
DA:312,1
DA:317,1
DA:324,1
LF:25
LH:25
BRF:0
BRH:0
end_of_record
TN:
SF:src\pages\createJob\addedCorporateAccount\constants2\variables.ts
FNF:0
FNH:0
DA:8,2
DA:23,2
DA:24,2
DA:29,2
DA:30,2
DA:69,2
DA:75,2
DA:81,2
DA:82,2
DA:86,2
DA:90,2
DA:95,2
DA:101,2
DA:108,2
DA:127,2
DA:147,2
DA:155,2
DA:164,2
DA:165,2
DA:170,2
DA:177,2
DA:184,2
DA:208,2
DA:277,2
LF:24
LH:24
BRF:0
BRH:0
end_of_record
TN:
SF:src\pages\createJob\addedCorporateAccount\hook\useAttorney.ts
FN:10,useAttorney
FN:14,(anonymous_2)
FN:60,(anonymous_3)
FN:81,oo_cm
FNF:4
FNH:1
FNDA:6,useAttorney
FNDA:0,(anonymous_2)
FNDA:0,(anonymous_3)
FNDA:0,oo_cm
DA:1,1
DA:3,1
DA:4,1
DA:5,1
DA:6,1
DA:8,1
DA:10,1
DA:11,6
DA:12,6
DA:14,6
DA:15,0
DA:19,0
DA:20,0
DA:21,0
DA:23,0
DA:24,0
DA:29,0
DA:30,0
DA:31,0
DA:35,0
DA:36,0
DA:38,0
DA:42,0
DA:47,0
DA:48,0
DA:49,0
DA:50,0
DA:51,0
DA:55,0
DA:56,0
DA:60,6
DA:61,0
DA:62,0
DA:63,0
DA:65,0
DA:66,0
DA:69,6
DA:81,1
LF:38
LH:13
BRDA:23,0,0,0
BRDA:23,0,1,0
BRDA:29,1,0,0
BRDA:29,1,1,0
BRDA:48,2,0,0
BRDA:61,3,0,0
BRDA:61,3,1,0
BRDA:81,4,0,0
BRDA:81,4,1,0
BRF:9
BRH:0
end_of_record
TN:
SF:src\pages\createJob\addedCorporateAccount\hook\useAuthorizePerson.ts
FN:10,useAuthorizePerson
FN:14,(anonymous_2)
FN:60,(anonymous_3)
FN:81,oo_cm
FNF:4
FNH:1
FNDA:7,useAuthorizePerson
FNDA:0,(anonymous_2)
FNDA:0,(anonymous_3)
FNDA:0,oo_cm
DA:1,1
DA:3,1
DA:4,1
DA:5,1
DA:6,1
DA:8,1
DA:10,1
DA:11,7
DA:12,7
DA:14,7
DA:15,0
DA:19,0
DA:20,0
DA:21,0
DA:23,0
DA:24,0
DA:29,0
DA:30,0
DA:31,0
DA:35,0
DA:36,0
DA:38,0
DA:42,0
DA:47,0
DA:48,0
DA:49,0
DA:50,0
DA:51,0
DA:55,0
DA:56,0
DA:60,7
DA:61,0
DA:62,0
DA:63,0
DA:65,0
DA:66,0
DA:69,7
DA:81,1
LF:38
LH:13
BRDA:23,0,0,0
BRDA:23,0,1,0
BRDA:29,1,0,0
BRDA:29,1,1,0
BRDA:48,2,0,0
BRDA:56,3,0,0
BRDA:56,3,1,0
BRDA:61,4,0,0
BRDA:61,4,1,0
BRDA:81,5,0,0
BRDA:81,5,1,0
BRF:11
BRH:0
end_of_record
TN:
SF:src\pages\createJob\addedCorporateAccount\hook\useBank.ts
FN:14,useBank
FN:16,(anonymous_2)
FN:59,(anonymous_3)
FN:78,oo_cm
FNF:4
FNH:1
FNDA:6,useBank
FNDA:0,(anonymous_2)
FNDA:0,(anonymous_3)
FNDA:0,oo_cm
DA:2,1
DA:3,1
DA:4,1
DA:5,1
DA:6,1
DA:14,1
DA:15,6
DA:16,6
DA:17,0
DA:20,0
DA:21,0
DA:22,0
DA:24,0
DA:25,0
DA:30,0
DA:31,0
DA:32,0
DA:33,0
DA:38,0
DA:41,0
DA:46,0
DA:47,0
DA:48,0
DA:49,0
DA:50,0
DA:51,0
DA:55,0
DA:59,6
DA:60,0
DA:61,0
DA:63,0
DA:64,0
DA:68,6
DA:78,1
LF:34
LH:11
BRDA:24,0,0,0
BRDA:24,0,1,0
BRDA:30,1,0,0
BRDA:30,1,1,0
BRDA:47,2,0,0
BRDA:60,3,0,0
BRDA:60,3,1,0
BRDA:78,4,0,0
BRDA:78,4,1,0
BRF:9
BRH:0
end_of_record
TN:
SF:src\pages\createJob\addedCorporateAccount\hook\useContactPerson.ts
FN:17,useContactPerson
FN:20,(anonymous_2)
FN:70,(anonymous_3)
FN:89,oo_cm
FNF:4
FNH:3
FNDA:8,useContactPerson
FNDA:0,(anonymous_2)
FNDA:1,(anonymous_3)
FNDA:1,oo_cm
DA:2,1
DA:3,1
DA:4,1
DA:5,1
DA:9,1
DA:17,1
DA:18,8
DA:20,8
DA:21,0
DA:23,0
DA:24,0
DA:25,0
DA:27,0
DA:28,0
DA:32,0
DA:33,0
DA:37,0
DA:43,0
DA:47,0
DA:48,0
DA:52,0
DA:53,0
DA:55,0
DA:62,0
DA:66,0
DA:70,8
DA:71,1
DA:72,0
DA:74,1
DA:75,1
DA:79,8
DA:89,1
LF:32
LH:14
BRDA:25,0,0,0
BRDA:25,0,1,0
BRDA:32,1,0,0
BRDA:32,1,1,0
BRDA:52,2,0,0
BRDA:52,2,1,0
BRDA:71,3,0,0
BRDA:71,3,1,1
BRDA:89,4,0,1
BRDA:89,4,1,0
BRF:10
BRH:2
end_of_record
TN:
SF:src\pages\createJob\addedCorporateAccount\hook\useCorporateInfo.ts
FN:12,useCorporateInfo
FN:17,(anonymous_2)
FN:30,(anonymous_3)
FN:80,(anonymous_4)
FN:97,(anonymous_5)
FN:140,oo_cm
FNF:6
FNH:4
FNDA:1,useCorporateInfo
FNDA:1,(anonymous_2)
FNDA:1,(anonymous_3)
FNDA:0,(anonymous_4)
FNDA:0,(anonymous_5)
FNDA:3,oo_cm
DA:1,1
DA:3,1
DA:4,1
DA:5,1
DA:6,1
DA:7,1
DA:8,1
DA:9,1
DA:10,1
DA:12,1
DA:13,1
DA:15,1
DA:16,1
DA:17,1
DA:18,1
DA:19,1
DA:20,1
DA:22,0
DA:25,0
DA:26,0
DA:30,1
DA:31,1
DA:33,1
DA:37,1
DA:39,1
DA:40,1
DA:41,1
DA:51,0
DA:52,0
DA:53,0
DA:54,0
DA:57,0
DA:59,0
DA:63,0
DA:64,0
DA:65,0
DA:67,0
DA:77,0
DA:78,0
DA:80,0
DA:81,0
DA:84,0
DA:85,0
DA:87,0
DA:90,1
DA:91,1
DA:97,1
DA:98,0
DA:99,0
DA:104,0
DA:105,0
DA:106,0
DA:107,0
DA:112,0
DA:113,0
DA:114,0
DA:115,0
DA:116,0
DA:117,0
DA:119,0
DA:120,0
DA:122,0
DA:125,0
DA:126,0
DA:130,1
DA:140,3
LF:66
LH:29
BRDA:18,0,0,1
BRDA:18,0,1,0
BRDA:19,1,0,1
BRDA:19,1,1,0
BRDA:19,2,0,1
BRDA:19,2,1,0
BRDA:52,3,0,0
BRDA:63,4,0,0
BRDA:63,4,1,0
BRDA:77,5,0,0
BRDA:77,5,1,0
BRDA:77,6,0,0
BRDA:77,6,1,0
BRDA:112,7,0,0
BRDA:112,7,1,0
BRDA:140,8,0,3
BRDA:140,8,1,0
BRF:17
BRH:4
end_of_record
TN:
SF:src\pages\createJob\addedCorporateAccount\hook\useJuristicShareholders.ts
FN:14,useJuristicShareholders
FN:19,(anonymous_2)
FN:28,(anonymous_3)
FN:92,oo_cm
FNF:4
FNH:4
FNDA:8,useJuristicShareholders
FNDA:1,(anonymous_2)
FNDA:1,(anonymous_3)
FNDA:2,oo_cm
DA:1,1
DA:3,1
DA:4,1
DA:5,1
DA:7,1
DA:9,1
DA:14,1
DA:15,8
DA:17,8
DA:19,8
DA:20,1
DA:21,1
DA:23,0
DA:24,0
DA:28,8
DA:29,1
DA:30,1
DA:31,1
DA:32,1
DA:33,1
DA:38,0
DA:39,0
DA:40,0
DA:41,0
DA:52,0
DA:54,0
DA:57,0
DA:63,0
DA:64,0
DA:65,0
DA:66,0
DA:69,0
DA:71,0
DA:75,1
DA:76,1
DA:80,8
DA:92,2
LF:37
LH:22
BRDA:20,0,0,1
BRDA:20,0,1,0
BRDA:32,1,0,1
BRDA:32,1,1,0
BRDA:38,2,0,0
BRDA:38,2,1,0
BRDA:63,3,0,0
BRDA:63,3,1,0
BRDA:76,4,0,1
BRDA:76,4,1,1
BRDA:92,5,0,2
BRDA:92,5,1,0
BRF:12
BRH:5
end_of_record
TN:
SF:src\pages\createJob\addedCorporateAccount\hook\useListOfDirector.ts
FN:12,useListOfDirector
FN:16,(anonymous_2)
FN:81,(anonymous_3)
FN:106,oo_cm
FNF:4
FNH:4
FNDA:9,useListOfDirector
FNDA:1,(anonymous_2)
FNDA:1,(anonymous_3)
FNDA:3,oo_cm
DA:1,1
DA:3,1
DA:4,1
DA:5,1
DA:6,1
DA:7,1
DA:12,1
DA:13,9
DA:14,9
DA:16,9
DA:17,1
DA:18,1
DA:22,1
DA:23,1
DA:24,1
DA:25,1
DA:30,1
DA:32,1
DA:44,0
DA:45,0
DA:46,0
DA:47,0
DA:48,0
DA:54,0
DA:58,0
DA:62,0
DA:63,0
DA:64,0
DA:65,0
DA:66,0
DA:74,0
DA:78,1
DA:81,9
DA:82,1
DA:83,1
DA:87,1
DA:89,0
DA:90,0
DA:94,9
DA:106,3
LF:40
LH:25
BRDA:30,0,0,1
BRDA:30,0,1,0
BRDA:44,1,0,0
BRDA:44,1,1,0
BRDA:62,2,0,0
BRDA:62,2,1,0
BRDA:82,3,0,1
BRDA:82,3,1,0
BRDA:106,4,0,3
BRDA:106,4,1,0
BRF:10
BRH:3
end_of_record
TN:
SF:src\pages\createJob\addedCorporateAccount\hook\useShareholders.ts
FN:12,useShareholders
FN:16,(anonymous_2)
FN:25,(anonymous_3)
FN:104,oo_cm
FNF:4
FNH:3
FNDA:9,useShareholders
FNDA:1,(anonymous_2)
FNDA:0,(anonymous_3)
FNDA:1,oo_cm
DA:2,1
DA:3,1
DA:4,1
DA:6,1
DA:7,1
DA:12,1
DA:13,9
DA:14,9
DA:16,9
DA:17,1
DA:18,0
DA:20,1
DA:21,1
DA:25,9
DA:28,0
DA:39,0
DA:41,0
DA:42,0
DA:43,0
DA:44,0
DA:46,0
DA:54,0
DA:55,0
DA:56,0
DA:62,0
DA:67,0
DA:75,0
DA:76,0
DA:78,0
DA:86,0
DA:90,0
DA:94,9
DA:104,1
LF:33
LH:15
BRDA:17,0,0,0
BRDA:17,0,1,1
BRDA:30,1,0,0
BRDA:30,1,1,0
BRDA:31,2,0,0
BRDA:31,2,1,0
BRDA:32,3,0,0
BRDA:32,3,1,0
BRDA:33,4,0,0
BRDA:33,4,1,0
BRDA:36,5,0,0
BRDA:36,5,1,0
BRDA:44,6,0,0
BRDA:44,6,1,0
BRDA:54,7,0,0
BRDA:54,7,1,0
BRDA:75,8,0,0
BRDA:75,8,1,0
BRDA:104,9,0,1
BRDA:104,9,1,0
BRF:20
BRH:2
end_of_record
TN:
SF:src\pages\createJob\addedCorporateAccount\hook\useSuitTest.ts
FN:15,useSuitTest
FN:16,(anonymous_2)
FN:29,(anonymous_3)
FN:32,(anonymous_4)
FN:37,(anonymous_5)
FN:47,(anonymous_6)
FN:49,(anonymous_7)
FN:54,(anonymous_8)
FN:95,(anonymous_9)
FN:119,(anonymous_10)
FN:133,(anonymous_11)
FN:146,(anonymous_12)
FN:181,(anonymous_13)
FN:213,(anonymous_14)
FN:236,(anonymous_15)
FN:285,(anonymous_16)
FN:311,oo_cm
FNF:17
FNH:0
FNDA:0,useSuitTest
FNDA:0,(anonymous_2)
FNDA:0,(anonymous_3)
FNDA:0,(anonymous_4)
FNDA:0,(anonymous_5)
FNDA:0,(anonymous_6)
FNDA:0,(anonymous_7)
FNDA:0,(anonymous_8)
FNDA:0,(anonymous_9)
FNDA:0,(anonymous_10)
FNDA:0,(anonymous_11)
FNDA:0,(anonymous_12)
FNDA:0,(anonymous_13)
FNDA:0,(anonymous_14)
FNDA:0,(anonymous_15)
FNDA:0,(anonymous_16)
FNDA:0,oo_cm
DA:1,1
DA:3,1
DA:4,1
DA:5,1
DA:6,1
DA:7,1
DA:8,1
DA:9,1
DA:12,1
DA:13,1
DA:15,1
DA:16,0
DA:17,0
DA:18,0
DA:19,0
DA:20,0
DA:21,0
DA:22,0
DA:23,0
DA:24,0
DA:25,0
DA:26,0
DA:27,0
DA:28,0
DA:29,0
DA:32,0
DA:33,0
DA:34,0
DA:35,0
DA:36,0
DA:37,0
DA:38,0
DA:41,0
DA:44,0
DA:47,0
DA:48,0
DA:49,0
DA:50,0
DA:54,0
DA:55,0
DA:56,0
DA:60,0
DA:62,0
DA:63,0
DA:64,0
DA:65,0
DA:66,0
DA:67,0
DA:70,0
DA:71,0
DA:72,0
DA:77,0
DA:78,0
DA:86,0
DA:88,0
DA:89,0
DA:90,0
DA:91,0
DA:95,0
DA:96,0
DA:97,0
DA:98,0
DA:101,0
DA:102,0
DA:105,0
DA:106,0
DA:107,0
DA:108,0
DA:109,0
DA:111,0
DA:114,0
DA:116,0
DA:119,0
DA:120,0
DA:121,0
DA:122,0
DA:123,0
DA:124,0
DA:125,0
DA:126,0
DA:127,0
DA:129,0
DA:133,0
DA:137,0
DA:138,0
DA:139,0
DA:140,0
DA:141,0
DA:142,0
DA:143,0
DA:146,0
DA:153,0
DA:155,0
DA:156,0
DA:157,0
DA:158,0
DA:159,0
DA:165,0
DA:166,0
DA:169,0
DA:175,0
DA:178,0
DA:181,0
DA:182,0
DA:183,0
DA:184,0
DA:185,0
DA:186,0
DA:196,0
DA:197,0
DA:198,0
DA:199,0
DA:202,0
DA:205,0
DA:208,0
DA:209,0
DA:213,0
DA:214,0
DA:215,0
DA:221,0
DA:222,0
DA:223,0
DA:225,0
DA:227,0
DA:230,0
DA:232,0
DA:236,0
DA:237,0
DA:238,0
DA:239,0
DA:241,0
DA:242,0
DA:243,0
DA:247,0
DA:248,0
DA:249,0
DA:255,0
DA:258,0
DA:260,0
DA:261,0
DA:262,0
DA:266,0
DA:267,0
DA:268,0
DA:269,0
DA:270,0
DA:272,0
DA:273,0
DA:277,0
DA:278,0
DA:279,0
DA:280,0
DA:285,0
DA:286,0
DA:289,0
DA:311,1
LF:156
LH:12
BRDA:34,0,0,0
BRDA:37,1,0,0
BRDA:48,2,0,0
BRDA:55,3,0,0
BRDA:65,4,0,0
BRDA:65,4,1,0
BRDA:66,5,0,0
BRDA:70,6,0,0
BRDA:98,7,0,0
BRDA:98,7,1,0
BRDA:106,8,0,0
BRDA:106,8,1,0
BRDA:120,9,0,0
BRDA:120,9,1,0
BRDA:122,10,0,0
BRDA:122,10,1,0
BRDA:124,11,0,0
BRDA:124,11,1,0
BRDA:126,12,0,0
BRDA:126,12,1,0
BRDA:142,13,0,0
BRDA:142,13,1,0
BRDA:153,14,0,0
BRDA:153,14,1,0
BRDA:156,15,0,0
BRDA:156,15,1,0
BRDA:158,16,0,0
BRDA:158,16,1,0
BRDA:183,17,0,0
BRDA:183,17,1,0
BRDA:183,18,0,0
BRDA:183,18,1,0
BRDA:184,19,0,0
BRDA:184,19,1,0
BRDA:196,20,0,0
BRDA:221,21,0,0
BRDA:227,22,0,0
BRDA:227,22,1,0
BRDA:237,23,0,0
BRDA:241,24,0,0
BRDA:241,25,0,0
BRDA:241,25,1,0
BRDA:243,26,0,0
BRDA:244,27,0,0
BRDA:244,27,1,0
BRDA:262,28,0,0
BRDA:263,29,0,0
BRDA:263,29,1,0
BRDA:268,30,0,0
BRDA:268,30,1,0
BRDA:268,31,0,0
BRDA:268,31,1,0
BRDA:272,32,0,0
BRDA:272,32,1,0
BRDA:273,33,0,0
BRDA:273,33,1,0
BRDA:311,34,0,0
BRDA:311,34,1,0
BRF:58
BRH:0
end_of_record
TN:
SF:src\pages\createJob\addedCorporateAccount\libs\utils.ts
FN:29,(anonymous_0)
FN:49,(anonymous_1)
FN:168,(anonymous_2)
FN:173,(anonymous_3)
FN:176,(anonymous_4)
FN:245,(anonymous_5)
FN:275,(anonymous_6)
FN:328,(anonymous_7)
FN:361,(anonymous_8)
FN:385,(anonymous_9)
FN:409,(anonymous_10)
FN:446,(anonymous_11)
FN:470,(anonymous_12)
FN:514,(anonymous_13)
FN:541,(anonymous_14)
FN:568,(anonymous_15)
FN:569,(anonymous_16)
FN:600,(anonymous_17)
FN:660,(anonymous_18)
FN:685,oo_cm
FNF:20
FNH:14
FNDA:2,(anonymous_0)
FNDA:6,(anonymous_1)
FNDA:3,(anonymous_2)
FNDA:1,(anonymous_3)
FNDA:1,(anonymous_4)
FNDA:6,(anonymous_5)
FNDA:0,(anonymous_6)
FNDA:7,(anonymous_7)
FNDA:2,(anonymous_8)
FNDA:2,(anonymous_9)
FNDA:2,(anonymous_10)
FNDA:2,(anonymous_11)
FNDA:2,(anonymous_12)
FNDA:2,(anonymous_13)
FNDA:0,(anonymous_14)
FNDA:0,(anonymous_15)
FNDA:0,(anonymous_16)
FNDA:3,(anonymous_17)
FNDA:0,(anonymous_18)
FNDA:0,oo_cm
DA:1,1
DA:2,1
DA:26,1
DA:29,1
DA:30,2
DA:31,2
DA:32,2
DA:33,0
DA:34,0
DA:36,0
DA:37,0
DA:38,0
DA:40,0
DA:43,0
DA:46,2
DA:49,1
DA:50,6
DA:51,2
DA:52,2
DA:53,0
DA:168,1
DA:169,3
DA:170,3
DA:171,3
DA:172,3
DA:173,1
DA:175,3
DA:176,1
DA:182,3
DA:239,3
DA:241,0
DA:245,1
DA:248,6
DA:249,6
DA:250,4
DA:252,2
DA:253,2
DA:268,2
DA:270,0
DA:271,0
DA:275,1
DA:278,0
DA:279,0
DA:280,0
DA:283,0
DA:287,0
DA:321,0
DA:323,0
DA:324,0
DA:328,1
DA:331,7
DA:332,7
DA:333,5
DA:335,2
DA:336,2
DA:354,2
DA:356,0
DA:357,0
DA:361,1
DA:364,2
DA:365,2
DA:366,0
DA:369,2
DA:378,2
DA:380,0
DA:381,0
DA:385,1
DA:388,2
DA:389,2
DA:390,0
DA:392,2
DA:393,2
DA:409,2
DA:439,2
DA:441,0
DA:442,0
DA:446,1
DA:449,2
DA:450,2
DA:451,0
DA:453,2
DA:454,2
DA:470,2
DA:502,2
DA:504,0
DA:505,0
DA:514,1
DA:515,2
DA:516,2
DA:517,0
DA:520,2
DA:534,2
DA:536,0
DA:537,0
DA:541,1
DA:542,0
DA:543,0
DA:544,0
DA:545,0
DA:546,0
DA:547,0
DA:548,0
DA:550,0
DA:551,0
DA:554,0
DA:558,0
DA:568,1
DA:569,0
DA:570,0
DA:582,0
DA:584,0
DA:592,0
DA:594,0
DA:600,1
DA:603,3
DA:604,3
DA:605,0
DA:608,3
DA:654,3
DA:656,0
DA:660,1
DA:661,0
DA:662,0
DA:663,0
DA:664,0
DA:667,0
DA:676,0
DA:685,1
LF:128
LH:70
BRDA:32,0,0,0
BRDA:32,1,0,2
BRDA:32,1,1,0
BRDA:36,2,0,0
BRDA:36,2,1,0
BRDA:36,3,0,0
BRDA:36,3,1,0
BRDA:52,4,0,0
BRDA:189,5,0,3
BRDA:189,5,1,3
BRDA:190,6,0,3
BRDA:190,6,1,3
BRDA:194,7,0,3
BRDA:194,7,1,3
BRDA:195,8,0,3
BRDA:195,8,1,3
BRDA:196,9,0,3
BRDA:196,9,1,3
BRDA:197,10,0,3
BRDA:197,10,1,3
BRDA:198,11,0,3
BRDA:198,11,1,3
BRDA:199,12,0,3
BRDA:199,12,1,3
BRDA:200,13,0,3
BRDA:200,13,1,3
BRDA:201,14,0,3
BRDA:201,14,1,3
BRDA:202,15,0,3
BRDA:202,15,1,3
BRDA:203,16,0,3
BRDA:203,16,1,3
BRDA:204,17,0,3
BRDA:204,17,1,3
BRDA:207,18,0,3
BRDA:207,18,1,3
BRDA:208,19,0,3
BRDA:208,19,1,3
BRDA:213,20,0,3
BRDA:213,20,1,3
BRDA:214,21,0,3
BRDA:214,21,1,3
BRDA:215,22,0,3
BRDA:215,22,1,3
BRDA:216,23,0,3
BRDA:216,23,1,3
BRDA:217,24,0,3
BRDA:217,24,1,3
BRDA:218,25,0,3
BRDA:218,25,1,3
BRDA:219,26,0,3
BRDA:219,26,1,3
BRDA:220,27,0,3
BRDA:220,27,1,3
BRDA:221,28,0,3
BRDA:221,28,1,3
BRDA:222,29,0,3
BRDA:222,29,1,3
BRDA:223,30,0,3
BRDA:223,30,1,3
BRDA:226,31,0,3
BRDA:226,31,1,3
BRDA:227,32,0,3
BRDA:227,32,1,3
BRDA:230,33,0,3
BRDA:230,33,1,2
BRDA:232,34,0,3
BRDA:232,34,1,2
BRDA:233,35,0,3
BRDA:233,35,1,2
[...]
FNDA:7,PageAuthorizedPerson
FNDA:16,(anonymous_2)
FNDA:0,(anonymous_3)
FNDA:16,(anonymous_4)
FNDA:2,(anonymous_5)
FNDA:1,(anonymous_6)
FNDA:1,(anonymous_7)
FNDA:2,(anonymous_8)
FNDA:1,(anonymous_9)
FNDA:4,(anonymous_10)
FNDA:4,(anonymous_11)
FNDA:4,(anonymous_12)
FNDA:4,(anonymous_13)
FNDA:4,(anonymous_14)
FNDA:4,(anonymous_15)
FNDA:4,(anonymous_16)
FNDA:1,(anonymous_17)
FNDA:4,(anonymous_18)
FNDA:1,(anonymous_19)
FNDA:16,oo_cm
DA:1,1
DA:2,1
DA:3,1
DA:4,1
DA:8,1
DA:9,1
DA:11,1
DA:12,1
DA:13,1
DA:14,1
DA:16,1
DA:17,1
DA:28,1
DA:33,1
DA:35,7
DA:36,7
DA:37,16
DA:38,7
DA:39,7
DA:40,7
DA:41,7
DA:42,0
DA:44,16
DA:45,7
DA:47,7
DA:48,2
DA:49,2
DA:55,2
DA:56,2
DA:57,2
DA:58,2
DA:59,2
DA:64,1
DA:66,2
DA:67,2
DA:68,2
DA:70,0
DA:73,0
DA:77,7
DA:78,2
DA:79,2
DA:81,0
DA:85,7
DA:86,1
DA:87,1
DA:88,1
DA:89,1
DA:94,0
DA:95,0
DA:96,0
DA:99,1
DA:103,7
DA:106,4
DA:110,4
DA:114,4
DA:118,4
DA:122,4
DA:126,4
DA:130,4
DA:131,1
DA:138,4
DA:151,1
DA:160,7
DA:216,16
LF:64
LH:57
BRDA:37,0,0,16
BRDA:37,0,1,0
BRDA:45,1,0,7
BRDA:45,1,1,0
BRDA:55,2,0,2
BRDA:55,2,1,0
BRDA:57,3,0,2
BRDA:57,3,1,1
BRDA:78,4,0,2
BRDA:78,4,1,0
BRDA:94,5,0,0
BRDA:106,6,0,4
BRDA:106,6,1,0
BRDA:110,7,0,4
BRDA:110,7,1,0
BRDA:114,8,0,4
BRDA:114,8,1,0
BRDA:118,9,0,4
BRDA:118,9,1,0
BRDA:122,10,0,4
BRDA:122,10,1,0
BRDA:126,11,0,4
BRDA:126,11,1,0
BRDA:169,12,0,7
BRDA:169,12,1,0
BRDA:173,13,0,7
BRDA:173,13,1,0
BRDA:177,14,0,7
BRDA:177,14,1,0
BRDA:183,15,0,7
BRDA:183,15,1,0
BRDA:216,16,0,16
BRDA:216,16,1,0
BRF:33
BRH:17
end_of_record
TN:
SF:src\pages\todoList\corporateAccountOpening\edit\pages\PageBankAccount.tsx
FN:39,PageBankAccount
FN:42,(anonymous_2)
FN:49,(anonymous_3)
FN:54,(anonymous_4)
FN:66,(anonymous_5)
FN:71,(anonymous_6)
FN:82,(anonymous_7)
FN:91,(anonymous_8)
FN:116,(anonymous_9)
FN:120,(anonymous_10)
FN:124,(anonymous_11)
FN:128,(anonymous_12)
FN:132,(anonymous_13)
FN:136,(anonymous_14)
FN:139,(anonymous_15)
FN:150,(anonymous_16)
FN:164,(anonymous_17)
FN:229,oo_cm
FNF:18
FNH:17
FNDA:4,PageBankAccount
FNDA:9,(anonymous_2)
FNDA:0,(anonymous_3)
FNDA:1,(anonymous_4)
FNDA:1,(anonymous_5)
FNDA:1,(anonymous_6)
FNDA:1,(anonymous_7)
FNDA:1,(anonymous_8)
FNDA:3,(anonymous_9)
FNDA:3,(anonymous_10)
FNDA:3,(anonymous_11)
FNDA:3,(anonymous_12)
FNDA:3,(anonymous_13)
FNDA:3,(anonymous_14)
FNDA:1,(anonymous_15)
FNDA:3,(anonymous_16)
FNDA:1,(anonymous_17)
FNDA:7,oo_cm
DA:1,1
DA:2,1
DA:3,1
DA:5,1
DA:8,1
DA:9,1
DA:11,1
DA:12,1
DA:13,1
DA:14,1
DA:15,1
DA:17,1
DA:28,1
DA:39,1
DA:40,4
DA:41,4
DA:42,9
DA:44,4
DA:46,4
DA:47,4
DA:48,4
DA:49,4
DA:50,0
DA:54,4
DA:55,1
DA:56,1
DA:65,1
DA:66,1
DA:71,1
DA:73,1
DA:74,1
DA:77,0
DA:82,4
DA:83,1
DA:84,1
DA:86,0
DA:90,4
DA:91,4
DA:92,1
DA:93,1
DA:94,1
DA:95,1
DA:104,0
DA:105,0
DA:106,0
DA:109,1
DA:113,4
DA:116,3
DA:120,3
DA:124,3
DA:128,3
DA:132,3
DA:137,3
DA:140,1
DA:141,1
DA:151,3
DA:164,1
DA:173,4
DA:229,7
LF:59
LH:53
BRDA:42,0,0,9
BRDA:42,0,1,0
BRDA:48,1,0,4
BRDA:48,1,1,0
BRDA:65,2,0,1
BRDA:83,3,0,1
BRDA:83,3,1,0
BRDA:104,4,0,0
BRDA:116,5,0,3
BRDA:116,5,1,0
BRDA:120,6,0,3
BRDA:120,6,1,0
BRDA:124,7,0,3
BRDA:124,7,1,0
BRDA:128,8,0,3
BRDA:128,8,1,0
BRDA:132,9,0,3
BRDA:132,9,1,0
BRDA:182,10,0,4
BRDA:182,10,1,4
BRDA:186,11,0,4
BRDA:186,11,1,4
BRDA:190,12,0,4
BRDA:190,12,1,4
BRDA:196,13,0,4
BRDA:196,13,1,4
BRDA:229,14,0,7
BRDA:229,14,1,0
BRF:28
BRH:18
end_of_record
TN:
SF:src\pages\todoList\corporateAccountOpening\edit\pages\PageContactPerson.tsx
FN:32,PageContactPerson
FN:35,(anonymous_2)
FN:37,(anonymous_3)
FN:44,(anonymous_4)
FN:46,(anonymous_5)
FN:60,(anonymous_6)
FN:75,(anonymous_7)
FN:85,(anonymous_8)
FN:111,(anonymous_9)
FN:115,(anonymous_10)
FN:119,(anonymous_11)
FN:123,(anonymous_12)
FN:127,(anonymous_13)
FN:131,(anonymous_14)
FN:135,(anonymous_15)
FN:138,(anonymous_16)
FN:139,(anonymous_17)
FN:144,(anonymous_18)
FN:158,(anonymous_19)
FN:224,oo_cm
FNF:20
FNH:19
FNDA:8,PageContactPerson
FNDA:17,(anonymous_2)
FNDA:1,(anonymous_3)
FNDA:17,(anonymous_4)
FNDA:3,(anonymous_5)
FNDA:0,(anonymous_6)
FNDA:3,(anonymous_7)
FNDA:1,(anonymous_8)
FNDA:4,(anonymous_9)
FNDA:4,(anonymous_10)
FNDA:4,(anonymous_11)
FNDA:4,(anonymous_12)
FNDA:4,(anonymous_13)
FNDA:4,(anonymous_14)
FNDA:4,(anonymous_15)
FNDA:4,(anonymous_16)
FNDA:2,(anonymous_17)
FNDA:4,(anonymous_18)
FNDA:1,(anonymous_19)
FNDA:13,oo_cm
DA:1,1
DA:2,1
DA:3,1
DA:5,1
DA:7,1
DA:8,1
DA:9,1
DA:13,1
DA:14,1
DA:16,1
DA:17,1
DA:32,1
DA:33,8
DA:34,8
DA:35,17
DA:37,8
DA:38,1
DA:40,8
DA:41,8
DA:42,8
DA:43,8
DA:44,17
DA:46,8
DA:47,3
DA:48,3
DA:58,0
DA:59,0
DA:60,0
DA:61,0
DA:66,0
DA:67,0
DA:69,0
DA:72,3
DA:75,8
DA:76,3
DA:77,3
DA:79,0
DA:83,8
DA:85,8
DA:86,1
DA:87,1
DA:88,1
DA:89,1
DA:98,0
DA:99,0
DA:100,0
DA:104,1
DA:108,8
DA:111,4
DA:115,4
DA:119,4
DA:123,4
DA:127,4
DA:131,4
DA:135,4
DA:139,4
DA:145,4
DA:158,1
DA:168,8
DA:224,13
LF:60
LH:49
BRDA:40,0,0,8
BRDA:40,0,1,0
BRDA:58,1,0,0
BRDA:58,1,1,0
BRDA:59,2,0,0
BRDA:59,2,1,0
BRDA:76,3,0,3
BRDA:76,3,1,0
BRDA:98,4,0,0
BRDA:111,5,0,4
BRDA:111,5,1,0
BRDA:115,6,0,4
BRDA:115,6,1,0
BRDA:119,7,0,4
BRDA:119,7,1,0
BRDA:123,8,0,4
BRDA:123,8,1,0
BRDA:127,9,0,4
BRDA:127,9,1,0
BRDA:131,10,0,4
BRDA:131,10,1,0
BRDA:135,11,0,4
BRDA:135,11,1,0
BRDA:177,12,0,8
BRDA:177,12,1,0
BRDA:181,13,0,8
BRDA:181,13,1,0
BRDA:185,14,0,8
BRDA:185,14,1,0
BRDA:191,15,0,8
BRDA:191,15,1,0
BRDA:224,16,0,13
BRDA:224,16,1,0
BRF:33
BRH:14
end_of_record
TN:
SF:src\pages\todoList\corporateAccountOpening\edit\pages\PageIndividualShareholder.tsx
FN:33,PageIndividualShareholder
FN:35,(anonymous_2)
FN:39,(anonymous_3)
FN:44,(anonymous_4)
FN:48,(anonymous_5)
FN:65,(anonymous_6)
FN:88,(anonymous_7)
FN:99,(anonymous_8)
FN:124,(anonymous_9)
FN:128,(anonymous_10)
FN:132,(anonymous_11)
FN:136,(anonymous_12)
FN:140,(anonymous_13)
FN:144,(anonymous_14)
FN:148,(anonymous_15)
FN:152,(anonymous_16)
FN:153,(anonymous_17)
FN:158,(anonymous_18)
FN:172,(anonymous_19)
FN:236,oo_cm
FNF:20
FNH:19
FNDA:9,PageIndividualShareholder
FNDA:18,(anonymous_2)
FNDA:18,(anonymous_3)
FNDA:1,(anonymous_4)
FNDA:3,(anonymous_5)
FNDA:0,(anonymous_6)
FNDA:3,(anonymous_7)
FNDA:1,(anonymous_8)
FNDA:6,(anonymous_9)
FNDA:6,(anonymous_10)
FNDA:6,(anonymous_11)
FNDA:6,(anonymous_12)
FNDA:6,(anonymous_13)
FNDA:6,(anonymous_14)
FNDA:6,(anonymous_15)
FNDA:6,(anonymous_16)
FNDA:2,(anonymous_17)
FNDA:6,(anonymous_18)
FNDA:1,(anonymous_19)
FNDA:14,oo_cm
DA:1,1
DA:2,1
DA:3,1
DA:5,1
DA:7,1
DA:9,1
DA:10,1
DA:14,1
DA:15,1
DA:16,1
DA:18,1
DA:33,1
DA:35,18
DA:36,9
DA:37,9
DA:38,9
DA:39,18
DA:42,9
DA:43,9
DA:44,9
DA:45,1
DA:48,9
DA:49,3
DA:50,3
DA:60,0
DA:62,0
DA:63,0
DA:64,0
DA:65,0
DA:70,0
DA:71,0
DA:76,0
DA:79,0
DA:84,3
DA:88,9
DA:89,3
DA:90,3
DA:92,0
DA:96,9
DA:97,9
DA:99,9
DA:100,1
DA:101,1
DA:102,1
DA:103,1
DA:112,0
DA:113,0
DA:114,0
DA:117,1
DA:121,9
DA:124,6
DA:128,6
DA:132,6
DA:136,6
DA:140,6
DA:144,6
DA:148,6
DA:153,6
DA:159,6
DA:172,1
DA:180,9
DA:236,14
LF:62
LH:49
BRDA:39,0,0,18
BRDA:39,0,1,0
BRDA:43,1,0,9
BRDA:43,1,1,0
BRDA:60,2,0,0
BRDA:60,2,1,0
BRDA:62,3,0,0
BRDA:62,3,1,0
BRDA:63,4,0,0
BRDA:63,4,1,0
BRDA:63,5,0,0
BRDA:63,5,1,0
BRDA:89,6,0,3
BRDA:89,6,1,0
BRDA:112,7,0,0
BRDA:124,8,0,6
BRDA:124,8,1,0
BRDA:128,9,0,6
BRDA:128,9,1,0
BRDA:132,10,0,6
BRDA:132,10,1,0
BRDA:136,11,0,6
BRDA:136,11,1,0
BRDA:140,12,0,6
BRDA:140,12,1,0
BRDA:144,13,0,6
BRDA:144,13,1,0
BRDA:148,14,0,6
BRDA:148,14,1,0
BRDA:189,15,0,9
BRDA:189,15,1,0
BRDA:193,16,0,9
BRDA:193,16,1,0
BRDA:197,17,0,9
BRDA:197,17,1,0
BRDA:203,18,0,9
BRDA:203,18,1,0
BRDA:236,19,0,14
BRDA:236,19,1,0
BRF:39
BRH:15
end_of_record
TN:
SF:src\pages\todoList\corporateAccountOpening\edit\pages\PageJuristicShareholder.tsx
FN:37,PageJuristicShareholder
FN:42,(anonymous_2)
FN:49,(anonymous_3)
FN:54,(anonymous_4)
FN:58,(anonymous_5)
FN:74,(anonymous_6)
FN:80,(anonymous_7)
FN:92,(anonymous_8)
FN:100,(anonymous_9)
FN:125,(anonymous_10)
FN:129,(anonymous_11)
FN:133,(anonymous_12)
FN:137,(anonymous_13)
FN:141,(anonymous_14)
FN:143,(anonymous_15)
FN:154,(anonymous_16)
FN:171,(anonymous_17)
FN:242,oo_cm
FNF:18
FNH:16
FNDA:10,PageJuristicShareholder
FNDA:20,(anonymous_2)
FNDA:20,(anonymous_3)
FNDA:1,(anonymous_4)
FNDA:3,(anonymous_5)
FNDA:0,(anonymous_6)
FNDA:0,(anonymous_7)
FNDA:3,(anonymous_8)
FNDA:1,(anonymous_9)
FNDA:7,(anonymous_10)
FNDA:7,(anonymous_11)
FNDA:7,(anonymous_12)
FNDA:7,(anonymous_13)
FNDA:7,(anonymous_14)
FNDA:2,(anonymous_15)
FNDA:7,(anonymous_16)
FNDA:1,(anonymous_17)
FNDA:7,oo_cm
DA:1,1
DA:2,1
DA:3,1
DA:5,1
DA:8,1
DA:9,1
DA:13,1
DA:15,1
DA:16,1
DA:21,1
DA:22,1
DA:23,1
DA:37,1
DA:38,10
DA:41,10
DA:42,20
DA:45,10
DA:46,10
DA:47,10
DA:48,10
DA:49,20
DA:53,10
DA:54,10
DA:55,1
DA:58,10
DA:59,3
DA:60,3
DA:70,2
DA:71,2
DA:72,2
DA:73,0
DA:74,0
DA:80,0
DA:82,0
DA:83,0
DA:85,0
DA:88,3
DA:92,10
DA:93,3
DA:94,3
DA:96,0
DA:100,10
DA:101,1
DA:102,1
DA:103,1
DA:104,1
DA:113,0
DA:115,0
DA:118,1
DA:122,10
DA:125,7
DA:129,7
DA:133,7
DA:137,7
DA:142,7
DA:144,2
DA:155,7
DA:171,1
DA:182,10
DA:242,7
LF:60
LH:51
BRDA:42,0,0,20
BRDA:42,0,1,0
BRDA:47,1,0,10
BRDA:47,1,1,0
BRDA:70,2,0,2
BRDA:70,2,1,0
BRDA:72,3,0,2
BRDA:72,3,1,0
BRDA:93,4,0,3
BRDA:93,4,1,0
BRDA:113,5,0,0
BRDA:125,6,0,7
BRDA:125,6,1,0
BRDA:129,7,0,7
BRDA:129,7,1,0
BRDA:133,8,0,7
BRDA:133,8,1,0
BRDA:137,9,0,7
BRDA:137,9,1,0
BRDA:191,10,0,10
BRDA:191,10,1,0
BRDA:195,11,0,10
BRDA:195,11,1,0
BRDA:200,12,0,10
BRDA:200,12,1,0
BRDA:207,13,0,10
BRDA:207,13,1,0
BRDA:242,14,0,7
BRDA:242,14,1,0
BRF:29
BRH:14
end_of_record
TN:
SF:src\pages\todoList\corporateAccountOpening\edit\pages\PageJuristicType.tsx
FN:12,PageJuristicType
FN:14,(anonymous_2)
FN:21,(anonymous_3)
FN:22,(anonymous_4)
FN:92,oo_cm
FNF:5
FNH:5
FNDA:3,PageJuristicType
FNDA:4,(anonymous_2)
FNDA:1,(anonymous_3)
FNDA:1,(anonymous_4)
FNDA:1,oo_cm
DA:1,1
DA:2,1
DA:3,1
DA:6,1
DA:7,1
DA:8,1
DA:9,1
DA:10,1
DA:12,1
DA:13,3
DA:14,4
DA:17,2
DA:18,2
DA:19,2
DA:21,2
DA:22,1
DA:23,1
DA:24,1
DA:34,0
DA:35,0
DA:37,0
DA:40,1
DA:44,1
DA:45,1
DA:49,2
DA:92,1
LF:26
LH:23
BRDA:34,0,0,0
BRDA:34,0,1,0
BRDA:34,1,0,0
BRDA:34,1,1,0
BRDA:44,2,0,1
BRDA:58,3,0,2
BRDA:58,3,1,0
BRDA:62,4,0,2
BRDA:62,4,1,0
BRDA:66,5,0,2
BRDA:66,5,1,0
BRDA:72,6,0,2
BRDA:72,6,1,0
BRDA:92,7,0,1
BRDA:92,7,1,1
BRF:15
BRH:7
end_of_record
TN:
SF:src\pages\todoList\corporateAccountOpening\edit\pages\PageSuitTest.tsx
FN:8,PageSuitTest
FN:27,(anonymous_1)
FN:81,(anonymous_2)
FN:112,(anonymous_3)
FN:120,(anonymous_4)
FN:137,(anonymous_5)
FN:145,(anonymous_6)
FNF:7
FNH:5
FNDA:1,PageSuitTest
FNDA:4,(anonymous_1)
FNDA:10,(anonymous_2)
FNDA:1,(anonymous_3)
FNDA:0,(anonymous_4)
FNDA:1,(anonymous_5)
FNDA:0,(anonymous_6)
DA:1,1
DA:2,1
DA:3,1
DA:4,1
DA:5,1
DA:6,1
DA:8,1
DA:21,1
DA:23,1
DA:24,0
DA:27,1
DA:28,4
DA:29,4
DA:31,0
DA:35,1
DA:82,10
DA:112,1
DA:120,0
DA:137,1
DA:145,0
LF:20
LH:16
BRDA:23,0,0,0
BRDA:28,1,0,4
BRDA:28,1,1,0
BRDA:43,2,0,1
BRDA:43,2,1,0
BRDA:47,3,0,1
BRDA:47,3,1,0
BRDA:52,4,0,1
BRDA:52,4,1,0
BRDA:59,5,0,1
BRDA:59,5,1,0
BRDA:80,6,0,1
BRDA:80,6,1,1
BRDA:161,7,0,1
BRDA:161,7,1,0
BRF:15
BRH:8
end_of_record
TN:
SF:src\pages\todoList\corporateAccountOpening\edit\pages\uploadFiles\uploadFiles.tsx
FN:19,UploadFiles
FN:30,(anonymous_2)
FN:33,(anonymous_3)
FN:37,(anonymous_4)
FN:38,(anonymous_5)
FN:50,(anonymous_6)
FN:55,(anonymous_7)
FN:109,(anonymous_8)
FN:133,(anonymous_9)
FN:149,oo_cm
FNF:10
FNH:7
FNDA:1,UploadFiles
FNDA:2,(anonymous_2)
FNDA:2,(anonymous_3)
FNDA:1,(anonymous_4)
FNDA:1,(anonymous_5)
FNDA:0,(anonymous_6)
FNDA:0,(anonymous_7)
FNDA:0,(anonymous_8)
FNDA:1,(anonymous_9)
FNDA:2,oo_cm
DA:1,1
DA:2,1
DA:3,1
DA:4,1
DA:5,1
DA:6,1
DA:8,1
DA:9,1
DA:10,1
DA:11,1
DA:12,1
DA:13,1
DA:14,1
DA:19,1
DA:27,1
DA:29,1
DA:30,2
DA:32,1
DA:33,2
DA:34,1
DA:35,1
DA:36,1
DA:37,1
DA:38,1
DA:39,1
DA:40,1
DA:49,1
DA:50,1
DA:55,0
DA:56,0
DA:57,0
DA:60,1
DA:63,1
DA:64,1
DA:66,0
DA:69,1
DA:110,0
DA:133,1
DA:149,2
LF:39
LH:34
BRDA:30,0,0,2
BRDA:30,0,1,0
BRDA:32,1,0,1
BRDA:32,1,1,0
BRDA:49,2,0,1
BRDA:63,3,0,1
BRDA:63,3,1,0
BRDA:77,4,0,1
BRDA:77,4,1,0
BRDA:81,5,0,1
BRDA:81,5,1,0
BRDA:86,6,0,1
BRDA:86,6,1,0
BRDA:93,7,0,1
BRDA:93,7,1,0
BRDA:108,8,0,0
BRDA:108,8,1,1
BRDA:108,9,0,1
BRDA:108,9,1,1
BRDA:130,10,0,1
BRDA:130,10,1,1
BRDA:149,11,0,2
BRDA:149,11,1,0
BRF:23
BRH:14
end_of_record
TN:
SF:src\pages\todoList\corporateAccountOpening\edit\pages\uploadFiles\constant\variables.ts
FNF:0
FNH:0
DA:3,2
DA:30,2
DA:37,2
LF:3
LH:3
BRF:0
BRH:0
end_of_record
TN:
SF:src\pages\todoList\corporateAccountOpening\edit\pages\uploadFiles\hook\useUploadFile.ts
FN:9,useUploadFile
FN:16,(anonymous_2)
FN:21,(anonymous_3)
FN:28,(anonymous_4)
FN:96,oo_cm
FNF:5
FNH:0
FNDA:0,useUploadFile
FNDA:0,(anonymous_2)
FNDA:0,(anonymous_3)
FNDA:0,(anonymous_4)
FNDA:0,oo_cm
DA:1,1
DA:2,1
DA:3,1
DA:5,1
DA:6,1
DA:7,1
DA:9,1
DA:10,0
DA:11,0
DA:12,0
DA:16,0
DA:17,0
DA:18,0
DA:21,0
DA:22,0
DA:23,0
DA:24,0
DA:28,0
DA:29,0
DA:30,0
DA:31,0
DA:33,0
DA:34,0
DA:35,0
DA:36,0
DA:37,0
DA:39,0
DA:40,0
DA:41,0
DA:43,0
DA:44,0
DA:54,0
DA:55,0
DA:56,0
DA:62,0
DA:63,0
DA:64,0
DA:66,0
DA:69,0
DA:72,0
DA:75,0
DA:78,0
DA:82,0
DA:96,1
LF:44
LH:8
BRDA:17,0,0,0
BRDA:17,0,1,0
BRDA:23,1,0,0
BRDA:29,2,0,0
BRDA:29,2,1,0
BRDA:29,3,0,0
BRDA:29,3,1,0
BRDA:30,4,0,0
BRDA:30,4,1,0
BRDA:33,5,0,0
BRDA:33,5,1,0
BRDA:33,6,0,0
BRDA:33,6,1,0
BRDA:54,7,0,0
BRDA:54,7,1,0
BRDA:96,8,0,0
BRDA:96,8,1,0
BRF:17
BRH:0
end_of_record
TN:
SF:src\pages\todoList\fxExchange\fxExchangeTransaction.tsx
FN:21,(anonymous_1)
FN:30,(anonymous_2)
FN:35,(anonymous_3)
FN:62,(anonymous_4)
FN:64,(anonymous_5)
FN:73,(anonymous_6)
FN:92,(anonymous_7)
FN:93,(anonymous_8)
FN:98,(anonymous_9)
FN:100,(anonymous_10)
FN:113,(anonymous_11)
FN:129,(anonymous_12)
FN:137,(anonymous_13)
FN:160,(anonymous_14)
FN:164,(anonymous_15)
FN:179,(anonymous_16)
FN:190,(anonymous_17)
FN:194,(anonymous_18)
FN:198,(anonymous_19)
FN:202,(anonymous_20)
FN:206,(anonymous_21)
FN:210,(anonymous_22)
FN:214,(anonymous_23)
FN:218,(anonymous_24)
FN:222,(anonymous_25)
FN:227,(anonymous_26)
FN:238,(anonymous_27)
FN:243,(anonymous_28)
FN:265,(anonymous_29)
FN:284,oo_cm
FNF:30
FNH:30
FNDA:10,(anonymous_1)
FNDA:2,(anonymous_2)
FNDA:2,(anonymous_3)
FNDA:2,(anonymous_4)
FNDA:12,(anonymous_5)
FNDA:12,(anonymous_6)
FNDA:12,(anonymous_7)
FNDA:12,(anonymous_8)
FNDA:2,(anonymous_9)
FNDA:2,(anonymous_10)
FNDA:3,(anonymous_11)
FNDA:18,(anonymous_12)
FNDA:18,(anonymous_13)
FNDA:3,(anonymous_14)
FNDA:68,(anonymous_15)
FNDA:136,(anonymous_16)
FNDA:68,(anonymous_17)
FNDA:68,(anonymous_18)
FNDA:68,(anonymous_19)
FNDA:68,(anonymous_20)
FNDA:68,(anonymous_21)
FNDA:68,(anonymous_22)
FNDA:68,(anonymous_23)
FNDA:68,(anonymous_24)
FNDA:68,(anonymous_25)
FNDA:1,(anonymous_26)
FNDA:68,(anonymous_27)
FNDA:1,(anonymous_28)
FNDA:2,(anonymous_29)
FNDA:7,oo_cm
DA:1,1
DA:2,1
DA:3,1
DA:4,1
DA:5,1
DA:6,1
DA:7,1
DA:8,1
DA:21,1
DA:22,10
DA:26,10
DA:30,10
DA:35,2
DA:36,2
DA:39,2
DA:40,1
DA:45,1
DA:46,1
DA:53,2
DA:62,10
DA:63,2
DA:64,12
DA:73,12
DA:75,2
DA:76,2
DA:77,2
DA:78,2
DA:88,2
DA:89,2
DA:91,2
DA:93,12
DA:96,2
DA:98,2
DA:99,2
DA:100,2
DA:101,2
DA:103,2
DA:106,0
DA:109,0
DA:113,10
DA:114,3
DA:115,3
DA:116,3
DA:124,3
DA:125,3
DA:126,3
DA:127,3
DA:128,3
DA:130,18
DA:131,0
DA:133,18
DA:134,18
DA:139,18
DA:150,3
DA:153,0
DA:156,0
DA:160,10
DA:161,3
DA:164,10
DA:166,68
DA:167,0
DA:168,68
DA:169,68
DA:170,0
DA:171,0
DA:172,0
DA:173,0
DA:175,0
DA:179,10
DA:180,136
DA:181,0
DA:183,136
DA:187,10
DA:190,68
DA:194,68
DA:198,68
DA:202,68
DA:206,68
DA:210,68
DA:214,68
DA:218,68
DA:223,68
DA:228,1
DA:239,68
DA:244,1
DA:254,10
DA:266,2
DA:277,1
DA:284,7
LF:89
LH:77
BRDA:39,0,0,1
BRDA:39,0,1,1
BRDA:40,1,0,1
BRDA:40,1,1,0
BRDA:42,2,0,0
BRDA:42,2,1,0
BRDA:45,3,0,1
BRDA:46,4,0,1
BRDA:46,4,1,0
BRDA:48,5,0,0
BRDA:48,5,1,0
BRDA:67,6,0,1
BRDA:67,6,1,11
BRDA:69,7,0,1
BRDA:69,7,1,10
BRDA:88,8,0,2
BRDA:88,8,1,0
BRDA:124,9,0,3
BRDA:124,9,1,0
BRDA:126,10,0,3
BRDA:126,10,1,0
BRDA:130,11,0,0
BRDA:130,11,1,18
BRDA:166,12,0,0
BRDA:166,12,1,68
BRDA:168,13,0,68
BRDA:168,13,1,0
BRDA:170,14,0,0
BRDA:170,14,1,0
BRDA:172,15,0,0
BRDA:172,15,1,0
BRDA:180,16,0,0
BRDA:180,16,1,136
BRDA:190,17,0,68
BRDA:190,17,1,0
BRDA:194,18,0,68
BRDA:194,18,1,0
BRDA:198,19,0,68
BRDA:198,19,1,0
BRDA:202,20,0,68
BRDA:202,20,1,0
BRDA:206,21,0,68
BRDA:206,21,1,0
BRDA:210,22,0,68
BRDA:210,22,1,0
BRDA:214,23,0,68
BRDA:214,23,1,0
BRDA:218,24,0,68
BRDA:218,24,1,0
BRDA:284,25,0,7
BRDA:284,25,1,1
BRF:51
BRH:26
end_of_record
TN:
SF:src\pages\todoList\orderTrade\transactionList.tsx
FN:14,(anonymous_1)
FN:18,(anonymous_2)
FN:28,(anonymous_3)
FN:33,(anonymous_4)
FN:60,(anonymous_5)
FN:62,(anonymous_6)
FN:71,(anonymous_7)
FN:90,(anonymous_8)
FN:91,(anonymous_9)
FN:95,(anonymous_10)
FN:97,(anonymous_11)
FN:110,(anonymous_12)
FN:123,(anonymous_13)
FN:131,(anonymous_14)
FN:155,(anonymous_15)
FN:159,(anonymous_16)
FN:174,(anonymous_17)
FN:185,(anonymous_18)
FN:189,(anonymous_19)
FN:193,(anonymous_20)
FN:197,(anonymous_21)
FN:201,(anonymous_22)
FN:205,(anonymous_23)
FN:209,(anonymous_24)
FN:213,(anonymous_25)
FN:217,(anonymous_26)
FN:221,(anonymous_27)
FN:226,(anonymous_28)
FN:237,(anonymous_29)
FN:242,(anonymous_30)
FN:264,(anonymous_31)
FN:283,oo_cm
FNF:32
FNH:32
FNDA:10,(anonymous_1)
FNDA:15,(anonymous_2)
FNDA:2,(anonymous_3)
FNDA:2,(anonymous_4)
FNDA:2,(anonymous_5)
FNDA:8,(anonymous_6)
FNDA:8,(anonymous_7)
FNDA:8,(anonymous_8)
FNDA:8,(anonymous_9)
FNDA:2,(anonymous_10)
FNDA:2,(anonymous_11)
FNDA:3,(anonymous_12)
FNDA:12,(anonymous_13)
FNDA:12,(anonymous_14)
FNDA:3,(anonymous_15)
FNDA:40,(anonymous_16)
FNDA:80,(anonymous_17)
FNDA:40,(anonymous_18)
FNDA:40,(anonymous_19)
FNDA:40,(anonymous_20)
FNDA:40,(anonymous_21)
FNDA:40,(anonymous_22)
FNDA:40,(anonymous_23)
FNDA:40,(anonymous_24)
FNDA:40,(anonymous_25)
FNDA:40,(anonymous_26)
FNDA:40,(anonymous_27)
FNDA:1,(anonymous_28)
FNDA:40,(anonymous_29)
FNDA:1,(anonymous_30)
FNDA:2,(anonymous_31)
FNDA:14,oo_cm
DA:1,1
DA:2,1
DA:3,1
DA:4,1
DA:5,1
DA:7,1
DA:8,1
DA:9,1
DA:10,1
DA:11,1
DA:12,1
DA:14,1
DA:15,10
DA:16,0
DA:18,15
DA:19,10
DA:20,10
DA:24,10
DA:28,10
DA:33,2
DA:34,2
DA:37,2
DA:38,1
DA:43,1
DA:44,1
DA:51,2
DA:60,10
DA:61,2
DA:62,8
DA:71,8
DA:73,2
DA:74,2
DA:75,2
DA:76,2
DA:86,2
DA:87,2
DA:89,2
DA:91,8
DA:93,2
DA:95,2
DA:96,2
DA:97,2
DA:98,2
DA:100,2
DA:103,0
DA:106,0
DA:110,10
DA:111,3
DA:112,3
DA:113,3
DA:118,3
DA:120,3
DA:121,3
DA:122,3
DA:124,12
DA:125,0
DA:127,12
DA:128,12
DA:133,12
DA:145,3
DA:148,0
DA:151,0
DA:155,10
DA:156,3
DA:159,10
DA:161,40
DA:162,0
DA:163,40
DA:164,40
DA:165,0
DA:166,0
DA:167,0
DA:168,0
DA:170,0
DA:174,10
DA:175,80
DA:176,0
DA:178,80
DA:182,10
DA:185,40
DA:189,40
DA:193,40
DA:197,40
DA:201,40
DA:205,40
DA:209,40
DA:213,40
DA:217,40
DA:222,40
DA:227,1
DA:238,40
DA:243,1
DA:253,10
DA:265,2
DA:276,1
DA:283,14
LF:96
LH:83
BRDA:15,0,0,0
BRDA:37,1,0,1
BRDA:37,1,1,1
BRDA:38,2,0,1
BRDA:38,2,1,0
BRDA:40,3,0,0
BRDA:40,3,1,0
BRDA:43,4,0,1
BRDA:44,5,0,1
BRDA:44,5,1,0
BRDA:46,6,0,0
BRDA:46,6,1,0
BRDA:65,7,0,1
BRDA:65,7,1,7
BRDA:67,8,0,1
BRDA:67,8,1,6
BRDA:86,9,0,2
BRDA:86,9,1,0
BRDA:118,10,0,3
BRDA:118,10,1,0
BRDA:120,11,0,3
BRDA:120,11,1,0
BRDA:124,12,0,0
BRDA:124,12,1,12
BRDA:134,13,0,12
BRDA:134,13,1,0
BRDA:135,14,0,12
BRDA:135,14,1,0
BRDA:136,15,0,12
BRDA:136,15,1,0
BRDA:137,16,0,12
BRDA:137,16,1,0
BRDA:138,17,0,12
BRDA:138,17,1,0
BRDA:139,18,0,12
BRDA:139,18,1,0
BRDA:140,19,0,12
BRDA:140,19,1,0
BRDA:141,20,0,12
BRDA:141,20,1,0
BRDA:161,21,0,0
BRDA:161,21,1,40
BRDA:163,22,0,40
BRDA:163,22,1,0
BRDA:165,23,0,0
BRDA:165,23,1,0
BRDA:167,24,0,0
BRDA:167,24,1,0
BRDA:175,25,0,0
BRDA:175,25,1,80
BRDA:185,26,0,40
BRDA:185,26,1,0
BRDA:189,27,0,40
BRDA:189,27,1,0
BRDA:193,28,0,40
BRDA:193,28,1,0
BRDA:197,29,0,40
BRDA:197,29,1,0
BRDA:201,30,0,40
BRDA:201,30,1,0
BRDA:205,31,0,40
BRDA:205,31,1,0
BRDA:209,32,0,40
BRDA:209,32,1,0
BRDA:213,33,0,40
BRDA:213,33,1,0
BRDA:217,34,0,40
BRDA:217,34,1,0
BRDA:283,35,0,14
BRDA:283,35,1,1
BRF:70
BRH:35
end_of_record
TN:
SF:src\pages\unAuthorizePage\unAuthorize.tsx
FN:7,UnAuthorize
FN:8,(anonymous_1)
FN:41,(anonymous_2)
FN:45,(anonymous_3)
FN:56,(anonymous_4)
FNF:5
FNH:5
FNDA:2,UnAuthorize
FNDA:4,(anonymous_1)
FNDA:2,(anonymous_2)
FNDA:2,(anonymous_3)
FNDA:2,(anonymous_4)
DA:2,10
DA:3,10
DA:4,10
DA:5,10
DA:7,10
DA:8,4
DA:9,2
DA:41,2
DA:42,2
DA:44,2
DA:45,2
DA:46,2
DA:48,2
DA:49,2
DA:53,0
DA:56,2
DA:57,2
DA:58,2
DA:59,2
DA:63,2
LF:20
LH:19
BRDA:42,0,0,0
BRDA:42,1,0,2
BRDA:42,1,1,2
BRDA:48,2,0,2
BRDA:58,3,0,2
BRF:5
BRH:4
end_of_record
